/home/dell/ros2_feedbot_ws/install/feedbot_fusion/lib/python3.10/site-packages/feedbot_fusion/feeding_fsm_node.py
/home/dell/ros2_feedbot_ws/install/feedbot_fusion/lib/python3.10/site-packages/feedbot_fusion/vision_node.py
/home/dell/ros2_feedbot_ws/install/feedbot_fusion/lib/python3.10/site-packages/feedbot_fusion/speed_controller.py
/home/dell/ros2_feedbot_ws/install/feedbot_fusion/lib/python3.10/site-packages/feedbot_fusion/__init__.py
/home/dell/ros2_feedbot_ws/install/feedbot_fusion/lib/python3.10/site-packages/feedbot_fusion/fusion_node.py
/home/dell/ros2_feedbot_ws/install/feedbot_fusion/lib/python3.10/site-packages/feedbot_fusion/force_node.py
/home/dell/ros2_feedbot_ws/install/feedbot_fusion/lib/python3.10/site-packages/feedbot_fusion/__pycache__/feeding_fsm_node.cpython-310.pyc
/home/dell/ros2_feedbot_ws/install/feedbot_fusion/lib/python3.10/site-packages/feedbot_fusion/__pycache__/vision_node.cpython-310.pyc
/home/dell/ros2_feedbot_ws/install/feedbot_fusion/lib/python3.10/site-packages/feedbot_fusion/__pycache__/speed_controller.cpython-310.pyc
/home/dell/ros2_feedbot_ws/install/feedbot_fusion/lib/python3.10/site-packages/feedbot_fusion/__pycache__/__init__.cpython-310.pyc
/home/dell/ros2_feedbot_ws/install/feedbot_fusion/lib/python3.10/site-packages/feedbot_fusion/__pycache__/fusion_node.cpython-310.pyc
/home/dell/ros2_feedbot_ws/install/feedbot_fusion/lib/python3.10/site-packages/feedbot_fusion/__pycache__/force_node.cpython-310.pyc
/home/dell/ros2_feedbot_ws/install/feedbot_fusion/lib/python3.10/site-packages/feedbot_fusion-0.0.0-py3.10.egg-info/dependency_links.txt
/home/dell/ros2_feedbot_ws/install/feedbot_fusion/lib/python3.10/site-packages/feedbot_fusion-0.0.0-py3.10.egg-info/SOURCES.txt
/home/dell/ros2_feedbot_ws/install/feedbot_fusion/lib/python3.10/site-packages/feedbot_fusion-0.0.0-py3.10.egg-info/PKG-INFO
/home/dell/ros2_feedbot_ws/install/feedbot_fusion/lib/python3.10/site-packages/feedbot_fusion-0.0.0-py3.10.egg-info/entry_points.txt
/home/dell/ros2_feedbot_ws/install/feedbot_fusion/lib/python3.10/site-packages/feedbot_fusion-0.0.0-py3.10.egg-info/top_level.txt
/home/dell/ros2_feedbot_ws/install/feedbot_fusion/lib/python3.10/site-packages/feedbot_fusion-0.0.0-py3.10.egg-info/zip-safe
/home/dell/ros2_feedbot_ws/install/feedbot_fusion/lib/python3.10/site-packages/feedbot_fusion-0.0.0-py3.10.egg-info/requires.txt
/home/dell/ros2_feedbot_ws/install/feedbot_fusion/lib/feedbot_fusion/feeding_fsm
/home/dell/ros2_feedbot_ws/install/feedbot_fusion/lib/feedbot_fusion/force_node
/home/dell/ros2_feedbot_ws/install/feedbot_fusion/lib/feedbot_fusion/fusion_node
/home/dell/ros2_feedbot_ws/install/feedbot_fusion/lib/feedbot_fusion/speed_controller
/home/dell/ros2_feedbot_ws/install/feedbot_fusion/lib/feedbot_fusion/vision_node
