[0.017s] Invoking command in '/home/dell/ros2_feedbot_ws/build/feedbot_moveit_config': CMAKE_PREFIX_PATH=/home/dell/ros2_feedbot_ws/install/feedbot_description:/home/dell/ros2_feedbot_ws/install/feedbot_moveit_config:/home/dell/ros2_ws/install/open_manipulator_description:/home/dell/ros2_feedbot_ws/install/pid_logger:/home/dell/ros2_feedbot_ws/install/feedbot_sensors:/home/dell/ros2_feedbot_ws/install/feedbot_fusion:/opt/ros/humble /usr/bin/cmake /home/dell/ros2_feedbot_ws/feedbot_moveit_config -DCMAKE_INSTALL_PREFIX=/home/dell/ros2_feedbot_ws/install/feedbot_moveit_config
[0.168s] -- The C compiler identification is GNU 11.4.0
[0.323s] -- The CXX compiler identification is GNU 11.4.0
[0.347s] -- Detecting C compiler ABI info
[0.520s] -- Detecting C compiler ABI info - done
[0.534s] -- Check for working C compiler: /usr/lib/ccache/cc - skipped
[0.535s] -- Detecting C compile features
[0.535s] -- Detecting C compile features - done
[0.540s] -- Detecting CXX compiler ABI info
[0.748s] -- Detecting CXX compiler ABI info - done
[0.765s] -- Check for working CXX compiler: /usr/lib/ccache/c++ - skipped
[0.765s] -- Detecting CXX compile features
[0.767s] -- Detecting CXX compile features - done
[0.773s] -- Found ament_cmake: 1.3.12 (/opt/ros/humble/share/ament_cmake/cmake)
[1.226s] -- Found Python3: /usr/bin/python3 (found version "3.10.18") found components: Interpreter 
[1.694s] -- Configuring done
[1.698s] -- Generating done
[1.702s] -- Build files have been written to: /home/dell/ros2_feedbot_ws/build/feedbot_moveit_config
[1.717s] Invoked command in '/home/dell/ros2_feedbot_ws/build/feedbot_moveit_config' returned '0': CMAKE_PREFIX_PATH=/home/dell/ros2_feedbot_ws/install/feedbot_description:/home/dell/ros2_feedbot_ws/install/feedbot_moveit_config:/home/dell/ros2_ws/install/open_manipulator_description:/home/dell/ros2_feedbot_ws/install/pid_logger:/home/dell/ros2_feedbot_ws/install/feedbot_sensors:/home/dell/ros2_feedbot_ws/install/feedbot_fusion:/opt/ros/humble /usr/bin/cmake /home/dell/ros2_feedbot_ws/feedbot_moveit_config -DCMAKE_INSTALL_PREFIX=/home/dell/ros2_feedbot_ws/install/feedbot_moveit_config
[1.720s] Invoking command in '/home/dell/ros2_feedbot_ws/build/feedbot_moveit_config': CMAKE_PREFIX_PATH=/home/dell/ros2_feedbot_ws/install/feedbot_description:/home/dell/ros2_feedbot_ws/install/feedbot_moveit_config:/home/dell/ros2_ws/install/open_manipulator_description:/home/dell/ros2_feedbot_ws/install/pid_logger:/home/dell/ros2_feedbot_ws/install/feedbot_sensors:/home/dell/ros2_feedbot_ws/install/feedbot_fusion:/opt/ros/humble /usr/bin/cmake --build /home/dell/ros2_feedbot_ws/build/feedbot_moveit_config -- -j12 -l12
[1.806s] Invoked command in '/home/dell/ros2_feedbot_ws/build/feedbot_moveit_config' returned '0': CMAKE_PREFIX_PATH=/home/dell/ros2_feedbot_ws/install/feedbot_description:/home/dell/ros2_feedbot_ws/install/feedbot_moveit_config:/home/dell/ros2_ws/install/open_manipulator_description:/home/dell/ros2_feedbot_ws/install/pid_logger:/home/dell/ros2_feedbot_ws/install/feedbot_sensors:/home/dell/ros2_feedbot_ws/install/feedbot_fusion:/opt/ros/humble /usr/bin/cmake --build /home/dell/ros2_feedbot_ws/build/feedbot_moveit_config -- -j12 -l12
[1.809s] Invoking command in '/home/dell/ros2_feedbot_ws/build/feedbot_moveit_config': CMAKE_PREFIX_PATH=/home/dell/ros2_feedbot_ws/install/feedbot_description:/home/dell/ros2_feedbot_ws/install/feedbot_moveit_config:/home/dell/ros2_ws/install/open_manipulator_description:/home/dell/ros2_feedbot_ws/install/pid_logger:/home/dell/ros2_feedbot_ws/install/feedbot_sensors:/home/dell/ros2_feedbot_ws/install/feedbot_fusion:/opt/ros/humble /usr/bin/cmake --install /home/dell/ros2_feedbot_ws/build/feedbot_moveit_config
[1.828s] -- Install configuration: ""
[1.828s] -- Installing: /home/dell/ros2_feedbot_ws/install/feedbot_moveit_config/share/ament_index/resource_index/package_run_dependencies/feedbot_moveit_config
[1.828s] -- Installing: /home/dell/ros2_feedbot_ws/install/feedbot_moveit_config/share/ament_index/resource_index/parent_prefix_path/feedbot_moveit_config
[1.829s] -- Installing: /home/dell/ros2_feedbot_ws/install/feedbot_moveit_config/share/feedbot_moveit_config/environment/ament_prefix_path.sh
[1.829s] -- Installing: /home/dell/ros2_feedbot_ws/install/feedbot_moveit_config/share/feedbot_moveit_config/environment/ament_prefix_path.dsv
[1.829s] -- Installing: /home/dell/ros2_feedbot_ws/install/feedbot_moveit_config/share/feedbot_moveit_config/environment/path.sh
[1.829s] -- Installing: /home/dell/ros2_feedbot_ws/install/feedbot_moveit_config/share/feedbot_moveit_config/environment/path.dsv
[1.829s] -- Installing: /home/dell/ros2_feedbot_ws/install/feedbot_moveit_config/share/feedbot_moveit_config/local_setup.bash
[1.829s] -- Installing: /home/dell/ros2_feedbot_ws/install/feedbot_moveit_config/share/feedbot_moveit_config/local_setup.sh
[1.829s] -- Installing: /home/dell/ros2_feedbot_ws/install/feedbot_moveit_config/share/feedbot_moveit_config/local_setup.zsh
[1.830s] -- Installing: /home/dell/ros2_feedbot_ws/install/feedbot_moveit_config/share/feedbot_moveit_config/local_setup.dsv
[1.830s] -- Installing: /home/dell/ros2_feedbot_ws/install/feedbot_moveit_config/share/feedbot_moveit_config/package.dsv
[1.830s] -- Installing: /home/dell/ros2_feedbot_ws/install/feedbot_moveit_config/share/ament_index/resource_index/packages/feedbot_moveit_config
[1.830s] -- Installing: /home/dell/ros2_feedbot_ws/install/feedbot_moveit_config/share/feedbot_moveit_config/cmake/feedbot_moveit_configConfig.cmake
[1.831s] -- Installing: /home/dell/ros2_feedbot_ws/install/feedbot_moveit_config/share/feedbot_moveit_config/cmake/feedbot_moveit_configConfig-version.cmake
[1.831s] -- Installing: /home/dell/ros2_feedbot_ws/install/feedbot_moveit_config/share/feedbot_moveit_config/package.xml
[1.831s] -- Installing: /home/dell/ros2_feedbot_ws/install/feedbot_moveit_config/share/feedbot_moveit_config/launch
[1.831s] -- Installing: /home/dell/ros2_feedbot_ws/install/feedbot_moveit_config/share/feedbot_moveit_config/launch/setup_assistant.launch.py
[1.832s] -- Installing: /home/dell/ros2_feedbot_ws/install/feedbot_moveit_config/share/feedbot_moveit_config/launch/moveit_rviz.launch.py
[1.832s] -- Installing: /home/dell/ros2_feedbot_ws/install/feedbot_moveit_config/share/feedbot_moveit_config/launch/spawn_controllers.launch.py
[1.832s] -- Installing: /home/dell/ros2_feedbot_ws/install/feedbot_moveit_config/share/feedbot_moveit_config/launch/demo.launch.py
[1.832s] -- Installing: /home/dell/ros2_feedbot_ws/install/feedbot_moveit_config/share/feedbot_moveit_config/launch/rsp.launch.py
[1.832s] -- Installing: /home/dell/ros2_feedbot_ws/install/feedbot_moveit_config/share/feedbot_moveit_config/launch/move_group.launch.py
[1.832s] -- Installing: /home/dell/ros2_feedbot_ws/install/feedbot_moveit_config/share/feedbot_moveit_config/config
[1.832s] -- Installing: /home/dell/ros2_feedbot_ws/install/feedbot_moveit_config/share/feedbot_moveit_config/config/feedbot.srdf
[1.832s] -- Installing: /home/dell/ros2_feedbot_ws/install/feedbot_moveit_config/share/feedbot_moveit_config/config/moveit_controllers.yaml
[1.832s] -- Installing: /home/dell/ros2_feedbot_ws/install/feedbot_moveit_config/share/feedbot_moveit_config/config/moveit.rviz
[1.832s] -- Installing: /home/dell/ros2_feedbot_ws/install/feedbot_moveit_config/share/feedbot_moveit_config/config/kinematics.yaml
[1.832s] -- Installing: /home/dell/ros2_feedbot_ws/install/feedbot_moveit_config/share/feedbot_moveit_config/config/joint_limits.yaml
[1.833s] -- Installing: /home/dell/ros2_feedbot_ws/install/feedbot_moveit_config/share/feedbot_moveit_config/config/pilz_cartesian_limits.yaml
[1.833s] -- Installing: /home/dell/ros2_feedbot_ws/install/feedbot_moveit_config/share/feedbot_moveit_config/.setup_assistant
[1.839s] Invoked command in '/home/dell/ros2_feedbot_ws/build/feedbot_moveit_config' returned '0': CMAKE_PREFIX_PATH=/home/dell/ros2_feedbot_ws/install/feedbot_description:/home/dell/ros2_feedbot_ws/install/feedbot_moveit_config:/home/dell/ros2_ws/install/open_manipulator_description:/home/dell/ros2_feedbot_ws/install/pid_logger:/home/dell/ros2_feedbot_ws/install/feedbot_sensors:/home/dell/ros2_feedbot_ws/install/feedbot_fusion:/opt/ros/humble /usr/bin/cmake --install /home/dell/ros2_feedbot_ws/build/feedbot_moveit_config
