-- Install configuration: ""
-- Up-to-date: /home/dell/ros2_feedbot_ws/install/feedbot_description/share/feedbot_description/launch
-- Up-to-date: /home/dell/ros2_feedbot_ws/install/feedbot_description/share/feedbot_description/launch/gazebo.launch.py
-- Up-to-date: /home/dell/ros2_feedbot_ws/install/feedbot_description/share/feedbot_description/launch/control_rviz.launch.py
-- Up-to-date: /home/dell/ros2_feedbot_ws/install/feedbot_description/share/feedbot_description/launch/bringup.launch.py
-- Up-to-date: /home/dell/ros2_feedbot_ws/install/feedbot_description/share/feedbot_description/launch/urdf_debug.launch.py
-- Up-to-date: /home/dell/ros2_feedbot_ws/install/feedbot_description/share/feedbot_description/urdf
-- Up-to-date: /home/dell/ros2_feedbot_ws/install/feedbot_description/share/feedbot_description/urdf/test.urdf
-- Up-to-date: /home/dell/ros2_feedbot_ws/install/feedbot_description/share/feedbot_description/urdf/my_robot.urdf
-- Installing: /home/dell/ros2_feedbot_ws/install/feedbot_description/share/feedbot_description/urdf/my_robot.urdf.xacro
-- Up-to-date: /home/dell/ros2_feedbot_ws/install/feedbot_description/share/feedbot_description/config
-- Up-to-date: /home/dell/ros2_feedbot_ws/install/feedbot_description/share/feedbot_description/config/controllers_untuned.yaml
-- Up-to-date: /home/dell/ros2_feedbot_ws/install/feedbot_description/share/feedbot_description/config/pid_controllers.yaml
-- Up-to-date: /home/dell/ros2_feedbot_ws/install/feedbot_description/share/feedbot_description/config/controllers.yaml
-- Up-to-date: /home/dell/ros2_feedbot_ws/install/feedbot_description/share/feedbot_description/config/ros2_control.yaml
-- Up-to-date: /home/dell/ros2_feedbot_ws/install/feedbot_description/share/feedbot_description/config/controllers_tuned.yaml
-- Up-to-date: /home/dell/ros2_feedbot_ws/install/feedbot_description/share/feedbot_description/config/gazebo_controllers.yaml
-- Up-to-date: /home/dell/ros2_feedbot_ws/install/feedbot_description/share/feedbot_description/rviz
-- Up-to-date: /home/dell/ros2_feedbot_ws/install/feedbot_description/share/feedbot_description/rviz/control.rviz
-- Up-to-date: /home/dell/ros2_feedbot_ws/install/feedbot_description/share/feedbot_description/meshes
-- Up-to-date: /home/dell/ros2_feedbot_ws/install/feedbot_description/share/feedbot_description/meshes/base.stl
-- Up-to-date: /home/dell/ros2_feedbot_ws/install/feedbot_description/share/feedbot_description/meshes/plate.stl
-- Up-to-date: /home/dell/ros2_feedbot_ws/install/feedbot_description/share/feedbot_description/meshes/table.stl
-- Up-to-date: /home/dell/ros2_feedbot_ws/install/feedbot_description/share/feedbot_description/meshes/link3.stl
-- Up-to-date: /home/dell/ros2_feedbot_ws/install/feedbot_description/share/feedbot_description/meshes/mouth_open.stl
-- Up-to-date: /home/dell/ros2_feedbot_ws/install/feedbot_description/share/feedbot_description/meshes/apple.stl
-- Up-to-date: /home/dell/ros2_feedbot_ws/install/feedbot_description/share/feedbot_description/meshes/feeder_head.stl
-- Up-to-date: /home/dell/ros2_feedbot_ws/install/feedbot_description/share/feedbot_description/meshes/link2.stl
-- Up-to-date: /home/dell/ros2_feedbot_ws/install/feedbot_description/share/feedbot_description/meshes/strawberry.stl
-- Up-to-date: /home/dell/ros2_feedbot_ws/install/feedbot_description/share/feedbot_description/meshes/link1.stl
-- Up-to-date: /home/dell/ros2_feedbot_ws/install/feedbot_description/share/feedbot_description/worlds
-- Up-to-date: /home/dell/ros2_feedbot_ws/install/feedbot_description/share/feedbot_description/worlds/empty.world
-- Up-to-date: /home/dell/ros2_feedbot_ws/install/feedbot_description/lib/feedbot_description/step_test_all_joints.py
-- Up-to-date: /home/dell/ros2_feedbot_ws/install/feedbot_description/lib/feedbot_description/step_test_joint.py
-- Up-to-date: /home/dell/ros2_feedbot_ws/install/feedbot_description/share/ament_index/resource_index/package_run_dependencies/feedbot_description
-- Up-to-date: /home/dell/ros2_feedbot_ws/install/feedbot_description/share/ament_index/resource_index/parent_prefix_path/feedbot_description
-- Up-to-date: /home/dell/ros2_feedbot_ws/install/feedbot_description/share/feedbot_description/environment/ament_prefix_path.sh
-- Up-to-date: /home/dell/ros2_feedbot_ws/install/feedbot_description/share/feedbot_description/environment/ament_prefix_path.dsv
-- Up-to-date: /home/dell/ros2_feedbot_ws/install/feedbot_description/share/feedbot_description/environment/path.sh
-- Up-to-date: /home/dell/ros2_feedbot_ws/install/feedbot_description/share/feedbot_description/environment/path.dsv
-- Up-to-date: /home/dell/ros2_feedbot_ws/install/feedbot_description/share/feedbot_description/local_setup.bash
-- Up-to-date: /home/dell/ros2_feedbot_ws/install/feedbot_description/share/feedbot_description/local_setup.sh
-- Up-to-date: /home/dell/ros2_feedbot_ws/install/feedbot_description/share/feedbot_description/local_setup.zsh
-- Up-to-date: /home/dell/ros2_feedbot_ws/install/feedbot_description/share/feedbot_description/local_setup.dsv
-- Installing: /home/dell/ros2_feedbot_ws/install/feedbot_description/share/feedbot_description/package.dsv
-- Up-to-date: /home/dell/ros2_feedbot_ws/install/feedbot_description/share/ament_index/resource_index/packages/feedbot_description
-- Up-to-date: /home/dell/ros2_feedbot_ws/install/feedbot_description/share/feedbot_description/cmake/feedbot_descriptionConfig.cmake
-- Up-to-date: /home/dell/ros2_feedbot_ws/install/feedbot_description/share/feedbot_description/cmake/feedbot_descriptionConfig-version.cmake
-- Up-to-date: /home/dell/ros2_feedbot_ws/install/feedbot_description/share/feedbot_description/package.xml
