[0.554s] Invoking command in '/home/dell/ros2_feedbot_ws/src/feedbot_fusion': PYTHONPATH=/home/dell/ros2_feedbot_ws/build/feedbot_fusion/prefix_override:/usr/lib/python3/dist-packages/colcon_core/task/python/colcon_distutils_commands:/home/dell/ros2_feedbot_ws/install/feedbot_fusion/lib/python3.10/site-packages:${PYTHONPATH} /usr/bin/python3 -W ignore:setup.py install is deprecated -W ignore:easy_install command is deprecated setup.py egg_info --egg-base ../../build/feedbot_fusion build --build-base /home/dell/ros2_feedbot_ws/build/feedbot_fusion/build install --record /home/dell/ros2_feedbot_ws/build/feedbot_fusion/install.log --single-version-externally-managed
[0.774s] running egg_info
[0.775s] writing ../../build/feedbot_fusion/feedbot_fusion.egg-info/PKG-INFO
[0.775s] writing dependency_links to ../../build/feedbot_fusion/feedbot_fusion.egg-info/dependency_links.txt
[0.775s] writing entry points to ../../build/feedbot_fusion/feedbot_fusion.egg-info/entry_points.txt
[0.775s] writing requirements to ../../build/feedbot_fusion/feedbot_fusion.egg-info/requires.txt
[0.775s] writing top-level names to ../../build/feedbot_fusion/feedbot_fusion.egg-info/top_level.txt
[0.776s] reading manifest file '../../build/feedbot_fusion/feedbot_fusion.egg-info/SOURCES.txt'
[0.777s] writing manifest file '../../build/feedbot_fusion/feedbot_fusion.egg-info/SOURCES.txt'
[0.777s] running build
[0.777s] running build_py
[0.778s] running install
[0.778s] running install_lib
[0.779s] running install_egg_info
[0.780s] removing '/home/dell/ros2_feedbot_ws/install/feedbot_fusion/lib/python3.10/site-packages/feedbot_fusion-0.0.0-py3.10.egg-info' (and everything under it)
[0.781s] Copying ../../build/feedbot_fusion/feedbot_fusion.egg-info to /home/dell/ros2_feedbot_ws/install/feedbot_fusion/lib/python3.10/site-packages/feedbot_fusion-0.0.0-py3.10.egg-info
[0.781s] running install_scripts
[0.797s] Installing feeding_fsm script to /home/dell/ros2_feedbot_ws/install/feedbot_fusion/lib/feedbot_fusion
[0.797s] Installing force_node script to /home/dell/ros2_feedbot_ws/install/feedbot_fusion/lib/feedbot_fusion
[0.797s] Installing fusion_node script to /home/dell/ros2_feedbot_ws/install/feedbot_fusion/lib/feedbot_fusion
[0.797s] Installing speed_controller script to /home/dell/ros2_feedbot_ws/install/feedbot_fusion/lib/feedbot_fusion
[0.797s] Installing vision_node script to /home/dell/ros2_feedbot_ws/install/feedbot_fusion/lib/feedbot_fusion
[0.797s] writing list of installed files to '/home/dell/ros2_feedbot_ws/build/feedbot_fusion/install.log'
[0.814s] Invoked command in '/home/dell/ros2_feedbot_ws/src/feedbot_fusion' returned '0': PYTHONPATH=/home/dell/ros2_feedbot_ws/build/feedbot_fusion/prefix_override:/usr/lib/python3/dist-packages/colcon_core/task/python/colcon_distutils_commands:/home/dell/ros2_feedbot_ws/install/feedbot_fusion/lib/python3.10/site-packages:${PYTHONPATH} /usr/bin/python3 -W ignore:setup.py install is deprecated -W ignore:easy_install command is deprecated setup.py egg_info --egg-base ../../build/feedbot_fusion build --build-base /home/dell/ros2_feedbot_ws/build/feedbot_fusion/build install --record /home/dell/ros2_feedbot_ws/build/feedbot_fusion/install.log --single-version-externally-managed
