[0.000000] (-) TimerEvent: {}
[0.000680] (feedbot_description) JobQueued: {'identifier': 'feedbot_description', 'dependencies': OrderedDict()}
[0.000760] (feedbot_fusion) JobQueued: {'identifier': 'feedbot_fusion', 'dependencies': OrderedDict()}
[0.000815] (feedbot_sensors) JobQueued: {'identifier': 'feedbot_sensors', 'dependencies': OrderedDict()}
[0.000834] (pid_logger) JobQueued: {'identifier': 'pid_logger', 'dependencies': OrderedDict()}
[0.000851] (feedbot_moveit_config) JobQueued: {'identifier': 'feedbot_moveit_config', 'dependencies': OrderedDict([('feedbot_description', '/home/dell/ros2_feedbot_ws/install/feedbot_description')])}
[0.000879] (feedbot_description) JobStarted: {'identifier': 'feedbot_description'}
[0.020013] (feedbot_fusion) JobStarted: {'identifier': 'feedbot_fusion'}
[0.038309] (feedbot_sensors) JobStarted: {'identifier': 'feedbot_sensors'}
[0.047602] (pid_logger) JobStarted: {'identifier': 'pid_logger'}
[0.069224] (feedbot_description) JobProgress: {'identifier': 'feedbot_description', 'progress': 'cmake'}
[0.070439] (feedbot_description) Command: {'cmd': ['/usr/bin/cmake', '/home/dell/ros2_feedbot_ws/src/feedbot_description', '-DCMAKE_INSTALL_PREFIX=/home/dell/ros2_feedbot_ws/install/feedbot_description'], 'cwd': '/home/dell/ros2_feedbot_ws/build/feedbot_description', 'env': OrderedDict([('LANGUAGE', 'en_GB:en'), ('USER', 'dell'), ('XDG_SESSION_TYPE', 'wayland'), ('SHLVL', '1'), ('LD_LIBRARY_PATH', '/usr/lib/x86_64-linux-gnu/gazebo-11/plugins:/opt/ros/humble/opt/rviz_ogre_vendor/lib:/opt/ros/humble/lib/x86_64-linux-gnu:/opt/ros/humble/lib:/usr/lib/x86_64-linux-gnu/gazebo-11/plugins:'), ('HOME', '/home/dell'), ('OLDPWD', '/home/dell/ros2_feedbot_ws'), ('DESKTOP_SESSION', 'ubuntu'), ('GAZEBO_MASTER_URI', 'http://localhost:11345'), ('ROS_PYTHON_VERSION', '3'), ('GNOME_SHELL_SESSION_MODE', 'ubuntu'), ('GTK_MODULES', 'gail:atk-bridge'), ('SYSTEMD_EXEC_PID', '182636'), ('DBUS_SESSION_BUS_ADDRESS', 'unix:path=/run/user/1000/bus'), ('COLORTERM', 'truecolor'), ('IM_CONFIG_PHASE', '1'), ('WAYLAND_DISPLAY', 'wayland-0'), ('COLCON_PREFIX_PATH', '/home/dell/ros2_feedbot_ws/install:/home/dell/ros2_ws/install'), ('ROS_DISTRO', 'humble'), ('LOGNAME', 'dell'), ('_', '/usr/bin/colcon'), ('ROS_VERSION', '2'), ('XDG_SESSION_CLASS', 'user'), ('USERNAME', 'dell'), ('TERM', 'xterm-256color'), ('GAZEBO_MODEL_PATH', '/usr/share/gazebo-11/models::/home/dell/ros2_feedbot_ws/install/feedbot_description/share'), ('GNOME_DESKTOP_SESSION_ID', 'this-is-deprecated'), ('ROS_LOCALHOST_ONLY', '0'), ('HISTCONTROL', 'ignoreboth'), ('OGRE_RESOURCE_PATH', '/usr/lib/x86_64-linux-gnu/OGRE-1.9.0'), ('PATH', '/opt/ros/humble/bin:/usr/lib/ccache:/home/dell/ardupilot/Tools/autotest:/opt/gcc-arm-none-eabi-10-2020-q4-major/bin:/home/dell/.local/bin:/usr/local/sbin:/usr/local/bin:/usr/sbin:/usr/bin:/sbin:/bin:/usr/games:/usr/local/games:/snap/bin:/snap/bin'), ('SESSION_MANAGER', 'local/dell:@/tmp/.ICE-unix/175661,unix/dell:/tmp/.ICE-unix/175661'), ('XDG_MENU_PREFIX', 'gnome-'), ('GNOME_TERMINAL_SCREEN', '/org/gnome/Terminal/screen/a89707f7_f624_4683_8741_7cfa757cae37'), ('GNOME_SETUP_DISPLAY', ':1'), ('XDG_RUNTIME_DIR', '/run/user/1000'), ('DISPLAY', ':0'), ('LANG', 'en_US.UTF-8'), ('XDG_CURRENT_DESKTOP', 'ubuntu:GNOME'), ('RMW_IMPLEMENTATION', 'rmw_cyclonedds_cpp'), ('XMODIFIERS', '@im=ibus'), ('XDG_SESSION_DESKTOP', 'ubuntu'), ('XAUTHORITY', '/run/user/1000/.mutter-Xwaylandauth.GYXJL3'), ('GNOME_TERMINAL_SERVICE', ':1.112'), ('SSH_AGENT_LAUNCHER', 'gnome-keyring'), ('SSH_AUTH_SOCK', '/run/user/1000/keyring/ssh'), ('AMENT_PREFIX_PATH', '/home/dell/ros2_feedbot_ws/install/pid_logger:/home/dell/ros2_feedbot_ws/install/feedbot_sensors:/home/dell/ros2_feedbot_ws/install/feedbot_moveit_config:/home/dell/ros2_feedbot_ws/install/feedbot_fusion:/home/dell/ros2_feedbot_ws/install/feedbot_description:/home/dell/ros2_ws/install/open_manipulator_description:/opt/ros/humble'), ('SHELL', '/bin/bash'), ('QT_ACCESSIBILITY', '1'), ('GDMSESSION', 'ubuntu'), ('GAZEBO_RESOURCE_PATH', '/usr/share/gazebo-11::/opt/ros/humble/share:/home/dell/ros2_feedbot_ws/install/feedbot_description/share'), ('GAZEBO_MODEL_DATABASE_URI', 'http://models.gazebosim.org'), ('QT_IM_MODULE', 'ibus'), ('PWD', '/home/dell/ros2_feedbot_ws/build/feedbot_description'), ('LC_ALL', 'en_US.UTF-8'), ('XDG_CONFIG_DIRS', '/etc/xdg/xdg-ubuntu:/etc/xdg'), ('GAZEBO_PLUGIN_PATH', '/opt/ros/humble/lib:/usr/lib/x86_64-linux-gnu/gazebo-11/plugins:'), ('XDG_DATA_DIRS', '/usr/share/ubuntu:/usr/local/share/:/usr/share/:/var/lib/snapd/desktop'), ('PYTHONPATH', '/home/dell/ros2_feedbot_ws/install/pid_logger/lib/python3.10/site-packages:/home/dell/ros2_feedbot_ws/install/feedbot_sensors/lib/python3.10/site-packages:/home/dell/ros2_feedbot_ws/install/feedbot_fusion/lib/python3.10/site-packages:/opt/ros/humble/lib/python3.10/site-packages:/opt/ros/humble/local/lib/python3.10/dist-packages'), ('COLCON', '1'), ('VTE_VERSION', '6800'), ('CMAKE_PREFIX_PATH', '/home/dell/ros2_feedbot_ws/install/feedbot_moveit_config:/home/dell/ros2_feedbot_ws/install/feedbot_description:/home/dell/ros2_ws/install/open_manipulator_description:/home/dell/ros2_feedbot_ws/install/pid_logger:/home/dell/ros2_feedbot_ws/install/feedbot_sensors:/home/dell/ros2_feedbot_ws/install/feedbot_fusion:/opt/ros/humble')]), 'shell': False}
[0.096008] (-) TimerEvent: {}
[0.196435] (-) TimerEvent: {}
[0.297086] (-) TimerEvent: {}
[0.397515] (-) TimerEvent: {}
[0.498206] (-) TimerEvent: {}
[0.599113] (-) TimerEvent: {}
[0.699731] (-) TimerEvent: {}
[0.800474] (-) TimerEvent: {}
[0.901079] (-) TimerEvent: {}
[1.001774] (-) TimerEvent: {}
[1.102338] (-) TimerEvent: {}
[1.203038] (-) TimerEvent: {}
[1.303648] (-) TimerEvent: {}
[1.404146] (-) TimerEvent: {}
[1.441046] (feedbot_description) StdoutLine: {'line': b'-- The C compiler identification is GNU 11.4.0\n'}
[1.442334] (feedbot_description) StdoutLine: {'line': b'-- The CXX compiler identification is GNU 11.4.0\n'}
[1.443028] (feedbot_description) StdoutLine: {'line': b'-- Detecting C compiler ABI info\n'}
[1.443299] (feedbot_description) StdoutLine: {'line': b'-- Detecting C compiler ABI info - done\n'}
[1.443451] (feedbot_description) StdoutLine: {'line': b'-- Check for working C compiler: /usr/lib/ccache/cc - skipped\n'}
[1.443589] (feedbot_description) StdoutLine: {'line': b'-- Detecting C compile features\n'}
[1.443731] (feedbot_description) StdoutLine: {'line': b'-- Detecting C compile features - done\n'}
[1.443869] (feedbot_description) StdoutLine: {'line': b'-- Detecting CXX compiler ABI info\n'}
[1.444098] (feedbot_description) StdoutLine: {'line': b'-- Detecting CXX compiler ABI info - done\n'}
[1.444266] (feedbot_description) StdoutLine: {'line': b'-- Check for working CXX compiler: /usr/lib/ccache/c++ - skipped\n'}
[1.444398] (feedbot_description) StdoutLine: {'line': b'-- Detecting CXX compile features\n'}
[1.444507] (feedbot_description) StdoutLine: {'line': b'-- Detecting CXX compile features - done\n'}
[1.444600] (feedbot_description) StdoutLine: {'line': b'-- Found ament_cmake: 1.3.12 (/opt/ros/humble/share/ament_cmake/cmake)\n'}
[1.444715] (feedbot_description) StdoutLine: {'line': b'-- Found Python3: /usr/bin/python3 (found version "3.10.18") found components: Interpreter \n'}
[1.504431] (-) TimerEvent: {}
[1.577370] (feedbot_description) StdoutLine: {'line': b'-- Configuring done\n'}
[1.582456] (feedbot_description) StdoutLine: {'line': b'-- Generating done\n'}
[1.585936] (feedbot_description) StdoutLine: {'line': b'-- Build files have been written to: /home/dell/ros2_feedbot_ws/build/feedbot_description\n'}
[1.604620] (-) TimerEvent: {}
[1.705306] (-) TimerEvent: {}
[1.805794] (-) TimerEvent: {}
[1.906352] (-) TimerEvent: {}
[2.007595] (-) TimerEvent: {}
[2.067267] (feedbot_description) CommandEnded: {'returncode': 0}
[2.068790] (feedbot_description) JobProgress: {'identifier': 'feedbot_description', 'progress': 'build'}
[2.070279] (feedbot_description) Command: {'cmd': ['/usr/bin/cmake', '--build', '/home/dell/ros2_feedbot_ws/build/feedbot_description', '--', '-j12', '-l12'], 'cwd': '/home/dell/ros2_feedbot_ws/build/feedbot_description', 'env': OrderedDict([('LANGUAGE', 'en_GB:en'), ('USER', 'dell'), ('XDG_SESSION_TYPE', 'wayland'), ('SHLVL', '1'), ('LD_LIBRARY_PATH', '/usr/lib/x86_64-linux-gnu/gazebo-11/plugins:/opt/ros/humble/opt/rviz_ogre_vendor/lib:/opt/ros/humble/lib/x86_64-linux-gnu:/opt/ros/humble/lib:/usr/lib/x86_64-linux-gnu/gazebo-11/plugins:'), ('HOME', '/home/dell'), ('OLDPWD', '/home/dell/ros2_feedbot_ws'), ('DESKTOP_SESSION', 'ubuntu'), ('GAZEBO_MASTER_URI', 'http://localhost:11345'), ('ROS_PYTHON_VERSION', '3'), ('GNOME_SHELL_SESSION_MODE', 'ubuntu'), ('GTK_MODULES', 'gail:atk-bridge'), ('SYSTEMD_EXEC_PID', '182636'), ('DBUS_SESSION_BUS_ADDRESS', 'unix:path=/run/user/1000/bus'), ('COLORTERM', 'truecolor'), ('IM_CONFIG_PHASE', '1'), ('WAYLAND_DISPLAY', 'wayland-0'), ('COLCON_PREFIX_PATH', '/home/dell/ros2_feedbot_ws/install:/home/dell/ros2_ws/install'), ('ROS_DISTRO', 'humble'), ('LOGNAME', 'dell'), ('_', '/usr/bin/colcon'), ('ROS_VERSION', '2'), ('XDG_SESSION_CLASS', 'user'), ('USERNAME', 'dell'), ('TERM', 'xterm-256color'), ('GAZEBO_MODEL_PATH', '/usr/share/gazebo-11/models::/home/dell/ros2_feedbot_ws/install/feedbot_description/share'), ('GNOME_DESKTOP_SESSION_ID', 'this-is-deprecated'), ('ROS_LOCALHOST_ONLY', '0'), ('HISTCONTROL', 'ignoreboth'), ('OGRE_RESOURCE_PATH', '/usr/lib/x86_64-linux-gnu/OGRE-1.9.0'), ('PATH', '/opt/ros/humble/bin:/usr/lib/ccache:/home/dell/ardupilot/Tools/autotest:/opt/gcc-arm-none-eabi-10-2020-q4-major/bin:/home/dell/.local/bin:/usr/local/sbin:/usr/local/bin:/usr/sbin:/usr/bin:/sbin:/bin:/usr/games:/usr/local/games:/snap/bin:/snap/bin'), ('SESSION_MANAGER', 'local/dell:@/tmp/.ICE-unix/175661,unix/dell:/tmp/.ICE-unix/175661'), ('XDG_MENU_PREFIX', 'gnome-'), ('GNOME_TERMINAL_SCREEN', '/org/gnome/Terminal/screen/a89707f7_f624_4683_8741_7cfa757cae37'), ('GNOME_SETUP_DISPLAY', ':1'), ('XDG_RUNTIME_DIR', '/run/user/1000'), ('DISPLAY', ':0'), ('LANG', 'en_US.UTF-8'), ('XDG_CURRENT_DESKTOP', 'ubuntu:GNOME'), ('RMW_IMPLEMENTATION', 'rmw_cyclonedds_cpp'), ('XMODIFIERS', '@im=ibus'), ('XDG_SESSION_DESKTOP', 'ubuntu'), ('XAUTHORITY', '/run/user/1000/.mutter-Xwaylandauth.GYXJL3'), ('GNOME_TERMINAL_SERVICE', ':1.112'), ('SSH_AGENT_LAUNCHER', 'gnome-keyring'), ('SSH_AUTH_SOCK', '/run/user/1000/keyring/ssh'), ('AMENT_PREFIX_PATH', '/home/dell/ros2_feedbot_ws/install/pid_logger:/home/dell/ros2_feedbot_ws/install/feedbot_sensors:/home/dell/ros2_feedbot_ws/install/feedbot_moveit_config:/home/dell/ros2_feedbot_ws/install/feedbot_fusion:/home/dell/ros2_feedbot_ws/install/feedbot_description:/home/dell/ros2_ws/install/open_manipulator_description:/opt/ros/humble'), ('SHELL', '/bin/bash'), ('QT_ACCESSIBILITY', '1'), ('GDMSESSION', 'ubuntu'), ('GAZEBO_RESOURCE_PATH', '/usr/share/gazebo-11::/opt/ros/humble/share:/home/dell/ros2_feedbot_ws/install/feedbot_description/share'), ('GAZEBO_MODEL_DATABASE_URI', 'http://models.gazebosim.org'), ('QT_IM_MODULE', 'ibus'), ('PWD', '/home/dell/ros2_feedbot_ws/build/feedbot_description'), ('LC_ALL', 'en_US.UTF-8'), ('XDG_CONFIG_DIRS', '/etc/xdg/xdg-ubuntu:/etc/xdg'), ('GAZEBO_PLUGIN_PATH', '/opt/ros/humble/lib:/usr/lib/x86_64-linux-gnu/gazebo-11/plugins:'), ('XDG_DATA_DIRS', '/usr/share/ubuntu:/usr/local/share/:/usr/share/:/var/lib/snapd/desktop'), ('PYTHONPATH', '/home/dell/ros2_feedbot_ws/install/pid_logger/lib/python3.10/site-packages:/home/dell/ros2_feedbot_ws/install/feedbot_sensors/lib/python3.10/site-packages:/home/dell/ros2_feedbot_ws/install/feedbot_fusion/lib/python3.10/site-packages:/opt/ros/humble/lib/python3.10/site-packages:/opt/ros/humble/local/lib/python3.10/dist-packages'), ('COLCON', '1'), ('VTE_VERSION', '6800'), ('CMAKE_PREFIX_PATH', '/home/dell/ros2_feedbot_ws/install/feedbot_moveit_config:/home/dell/ros2_feedbot_ws/install/feedbot_description:/home/dell/ros2_ws/install/open_manipulator_description:/home/dell/ros2_feedbot_ws/install/pid_logger:/home/dell/ros2_feedbot_ws/install/feedbot_sensors:/home/dell/ros2_feedbot_ws/install/feedbot_fusion:/opt/ros/humble')]), 'shell': False}
[2.107792] (-) TimerEvent: {}
[2.182455] (feedbot_description) CommandEnded: {'returncode': 0}
[2.184148] (feedbot_description) JobProgress: {'identifier': 'feedbot_description', 'progress': 'install'}
[2.208127] (-) TimerEvent: {}
[2.210987] (feedbot_description) Command: {'cmd': ['/usr/bin/cmake', '--install', '/home/dell/ros2_feedbot_ws/build/feedbot_description'], 'cwd': '/home/dell/ros2_feedbot_ws/build/feedbot_description', 'env': OrderedDict([('LANGUAGE', 'en_GB:en'), ('USER', 'dell'), ('XDG_SESSION_TYPE', 'wayland'), ('SHLVL', '1'), ('LD_LIBRARY_PATH', '/usr/lib/x86_64-linux-gnu/gazebo-11/plugins:/opt/ros/humble/opt/rviz_ogre_vendor/lib:/opt/ros/humble/lib/x86_64-linux-gnu:/opt/ros/humble/lib:/usr/lib/x86_64-linux-gnu/gazebo-11/plugins:'), ('HOME', '/home/dell'), ('OLDPWD', '/home/dell/ros2_feedbot_ws'), ('DESKTOP_SESSION', 'ubuntu'), ('GAZEBO_MASTER_URI', 'http://localhost:11345'), ('ROS_PYTHON_VERSION', '3'), ('GNOME_SHELL_SESSION_MODE', 'ubuntu'), ('GTK_MODULES', 'gail:atk-bridge'), ('SYSTEMD_EXEC_PID', '182636'), ('DBUS_SESSION_BUS_ADDRESS', 'unix:path=/run/user/1000/bus'), ('COLORTERM', 'truecolor'), ('IM_CONFIG_PHASE', '1'), ('WAYLAND_DISPLAY', 'wayland-0'), ('COLCON_PREFIX_PATH', '/home/dell/ros2_feedbot_ws/install:/home/dell/ros2_ws/install'), ('ROS_DISTRO', 'humble'), ('LOGNAME', 'dell'), ('_', '/usr/bin/colcon'), ('ROS_VERSION', '2'), ('XDG_SESSION_CLASS', 'user'), ('USERNAME', 'dell'), ('TERM', 'xterm-256color'), ('GAZEBO_MODEL_PATH', '/usr/share/gazebo-11/models::/home/dell/ros2_feedbot_ws/install/feedbot_description/share'), ('GNOME_DESKTOP_SESSION_ID', 'this-is-deprecated'), ('ROS_LOCALHOST_ONLY', '0'), ('HISTCONTROL', 'ignoreboth'), ('OGRE_RESOURCE_PATH', '/usr/lib/x86_64-linux-gnu/OGRE-1.9.0'), ('PATH', '/opt/ros/humble/bin:/usr/lib/ccache:/home/dell/ardupilot/Tools/autotest:/opt/gcc-arm-none-eabi-10-2020-q4-major/bin:/home/dell/.local/bin:/usr/local/sbin:/usr/local/bin:/usr/sbin:/usr/bin:/sbin:/bin:/usr/games:/usr/local/games:/snap/bin:/snap/bin'), ('SESSION_MANAGER', 'local/dell:@/tmp/.ICE-unix/175661,unix/dell:/tmp/.ICE-unix/175661'), ('XDG_MENU_PREFIX', 'gnome-'), ('GNOME_TERMINAL_SCREEN', '/org/gnome/Terminal/screen/a89707f7_f624_4683_8741_7cfa757cae37'), ('GNOME_SETUP_DISPLAY', ':1'), ('XDG_RUNTIME_DIR', '/run/user/1000'), ('DISPLAY', ':0'), ('LANG', 'en_US.UTF-8'), ('XDG_CURRENT_DESKTOP', 'ubuntu:GNOME'), ('RMW_IMPLEMENTATION', 'rmw_cyclonedds_cpp'), ('XMODIFIERS', '@im=ibus'), ('XDG_SESSION_DESKTOP', 'ubuntu'), ('XAUTHORITY', '/run/user/1000/.mutter-Xwaylandauth.GYXJL3'), ('GNOME_TERMINAL_SERVICE', ':1.112'), ('SSH_AGENT_LAUNCHER', 'gnome-keyring'), ('SSH_AUTH_SOCK', '/run/user/1000/keyring/ssh'), ('AMENT_PREFIX_PATH', '/home/dell/ros2_feedbot_ws/install/pid_logger:/home/dell/ros2_feedbot_ws/install/feedbot_sensors:/home/dell/ros2_feedbot_ws/install/feedbot_moveit_config:/home/dell/ros2_feedbot_ws/install/feedbot_fusion:/home/dell/ros2_feedbot_ws/install/feedbot_description:/home/dell/ros2_ws/install/open_manipulator_description:/opt/ros/humble'), ('SHELL', '/bin/bash'), ('QT_ACCESSIBILITY', '1'), ('GDMSESSION', 'ubuntu'), ('GAZEBO_RESOURCE_PATH', '/usr/share/gazebo-11::/opt/ros/humble/share:/home/dell/ros2_feedbot_ws/install/feedbot_description/share'), ('GAZEBO_MODEL_DATABASE_URI', 'http://models.gazebosim.org'), ('QT_IM_MODULE', 'ibus'), ('PWD', '/home/dell/ros2_feedbot_ws/build/feedbot_description'), ('LC_ALL', 'en_US.UTF-8'), ('XDG_CONFIG_DIRS', '/etc/xdg/xdg-ubuntu:/etc/xdg'), ('GAZEBO_PLUGIN_PATH', '/opt/ros/humble/lib:/usr/lib/x86_64-linux-gnu/gazebo-11/plugins:'), ('XDG_DATA_DIRS', '/usr/share/ubuntu:/usr/local/share/:/usr/share/:/var/lib/snapd/desktop'), ('PYTHONPATH', '/home/dell/ros2_feedbot_ws/install/pid_logger/lib/python3.10/site-packages:/home/dell/ros2_feedbot_ws/install/feedbot_sensors/lib/python3.10/site-packages:/home/dell/ros2_feedbot_ws/install/feedbot_fusion/lib/python3.10/site-packages:/opt/ros/humble/lib/python3.10/site-packages:/opt/ros/humble/local/lib/python3.10/dist-packages'), ('COLCON', '1'), ('VTE_VERSION', '6800'), ('CMAKE_PREFIX_PATH', '/home/dell/ros2_feedbot_ws/install/feedbot_moveit_config:/home/dell/ros2_feedbot_ws/install/feedbot_description:/home/dell/ros2_ws/install/open_manipulator_description:/home/dell/ros2_feedbot_ws/install/pid_logger:/home/dell/ros2_feedbot_ws/install/feedbot_sensors:/home/dell/ros2_feedbot_ws/install/feedbot_fusion:/opt/ros/humble')]), 'shell': False}
[2.229912] (feedbot_description) StdoutLine: {'line': b'-- Install configuration: ""\n'}
[2.230357] (feedbot_description) StdoutLine: {'line': b'-- Installing: /home/dell/ros2_feedbot_ws/install/feedbot_description/share/feedbot_description/launch\n'}
[2.230605] (feedbot_description) StdoutLine: {'line': b'-- Installing: /home/dell/ros2_feedbot_ws/install/feedbot_description/share/feedbot_description/launch/gazebo.launch.py\n'}
[2.230816] (feedbot_description) StdoutLine: {'line': b'-- Installing: /home/dell/ros2_feedbot_ws/install/feedbot_description/share/feedbot_description/launch/control_rviz.launch.py\n'}
[2.231002] (feedbot_description) StdoutLine: {'line': b'-- Installing: /home/dell/ros2_feedbot_ws/install/feedbot_description/share/feedbot_description/launch/bringup.launch.py\n'}
[2.231135] (feedbot_description) StdoutLine: {'line': b'-- Installing: /home/dell/ros2_feedbot_ws/install/feedbot_description/share/feedbot_description/launch/urdf_debug.launch.py\n'}
[2.231236] (feedbot_description) StdoutLine: {'line': b'-- Installing: /home/dell/ros2_feedbot_ws/install/feedbot_description/share/feedbot_description/urdf\n'}
[2.231384] (feedbot_description) StdoutLine: {'line': b'-- Installing: /home/dell/ros2_feedbot_ws/install/feedbot_description/share/feedbot_description/urdf/test.urdf\n'}
[2.231528] (feedbot_description) StdoutLine: {'line': b'-- Installing: /home/dell/ros2_feedbot_ws/install/feedbot_description/share/feedbot_description/urdf/my_robot.urdf\n'}
[2.231647] (feedbot_description) StdoutLine: {'line': b'-- Installing: /home/dell/ros2_feedbot_ws/install/feedbot_description/share/feedbot_description/urdf/my_robot.urdf.xacro\n'}
[2.231836] (feedbot_description) StdoutLine: {'line': b'-- Installing: /home/dell/ros2_feedbot_ws/install/feedbot_description/share/feedbot_description/config\n'}
[2.231986] (feedbot_description) StdoutLine: {'line': b'-- Installing: /home/dell/ros2_feedbot_ws/install/feedbot_description/share/feedbot_description/config/controllers_untuned.yaml\n'}
[2.232126] (feedbot_description) StdoutLine: {'line': b'-- Installing: /home/dell/ros2_feedbot_ws/install/feedbot_description/share/feedbot_description/config/pid_controllers.yaml\n'}
[2.232259] (feedbot_description) StdoutLine: {'line': b'-- Installing: /home/dell/ros2_feedbot_ws/install/feedbot_description/share/feedbot_description/config/controllers.yaml\n'}
[2.232396] (feedbot_description) StdoutLine: {'line': b'-- Installing: /home/dell/ros2_feedbot_ws/install/feedbot_description/share/feedbot_description/config/ros2_control.yaml\n'}
[2.232532] (feedbot_description) StdoutLine: {'line': b'-- Installing: /home/dell/ros2_feedbot_ws/install/feedbot_description/share/feedbot_description/config/controllers_tuned.yaml\n'}
[2.232697] (feedbot_description) StdoutLine: {'line': b'-- Installing: /home/dell/ros2_feedbot_ws/install/feedbot_description/share/feedbot_description/config/gazebo_controllers.yaml\n'}
[2.232800] (feedbot_description) StdoutLine: {'line': b'-- Installing: /home/dell/ros2_feedbot_ws/install/feedbot_description/share/feedbot_description/rviz\n'}
[2.233013] (feedbot_description) StdoutLine: {'line': b'-- Installing: /home/dell/ros2_feedbot_ws/install/feedbot_description/share/feedbot_description/rviz/control.rviz\n'}
[2.233115] (feedbot_description) StdoutLine: {'line': b'-- Installing: /home/dell/ros2_feedbot_ws/install/feedbot_description/share/feedbot_description/meshes\n'}
[2.233207] (feedbot_description) StdoutLine: {'line': b'-- Installing: /home/dell/ros2_feedbot_ws/install/feedbot_description/share/feedbot_description/meshes/base.stl\n'}
[2.238182] (feedbot_description) StdoutLine: {'line': b'-- Installing: /home/dell/ros2_feedbot_ws/install/feedbot_description/share/feedbot_description/meshes/plate.stl\n'}
[2.238731] (feedbot_description) StdoutLine: {'line': b'-- Installing: /home/dell/ros2_feedbot_ws/install/feedbot_description/share/feedbot_description/meshes/table.stl\n'}
[2.245282] (feedbot_description) StdoutLine: {'line': b'-- Installing: /home/dell/ros2_feedbot_ws/install/feedbot_description/share/feedbot_description/meshes/link3.stl\n'}
[2.250449] (feedbot_description) StdoutLine: {'line': b'-- Installing: /home/dell/ros2_feedbot_ws/install/feedbot_description/share/feedbot_description/meshes/mouth_open.stl\n'}
[2.255404] (feedbot_description) StdoutLine: {'line': b'-- Installing: /home/dell/ros2_feedbot_ws/install/feedbot_description/share/feedbot_description/meshes/apple.stl\n'}
[2.258378] (feedbot_description) StdoutLine: {'line': b'-- Installing: /home/dell/ros2_feedbot_ws/install/feedbot_description/share/feedbot_description/meshes/feeder_head.stl\n'}
[2.263512] (feedbot_description) StdoutLine: {'line': b'-- Installing: /home/dell/ros2_feedbot_ws/install/feedbot_description/share/feedbot_description/meshes/link2.stl\n'}
[2.267442] (feedbot_description) StdoutLine: {'line': b'-- Installing: /home/dell/ros2_feedbot_ws/install/feedbot_description/share/feedbot_description/meshes/strawberry.stl\n'}
[2.277125] (feedbot_description) StdoutLine: {'line': b'-- Installing: /home/dell/ros2_feedbot_ws/install/feedbot_description/share/feedbot_description/meshes/link1.stl\n'}
[2.280267] (feedbot_description) StdoutLine: {'line': b'-- Installing: /home/dell/ros2_feedbot_ws/install/feedbot_description/share/feedbot_description/worlds\n'}
[2.280761] (feedbot_description) StdoutLine: {'line': b'-- Installing: /home/dell/ros2_feedbot_ws/install/feedbot_description/share/feedbot_description/worlds/empty.world\n'}
[2.281162] (feedbot_description) StdoutLine: {'line': b'-- Installing: /home/dell/ros2_feedbot_ws/install/feedbot_description/lib/feedbot_description/step_test_all_joints.py\n'}
[2.281303] (feedbot_description) StdoutLine: {'line': b'-- Installing: /home/dell/ros2_feedbot_ws/install/feedbot_description/lib/feedbot_description/step_test_joint.py\n'}
[2.281541] (feedbot_description) StdoutLine: {'line': b'-- Installing: /home/dell/ros2_feedbot_ws/install/feedbot_description/share/ament_index/resource_index/package_run_dependencies/feedbot_description\n'}
[2.281733] (feedbot_description) StdoutLine: {'line': b'-- Installing: /home/dell/ros2_feedbot_ws/install/feedbot_description/share/ament_index/resource_index/parent_prefix_path/feedbot_description\n'}
[2.282023] (feedbot_description) StdoutLine: {'line': b'-- Installing: /home/dell/ros2_feedbot_ws/install/feedbot_description/share/feedbot_description/environment/ament_prefix_path.sh\n'}
[2.282183] (feedbot_description) StdoutLine: {'line': b'-- Installing: /home/dell/ros2_feedbot_ws/install/feedbot_description/share/feedbot_description/environment/ament_prefix_path.dsv\n'}
[2.282313] (feedbot_description) StdoutLine: {'line': b'-- Installing: /home/dell/ros2_feedbot_ws/install/feedbot_description/share/feedbot_description/environment/path.sh\n'}
[2.282466] (feedbot_description) StdoutLine: {'line': b'-- Installing: /home/dell/ros2_feedbot_ws/install/feedbot_description/share/feedbot_description/environment/path.dsv\n'}
[2.282597] (feedbot_description) StdoutLine: {'line': b'-- Installing: /home/dell/ros2_feedbot_ws/install/feedbot_description/share/feedbot_description/local_setup.bash\n'}
[2.282736] (feedbot_description) StdoutLine: {'line': b'-- Installing: /home/dell/ros2_feedbot_ws/install/feedbot_description/share/feedbot_description/local_setup.sh\n'}
[2.282867] (feedbot_description) StdoutLine: {'line': b'-- Installing: /home/dell/ros2_feedbot_ws/install/feedbot_description/share/feedbot_description/local_setup.zsh\n'}
[2.283037] (feedbot_description) StdoutLine: {'line': b'-- Installing: /home/dell/ros2_feedbot_ws/install/feedbot_description/share/feedbot_description/local_setup.dsv\n'}
[2.283168] (feedbot_description) StdoutLine: {'line': b'-- Installing: /home/dell/ros2_feedbot_ws/install/feedbot_description/share/feedbot_description/package.dsv\n'}
[2.283479] (feedbot_description) StdoutLine: {'line': b'-- Installing: /home/dell/ros2_feedbot_ws/install/feedbot_description/share/ament_index/resource_index/packages/feedbot_description\n'}
[2.283671] (feedbot_description) StdoutLine: {'line': b'-- Installing: /home/dell/ros2_feedbot_ws/install/feedbot_description/share/feedbot_description/cmake/feedbot_descriptionConfig.cmake\n'}
[2.283829] (feedbot_description) StdoutLine: {'line': b'-- Installing: /home/dell/ros2_feedbot_ws/install/feedbot_description/share/feedbot_description/cmake/feedbot_descriptionConfig-version.cmake\n'}
[2.284039] (feedbot_description) StdoutLine: {'line': b'-- Installing: /home/dell/ros2_feedbot_ws/install/feedbot_description/share/feedbot_description/package.xml\n'}
[2.291411] (feedbot_description) CommandEnded: {'returncode': 0}
[2.308352] (-) TimerEvent: {}
[2.344050] (feedbot_description) JobEnded: {'identifier': 'feedbot_description', 'rc': 0}
[2.345439] (feedbot_moveit_config) JobStarted: {'identifier': 'feedbot_moveit_config'}
[2.357360] (feedbot_moveit_config) JobProgress: {'identifier': 'feedbot_moveit_config', 'progress': 'cmake'}
[2.360117] (feedbot_moveit_config) Command: {'cmd': ['/usr/bin/cmake', '/home/dell/ros2_feedbot_ws/feedbot_moveit_config', '-DCMAKE_INSTALL_PREFIX=/home/dell/ros2_feedbot_ws/install/feedbot_moveit_config'], 'cwd': '/home/dell/ros2_feedbot_ws/build/feedbot_moveit_config', 'env': OrderedDict([('LANGUAGE', 'en_GB:en'), ('USER', 'dell'), ('XDG_SESSION_TYPE', 'wayland'), ('SHLVL', '1'), ('LD_LIBRARY_PATH', '/usr/lib/x86_64-linux-gnu/gazebo-11/plugins:/opt/ros/humble/opt/rviz_ogre_vendor/lib:/opt/ros/humble/lib/x86_64-linux-gnu:/opt/ros/humble/lib:/usr/lib/x86_64-linux-gnu/gazebo-11/plugins:'), ('HOME', '/home/dell'), ('OLDPWD', '/home/dell/ros2_feedbot_ws'), ('DESKTOP_SESSION', 'ubuntu'), ('GAZEBO_MASTER_URI', 'http://localhost:11345'), ('ROS_PYTHON_VERSION', '3'), ('GNOME_SHELL_SESSION_MODE', 'ubuntu'), ('GTK_MODULES', 'gail:atk-bridge'), ('SYSTEMD_EXEC_PID', '182636'), ('DBUS_SESSION_BUS_ADDRESS', 'unix:path=/run/user/1000/bus'), ('COLORTERM', 'truecolor'), ('IM_CONFIG_PHASE', '1'), ('WAYLAND_DISPLAY', 'wayland-0'), ('COLCON_PREFIX_PATH', '/home/dell/ros2_feedbot_ws/install:/home/dell/ros2_ws/install'), ('ROS_DISTRO', 'humble'), ('LOGNAME', 'dell'), ('_', '/usr/bin/colcon'), ('ROS_VERSION', '2'), ('XDG_SESSION_CLASS', 'user'), ('USERNAME', 'dell'), ('TERM', 'xterm-256color'), ('GAZEBO_MODEL_PATH', '/usr/share/gazebo-11/models::/home/dell/ros2_feedbot_ws/install/feedbot_description/share'), ('GNOME_DESKTOP_SESSION_ID', 'this-is-deprecated'), ('ROS_LOCALHOST_ONLY', '0'), ('HISTCONTROL', 'ignoreboth'), ('OGRE_RESOURCE_PATH', '/usr/lib/x86_64-linux-gnu/OGRE-1.9.0'), ('PATH', '/opt/ros/humble/bin:/usr/lib/ccache:/home/dell/ardupilot/Tools/autotest:/opt/gcc-arm-none-eabi-10-2020-q4-major/bin:/home/dell/.local/bin:/usr/local/sbin:/usr/local/bin:/usr/sbin:/usr/bin:/sbin:/bin:/usr/games:/usr/local/games:/snap/bin:/snap/bin'), ('SESSION_MANAGER', 'local/dell:@/tmp/.ICE-unix/175661,unix/dell:/tmp/.ICE-unix/175661'), ('XDG_MENU_PREFIX', 'gnome-'), ('GNOME_TERMINAL_SCREEN', '/org/gnome/Terminal/screen/a89707f7_f624_4683_8741_7cfa757cae37'), ('GNOME_SETUP_DISPLAY', ':1'), ('XDG_RUNTIME_DIR', '/run/user/1000'), ('DISPLAY', ':0'), ('LANG', 'en_US.UTF-8'), ('XDG_CURRENT_DESKTOP', 'ubuntu:GNOME'), ('RMW_IMPLEMENTATION', 'rmw_cyclonedds_cpp'), ('XMODIFIERS', '@im=ibus'), ('XDG_SESSION_DESKTOP', 'ubuntu'), ('XAUTHORITY', '/run/user/1000/.mutter-Xwaylandauth.GYXJL3'), ('GNOME_TERMINAL_SERVICE', ':1.112'), ('SSH_AGENT_LAUNCHER', 'gnome-keyring'), ('SSH_AUTH_SOCK', '/run/user/1000/keyring/ssh'), ('AMENT_PREFIX_PATH', '/home/dell/ros2_feedbot_ws/install/pid_logger:/home/dell/ros2_feedbot_ws/install/feedbot_sensors:/home/dell/ros2_feedbot_ws/install/feedbot_moveit_config:/home/dell/ros2_feedbot_ws/install/feedbot_fusion:/home/dell/ros2_feedbot_ws/install/feedbot_description:/home/dell/ros2_ws/install/open_manipulator_description:/opt/ros/humble'), ('SHELL', '/bin/bash'), ('QT_ACCESSIBILITY', '1'), ('GDMSESSION', 'ubuntu'), ('GAZEBO_RESOURCE_PATH', '/usr/share/gazebo-11::/opt/ros/humble/share:/home/dell/ros2_feedbot_ws/install/feedbot_description/share'), ('GAZEBO_MODEL_DATABASE_URI', 'http://models.gazebosim.org'), ('QT_IM_MODULE', 'ibus'), ('PWD', '/home/dell/ros2_feedbot_ws/build/feedbot_moveit_config'), ('LC_ALL', 'en_US.UTF-8'), ('XDG_CONFIG_DIRS', '/etc/xdg/xdg-ubuntu:/etc/xdg'), ('GAZEBO_PLUGIN_PATH', '/opt/ros/humble/lib:/usr/lib/x86_64-linux-gnu/gazebo-11/plugins:'), ('XDG_DATA_DIRS', '/usr/share/ubuntu:/usr/local/share/:/usr/share/:/var/lib/snapd/desktop'), ('PYTHONPATH', '/home/dell/ros2_feedbot_ws/install/pid_logger/lib/python3.10/site-packages:/home/dell/ros2_feedbot_ws/install/feedbot_sensors/lib/python3.10/site-packages:/home/dell/ros2_feedbot_ws/install/feedbot_fusion/lib/python3.10/site-packages:/opt/ros/humble/lib/python3.10/site-packages:/opt/ros/humble/local/lib/python3.10/dist-packages'), ('COLCON', '1'), ('VTE_VERSION', '6800'), ('CMAKE_PREFIX_PATH', '/home/dell/ros2_feedbot_ws/install/feedbot_description:/home/dell/ros2_feedbot_ws/install/feedbot_moveit_config:/home/dell/ros2_ws/install/open_manipulator_description:/home/dell/ros2_feedbot_ws/install/pid_logger:/home/dell/ros2_feedbot_ws/install/feedbot_sensors:/home/dell/ros2_feedbot_ws/install/feedbot_fusion:/opt/ros/humble')]), 'shell': False}
[2.408546] (-) TimerEvent: {}
[2.509397] (-) TimerEvent: {}
[2.512706] (feedbot_moveit_config) StdoutLine: {'line': b'-- The C compiler identification is GNU 11.4.0\n'}
[2.609538] (-) TimerEvent: {}
[2.668412] (feedbot_moveit_config) StdoutLine: {'line': b'-- The CXX compiler identification is GNU 11.4.0\n'}
[2.692210] (feedbot_moveit_config) StdoutLine: {'line': b'-- Detecting C compiler ABI info\n'}
[2.709718] (-) TimerEvent: {}
[2.810355] (-) TimerEvent: {}
[2.864743] (feedbot_moveit_config) StdoutLine: {'line': b'-- Detecting C compiler ABI info - done\n'}
[2.878978] (feedbot_moveit_config) StdoutLine: {'line': b'-- Check for working C compiler: /usr/lib/ccache/cc - skipped\n'}
[2.879850] (feedbot_moveit_config) StdoutLine: {'line': b'-- Detecting C compile features\n'}
[2.880272] (feedbot_moveit_config) StdoutLine: {'line': b'-- Detecting C compile features - done\n'}
[2.884759] (feedbot_moveit_config) StdoutLine: {'line': b'-- Detecting CXX compiler ABI info\n'}
[2.910518] (-) TimerEvent: {}
[3.011214] (-) TimerEvent: {}
[3.048395] (feedbot_fusion) Command: {'cmd': ['/usr/bin/python3', '-W', 'ignore:setup.py install is deprecated', '-W', 'ignore:easy_install command is deprecated', 'setup.py', 'egg_info', '--egg-base', '../../build/feedbot_fusion', 'build', '--build-base', '/home/dell/ros2_feedbot_ws/build/feedbot_fusion/build', 'install', '--record', '/home/dell/ros2_feedbot_ws/build/feedbot_fusion/install.log', '--single-version-externally-managed'], 'cwd': '/home/dell/ros2_feedbot_ws/src/feedbot_fusion', 'env': {'LANGUAGE': 'en_GB:en', 'USER': 'dell', 'XDG_SESSION_TYPE': 'wayland', 'SHLVL': '1', 'LD_LIBRARY_PATH': '/usr/lib/x86_64-linux-gnu/gazebo-11/plugins:/opt/ros/humble/opt/rviz_ogre_vendor/lib:/opt/ros/humble/lib/x86_64-linux-gnu:/opt/ros/humble/lib:/usr/lib/x86_64-linux-gnu/gazebo-11/plugins:', 'HOME': '/home/dell', 'OLDPWD': '/home/dell/ros2_feedbot_ws', 'DESKTOP_SESSION': 'ubuntu', 'GAZEBO_MASTER_URI': 'http://localhost:11345', 'ROS_PYTHON_VERSION': '3', 'GNOME_SHELL_SESSION_MODE': 'ubuntu', 'GTK_MODULES': 'gail:atk-bridge', 'SYSTEMD_EXEC_PID': '182636', 'DBUS_SESSION_BUS_ADDRESS': 'unix:path=/run/user/1000/bus', 'COLORTERM': 'truecolor', 'IM_CONFIG_PHASE': '1', 'WAYLAND_DISPLAY': 'wayland-0', 'COLCON_PREFIX_PATH': '/home/dell/ros2_feedbot_ws/install:/home/dell/ros2_ws/install', 'ROS_DISTRO': 'humble', 'LOGNAME': 'dell', '_': '/usr/bin/colcon', 'ROS_VERSION': '2', 'XDG_SESSION_CLASS': 'user', 'USERNAME': 'dell', 'TERM': 'xterm-256color', 'GAZEBO_MODEL_PATH': '/usr/share/gazebo-11/models::/home/dell/ros2_feedbot_ws/install/feedbot_description/share', 'GNOME_DESKTOP_SESSION_ID': 'this-is-deprecated', 'ROS_LOCALHOST_ONLY': '0', 'HISTCONTROL': 'ignoreboth', 'OGRE_RESOURCE_PATH': '/usr/lib/x86_64-linux-gnu/OGRE-1.9.0', 'PATH': '/opt/ros/humble/bin:/usr/lib/ccache:/home/dell/ardupilot/Tools/autotest:/opt/gcc-arm-none-eabi-10-2020-q4-major/bin:/home/dell/.local/bin:/usr/local/sbin:/usr/local/bin:/usr/sbin:/usr/bin:/sbin:/bin:/usr/games:/usr/local/games:/snap/bin:/snap/bin', 'SESSION_MANAGER': 'local/dell:@/tmp/.ICE-unix/175661,unix/dell:/tmp/.ICE-unix/175661', 'XDG_MENU_PREFIX': 'gnome-', 'GNOME_TERMINAL_SCREEN': '/org/gnome/Terminal/screen/a89707f7_f624_4683_8741_7cfa757cae37', 'GNOME_SETUP_DISPLAY': ':1', 'XDG_RUNTIME_DIR': '/run/user/1000', 'DISPLAY': ':0', 'LANG': 'en_US.UTF-8', 'XDG_CURRENT_DESKTOP': 'ubuntu:GNOME', 'RMW_IMPLEMENTATION': 'rmw_cyclonedds_cpp', 'XMODIFIERS': '@im=ibus', 'XDG_SESSION_DESKTOP': 'ubuntu', 'XAUTHORITY': '/run/user/1000/.mutter-Xwaylandauth.GYXJL3', 'GNOME_TERMINAL_SERVICE': ':1.112', 'SSH_AGENT_LAUNCHER': 'gnome-keyring', 'SSH_AUTH_SOCK': '/run/user/1000/keyring/ssh', 'AMENT_PREFIX_PATH': '/home/dell/ros2_feedbot_ws/install/pid_logger:/home/dell/ros2_feedbot_ws/install/feedbot_sensors:/home/dell/ros2_feedbot_ws/install/feedbot_moveit_config:/home/dell/ros2_feedbot_ws/install/feedbot_fusion:/home/dell/ros2_feedbot_ws/install/feedbot_description:/home/dell/ros2_ws/install/open_manipulator_description:/opt/ros/humble', 'SHELL': '/bin/bash', 'QT_ACCESSIBILITY': '1', 'GDMSESSION': 'ubuntu', 'GAZEBO_RESOURCE_PATH': '/usr/share/gazebo-11::/opt/ros/humble/share:/home/dell/ros2_feedbot_ws/install/feedbot_description/share', 'GAZEBO_MODEL_DATABASE_URI': 'http://models.gazebosim.org', 'QT_IM_MODULE': 'ibus', 'PWD': '/home/dell/ros2_feedbot_ws/build/feedbot_fusion', 'LC_ALL': 'en_US.UTF-8', 'XDG_CONFIG_DIRS': '/etc/xdg/xdg-ubuntu:/etc/xdg', 'GAZEBO_PLUGIN_PATH': '/opt/ros/humble/lib:/usr/lib/x86_64-linux-gnu/gazebo-11/plugins:', 'XDG_DATA_DIRS': '/usr/share/ubuntu:/usr/local/share/:/usr/share/:/var/lib/snapd/desktop', 'PYTHONPATH': '/home/dell/ros2_feedbot_ws/build/feedbot_fusion/prefix_override:/usr/lib/python3/dist-packages/colcon_core/task/python/colcon_distutils_commands:/home/dell/ros2_feedbot_ws/install/feedbot_fusion/lib/python3.10/site-packages:/home/dell/ros2_feedbot_ws/install/pid_logger/lib/python3.10/site-packages:/home/dell/ros2_feedbot_ws/install/feedbot_sensors/lib/python3.10/site-packages:/home/dell/ros2_feedbot_ws/install/feedbot_fusion/lib/python3.10/site-packages:/opt/ros/humble/lib/python3.10/site-packages:/opt/ros/humble/local/lib/python3.10/dist-packages', 'COLCON': '1', 'VTE_VERSION': '6800', 'CMAKE_PREFIX_PATH': '/home/dell/ros2_feedbot_ws/install/feedbot_moveit_config:/home/dell/ros2_feedbot_ws/install/feedbot_description:/home/dell/ros2_ws/install/open_manipulator_description'}, 'shell': False}
[3.093612] (feedbot_moveit_config) StdoutLine: {'line': b'-- Detecting CXX compiler ABI info - done\n'}
[3.109621] (feedbot_moveit_config) StdoutLine: {'line': b'-- Check for working CXX compiler: /usr/lib/ccache/c++ - skipped\n'}
[3.110287] (feedbot_moveit_config) StdoutLine: {'line': b'-- Detecting CXX compile features\n'}
[3.111373] (-) TimerEvent: {}
[3.111849] (feedbot_moveit_config) StdoutLine: {'line': b'-- Detecting CXX compile features - done\n'}
[3.114178] (pid_logger) Command: {'cmd': ['/usr/bin/python3', '-W', 'ignore:setup.py install is deprecated', '-W', 'ignore:easy_install command is deprecated', 'setup.py', 'egg_info', '--egg-base', '../../build/pid_logger', 'build', '--build-base', '/home/dell/ros2_feedbot_ws/build/pid_logger/build', 'install', '--record', '/home/dell/ros2_feedbot_ws/build/pid_logger/install.log', '--single-version-externally-managed', 'install_data'], 'cwd': '/home/dell/ros2_feedbot_ws/src/pid_logger', 'env': {'LANGUAGE': 'en_GB:en', 'USER': 'dell', 'XDG_SESSION_TYPE': 'wayland', 'SHLVL': '1', 'LD_LIBRARY_PATH': '/usr/lib/x86_64-linux-gnu/gazebo-11/plugins:/opt/ros/humble/opt/rviz_ogre_vendor/lib:/opt/ros/humble/lib/x86_64-linux-gnu:/opt/ros/humble/lib:/usr/lib/x86_64-linux-gnu/gazebo-11/plugins:', 'HOME': '/home/dell', 'OLDPWD': '/home/dell/ros2_feedbot_ws', 'DESKTOP_SESSION': 'ubuntu', 'GAZEBO_MASTER_URI': 'http://localhost:11345', 'ROS_PYTHON_VERSION': '3', 'GNOME_SHELL_SESSION_MODE': 'ubuntu', 'GTK_MODULES': 'gail:atk-bridge', 'SYSTEMD_EXEC_PID': '182636', 'DBUS_SESSION_BUS_ADDRESS': 'unix:path=/run/user/1000/bus', 'COLORTERM': 'truecolor', 'IM_CONFIG_PHASE': '1', 'WAYLAND_DISPLAY': 'wayland-0', 'COLCON_PREFIX_PATH': '/home/dell/ros2_feedbot_ws/install:/home/dell/ros2_ws/install', 'ROS_DISTRO': 'humble', 'LOGNAME': 'dell', '_': '/usr/bin/colcon', 'ROS_VERSION': '2', 'XDG_SESSION_CLASS': 'user', 'USERNAME': 'dell', 'TERM': 'xterm-256color', 'GAZEBO_MODEL_PATH': '/usr/share/gazebo-11/models::/home/dell/ros2_feedbot_ws/install/feedbot_description/share', 'GNOME_DESKTOP_SESSION_ID': 'this-is-deprecated', 'ROS_LOCALHOST_ONLY': '0', 'HISTCONTROL': 'ignoreboth', 'OGRE_RESOURCE_PATH': '/usr/lib/x86_64-linux-gnu/OGRE-1.9.0', 'PATH': '/opt/ros/humble/bin:/usr/lib/ccache:/home/dell/ardupilot/Tools/autotest:/opt/gcc-arm-none-eabi-10-2020-q4-major/bin:/home/dell/.local/bin:/usr/local/sbin:/usr/local/bin:/usr/sbin:/usr/bin:/sbin:/bin:/usr/games:/usr/local/games:/snap/bin:/snap/bin', 'SESSION_MANAGER': 'local/dell:@/tmp/.ICE-unix/175661,unix/dell:/tmp/.ICE-unix/175661', 'XDG_MENU_PREFIX': 'gnome-', 'GNOME_TERMINAL_SCREEN': '/org/gnome/Terminal/screen/a89707f7_f624_4683_8741_7cfa757cae37', 'GNOME_SETUP_DISPLAY': ':1', 'XDG_RUNTIME_DIR': '/run/user/1000', 'DISPLAY': ':0', 'LANG': 'en_US.UTF-8', 'XDG_CURRENT_DESKTOP': 'ubuntu:GNOME', 'RMW_IMPLEMENTATION': 'rmw_cyclonedds_cpp', 'XMODIFIERS': '@im=ibus', 'XDG_SESSION_DESKTOP': 'ubuntu', 'XAUTHORITY': '/run/user/1000/.mutter-Xwaylandauth.GYXJL3', 'GNOME_TERMINAL_SERVICE': ':1.112', 'SSH_AGENT_LAUNCHER': 'gnome-keyring', 'SSH_AUTH_SOCK': '/run/user/1000/keyring/ssh', 'AMENT_PREFIX_PATH': '/home/dell/ros2_feedbot_ws/install/pid_logger:/home/dell/ros2_feedbot_ws/install/feedbot_sensors:/home/dell/ros2_feedbot_ws/install/feedbot_moveit_config:/home/dell/ros2_feedbot_ws/install/feedbot_fusion:/home/dell/ros2_feedbot_ws/install/feedbot_description:/home/dell/ros2_ws/install/open_manipulator_description:/opt/ros/humble', 'SHELL': '/bin/bash', 'QT_ACCESSIBILITY': '1', 'GDMSESSION': 'ubuntu', 'GAZEBO_RESOURCE_PATH': '/usr/share/gazebo-11::/opt/ros/humble/share:/home/dell/ros2_feedbot_ws/install/feedbot_description/share', 'GAZEBO_MODEL_DATABASE_URI': 'http://models.gazebosim.org', 'QT_IM_MODULE': 'ibus', 'PWD': '/home/dell/ros2_feedbot_ws/build/pid_logger', 'LC_ALL': 'en_US.UTF-8', 'XDG_CONFIG_DIRS': '/etc/xdg/xdg-ubuntu:/etc/xdg', 'GAZEBO_PLUGIN_PATH': '/opt/ros/humble/lib:/usr/lib/x86_64-linux-gnu/gazebo-11/plugins:', 'XDG_DATA_DIRS': '/usr/share/ubuntu:/usr/local/share/:/usr/share/:/var/lib/snapd/desktop', 'PYTHONPATH': '/home/dell/ros2_feedbot_ws/build/pid_logger/prefix_override:/usr/lib/python3/dist-packages/colcon_core/task/python/colcon_distutils_commands:/home/dell/ros2_feedbot_ws/install/pid_logger/lib/python3.10/site-packages:/home/dell/ros2_feedbot_ws/install/pid_logger/lib/python3.10/site-packages:/home/dell/ros2_feedbot_ws/install/feedbot_sensors/lib/python3.10/site-packages:/home/dell/ros2_feedbot_ws/install/feedbot_fusion/lib/python3.10/site-packages:/opt/ros/humble/lib/python3.10/site-packages:/opt/ros/humble/local/lib/python3.10/dist-packages', 'COLCON': '1', 'VTE_VERSION': '6800', 'CMAKE_PREFIX_PATH': '/home/dell/ros2_feedbot_ws/install/feedbot_moveit_config:/home/dell/ros2_feedbot_ws/install/feedbot_description:/home/dell/ros2_ws/install/open_manipulator_description'}, 'shell': False}
[3.118309] (feedbot_moveit_config) StdoutLine: {'line': b'-- Found ament_cmake: 1.3.12 (/opt/ros/humble/share/ament_cmake/cmake)\n'}
[3.165095] (feedbot_sensors) Command: {'cmd': ['/usr/bin/python3', '-W', 'ignore:setup.py install is deprecated', '-W', 'ignore:easy_install command is deprecated', 'setup.py', 'egg_info', '--egg-base', '../build/feedbot_sensors', 'build', '--build-base', '/home/dell/ros2_feedbot_ws/build/feedbot_sensors/build', 'install', '--record', '/home/dell/ros2_feedbot_ws/build/feedbot_sensors/install.log', '--single-version-externally-managed', 'install_data'], 'cwd': '/home/dell/ros2_feedbot_ws/feedbot_sensors', 'env': {'LANGUAGE': 'en_GB:en', 'USER': 'dell', 'XDG_SESSION_TYPE': 'wayland', 'SHLVL': '1', 'LD_LIBRARY_PATH': '/usr/lib/x86_64-linux-gnu/gazebo-11/plugins:/opt/ros/humble/opt/rviz_ogre_vendor/lib:/opt/ros/humble/lib/x86_64-linux-gnu:/opt/ros/humble/lib:/usr/lib/x86_64-linux-gnu/gazebo-11/plugins:', 'HOME': '/home/dell', 'OLDPWD': '/home/dell/ros2_feedbot_ws', 'DESKTOP_SESSION': 'ubuntu', 'GAZEBO_MASTER_URI': 'http://localhost:11345', 'ROS_PYTHON_VERSION': '3', 'GNOME_SHELL_SESSION_MODE': 'ubuntu', 'GTK_MODULES': 'gail:atk-bridge', 'SYSTEMD_EXEC_PID': '182636', 'DBUS_SESSION_BUS_ADDRESS': 'unix:path=/run/user/1000/bus', 'COLORTERM': 'truecolor', 'IM_CONFIG_PHASE': '1', 'WAYLAND_DISPLAY': 'wayland-0', 'COLCON_PREFIX_PATH': '/home/dell/ros2_feedbot_ws/install:/home/dell/ros2_ws/install', 'ROS_DISTRO': 'humble', 'LOGNAME': 'dell', '_': '/usr/bin/colcon', 'ROS_VERSION': '2', 'XDG_SESSION_CLASS': 'user', 'USERNAME': 'dell', 'TERM': 'xterm-256color', 'GAZEBO_MODEL_PATH': '/usr/share/gazebo-11/models::/home/dell/ros2_feedbot_ws/install/feedbot_description/share', 'GNOME_DESKTOP_SESSION_ID': 'this-is-deprecated', 'ROS_LOCALHOST_ONLY': '0', 'HISTCONTROL': 'ignoreboth', 'OGRE_RESOURCE_PATH': '/usr/lib/x86_64-linux-gnu/OGRE-1.9.0', 'PATH': '/opt/ros/humble/bin:/usr/lib/ccache:/home/dell/ardupilot/Tools/autotest:/opt/gcc-arm-none-eabi-10-2020-q4-major/bin:/home/dell/.local/bin:/usr/local/sbin:/usr/local/bin:/usr/sbin:/usr/bin:/sbin:/bin:/usr/games:/usr/local/games:/snap/bin:/snap/bin', 'SESSION_MANAGER': 'local/dell:@/tmp/.ICE-unix/175661,unix/dell:/tmp/.ICE-unix/175661', 'XDG_MENU_PREFIX': 'gnome-', 'GNOME_TERMINAL_SCREEN': '/org/gnome/Terminal/screen/a89707f7_f624_4683_8741_7cfa757cae37', 'GNOME_SETUP_DISPLAY': ':1', 'XDG_RUNTIME_DIR': '/run/user/1000', 'DISPLAY': ':0', 'LANG': 'en_US.UTF-8', 'XDG_CURRENT_DESKTOP': 'ubuntu:GNOME', 'RMW_IMPLEMENTATION': 'rmw_cyclonedds_cpp', 'XMODIFIERS': '@im=ibus', 'XDG_SESSION_DESKTOP': 'ubuntu', 'XAUTHORITY': '/run/user/1000/.mutter-Xwaylandauth.GYXJL3', 'GNOME_TERMINAL_SERVICE': ':1.112', 'SSH_AGENT_LAUNCHER': 'gnome-keyring', 'SSH_AUTH_SOCK': '/run/user/1000/keyring/ssh', 'AMENT_PREFIX_PATH': '/home/dell/ros2_feedbot_ws/install/pid_logger:/home/dell/ros2_feedbot_ws/install/feedbot_sensors:/home/dell/ros2_feedbot_ws/install/feedbot_moveit_config:/home/dell/ros2_feedbot_ws/install/feedbot_fusion:/home/dell/ros2_feedbot_ws/install/feedbot_description:/home/dell/ros2_ws/install/open_manipulator_description:/opt/ros/humble', 'SHELL': '/bin/bash', 'QT_ACCESSIBILITY': '1', 'GDMSESSION': 'ubuntu', 'GAZEBO_RESOURCE_PATH': '/usr/share/gazebo-11::/opt/ros/humble/share:/home/dell/ros2_feedbot_ws/install/feedbot_description/share', 'GAZEBO_MODEL_DATABASE_URI': 'http://models.gazebosim.org', 'QT_IM_MODULE': 'ibus', 'PWD': '/home/dell/ros2_feedbot_ws/build/feedbot_sensors', 'LC_ALL': 'en_US.UTF-8', 'XDG_CONFIG_DIRS': '/etc/xdg/xdg-ubuntu:/etc/xdg', 'GAZEBO_PLUGIN_PATH': '/opt/ros/humble/lib:/usr/lib/x86_64-linux-gnu/gazebo-11/plugins:', 'XDG_DATA_DIRS': '/usr/share/ubuntu:/usr/local/share/:/usr/share/:/var/lib/snapd/desktop', 'PYTHONPATH': '/home/dell/ros2_feedbot_ws/build/feedbot_sensors/prefix_override:/usr/lib/python3/dist-packages/colcon_core/task/python/colcon_distutils_commands:/home/dell/ros2_feedbot_ws/install/feedbot_sensors/lib/python3.10/site-packages:/home/dell/ros2_feedbot_ws/install/pid_logger/lib/python3.10/site-packages:/home/dell/ros2_feedbot_ws/install/feedbot_sensors/lib/python3.10/site-packages:/home/dell/ros2_feedbot_ws/install/feedbot_fusion/lib/python3.10/site-packages:/opt/ros/humble/lib/python3.10/site-packages:/opt/ros/humble/local/lib/python3.10/dist-packages', 'COLCON': '1', 'VTE_VERSION': '6800', 'CMAKE_PREFIX_PATH': '/home/dell/ros2_feedbot_ws/install/feedbot_moveit_config:/home/dell/ros2_feedbot_ws/install/feedbot_description:/home/dell/ros2_ws/install/open_manipulator_description'}, 'shell': False}
[3.211650] (-) TimerEvent: {}
[3.312643] (-) TimerEvent: {}
[3.413315] (-) TimerEvent: {}
[3.513853] (-) TimerEvent: {}
[3.570931] (feedbot_moveit_config) StdoutLine: {'line': b'-- Found Python3: /usr/bin/python3 (found version "3.10.18") found components: Interpreter \n'}
[3.614109] (-) TimerEvent: {}
[3.653641] (feedbot_fusion) StdoutLine: {'line': b'running egg_info\n'}
[3.654936] (feedbot_fusion) StdoutLine: {'line': b'creating ../../build/feedbot_fusion/feedbot_fusion.egg-info\n'}
[3.655549] (feedbot_fusion) StdoutLine: {'line': b'writing ../../build/feedbot_fusion/feedbot_fusion.egg-info/PKG-INFO\n'}
[3.656202] (feedbot_fusion) StdoutLine: {'line': b'writing dependency_links to ../../build/feedbot_fusion/feedbot_fusion.egg-info/dependency_links.txt\n'}
[3.656784] (feedbot_fusion) StdoutLine: {'line': b'writing entry points to ../../build/feedbot_fusion/feedbot_fusion.egg-info/entry_points.txt\n'}
[3.656942] (feedbot_fusion) StdoutLine: {'line': b'writing requirements to ../../build/feedbot_fusion/feedbot_fusion.egg-info/requires.txt\n'}
[3.657025] (feedbot_fusion) StdoutLine: {'line': b'writing top-level names to ../../build/feedbot_fusion/feedbot_fusion.egg-info/top_level.txt\n'}
[3.657582] (feedbot_fusion) StdoutLine: {'line': b"writing manifest file '../../build/feedbot_fusion/feedbot_fusion.egg-info/SOURCES.txt'\n"}
[3.661742] (feedbot_fusion) StdoutLine: {'line': b"reading manifest file '../../build/feedbot_fusion/feedbot_fusion.egg-info/SOURCES.txt'\n"}
[3.663546] (feedbot_fusion) StdoutLine: {'line': b"writing manifest file '../../build/feedbot_fusion/feedbot_fusion.egg-info/SOURCES.txt'\n"}
[3.664734] (feedbot_fusion) StdoutLine: {'line': b'running build\n'}
[3.665464] (feedbot_fusion) StdoutLine: {'line': b'running build_py\n'}
[3.666168] (feedbot_fusion) StdoutLine: {'line': b'creating /home/dell/ros2_feedbot_ws/build/feedbot_fusion/build\n'}
[3.666332] (feedbot_fusion) StdoutLine: {'line': b'creating /home/dell/ros2_feedbot_ws/build/feedbot_fusion/build/lib\n'}
[3.666448] (feedbot_fusion) StdoutLine: {'line': b'creating /home/dell/ros2_feedbot_ws/build/feedbot_fusion/build/lib/feedbot_fusion\n'}
[3.666580] (feedbot_fusion) StdoutLine: {'line': b'copying feedbot_fusion/feeding_fsm_node.py -> /home/dell/ros2_feedbot_ws/build/feedbot_fusion/build/lib/feedbot_fusion\n'}
[3.666801] (feedbot_fusion) StdoutLine: {'line': b'copying feedbot_fusion/vision_node.py -> /home/dell/ros2_feedbot_ws/build/feedbot_fusion/build/lib/feedbot_fusion\n'}
[3.667084] (feedbot_fusion) StdoutLine: {'line': b'copying feedbot_fusion/speed_controller.py -> /home/dell/ros2_feedbot_ws/build/feedbot_fusion/build/lib/feedbot_fusion\n'}
[3.667193] (feedbot_fusion) StdoutLine: {'line': b'copying feedbot_fusion/__init__.py -> /home/dell/ros2_feedbot_ws/build/feedbot_fusion/build/lib/feedbot_fusion\n'}
[3.667283] (feedbot_fusion) StdoutLine: {'line': b'copying feedbot_fusion/fusion_node.py -> /home/dell/ros2_feedbot_ws/build/feedbot_fusion/build/lib/feedbot_fusion\n'}
[3.667363] (feedbot_fusion) StdoutLine: {'line': b'copying feedbot_fusion/force_node.py -> /home/dell/ros2_feedbot_ws/build/feedbot_fusion/build/lib/feedbot_fusion\n'}
[3.667523] (feedbot_fusion) StdoutLine: {'line': b'running install\n'}
[3.668125] (feedbot_fusion) StdoutLine: {'line': b'running install_lib\n'}
[3.670313] (feedbot_fusion) StdoutLine: {'line': b'creating /home/dell/ros2_feedbot_ws/install/feedbot_fusion/lib/python3.10/site-packages/feedbot_fusion\n'}
[3.670850] (feedbot_fusion) StdoutLine: {'line': b'copying /home/dell/ros2_feedbot_ws/build/feedbot_fusion/build/lib/feedbot_fusion/feeding_fsm_node.py -> /home/dell/ros2_feedbot_ws/install/feedbot_fusion/lib/python3.10/site-packages/feedbot_fusion\n'}
[3.671027] (feedbot_fusion) StdoutLine: {'line': b'copying /home/dell/ros2_feedbot_ws/build/feedbot_fusion/build/lib/feedbot_fusion/vision_node.py -> /home/dell/ros2_feedbot_ws/install/feedbot_fusion/lib/python3.10/site-packages/feedbot_fusion\n'}
[3.671108] (feedbot_fusion) StdoutLine: {'line': b'copying /home/dell/ros2_feedbot_ws/build/feedbot_fusion/build/lib/feedbot_fusion/speed_controller.py -> /home/dell/ros2_feedbot_ws/install/feedbot_fusion/lib/python3.10/site-packages/feedbot_fusion\n'}
[3.671329] (feedbot_fusion) StdoutLine: {'line': b'copying /home/dell/ros2_feedbot_ws/build/feedbot_fusion/build/lib/feedbot_fusion/__init__.py -> /home/dell/ros2_feedbot_ws/install/feedbot_fusion/lib/python3.10/site-packages/feedbot_fusion\n'}
[3.671463] (feedbot_fusion) StdoutLine: {'line': b'copying /home/dell/ros2_feedbot_ws/build/feedbot_fusion/build/lib/feedbot_fusion/fusion_node.py -> /home/dell/ros2_feedbot_ws/install/feedbot_fusion/lib/python3.10/site-packages/feedbot_fusion\n'}
[3.671667] (feedbot_fusion) StdoutLine: {'line': b'copying /home/dell/ros2_feedbot_ws/build/feedbot_fusion/build/lib/feedbot_fusion/force_node.py -> /home/dell/ros2_feedbot_ws/install/feedbot_fusion/lib/python3.10/site-packages/feedbot_fusion\n'}
[3.675244] (feedbot_fusion) StdoutLine: {'line': b'byte-compiling /home/dell/ros2_feedbot_ws/install/feedbot_fusion/lib/python3.10/site-packages/feedbot_fusion/feeding_fsm_node.py to feeding_fsm_node.cpython-310.pyc\n'}
[3.677005] (feedbot_fusion) StdoutLine: {'line': b'byte-compiling /home/dell/ros2_feedbot_ws/install/feedbot_fusion/lib/python3.10/site-packages/feedbot_fusion/vision_node.py to vision_node.cpython-310.pyc\n'}
[3.678579] (feedbot_fusion) StdoutLine: {'line': b'byte-compiling /home/dell/ros2_feedbot_ws/install/feedbot_fusion/lib/python3.10/site-packages/feedbot_fusion/speed_controller.py to speed_controller.cpython-310.pyc\n'}
[3.679533] (feedbot_fusion) StdoutLine: {'line': b'byte-compiling /home/dell/ros2_feedbot_ws/install/feedbot_fusion/lib/python3.10/site-packages/feedbot_fusion/__init__.py to __init__.cpython-310.pyc\n'}
[3.680053] (feedbot_fusion) StdoutLine: {'line': b'byte-compiling /home/dell/ros2_feedbot_ws/install/feedbot_fusion/lib/python3.10/site-packages/feedbot_fusion/fusion_node.py to fusion_node.cpython-310.pyc\n'}
[3.680937] (feedbot_fusion) StdoutLine: {'line': b'byte-compiling /home/dell/ros2_feedbot_ws/install/feedbot_fusion/lib/python3.10/site-packages/feedbot_fusion/force_node.py to force_node.cpython-310.pyc\n'}
[3.681830] (feedbot_fusion) StdoutLine: {'line': b'running install_egg_info\n'}
[3.685969] (feedbot_fusion) StdoutLine: {'line': b'Copying ../../build/feedbot_fusion/feedbot_fusion.egg-info to /home/dell/ros2_feedbot_ws/install/feedbot_fusion/lib/python3.10/site-packages/feedbot_fusion-0.0.0-py3.10.egg-info\n'}
[3.687196] (feedbot_fusion) StdoutLine: {'line': b'running install_scripts\n'}
[3.714308] (-) TimerEvent: {}
[3.734582] (pid_logger) StdoutLine: {'line': b'running egg_info\n'}
[3.735594] (feedbot_fusion) StdoutLine: {'line': b'Installing force_node script to /home/dell/ros2_feedbot_ws/install/feedbot_fusion/lib/feedbot_fusion\n'}
[3.736125] (feedbot_fusion) StdoutLine: {'line': b'Installing fusion_node script to /home/dell/ros2_feedbot_ws/install/feedbot_fusion/lib/feedbot_fusion\n'}
[3.736448] (pid_logger) StdoutLine: {'line': b'creating ../../build/pid_logger/pid_logger.egg-info\n'}
[3.736662] (feedbot_fusion) StdoutLine: {'line': b'Installing speed_controller script to /home/dell/ros2_feedbot_ws/install/feedbot_fusion/lib/feedbot_fusion\n'}
[3.736803] (feedbot_fusion) StdoutLine: {'line': b'Installing vision_node script to /home/dell/ros2_feedbot_ws/install/feedbot_fusion/lib/feedbot_fusion\n'}
[3.736983] (pid_logger) StdoutLine: {'line': b'writing ../../build/pid_logger/pid_logger.egg-info/PKG-INFO\n'}
[3.737149] (feedbot_fusion) StdoutLine: {'line': b"writing list of installed files to '/home/dell/ros2_feedbot_ws/build/feedbot_fusion/install.log'\n"}
[3.737585] (pid_logger) StdoutLine: {'line': b'writing dependency_links to ../../build/pid_logger/pid_logger.egg-info/dependency_links.txt\n'}
[3.737846] (pid_logger) StdoutLine: {'line': b'writing entry points to ../../build/pid_logger/pid_logger.egg-info/entry_points.txt\n'}
[3.738103] (pid_logger) StdoutLine: {'line': b'writing requirements to ../../build/pid_logger/pid_logger.egg-info/requires.txt\n'}
[3.738255] (pid_logger) StdoutLine: {'line': b'writing top-level names to ../../build/pid_logger/pid_logger.egg-info/top_level.txt\n'}
[3.738867] (pid_logger) StdoutLine: {'line': b"writing manifest file '../../build/pid_logger/pid_logger.egg-info/SOURCES.txt'\n"}
[3.746699] (pid_logger) StdoutLine: {'line': b"reading manifest file '../../build/pid_logger/pid_logger.egg-info/SOURCES.txt'\n"}
[3.748997] (pid_logger) StdoutLine: {'line': b"writing manifest file '../../build/pid_logger/pid_logger.egg-info/SOURCES.txt'\n"}
[3.749523] (pid_logger) StdoutLine: {'line': b'running build\n'}
[3.749650] (pid_logger) StdoutLine: {'line': b'running build_py\n'}
[3.749818] (pid_logger) StdoutLine: {'line': b'creating /home/dell/ros2_feedbot_ws/build/pid_logger/build\n'}
[3.749985] (pid_logger) StdoutLine: {'line': b'creating /home/dell/ros2_feedbot_ws/build/pid_logger/build/lib\n'}
[3.750195] (pid_logger) StdoutLine: {'line': b'creating /home/dell/ros2_feedbot_ws/build/pid_logger/build/lib/pid_logger\n'}
[3.750341] (pid_logger) StdoutLine: {'line': b'copying pid_logger/pid_data_recorder.py -> /home/dell/ros2_feedbot_ws/build/pid_logger/build/lib/pid_logger\n'}
[3.750535] (pid_logger) StdoutLine: {'line': b'copying pid_logger/__init__.py -> /home/dell/ros2_feedbot_ws/build/pid_logger/build/lib/pid_logger\n'}
[3.750984] (pid_logger) StdoutLine: {'line': b'running install\n'}
[3.753463] (pid_logger) StdoutLine: {'line': b'running install_lib\n'}
[3.757366] (pid_logger) StdoutLine: {'line': b'creating /home/dell/ros2_feedbot_ws/install/pid_logger/lib/python3.10/site-packages/pid_logger\n'}
[3.757850] (pid_logger) StdoutLine: {'line': b'copying /home/dell/ros2_feedbot_ws/build/pid_logger/build/lib/pid_logger/pid_data_recorder.py -> /home/dell/ros2_feedbot_ws/install/pid_logger/lib/python3.10/site-packages/pid_logger\n'}
[3.758095] (pid_logger) StdoutLine: {'line': b'copying /home/dell/ros2_feedbot_ws/build/pid_logger/build/lib/pid_logger/__init__.py -> /home/dell/ros2_feedbot_ws/install/pid_logger/lib/python3.10/site-packages/pid_logger\n'}
[3.759486] (pid_logger) StdoutLine: {'line': b'byte-compiling /home/dell/ros2_feedbot_ws/install/pid_logger/lib/python3.10/site-packages/pid_logger/pid_data_recorder.py to pid_data_recorder.cpython-310.pyc\n'}
[3.761665] (pid_logger) StdoutLine: {'line': b'byte-compiling /home/dell/ros2_feedbot_ws/install/pid_logger/lib/python3.10/site-packages/pid_logger/__init__.py to __init__.cpython-310.pyc\n'}
[3.762067] (pid_logger) StdoutLine: {'line': b'running install_data\n'}
[3.762222] (pid_logger) StdoutLine: {'line': b'creating /home/dell/ros2_feedbot_ws/install/pid_logger/share/ament_index\n'}
[3.762382] (pid_logger) StdoutLine: {'line': b'creating /home/dell/ros2_feedbot_ws/install/pid_logger/share/ament_index/resource_index\n'}
[3.762579] (pid_logger) StdoutLine: {'line': b'creating /home/dell/ros2_feedbot_ws/install/pid_logger/share/ament_index/resource_index/packages\n'}
[3.762687] (pid_logger) StdoutLine: {'line': b'copying resource/pid_logger -> /home/dell/ros2_feedbot_ws/install/pid_logger/share/ament_index/resource_index/packages\n'}
[3.762814] (pid_logger) StdoutLine: {'line': b'copying package.xml -> /home/dell/ros2_feedbot_ws/install/pid_logger/share/pid_logger\n'}
[3.762980] (pid_logger) StdoutLine: {'line': b'running install_egg_info\n'}
[3.765863] (feedbot_sensors) StdoutLine: {'line': b'running egg_info\n'}
[3.767241] (feedbot_sensors) StdoutLine: {'line': b'creating ../build/feedbot_sensors/feedbot_sensors.egg-info\n'}
[3.767705] (feedbot_sensors) StdoutLine: {'line': b'writing ../build/feedbot_sensors/feedbot_sensors.egg-info/PKG-INFO\n'}
[3.767842] (pid_logger) StdoutLine: {'line': b'Copying ../../build/pid_logger/pid_logger.egg-info to /home/dell/ros2_feedbot_ws/install/pid_logger/lib/python3.10/site-packages/pid_logger-0.0.0-py3.10.egg-info\n'}
[3.768066] (feedbot_sensors) StdoutLine: {'line': b'writing dependency_links to ../build/feedbot_sensors/feedbot_sensors.egg-info/dependency_links.txt\n'}
[3.768307] (feedbot_sensors) StdoutLine: {'line': b'writing entry points to ../build/feedbot_sensors/feedbot_sensors.egg-info/entry_points.txt\n'}
[3.768471] (feedbot_sensors) StdoutLine: {'line': b'writing requirements to ../build/feedbot_sensors/feedbot_sensors.egg-info/requires.txt\n'}
[3.768645] (feedbot_sensors) StdoutLine: {'line': b'writing top-level names to ../build/feedbot_sensors/feedbot_sensors.egg-info/top_level.txt\n'}
[3.769208] (pid_logger) StdoutLine: {'line': b'running install_scripts\n'}
[3.769453] (feedbot_sensors) StdoutLine: {'line': b"writing manifest file '../build/feedbot_sensors/feedbot_sensors.egg-info/SOURCES.txt'\n"}
[3.776020] (feedbot_sensors) StdoutLine: {'line': b"reading manifest file '../build/feedbot_sensors/feedbot_sensors.egg-info/SOURCES.txt'\n"}
[3.777449] (feedbot_sensors) StdoutLine: {'line': b"writing manifest file '../build/feedbot_sensors/feedbot_sensors.egg-info/SOURCES.txt'\n"}
[3.777893] (feedbot_sensors) StdoutLine: {'line': b'running build\n'}
[3.778246] (feedbot_sensors) StdoutLine: {'line': b'running build_py\n'}
[3.778447] (feedbot_sensors) StdoutLine: {'line': b'creating /home/dell/ros2_feedbot_ws/build/feedbot_sensors/build\n'}
[3.778556] (feedbot_sensors) StdoutLine: {'line': b'creating /home/dell/ros2_feedbot_ws/build/feedbot_sensors/build/lib\n'}
[3.778681] (feedbot_sensors) StdoutLine: {'line': b'creating /home/dell/ros2_feedbot_ws/build/feedbot_sensors/build/lib/feedbot_sensors\n'}
[3.778791] (feedbot_sensors) StdoutLine: {'line': b'copying feedbot_sensors/__init__.py -> /home/dell/ros2_feedbot_ws/build/feedbot_sensors/build/lib/feedbot_sensors\n'}
[3.778991] (feedbot_sensors) StdoutLine: {'line': b'copying feedbot_sensors/sensor_hub.py -> /home/dell/ros2_feedbot_ws/build/feedbot_sensors/build/lib/feedbot_sensors\n'}
[3.779147] (feedbot_sensors) StdoutLine: {'line': b'running install\n'}
[3.779761] (feedbot_sensors) StdoutLine: {'line': b'running install_lib\n'}
[3.782211] (feedbot_sensors) StdoutLine: {'line': b'creating /home/dell/ros2_feedbot_ws/install/feedbot_sensors/lib/python3.10/site-packages/feedbot_sensors\n'}
[3.782756] (feedbot_sensors) StdoutLine: {'line': b'copying /home/dell/ros2_feedbot_ws/build/feedbot_sensors/build/lib/feedbot_sensors/__init__.py -> /home/dell/ros2_feedbot_ws/install/feedbot_sensors/lib/python3.10/site-packages/feedbot_sensors\n'}
[3.782961] (feedbot_sensors) StdoutLine: {'line': b'copying /home/dell/ros2_feedbot_ws/build/feedbot_sensors/build/lib/feedbot_sensors/sensor_hub.py -> /home/dell/ros2_feedbot_ws/install/feedbot_sensors/lib/python3.10/site-packages/feedbot_sensors\n'}
[3.784097] (feedbot_sensors) StdoutLine: {'line': b'byte-compiling /home/dell/ros2_feedbot_ws/install/feedbot_sensors/lib/python3.10/site-packages/feedbot_sensors/__init__.py to __init__.cpython-310.pyc\n'}
[3.784665] (feedbot_sensors) StdoutLine: {'line': b'byte-compiling /home/dell/ros2_feedbot_ws/install/feedbot_sensors/lib/python3.10/site-packages/feedbot_sensors/sensor_hub.py to sensor_hub.cpython-310.pyc\n'}
[3.785637] (feedbot_sensors) StdoutLine: {'line': b'running install_data\n'}
[3.786191] (feedbot_sensors) StdoutLine: {'line': b'creating /home/dell/ros2_feedbot_ws/install/feedbot_sensors/share/ament_index\n'}
[3.786428] (feedbot_sensors) StdoutLine: {'line': b'creating /home/dell/ros2_feedbot_ws/install/feedbot_sensors/share/ament_index/resource_index\n'}
[3.786530] (feedbot_sensors) StdoutLine: {'line': b'creating /home/dell/ros2_feedbot_ws/install/feedbot_sensors/share/ament_index/resource_index/packages\n'}
[3.786613] (feedbot_sensors) StdoutLine: {'line': b'copying resource/feedbot_sensors -> /home/dell/ros2_feedbot_ws/install/feedbot_sensors/share/ament_index/resource_index/packages\n'}
[3.786711] (feedbot_sensors) StdoutLine: {'line': b'copying package.xml -> /home/dell/ros2_feedbot_ws/install/feedbot_sensors/share/feedbot_sensors\n'}
[3.786789] (feedbot_sensors) StdoutLine: {'line': b'running install_egg_info\n'}
[3.794550] (feedbot_sensors) StdoutLine: {'line': b'Copying ../build/feedbot_sensors/feedbot_sensors.egg-info to /home/dell/ros2_feedbot_ws/install/feedbot_sensors/lib/python3.10/site-packages/feedbot_sensors-0.0.0-py3.10.egg-info\n'}
[3.795627] (feedbot_sensors) StdoutLine: {'line': b'running install_scripts\n'}
[3.814470] (-) TimerEvent: {}
[3.833272] (pid_logger) StdoutLine: {'line': b'Installing pid_recorder script to /home/dell/ros2_feedbot_ws/install/pid_logger/lib/pid_logger\n'}
[3.834354] (pid_logger) StdoutLine: {'line': b"writing list of installed files to '/home/dell/ros2_feedbot_ws/build/pid_logger/install.log'\n"}
[3.846304] (feedbot_sensors) StdoutLine: {'line': b'Installing sensor_hub script to /home/dell/ros2_feedbot_ws/install/feedbot_sensors/lib/feedbot_sensors\n'}
[3.847224] (feedbot_sensors) StdoutLine: {'line': b"writing list of installed files to '/home/dell/ros2_feedbot_ws/build/feedbot_sensors/install.log'\n"}
[3.904855] (feedbot_fusion) CommandEnded: {'returncode': 0}
[3.914805] (-) TimerEvent: {}
[3.924642] (feedbot_fusion) JobEnded: {'identifier': 'feedbot_fusion', 'rc': 0}
[4.006915] (pid_logger) CommandEnded: {'returncode': 0}
[4.015238] (-) TimerEvent: {}
[4.024069] (pid_logger) JobEnded: {'identifier': 'pid_logger', 'rc': 0}
[4.027248] (feedbot_sensors) CommandEnded: {'returncode': 0}
[4.038956] (feedbot_moveit_config) StdoutLine: {'line': b'-- Configuring done\n'}
[4.043476] (feedbot_moveit_config) StdoutLine: {'line': b'-- Generating done\n'}
[4.046856] (feedbot_moveit_config) StdoutLine: {'line': b'-- Build files have been written to: /home/dell/ros2_feedbot_ws/build/feedbot_moveit_config\n'}
[4.050187] (feedbot_sensors) JobEnded: {'identifier': 'feedbot_sensors', 'rc': 0}
[4.062597] (feedbot_moveit_config) CommandEnded: {'returncode': 0}
[4.063344] (feedbot_moveit_config) JobProgress: {'identifier': 'feedbot_moveit_config', 'progress': 'build'}
[4.064997] (feedbot_moveit_config) Command: {'cmd': ['/usr/bin/cmake', '--build', '/home/dell/ros2_feedbot_ws/build/feedbot_moveit_config', '--', '-j12', '-l12'], 'cwd': '/home/dell/ros2_feedbot_ws/build/feedbot_moveit_config', 'env': OrderedDict([('LANGUAGE', 'en_GB:en'), ('USER', 'dell'), ('XDG_SESSION_TYPE', 'wayland'), ('SHLVL', '1'), ('LD_LIBRARY_PATH', '/usr/lib/x86_64-linux-gnu/gazebo-11/plugins:/opt/ros/humble/opt/rviz_ogre_vendor/lib:/opt/ros/humble/lib/x86_64-linux-gnu:/opt/ros/humble/lib:/usr/lib/x86_64-linux-gnu/gazebo-11/plugins:'), ('HOME', '/home/dell'), ('OLDPWD', '/home/dell/ros2_feedbot_ws'), ('DESKTOP_SESSION', 'ubuntu'), ('GAZEBO_MASTER_URI', 'http://localhost:11345'), ('ROS_PYTHON_VERSION', '3'), ('GNOME_SHELL_SESSION_MODE', 'ubuntu'), ('GTK_MODULES', 'gail:atk-bridge'), ('SYSTEMD_EXEC_PID', '182636'), ('DBUS_SESSION_BUS_ADDRESS', 'unix:path=/run/user/1000/bus'), ('COLORTERM', 'truecolor'), ('IM_CONFIG_PHASE', '1'), ('WAYLAND_DISPLAY', 'wayland-0'), ('COLCON_PREFIX_PATH', '/home/dell/ros2_feedbot_ws/install:/home/dell/ros2_ws/install'), ('ROS_DISTRO', 'humble'), ('LOGNAME', 'dell'), ('_', '/usr/bin/colcon'), ('ROS_VERSION', '2'), ('XDG_SESSION_CLASS', 'user'), ('USERNAME', 'dell'), ('TERM', 'xterm-256color'), ('GAZEBO_MODEL_PATH', '/usr/share/gazebo-11/models::/home/dell/ros2_feedbot_ws/install/feedbot_description/share'), ('GNOME_DESKTOP_SESSION_ID', 'this-is-deprecated'), ('ROS_LOCALHOST_ONLY', '0'), ('HISTCONTROL', 'ignoreboth'), ('OGRE_RESOURCE_PATH', '/usr/lib/x86_64-linux-gnu/OGRE-1.9.0'), ('PATH', '/opt/ros/humble/bin:/usr/lib/ccache:/home/dell/ardupilot/Tools/autotest:/opt/gcc-arm-none-eabi-10-2020-q4-major/bin:/home/dell/.local/bin:/usr/local/sbin:/usr/local/bin:/usr/sbin:/usr/bin:/sbin:/bin:/usr/games:/usr/local/games:/snap/bin:/snap/bin'), ('SESSION_MANAGER', 'local/dell:@/tmp/.ICE-unix/175661,unix/dell:/tmp/.ICE-unix/175661'), ('XDG_MENU_PREFIX', 'gnome-'), ('GNOME_TERMINAL_SCREEN', '/org/gnome/Terminal/screen/a89707f7_f624_4683_8741_7cfa757cae37'), ('GNOME_SETUP_DISPLAY', ':1'), ('XDG_RUNTIME_DIR', '/run/user/1000'), ('DISPLAY', ':0'), ('LANG', 'en_US.UTF-8'), ('XDG_CURRENT_DESKTOP', 'ubuntu:GNOME'), ('RMW_IMPLEMENTATION', 'rmw_cyclonedds_cpp'), ('XMODIFIERS', '@im=ibus'), ('XDG_SESSION_DESKTOP', 'ubuntu'), ('XAUTHORITY', '/run/user/1000/.mutter-Xwaylandauth.GYXJL3'), ('GNOME_TERMINAL_SERVICE', ':1.112'), ('SSH_AGENT_LAUNCHER', 'gnome-keyring'), ('SSH_AUTH_SOCK', '/run/user/1000/keyring/ssh'), ('AMENT_PREFIX_PATH', '/home/dell/ros2_feedbot_ws/install/pid_logger:/home/dell/ros2_feedbot_ws/install/feedbot_sensors:/home/dell/ros2_feedbot_ws/install/feedbot_moveit_config:/home/dell/ros2_feedbot_ws/install/feedbot_fusion:/home/dell/ros2_feedbot_ws/install/feedbot_description:/home/dell/ros2_ws/install/open_manipulator_description:/opt/ros/humble'), ('SHELL', '/bin/bash'), ('QT_ACCESSIBILITY', '1'), ('GDMSESSION', 'ubuntu'), ('GAZEBO_RESOURCE_PATH', '/usr/share/gazebo-11::/opt/ros/humble/share:/home/dell/ros2_feedbot_ws/install/feedbot_description/share'), ('GAZEBO_MODEL_DATABASE_URI', 'http://models.gazebosim.org'), ('QT_IM_MODULE', 'ibus'), ('PWD', '/home/dell/ros2_feedbot_ws/build/feedbot_moveit_config'), ('LC_ALL', 'en_US.UTF-8'), ('XDG_CONFIG_DIRS', '/etc/xdg/xdg-ubuntu:/etc/xdg'), ('GAZEBO_PLUGIN_PATH', '/opt/ros/humble/lib:/usr/lib/x86_64-linux-gnu/gazebo-11/plugins:'), ('XDG_DATA_DIRS', '/usr/share/ubuntu:/usr/local/share/:/usr/share/:/var/lib/snapd/desktop'), ('PYTHONPATH', '/home/dell/ros2_feedbot_ws/install/pid_logger/lib/python3.10/site-packages:/home/dell/ros2_feedbot_ws/install/feedbot_sensors/lib/python3.10/site-packages:/home/dell/ros2_feedbot_ws/install/feedbot_fusion/lib/python3.10/site-packages:/opt/ros/humble/lib/python3.10/site-packages:/opt/ros/humble/local/lib/python3.10/dist-packages'), ('COLCON', '1'), ('VTE_VERSION', '6800'), ('CMAKE_PREFIX_PATH', '/home/dell/ros2_feedbot_ws/install/feedbot_description:/home/dell/ros2_feedbot_ws/install/feedbot_moveit_config:/home/dell/ros2_ws/install/open_manipulator_description:/home/dell/ros2_feedbot_ws/install/pid_logger:/home/dell/ros2_feedbot_ws/install/feedbot_sensors:/home/dell/ros2_feedbot_ws/install/feedbot_fusion:/opt/ros/humble')]), 'shell': False}
[4.115456] (-) TimerEvent: {}
[4.150220] (feedbot_moveit_config) CommandEnded: {'returncode': 0}
[4.152521] (feedbot_moveit_config) JobProgress: {'identifier': 'feedbot_moveit_config', 'progress': 'install'}
[4.153324] (feedbot_moveit_config) Command: {'cmd': ['/usr/bin/cmake', '--install', '/home/dell/ros2_feedbot_ws/build/feedbot_moveit_config'], 'cwd': '/home/dell/ros2_feedbot_ws/build/feedbot_moveit_config', 'env': OrderedDict([('LANGUAGE', 'en_GB:en'), ('USER', 'dell'), ('XDG_SESSION_TYPE', 'wayland'), ('SHLVL', '1'), ('LD_LIBRARY_PATH', '/usr/lib/x86_64-linux-gnu/gazebo-11/plugins:/opt/ros/humble/opt/rviz_ogre_vendor/lib:/opt/ros/humble/lib/x86_64-linux-gnu:/opt/ros/humble/lib:/usr/lib/x86_64-linux-gnu/gazebo-11/plugins:'), ('HOME', '/home/dell'), ('OLDPWD', '/home/dell/ros2_feedbot_ws'), ('DESKTOP_SESSION', 'ubuntu'), ('GAZEBO_MASTER_URI', 'http://localhost:11345'), ('ROS_PYTHON_VERSION', '3'), ('GNOME_SHELL_SESSION_MODE', 'ubuntu'), ('GTK_MODULES', 'gail:atk-bridge'), ('SYSTEMD_EXEC_PID', '182636'), ('DBUS_SESSION_BUS_ADDRESS', 'unix:path=/run/user/1000/bus'), ('COLORTERM', 'truecolor'), ('IM_CONFIG_PHASE', '1'), ('WAYLAND_DISPLAY', 'wayland-0'), ('COLCON_PREFIX_PATH', '/home/dell/ros2_feedbot_ws/install:/home/dell/ros2_ws/install'), ('ROS_DISTRO', 'humble'), ('LOGNAME', 'dell'), ('_', '/usr/bin/colcon'), ('ROS_VERSION', '2'), ('XDG_SESSION_CLASS', 'user'), ('USERNAME', 'dell'), ('TERM', 'xterm-256color'), ('GAZEBO_MODEL_PATH', '/usr/share/gazebo-11/models::/home/dell/ros2_feedbot_ws/install/feedbot_description/share'), ('GNOME_DESKTOP_SESSION_ID', 'this-is-deprecated'), ('ROS_LOCALHOST_ONLY', '0'), ('HISTCONTROL', 'ignoreboth'), ('OGRE_RESOURCE_PATH', '/usr/lib/x86_64-linux-gnu/OGRE-1.9.0'), ('PATH', '/opt/ros/humble/bin:/usr/lib/ccache:/home/dell/ardupilot/Tools/autotest:/opt/gcc-arm-none-eabi-10-2020-q4-major/bin:/home/dell/.local/bin:/usr/local/sbin:/usr/local/bin:/usr/sbin:/usr/bin:/sbin:/bin:/usr/games:/usr/local/games:/snap/bin:/snap/bin'), ('SESSION_MANAGER', 'local/dell:@/tmp/.ICE-unix/175661,unix/dell:/tmp/.ICE-unix/175661'), ('XDG_MENU_PREFIX', 'gnome-'), ('GNOME_TERMINAL_SCREEN', '/org/gnome/Terminal/screen/a89707f7_f624_4683_8741_7cfa757cae37'), ('GNOME_SETUP_DISPLAY', ':1'), ('XDG_RUNTIME_DIR', '/run/user/1000'), ('DISPLAY', ':0'), ('LANG', 'en_US.UTF-8'), ('XDG_CURRENT_DESKTOP', 'ubuntu:GNOME'), ('RMW_IMPLEMENTATION', 'rmw_cyclonedds_cpp'), ('XMODIFIERS', '@im=ibus'), ('XDG_SESSION_DESKTOP', 'ubuntu'), ('XAUTHORITY', '/run/user/1000/.mutter-Xwaylandauth.GYXJL3'), ('GNOME_TERMINAL_SERVICE', ':1.112'), ('SSH_AGENT_LAUNCHER', 'gnome-keyring'), ('SSH_AUTH_SOCK', '/run/user/1000/keyring/ssh'), ('AMENT_PREFIX_PATH', '/home/dell/ros2_feedbot_ws/install/pid_logger:/home/dell/ros2_feedbot_ws/install/feedbot_sensors:/home/dell/ros2_feedbot_ws/install/feedbot_moveit_config:/home/dell/ros2_feedbot_ws/install/feedbot_fusion:/home/dell/ros2_feedbot_ws/install/feedbot_description:/home/dell/ros2_ws/install/open_manipulator_description:/opt/ros/humble'), ('SHELL', '/bin/bash'), ('QT_ACCESSIBILITY', '1'), ('GDMSESSION', 'ubuntu'), ('GAZEBO_RESOURCE_PATH', '/usr/share/gazebo-11::/opt/ros/humble/share:/home/dell/ros2_feedbot_ws/install/feedbot_description/share'), ('GAZEBO_MODEL_DATABASE_URI', 'http://models.gazebosim.org'), ('QT_IM_MODULE', 'ibus'), ('PWD', '/home/dell/ros2_feedbot_ws/build/feedbot_moveit_config'), ('LC_ALL', 'en_US.UTF-8'), ('XDG_CONFIG_DIRS', '/etc/xdg/xdg-ubuntu:/etc/xdg'), ('GAZEBO_PLUGIN_PATH', '/opt/ros/humble/lib:/usr/lib/x86_64-linux-gnu/gazebo-11/plugins:'), ('XDG_DATA_DIRS', '/usr/share/ubuntu:/usr/local/share/:/usr/share/:/var/lib/snapd/desktop'), ('PYTHONPATH', '/home/dell/ros2_feedbot_ws/install/pid_logger/lib/python3.10/site-packages:/home/dell/ros2_feedbot_ws/install/feedbot_sensors/lib/python3.10/site-packages:/home/dell/ros2_feedbot_ws/install/feedbot_fusion/lib/python3.10/site-packages:/opt/ros/humble/lib/python3.10/site-packages:/opt/ros/humble/local/lib/python3.10/dist-packages'), ('COLCON', '1'), ('VTE_VERSION', '6800'), ('CMAKE_PREFIX_PATH', '/home/dell/ros2_feedbot_ws/install/feedbot_description:/home/dell/ros2_feedbot_ws/install/feedbot_moveit_config:/home/dell/ros2_ws/install/open_manipulator_description:/home/dell/ros2_feedbot_ws/install/pid_logger:/home/dell/ros2_feedbot_ws/install/feedbot_sensors:/home/dell/ros2_feedbot_ws/install/feedbot_fusion:/opt/ros/humble')]), 'shell': False}
[4.173166] (feedbot_moveit_config) StdoutLine: {'line': b'-- Install configuration: ""\n'}
[4.173591] (feedbot_moveit_config) StdoutLine: {'line': b'-- Installing: /home/dell/ros2_feedbot_ws/install/feedbot_moveit_config/share/ament_index/resource_index/package_run_dependencies/feedbot_moveit_config\n'}
[4.173805] (feedbot_moveit_config) StdoutLine: {'line': b'-- Installing: /home/dell/ros2_feedbot_ws/install/feedbot_moveit_config/share/ament_index/resource_index/parent_prefix_path/feedbot_moveit_config\n'}
[4.174046] (feedbot_moveit_config) StdoutLine: {'line': b'-- Installing: /home/dell/ros2_feedbot_ws/install/feedbot_moveit_config/share/feedbot_moveit_config/environment/ament_prefix_path.sh\n'}
[4.174209] (feedbot_moveit_config) StdoutLine: {'line': b'-- Installing: /home/dell/ros2_feedbot_ws/install/feedbot_moveit_config/share/feedbot_moveit_config/environment/ament_prefix_path.dsv\n'}
[4.174380] (feedbot_moveit_config) StdoutLine: {'line': b'-- Installing: /home/dell/ros2_feedbot_ws/install/feedbot_moveit_config/share/feedbot_moveit_config/environment/path.sh\n'}
[4.174484] (feedbot_moveit_config) StdoutLine: {'line': b'-- Installing: /home/dell/ros2_feedbot_ws/install/feedbot_moveit_config/share/feedbot_moveit_config/environment/path.dsv\n'}
[4.174559] (feedbot_moveit_config) StdoutLine: {'line': b'-- Installing: /home/dell/ros2_feedbot_ws/install/feedbot_moveit_config/share/feedbot_moveit_config/local_setup.bash\n'}
[4.174667] (feedbot_moveit_config) StdoutLine: {'line': b'-- Installing: /home/dell/ros2_feedbot_ws/install/feedbot_moveit_config/share/feedbot_moveit_config/local_setup.sh\n'}
[4.174817] (feedbot_moveit_config) StdoutLine: {'line': b'-- Installing: /home/dell/ros2_feedbot_ws/install/feedbot_moveit_config/share/feedbot_moveit_config/local_setup.zsh\n'}
[4.175090] (feedbot_moveit_config) StdoutLine: {'line': b'-- Installing: /home/dell/ros2_feedbot_ws/install/feedbot_moveit_config/share/feedbot_moveit_config/local_setup.dsv\n'}
[4.175276] (feedbot_moveit_config) StdoutLine: {'line': b'-- Installing: /home/dell/ros2_feedbot_ws/install/feedbot_moveit_config/share/feedbot_moveit_config/package.dsv\n'}
[4.175457] (feedbot_moveit_config) StdoutLine: {'line': b'-- Installing: /home/dell/ros2_feedbot_ws/install/feedbot_moveit_config/share/ament_index/resource_index/packages/feedbot_moveit_config\n'}
[4.175628] (feedbot_moveit_config) StdoutLine: {'line': b'-- Installing: /home/dell/ros2_feedbot_ws/install/feedbot_moveit_config/share/feedbot_moveit_config/cmake/feedbot_moveit_configConfig.cmake\n'}
[4.175870] (feedbot_moveit_config) StdoutLine: {'line': b'-- Installing: /home/dell/ros2_feedbot_ws/install/feedbot_moveit_config/share/feedbot_moveit_config/cmake/feedbot_moveit_configConfig-version.cmake\n'}
[4.176104] (feedbot_moveit_config) StdoutLine: {'line': b'-- Installing: /home/dell/ros2_feedbot_ws/install/feedbot_moveit_config/share/feedbot_moveit_config/package.xml\n'}
[4.176420] (feedbot_moveit_config) StdoutLine: {'line': b'-- Installing: /home/dell/ros2_feedbot_ws/install/feedbot_moveit_config/share/feedbot_moveit_config/launch\n'}
[4.176686] (feedbot_moveit_config) StdoutLine: {'line': b'-- Installing: /home/dell/ros2_feedbot_ws/install/feedbot_moveit_config/share/feedbot_moveit_config/launch/setup_assistant.launch.py\n'}
[4.176845] (feedbot_moveit_config) StdoutLine: {'line': b'-- Installing: /home/dell/ros2_feedbot_ws/install/feedbot_moveit_config/share/feedbot_moveit_config/launch/moveit_rviz.launch.py\n'}
[4.177059] (feedbot_moveit_config) StdoutLine: {'line': b'-- Installing: /home/dell/ros2_feedbot_ws/install/feedbot_moveit_config/share/feedbot_moveit_config/launch/spawn_controllers.launch.py\n'}
[4.177209] (feedbot_moveit_config) StdoutLine: {'line': b'-- Installing: /home/dell/ros2_feedbot_ws/install/feedbot_moveit_config/share/feedbot_moveit_config/launch/demo.launch.py\n'}
[4.177266] (feedbot_moveit_config) StdoutLine: {'line': b'-- Installing: /home/dell/ros2_feedbot_ws/install/feedbot_moveit_config/share/feedbot_moveit_config/launch/rsp.launch.py\n'}
[4.177320] (feedbot_moveit_config) StdoutLine: {'line': b'-- Installing: /home/dell/ros2_feedbot_ws/install/feedbot_moveit_config/share/feedbot_moveit_config/launch/move_group.launch.py\n'}
[4.177435] (feedbot_moveit_config) StdoutLine: {'line': b'-- Installing: /home/dell/ros2_feedbot_ws/install/feedbot_moveit_config/share/feedbot_moveit_config/config\n'}
[4.177532] (feedbot_moveit_config) StdoutLine: {'line': b'-- Installing: /home/dell/ros2_feedbot_ws/install/feedbot_moveit_config/share/feedbot_moveit_config/config/feedbot.srdf\n'}
[4.177584] (feedbot_moveit_config) StdoutLine: {'line': b'-- Installing: /home/dell/ros2_feedbot_ws/install/feedbot_moveit_config/share/feedbot_moveit_config/config/moveit_controllers.yaml\n'}
[4.177652] (feedbot_moveit_config) StdoutLine: {'line': b'-- Installing: /home/dell/ros2_feedbot_ws/install/feedbot_moveit_config/share/feedbot_moveit_config/config/moveit.rviz\n'}
[4.177731] (feedbot_moveit_config) StdoutLine: {'line': b'-- Installing: /home/dell/ros2_feedbot_ws/install/feedbot_moveit_config/share/feedbot_moveit_config/config/kinematics.yaml\n'}
[4.177815] (feedbot_moveit_config) StdoutLine: {'line': b'-- Installing: /home/dell/ros2_feedbot_ws/install/feedbot_moveit_config/share/feedbot_moveit_config/config/joint_limits.yaml\n'}
[4.177968] (feedbot_moveit_config) StdoutLine: {'line': b'-- Installing: /home/dell/ros2_feedbot_ws/install/feedbot_moveit_config/share/feedbot_moveit_config/config/pilz_cartesian_limits.yaml\n'}
[4.178159] (feedbot_moveit_config) StdoutLine: {'line': b'-- Installing: /home/dell/ros2_feedbot_ws/install/feedbot_moveit_config/share/feedbot_moveit_config/.setup_assistant\n'}
[4.182879] (feedbot_moveit_config) CommandEnded: {'returncode': 0}
[4.210767] (feedbot_moveit_config) JobEnded: {'identifier': 'feedbot_moveit_config', 'rc': 0}
[4.212149] (-) EventReactorShutdown: {}
