[0.011s] Invoking command in '/home/dell/ros2_feedbot_ws/src/build/feedbot_description': CMAKE_PREFIX_PATH=${CMAKE_PREFIX_PATH}:/opt/ros/humble /usr/bin/cmake /home/dell/ros2_feedbot_ws/src/feedbot_description -DCMAKE_INSTALL_PREFIX=/home/dell/ros2_feedbot_ws/src/install/feedbot_description
[0.057s] -- The C compiler identification is GNU 11.4.0
[0.105s] -- The CXX compiler identification is GNU 11.4.0
[0.113s] -- Detecting C compiler ABI info
[0.163s] -- Detecting C compiler ABI info - done
[0.170s] -- Check for working C compiler: /usr/lib/ccache/cc - skipped
[0.170s] -- Detecting C compile features
[0.170s] -- Detecting C compile features - done
[0.172s] -- Detecting CXX compiler ABI info
[0.230s] -- Detecting CXX compiler ABI info - done
[0.237s] -- Check for working CXX compiler: /usr/lib/ccache/c++ - skipped
[0.237s] -- Detecting CXX compile features
[0.237s] -- Detecting CXX compile features - done
[0.239s] -- Found ament_cmake: 1.3.12 (/opt/ros/humble/share/ament_cmake/cmake)
[0.369s] -- Found Python3: /usr/bin/python3 (found version "3.10.18") found components: Interpreter 
[0.502s] -- Configuring done
[0.504s] -- Generating done
[0.506s] -- Build files have been written to: /home/dell/ros2_feedbot_ws/src/build/feedbot_description
[0.510s] Invoked command in '/home/dell/ros2_feedbot_ws/src/build/feedbot_description' returned '0': CMAKE_PREFIX_PATH=${CMAKE_PREFIX_PATH}:/opt/ros/humble /usr/bin/cmake /home/dell/ros2_feedbot_ws/src/feedbot_description -DCMAKE_INSTALL_PREFIX=/home/dell/ros2_feedbot_ws/src/install/feedbot_description
[0.512s] Invoking command in '/home/dell/ros2_feedbot_ws/src/build/feedbot_description': CMAKE_PREFIX_PATH=${CMAKE_PREFIX_PATH}:/opt/ros/humble /usr/bin/cmake --build /home/dell/ros2_feedbot_ws/src/build/feedbot_description -- -j12 -l12
[0.548s] Invoked command in '/home/dell/ros2_feedbot_ws/src/build/feedbot_description' returned '0': CMAKE_PREFIX_PATH=${CMAKE_PREFIX_PATH}:/opt/ros/humble /usr/bin/cmake --build /home/dell/ros2_feedbot_ws/src/build/feedbot_description -- -j12 -l12
[0.558s] Invoking command in '/home/dell/ros2_feedbot_ws/src/build/feedbot_description': CMAKE_PREFIX_PATH=${CMAKE_PREFIX_PATH}:/opt/ros/humble /usr/bin/cmake --install /home/dell/ros2_feedbot_ws/src/build/feedbot_description
[0.564s] -- Install configuration: ""
[0.564s] -- Installing: /home/dell/ros2_feedbot_ws/src/install/feedbot_description/share/feedbot_description/launch
[0.565s] -- Installing: /home/dell/ros2_feedbot_ws/src/install/feedbot_description/share/feedbot_description/launch/gazebo.launch.py
[0.565s] -- Installing: /home/dell/ros2_feedbot_ws/src/install/feedbot_description/share/feedbot_description/launch/bringup.launch.py
[0.565s] -- Installing: /home/dell/ros2_feedbot_ws/src/install/feedbot_description/share/feedbot_description/launch/urdf_debug.launch.py
[0.565s] -- Installing: /home/dell/ros2_feedbot_ws/src/install/feedbot_description/share/feedbot_description/urdf
[0.565s] -- Installing: /home/dell/ros2_feedbot_ws/src/install/feedbot_description/share/feedbot_description/urdf/my_robot.urdf.xacro
[0.565s] -- Installing: /home/dell/ros2_feedbot_ws/src/install/feedbot_description/share/feedbot_description/config
[0.565s] -- Installing: /home/dell/ros2_feedbot_ws/src/install/feedbot_description/share/feedbot_description/config/controllers.yaml
[0.565s] -- Installing: /home/dell/ros2_feedbot_ws/src/install/feedbot_description/share/feedbot_description/config/ros2_control.yaml
[0.565s] -- Installing: /home/dell/ros2_feedbot_ws/src/install/feedbot_description/share/feedbot_description/rviz
[0.565s] -- Installing: /home/dell/ros2_feedbot_ws/src/install/feedbot_description/share/feedbot_description/meshes
[0.565s] -- Installing: /home/dell/ros2_feedbot_ws/src/install/feedbot_description/share/feedbot_description/meshes/base.stl
[0.567s] -- Installing: /home/dell/ros2_feedbot_ws/src/install/feedbot_description/share/feedbot_description/meshes/plate.stl
[0.568s] -- Installing: /home/dell/ros2_feedbot_ws/src/install/feedbot_description/share/feedbot_description/meshes/table.stl
[0.570s] -- Installing: /home/dell/ros2_feedbot_ws/src/install/feedbot_description/share/feedbot_description/meshes/link3.stl
[0.572s] -- Installing: /home/dell/ros2_feedbot_ws/src/install/feedbot_description/share/feedbot_description/meshes/mouth_open.stl
[0.573s] -- Installing: /home/dell/ros2_feedbot_ws/src/install/feedbot_description/share/feedbot_description/meshes/apple.stl
[0.574s] -- Installing: /home/dell/ros2_feedbot_ws/src/install/feedbot_description/share/feedbot_description/meshes/feeder_head.stl
[0.577s] -- Installing: /home/dell/ros2_feedbot_ws/src/install/feedbot_description/share/feedbot_description/meshes/link2.stl
[0.579s] -- Installing: /home/dell/ros2_feedbot_ws/src/install/feedbot_description/share/feedbot_description/meshes/strawberry.stl
[0.583s] -- Installing: /home/dell/ros2_feedbot_ws/src/install/feedbot_description/share/feedbot_description/meshes/link1.stl
[0.584s] -- Installing: /home/dell/ros2_feedbot_ws/src/install/feedbot_description/share/feedbot_description/worlds
[0.584s] -- Installing: /home/dell/ros2_feedbot_ws/src/install/feedbot_description/share/feedbot_description/worlds/empty.world
[0.585s] -- Installing: /home/dell/ros2_feedbot_ws/src/install/feedbot_description/share/ament_index/resource_index/package_run_dependencies/feedbot_description
[0.585s] -- Installing: /home/dell/ros2_feedbot_ws/src/install/feedbot_description/share/ament_index/resource_index/parent_prefix_path/feedbot_description
[0.585s] -- Installing: /home/dell/ros2_feedbot_ws/src/install/feedbot_description/share/feedbot_description/environment/ament_prefix_path.sh
[0.585s] -- Installing: /home/dell/ros2_feedbot_ws/src/install/feedbot_description/share/feedbot_description/environment/ament_prefix_path.dsv
[0.585s] -- Installing: /home/dell/ros2_feedbot_ws/src/install/feedbot_description/share/feedbot_description/environment/path.sh
[0.585s] -- Installing: /home/dell/ros2_feedbot_ws/src/install/feedbot_description/share/feedbot_description/environment/path.dsv
[0.585s] -- Installing: /home/dell/ros2_feedbot_ws/src/install/feedbot_description/share/feedbot_description/local_setup.bash
[0.585s] -- Installing: /home/dell/ros2_feedbot_ws/src/install/feedbot_description/share/feedbot_description/local_setup.sh
[0.585s] -- Installing: /home/dell/ros2_feedbot_ws/src/install/feedbot_description/share/feedbot_description/local_setup.zsh
[0.585s] -- Installing: /home/dell/ros2_feedbot_ws/src/install/feedbot_description/share/feedbot_description/local_setup.dsv
[0.586s] -- Installing: /home/dell/ros2_feedbot_ws/src/install/feedbot_description/share/feedbot_description/package.dsv
[0.586s] -- Installing: /home/dell/ros2_feedbot_ws/src/install/feedbot_description/share/ament_index/resource_index/packages/feedbot_description
[0.586s] -- Installing: /home/dell/ros2_feedbot_ws/src/install/feedbot_description/share/feedbot_description/cmake/feedbot_descriptionConfig.cmake
[0.586s] -- Installing: /home/dell/ros2_feedbot_ws/src/install/feedbot_description/share/feedbot_description/cmake/feedbot_descriptionConfig-version.cmake
[0.586s] -- Installing: /home/dell/ros2_feedbot_ws/src/install/feedbot_description/share/feedbot_description/package.xml
[0.588s] Invoked command in '/home/dell/ros2_feedbot_ws/src/build/feedbot_description' returned '0': CMAKE_PREFIX_PATH=${CMAKE_PREFIX_PATH}:/opt/ros/humble /usr/bin/cmake --install /home/dell/ros2_feedbot_ws/src/build/feedbot_description
