[4.169s] Invoking command in '/home/dell/ros2_feedbot_ws/src/pid_logger': PYTHONPATH=/home/dell/ros2_feedbot_ws/build/pid_logger/prefix_override:/usr/lib/python3/dist-packages/colcon_core/task/python/colcon_distutils_commands:/home/dell/ros2_feedbot_ws/install/pid_logger/lib/python3.10/site-packages:${PYTHONPATH} /usr/bin/python3 -W ignore:setup.py install is deprecated -W ignore:easy_install command is deprecated setup.py egg_info --egg-base ../../build/pid_logger build --build-base /home/dell/ros2_feedbot_ws/build/pid_logger/build install --record /home/dell/ros2_feedbot_ws/build/pid_logger/install.log --single-version-externally-managed install_data
[5.057s] running egg_info
[5.059s] writing ../../build/pid_logger/pid_logger.egg-info/PKG-INFO
[5.060s] writing dependency_links to ../../build/pid_logger/pid_logger.egg-info/dependency_links.txt
[5.060s] writing entry points to ../../build/pid_logger/pid_logger.egg-info/entry_points.txt
[5.060s] writing requirements to ../../build/pid_logger/pid_logger.egg-info/requires.txt
[5.061s] writing top-level names to ../../build/pid_logger/pid_logger.egg-info/top_level.txt
[5.072s] reading manifest file '../../build/pid_logger/pid_logger.egg-info/SOURCES.txt'
[5.074s] writing manifest file '../../build/pid_logger/pid_logger.egg-info/SOURCES.txt'
[5.075s] running build
[5.075s] running build_py
[5.076s] running install
[5.078s] running install_lib
[5.083s] running install_data
[5.083s] running install_egg_info
[5.089s] removing '/home/dell/ros2_feedbot_ws/install/pid_logger/lib/python3.10/site-packages/pid_logger-0.0.0-py3.10.egg-info' (and everything under it)
[5.090s] Copying ../../build/pid_logger/pid_logger.egg-info to /home/dell/ros2_feedbot_ws/install/pid_logger/lib/python3.10/site-packages/pid_logger-0.0.0-py3.10.egg-info
[5.092s] running install_scripts
[5.166s] Installing pid_recorder script to /home/dell/ros2_feedbot_ws/install/pid_logger/lib/pid_logger
[5.168s] writing list of installed files to '/home/dell/ros2_feedbot_ws/build/pid_logger/install.log'
[5.394s] Invoked command in '/home/dell/ros2_feedbot_ws/src/pid_logger' returned '0': PYTHONPATH=/home/dell/ros2_feedbot_ws/build/pid_logger/prefix_override:/usr/lib/python3/dist-packages/colcon_core/task/python/colcon_distutils_commands:/home/dell/ros2_feedbot_ws/install/pid_logger/lib/python3.10/site-packages:${PYTHONPATH} /usr/bin/python3 -W ignore:setup.py install is deprecated -W ignore:easy_install command is deprecated setup.py egg_info --egg-base ../../build/pid_logger build --build-base /home/dell/ros2_feedbot_ws/build/pid_logger/build install --record /home/dell/ros2_feedbot_ws/build/pid_logger/install.log --single-version-externally-managed install_data
