[0.120s] Invoking command in '/home/dell/ros2_feedbot_ws/build/feedbot_description': CMAKE_PREFIX_PATH=${CMAKE_PREFIX_PATH}:/home/dell/ros2_feedbot_ws/install/pid_logger:/home/dell/ros2_feedbot_ws/install/feedbot_sensors:/home/dell/ros2_feedbot_ws/install/feedbot_fusion:/opt/ros/humble /usr/bin/cmake --build /home/dell/ros2_feedbot_ws/build/feedbot_description -- -j12 -l12
[2.776s] Invoked command in '/home/dell/ros2_feedbot_ws/build/feedbot_description' returned '0': CMAKE_PREFIX_PATH=${CMAKE_PREFIX_PATH}:/home/dell/ros2_feedbot_ws/install/pid_logger:/home/dell/ros2_feedbot_ws/install/feedbot_sensors:/home/dell/ros2_feedbot_ws/install/feedbot_fusion:/opt/ros/humble /usr/bin/cmake --build /home/dell/ros2_feedbot_ws/build/feedbot_description -- -j12 -l12
[2.814s] Invoking command in '/home/dell/ros2_feedbot_ws/build/feedbot_description': CMAKE_PREFIX_PATH=${CMAKE_PREFIX_PATH}:/home/dell/ros2_feedbot_ws/install/pid_logger:/home/dell/ros2_feedbot_ws/install/feedbot_sensors:/home/dell/ros2_feedbot_ws/install/feedbot_fusion:/opt/ros/humble /usr/bin/cmake --install /home/dell/ros2_feedbot_ws/build/feedbot_description
[2.841s] -- Install configuration: ""
[2.844s] -- Up-to-date: /home/dell/ros2_feedbot_ws/install/feedbot_description/share/feedbot_description/launch
[2.848s] -- Up-to-date: /home/dell/ros2_feedbot_ws/install/feedbot_description/share/feedbot_description/launch/gazebo.launch.py
[2.849s] -- Up-to-date: /home/dell/ros2_feedbot_ws/install/feedbot_description/share/feedbot_description/launch/control_rviz.launch.py
[2.850s] -- Up-to-date: /home/dell/ros2_feedbot_ws/install/feedbot_description/share/feedbot_description/launch/bringup.launch.py
[2.850s] -- Up-to-date: /home/dell/ros2_feedbot_ws/install/feedbot_description/share/feedbot_description/launch/urdf_debug.launch.py
[2.850s] -- Up-to-date: /home/dell/ros2_feedbot_ws/install/feedbot_description/share/feedbot_description/urdf
[2.850s] -- Up-to-date: /home/dell/ros2_feedbot_ws/install/feedbot_description/share/feedbot_description/urdf/test.urdf
[2.851s] -- Up-to-date: /home/dell/ros2_feedbot_ws/install/feedbot_description/share/feedbot_description/urdf/my_robot.urdf
[2.851s] -- Up-to-date: /home/dell/ros2_feedbot_ws/install/feedbot_description/share/feedbot_description/urdf/my_robot.urdf.xacro
[2.851s] -- Up-to-date: /home/dell/ros2_feedbot_ws/install/feedbot_description/share/feedbot_description/config
[2.851s] -- Up-to-date: /home/dell/ros2_feedbot_ws/install/feedbot_description/share/feedbot_description/config/controllers_untuned.yaml
[2.851s] -- Up-to-date: /home/dell/ros2_feedbot_ws/install/feedbot_description/share/feedbot_description/config/pid_controllers.yaml
[2.851s] -- Up-to-date: /home/dell/ros2_feedbot_ws/install/feedbot_description/share/feedbot_description/config/controllers.yaml
[2.852s] -- Up-to-date: /home/dell/ros2_feedbot_ws/install/feedbot_description/share/feedbot_description/config/ros2_control.yaml
[2.852s] -- Up-to-date: /home/dell/ros2_feedbot_ws/install/feedbot_description/share/feedbot_description/config/controllers_tuned.yaml
[2.852s] -- Up-to-date: /home/dell/ros2_feedbot_ws/install/feedbot_description/share/feedbot_description/config/gazebo_controllers.yaml
[2.852s] -- Up-to-date: /home/dell/ros2_feedbot_ws/install/feedbot_description/share/feedbot_description/rviz
[2.852s] -- Up-to-date: /home/dell/ros2_feedbot_ws/install/feedbot_description/share/feedbot_description/rviz/control.rviz
[2.852s] -- Up-to-date: /home/dell/ros2_feedbot_ws/install/feedbot_description/share/feedbot_description/meshes
[2.853s] -- Up-to-date: /home/dell/ros2_feedbot_ws/install/feedbot_description/share/feedbot_description/meshes/base.stl
[2.853s] -- Up-to-date: /home/dell/ros2_feedbot_ws/install/feedbot_description/share/feedbot_description/meshes/plate.stl
[2.853s] -- Up-to-date: /home/dell/ros2_feedbot_ws/install/feedbot_description/share/feedbot_description/meshes/table.stl
[2.853s] -- Up-to-date: /home/dell/ros2_feedbot_ws/install/feedbot_description/share/feedbot_description/meshes/link3.stl
[2.853s] -- Up-to-date: /home/dell/ros2_feedbot_ws/install/feedbot_description/share/feedbot_description/meshes/mouth_open.stl
[2.853s] -- Up-to-date: /home/dell/ros2_feedbot_ws/install/feedbot_description/share/feedbot_description/meshes/apple.stl
[2.854s] -- Up-to-date: /home/dell/ros2_feedbot_ws/install/feedbot_description/share/feedbot_description/meshes/feeder_head.stl
[2.854s] -- Up-to-date: /home/dell/ros2_feedbot_ws/install/feedbot_description/share/feedbot_description/meshes/link2.stl
[2.854s] -- Up-to-date: /home/dell/ros2_feedbot_ws/install/feedbot_description/share/feedbot_description/meshes/strawberry.stl
[2.854s] -- Up-to-date: /home/dell/ros2_feedbot_ws/install/feedbot_description/share/feedbot_description/meshes/link1.stl
[2.854s] -- Up-to-date: /home/dell/ros2_feedbot_ws/install/feedbot_description/share/feedbot_description/worlds
[2.854s] -- Up-to-date: /home/dell/ros2_feedbot_ws/install/feedbot_description/share/feedbot_description/worlds/empty.world
[2.855s] -- Up-to-date: /home/dell/ros2_feedbot_ws/install/feedbot_description/lib/feedbot_description/step_test_all_joints.py
[2.855s] -- Up-to-date: /home/dell/ros2_feedbot_ws/install/feedbot_description/lib/feedbot_description/step_test_joint.py
[2.855s] -- Up-to-date: /home/dell/ros2_feedbot_ws/install/feedbot_description/share/ament_index/resource_index/package_run_dependencies/feedbot_description
[2.856s] -- Up-to-date: /home/dell/ros2_feedbot_ws/install/feedbot_description/share/ament_index/resource_index/parent_prefix_path/feedbot_description
[2.857s] -- Up-to-date: /home/dell/ros2_feedbot_ws/install/feedbot_description/share/feedbot_description/environment/ament_prefix_path.sh
[2.858s] -- Up-to-date: /home/dell/ros2_feedbot_ws/install/feedbot_description/share/feedbot_description/environment/ament_prefix_path.dsv
[2.858s] -- Up-to-date: /home/dell/ros2_feedbot_ws/install/feedbot_description/share/feedbot_description/environment/path.sh
[2.858s] -- Up-to-date: /home/dell/ros2_feedbot_ws/install/feedbot_description/share/feedbot_description/environment/path.dsv
[2.858s] -- Up-to-date: /home/dell/ros2_feedbot_ws/install/feedbot_description/share/feedbot_description/local_setup.bash
[2.858s] -- Up-to-date: /home/dell/ros2_feedbot_ws/install/feedbot_description/share/feedbot_description/local_setup.sh
[2.858s] -- Up-to-date: /home/dell/ros2_feedbot_ws/install/feedbot_description/share/feedbot_description/local_setup.zsh
[2.859s] -- Up-to-date: /home/dell/ros2_feedbot_ws/install/feedbot_description/share/feedbot_description/local_setup.dsv
[2.859s] -- Installing: /home/dell/ros2_feedbot_ws/install/feedbot_description/share/feedbot_description/package.dsv
[2.859s] -- Up-to-date: /home/dell/ros2_feedbot_ws/install/feedbot_description/share/ament_index/resource_index/packages/feedbot_description
[2.859s] -- Up-to-date: /home/dell/ros2_feedbot_ws/install/feedbot_description/share/feedbot_description/cmake/feedbot_descriptionConfig.cmake
[2.859s] -- Up-to-date: /home/dell/ros2_feedbot_ws/install/feedbot_description/share/feedbot_description/cmake/feedbot_descriptionConfig-version.cmake
[2.859s] -- Up-to-date: /home/dell/ros2_feedbot_ws/install/feedbot_description/share/feedbot_description/package.xml
[2.860s] Invoked command in '/home/dell/ros2_feedbot_ws/build/feedbot_description' returned '0': CMAKE_PREFIX_PATH=${CMAKE_PREFIX_PATH}:/home/dell/ros2_feedbot_ws/install/pid_logger:/home/dell/ros2_feedbot_ws/install/feedbot_sensors:/home/dell/ros2_feedbot_ws/install/feedbot_fusion:/opt/ros/humble /usr/bin/cmake --install /home/dell/ros2_feedbot_ws/build/feedbot_description
