[0.147s] DEBUG:colcon:Command line arguments: ['/usr/bin/colcon', 'build']
[0.148s] DEBUG:colcon:Parsed command line arguments: Namespace(log_base=None, log_level=None, verb_name='build', build_base='build', install_base='install', merge_install=False, symlink_install=False, test_result_base=None, continue_on_error=False, executor='parallel', parallel_workers=12, event_handlers=None, ignore_user_meta=False, metas=['./colcon.meta'], base_paths=['.'], packages_ignore=None, packages_ignore_regex=None, paths=None, packages_up_to=None, packages_up_to_regex=None, packages_above=None, packages_above_and_dependencies=None, packages_above_depth=None, packages_select_by_dep=None, packages_skip_by_dep=None, packages_skip_up_to=None, packages_select_build_failed=False, packages_skip_build_finished=False, packages_select_test_failures=False, packages_skip_test_passed=False, packages_select=None, packages_skip=None, packages_select_regex=None, packages_skip_regex=None, packages_start=None, packages_end=None, allow_overriding=[], cmake_args=None, cmake_target=None, cmake_target_skip_unavailable=False, cmake_clean_cache=False, cmake_clean_first=False, cmake_force_configure=False, ament_cmake_args=None, catkin_cmake_args=None, catkin_skip_building_tests=False, verb_parser=<colcon_defaults.argument_parser.defaults.DefaultArgumentsDecorator object at 0x7411ab172620>, verb_extension=<colcon_core.verb.build.BuildVerb object at 0x7411ab170700>, main=<bound method BuildVerb.main of <colcon_core.verb.build.BuildVerb object at 0x7411ab170700>>)
[0.327s] Level 1:colcon.colcon_core.package_discovery:discover_packages(colcon_meta) check parameters
[0.328s] Level 1:colcon.colcon_core.package_discovery:discover_packages(recursive) check parameters
[0.328s] Level 1:colcon.colcon_core.package_discovery:discover_packages(ignore) check parameters
[0.328s] Level 1:colcon.colcon_core.package_discovery:discover_packages(path) check parameters
[0.328s] Level 1:colcon.colcon_core.package_discovery:discover_packages(colcon_meta) discover
[0.328s] Level 1:colcon.colcon_core.package_discovery:discover_packages(recursive) discover
[0.328s] INFO:colcon.colcon_core.package_discovery:Crawling recursively for packages in '/home/dell/ros2_feedbot_ws'
[0.328s] Level 1:colcon.colcon_core.package_identification:_identify(.) by extensions ['ignore', 'ignore_ament_install']
[0.328s] Level 1:colcon.colcon_core.package_identification:_identify(.) by extension 'ignore'
[0.328s] Level 1:colcon.colcon_core.package_identification:_identify(.) by extension 'ignore_ament_install'
[0.328s] Level 1:colcon.colcon_core.package_identification:_identify(.) by extensions ['colcon_pkg']
[0.328s] Level 1:colcon.colcon_core.package_identification:_identify(.) by extension 'colcon_pkg'
[0.328s] Level 1:colcon.colcon_core.package_identification:_identify(.) by extensions ['colcon_meta']
[0.328s] Level 1:colcon.colcon_core.package_identification:_identify(.) by extension 'colcon_meta'
[0.328s] Level 1:colcon.colcon_core.package_identification:_identify(.) by extensions ['ros']
[0.328s] Level 1:colcon.colcon_core.package_identification:_identify(.) by extension 'ros'
[0.337s] Level 1:colcon.colcon_core.package_identification:_identify(.) by extensions ['cmake', 'python']
[0.337s] Level 1:colcon.colcon_core.package_identification:_identify(.) by extension 'cmake'
[0.337s] Level 1:colcon.colcon_core.package_identification:_identify(.) by extension 'python'
[0.337s] Level 1:colcon.colcon_core.package_identification:_identify(.) by extensions ['python_setup_py']
[0.337s] Level 1:colcon.colcon_core.package_identification:_identify(.) by extension 'python_setup_py'
[0.337s] Level 1:colcon.colcon_core.package_identification:_identify(archive_old) by extensions ['ignore', 'ignore_ament_install']
[0.337s] Level 1:colcon.colcon_core.package_identification:_identify(archive_old) by extension 'ignore'
[0.338s] Level 1:colcon.colcon_core.package_identification:_identify(archive_old) by extension 'ignore_ament_install'
[0.338s] Level 1:colcon.colcon_core.package_identification:_identify(archive_old) by extensions ['colcon_pkg']
[0.338s] Level 1:colcon.colcon_core.package_identification:_identify(archive_old) by extension 'colcon_pkg'
[0.338s] Level 1:colcon.colcon_core.package_identification:_identify(archive_old) by extensions ['colcon_meta']
[0.338s] Level 1:colcon.colcon_core.package_identification:_identify(archive_old) by extension 'colcon_meta'
[0.338s] Level 1:colcon.colcon_core.package_identification:_identify(archive_old) by extensions ['ros']
[0.338s] Level 1:colcon.colcon_core.package_identification:_identify(archive_old) by extension 'ros'
[0.338s] Level 1:colcon.colcon_core.package_identification:_identify(archive_old) by extensions ['cmake', 'python']
[0.338s] Level 1:colcon.colcon_core.package_identification:_identify(archive_old) by extension 'cmake'
[0.338s] Level 1:colcon.colcon_core.package_identification:_identify(archive_old) by extension 'python'
[0.338s] Level 1:colcon.colcon_core.package_identification:_identify(archive_old) by extensions ['python_setup_py']
[0.338s] Level 1:colcon.colcon_core.package_identification:_identify(archive_old) by extension 'python_setup_py'
[0.338s] Level 1:colcon.colcon_core.package_identification:_identify(archive_old/analysis) by extensions ['ignore', 'ignore_ament_install']
[0.338s] Level 1:colcon.colcon_core.package_identification:_identify(archive_old/analysis) by extension 'ignore'
[0.338s] Level 1:colcon.colcon_core.package_identification:_identify(archive_old/analysis) by extension 'ignore_ament_install'
[0.338s] Level 1:colcon.colcon_core.package_identification:_identify(archive_old/analysis) by extensions ['colcon_pkg']
[0.338s] Level 1:colcon.colcon_core.package_identification:_identify(archive_old/analysis) by extension 'colcon_pkg'
[0.338s] Level 1:colcon.colcon_core.package_identification:_identify(archive_old/analysis) by extensions ['colcon_meta']
[0.338s] Level 1:colcon.colcon_core.package_identification:_identify(archive_old/analysis) by extension 'colcon_meta'
[0.338s] Level 1:colcon.colcon_core.package_identification:_identify(archive_old/analysis) by extensions ['ros']
[0.338s] Level 1:colcon.colcon_core.package_identification:_identify(archive_old/analysis) by extension 'ros'
[0.338s] Level 1:colcon.colcon_core.package_identification:_identify(archive_old/analysis) by extensions ['cmake', 'python']
[0.338s] Level 1:colcon.colcon_core.package_identification:_identify(archive_old/analysis) by extension 'cmake'
[0.338s] Level 1:colcon.colcon_core.package_identification:_identify(archive_old/analysis) by extension 'python'
[0.339s] Level 1:colcon.colcon_core.package_identification:_identify(archive_old/analysis) by extensions ['python_setup_py']
[0.339s] Level 1:colcon.colcon_core.package_identification:_identify(archive_old/analysis) by extension 'python_setup_py'
[0.339s] Level 1:colcon.colcon_core.package_identification:_identify(archive_old/full_debug) by extensions ['ignore', 'ignore_ament_install']
[0.339s] Level 1:colcon.colcon_core.package_identification:_identify(archive_old/full_debug) by extension 'ignore'
[0.339s] Level 1:colcon.colcon_core.package_identification:_identify(archive_old/full_debug) by extension 'ignore_ament_install'
[0.339s] Level 1:colcon.colcon_core.package_identification:_identify(archive_old/full_debug) by extensions ['colcon_pkg']
[0.339s] Level 1:colcon.colcon_core.package_identification:_identify(archive_old/full_debug) by extension 'colcon_pkg'
[0.339s] Level 1:colcon.colcon_core.package_identification:_identify(archive_old/full_debug) by extensions ['colcon_meta']
[0.339s] Level 1:colcon.colcon_core.package_identification:_identify(archive_old/full_debug) by extension 'colcon_meta'
[0.339s] Level 1:colcon.colcon_core.package_identification:_identify(archive_old/full_debug) by extensions ['ros']
[0.339s] Level 1:colcon.colcon_core.package_identification:_identify(archive_old/full_debug) by extension 'ros'
[0.339s] Level 1:colcon.colcon_core.package_identification:_identify(archive_old/full_debug) by extensions ['cmake', 'python']
[0.339s] Level 1:colcon.colcon_core.package_identification:_identify(archive_old/full_debug) by extension 'cmake'
[0.339s] Level 1:colcon.colcon_core.package_identification:_identify(archive_old/full_debug) by extension 'python'
[0.339s] Level 1:colcon.colcon_core.package_identification:_identify(archive_old/full_debug) by extensions ['python_setup_py']
[0.339s] Level 1:colcon.colcon_core.package_identification:_identify(archive_old/full_debug) by extension 'python_setup_py'
[0.339s] Level 1:colcon.colcon_core.package_identification:_identify(archive_old/pid_A) by extensions ['ignore', 'ignore_ament_install']
[0.339s] Level 1:colcon.colcon_core.package_identification:_identify(archive_old/pid_A) by extension 'ignore'
[0.340s] Level 1:colcon.colcon_core.package_identification:_identify(archive_old/pid_A) by extension 'ignore_ament_install'
[0.340s] Level 1:colcon.colcon_core.package_identification:_identify(archive_old/pid_A) by extensions ['colcon_pkg']
[0.340s] Level 1:colcon.colcon_core.package_identification:_identify(archive_old/pid_A) by extension 'colcon_pkg'
[0.340s] Level 1:colcon.colcon_core.package_identification:_identify(archive_old/pid_A) by extensions ['colcon_meta']
[0.340s] Level 1:colcon.colcon_core.package_identification:_identify(archive_old/pid_A) by extension 'colcon_meta'
[0.340s] Level 1:colcon.colcon_core.package_identification:_identify(archive_old/pid_A) by extensions ['ros']
[0.340s] Level 1:colcon.colcon_core.package_identification:_identify(archive_old/pid_A) by extension 'ros'
[0.340s] Level 1:colcon.colcon_core.package_identification:_identify(archive_old/pid_A) by extensions ['cmake', 'python']
[0.340s] Level 1:colcon.colcon_core.package_identification:_identify(archive_old/pid_A) by extension 'cmake'
[0.340s] Level 1:colcon.colcon_core.package_identification:_identify(archive_old/pid_A) by extension 'python'
[0.340s] Level 1:colcon.colcon_core.package_identification:_identify(archive_old/pid_A) by extensions ['python_setup_py']
[0.340s] Level 1:colcon.colcon_core.package_identification:_identify(archive_old/pid_A) by extension 'python_setup_py'
[0.340s] Level 1:colcon.colcon_core.package_identification:_identify(archive_old/pid_B) by extensions ['ignore', 'ignore_ament_install']
[0.340s] Level 1:colcon.colcon_core.package_identification:_identify(archive_old/pid_B) by extension 'ignore'
[0.340s] Level 1:colcon.colcon_core.package_identification:_identify(archive_old/pid_B) by extension 'ignore_ament_install'
[0.340s] Level 1:colcon.colcon_core.package_identification:_identify(archive_old/pid_B) by extensions ['colcon_pkg']
[0.340s] Level 1:colcon.colcon_core.package_identification:_identify(archive_old/pid_B) by extension 'colcon_pkg'
[0.340s] Level 1:colcon.colcon_core.package_identification:_identify(archive_old/pid_B) by extensions ['colcon_meta']
[0.340s] Level 1:colcon.colcon_core.package_identification:_identify(archive_old/pid_B) by extension 'colcon_meta'
[0.340s] Level 1:colcon.colcon_core.package_identification:_identify(archive_old/pid_B) by extensions ['ros']
[0.340s] Level 1:colcon.colcon_core.package_identification:_identify(archive_old/pid_B) by extension 'ros'
[0.341s] Level 1:colcon.colcon_core.package_identification:_identify(archive_old/pid_B) by extensions ['cmake', 'python']
[0.341s] Level 1:colcon.colcon_core.package_identification:_identify(archive_old/pid_B) by extension 'cmake'
[0.341s] Level 1:colcon.colcon_core.package_identification:_identify(archive_old/pid_B) by extension 'python'
[0.341s] Level 1:colcon.colcon_core.package_identification:_identify(archive_old/pid_B) by extensions ['python_setup_py']
[0.341s] Level 1:colcon.colcon_core.package_identification:_identify(archive_old/pid_B) by extension 'python_setup_py'
[0.341s] Level 1:colcon.colcon_core.package_identification:_identify(archive_old/rviz_first_data) by extensions ['ignore', 'ignore_ament_install']
[0.341s] Level 1:colcon.colcon_core.package_identification:_identify(archive_old/rviz_first_data) by extension 'ignore'
[0.341s] Level 1:colcon.colcon_core.package_identification:_identify(archive_old/rviz_first_data) by extension 'ignore_ament_install'
[0.341s] Level 1:colcon.colcon_core.package_identification:_identify(archive_old/rviz_first_data) by extensions ['colcon_pkg']
[0.341s] Level 1:colcon.colcon_core.package_identification:_identify(archive_old/rviz_first_data) by extension 'colcon_pkg'
[0.341s] Level 1:colcon.colcon_core.package_identification:_identify(archive_old/rviz_first_data) by extensions ['colcon_meta']
[0.341s] Level 1:colcon.colcon_core.package_identification:_identify(archive_old/rviz_first_data) by extension 'colcon_meta'
[0.341s] Level 1:colcon.colcon_core.package_identification:_identify(archive_old/rviz_first_data) by extensions ['ros']
[0.341s] Level 1:colcon.colcon_core.package_identification:_identify(archive_old/rviz_first_data) by extension 'ros'
[0.341s] Level 1:colcon.colcon_core.package_identification:_identify(archive_old/rviz_first_data) by extensions ['cmake', 'python']
[0.341s] Level 1:colcon.colcon_core.package_identification:_identify(archive_old/rviz_first_data) by extension 'cmake'
[0.341s] Level 1:colcon.colcon_core.package_identification:_identify(archive_old/rviz_first_data) by extension 'python'
[0.341s] Level 1:colcon.colcon_core.package_identification:_identify(archive_old/rviz_first_data) by extensions ['python_setup_py']
[0.341s] Level 1:colcon.colcon_core.package_identification:_identify(archive_old/rviz_first_data) by extension 'python_setup_py'
[0.341s] Level 1:colcon.colcon_core.package_identification:_identify(archive_old/sim_full_run) by extensions ['ignore', 'ignore_ament_install']
[0.342s] Level 1:colcon.colcon_core.package_identification:_identify(archive_old/sim_full_run) by extension 'ignore'
[0.342s] Level 1:colcon.colcon_core.package_identification:_identify(archive_old/sim_full_run) by extension 'ignore_ament_install'
[0.342s] Level 1:colcon.colcon_core.package_identification:_identify(archive_old/sim_full_run) by extensions ['colcon_pkg']
[0.342s] Level 1:colcon.colcon_core.package_identification:_identify(archive_old/sim_full_run) by extension 'colcon_pkg'
[0.342s] Level 1:colcon.colcon_core.package_identification:_identify(archive_old/sim_full_run) by extensions ['colcon_meta']
[0.342s] Level 1:colcon.colcon_core.package_identification:_identify(archive_old/sim_full_run) by extension 'colcon_meta'
[0.342s] Level 1:colcon.colcon_core.package_identification:_identify(archive_old/sim_full_run) by extensions ['ros']
[0.342s] Level 1:colcon.colcon_core.package_identification:_identify(archive_old/sim_full_run) by extension 'ros'
[0.342s] Level 1:colcon.colcon_core.package_identification:_identify(archive_old/sim_full_run) by extensions ['cmake', 'python']
[0.342s] Level 1:colcon.colcon_core.package_identification:_identify(archive_old/sim_full_run) by extension 'cmake'
[0.342s] Level 1:colcon.colcon_core.package_identification:_identify(archive_old/sim_full_run) by extension 'python'
[0.342s] Level 1:colcon.colcon_core.package_identification:_identify(archive_old/sim_full_run) by extensions ['python_setup_py']
[0.342s] Level 1:colcon.colcon_core.package_identification:_identify(archive_old/sim_full_run) by extension 'python_setup_py'
[0.342s] Level 1:colcon.colcon_core.package_identification:_identify(archive_old/sim_sync) by extensions ['ignore', 'ignore_ament_install']
[0.342s] Level 1:colcon.colcon_core.package_identification:_identify(archive_old/sim_sync) by extension 'ignore'
[0.342s] Level 1:colcon.colcon_core.package_identification:_identify(archive_old/sim_sync) by extension 'ignore_ament_install'
[0.342s] Level 1:colcon.colcon_core.package_identification:_identify(archive_old/sim_sync) by extensions ['colcon_pkg']
[0.342s] Level 1:colcon.colcon_core.package_identification:_identify(archive_old/sim_sync) by extension 'colcon_pkg'
[0.342s] Level 1:colcon.colcon_core.package_identification:_identify(archive_old/sim_sync) by extensions ['colcon_meta']
[0.342s] Level 1:colcon.colcon_core.package_identification:_identify(archive_old/sim_sync) by extension 'colcon_meta'
[0.343s] Level 1:colcon.colcon_core.package_identification:_identify(archive_old/sim_sync) by extensions ['ros']
[0.343s] Level 1:colcon.colcon_core.package_identification:_identify(archive_old/sim_sync) by extension 'ros'
[0.343s] Level 1:colcon.colcon_core.package_identification:_identify(archive_old/sim_sync) by extensions ['cmake', 'python']
[0.343s] Level 1:colcon.colcon_core.package_identification:_identify(archive_old/sim_sync) by extension 'cmake'
[0.343s] Level 1:colcon.colcon_core.package_identification:_identify(archive_old/sim_sync) by extension 'python'
[0.343s] Level 1:colcon.colcon_core.package_identification:_identify(archive_old/sim_sync) by extensions ['python_setup_py']
[0.343s] Level 1:colcon.colcon_core.package_identification:_identify(archive_old/sim_sync) by extension 'python_setup_py'
[0.343s] Level 1:colcon.colcon_core.package_identification:_identify(build) by extensions ['ignore', 'ignore_ament_install']
[0.343s] Level 1:colcon.colcon_core.package_identification:_identify(build) by extension 'ignore'
[0.343s] Level 1:colcon.colcon_core.package_identification:_identify(build) ignored
[0.343s] Level 1:colcon.colcon_core.package_identification:_identify(cam_motion_light) by extensions ['ignore', 'ignore_ament_install']
[0.343s] Level 1:colcon.colcon_core.package_identification:_identify(cam_motion_light) by extension 'ignore'
[0.343s] Level 1:colcon.colcon_core.package_identification:_identify(cam_motion_light) by extension 'ignore_ament_install'
[0.343s] Level 1:colcon.colcon_core.package_identification:_identify(cam_motion_light) by extensions ['colcon_pkg']
[0.343s] Level 1:colcon.colcon_core.package_identification:_identify(cam_motion_light) by extension 'colcon_pkg'
[0.343s] Level 1:colcon.colcon_core.package_identification:_identify(cam_motion_light) by extensions ['colcon_meta']
[0.343s] Level 1:colcon.colcon_core.package_identification:_identify(cam_motion_light) by extension 'colcon_meta'
[0.343s] Level 1:colcon.colcon_core.package_identification:_identify(cam_motion_light) by extensions ['ros']
[0.343s] Level 1:colcon.colcon_core.package_identification:_identify(cam_motion_light) by extension 'ros'
[0.343s] Level 1:colcon.colcon_core.package_identification:_identify(cam_motion_light) by extensions ['cmake', 'python']
[0.343s] Level 1:colcon.colcon_core.package_identification:_identify(cam_motion_light) by extension 'cmake'
[0.344s] Level 1:colcon.colcon_core.package_identification:_identify(cam_motion_light) by extension 'python'
[0.344s] Level 1:colcon.colcon_core.package_identification:_identify(cam_motion_light) by extensions ['python_setup_py']
[0.344s] Level 1:colcon.colcon_core.package_identification:_identify(cam_motion_light) by extension 'python_setup_py'
[0.344s] Level 1:colcon.colcon_core.package_identification:_identify(feedbot_camera_test) by extensions ['ignore', 'ignore_ament_install']
[0.344s] Level 1:colcon.colcon_core.package_identification:_identify(feedbot_camera_test) by extension 'ignore'
[0.344s] Level 1:colcon.colcon_core.package_identification:_identify(feedbot_camera_test) by extension 'ignore_ament_install'
[0.344s] Level 1:colcon.colcon_core.package_identification:_identify(feedbot_camera_test) by extensions ['colcon_pkg']
[0.344s] Level 1:colcon.colcon_core.package_identification:_identify(feedbot_camera_test) by extension 'colcon_pkg'
[0.344s] Level 1:colcon.colcon_core.package_identification:_identify(feedbot_camera_test) by extensions ['colcon_meta']
[0.344s] Level 1:colcon.colcon_core.package_identification:_identify(feedbot_camera_test) by extension 'colcon_meta'
[0.344s] Level 1:colcon.colcon_core.package_identification:_identify(feedbot_camera_test) by extensions ['ros']
[0.344s] Level 1:colcon.colcon_core.package_identification:_identify(feedbot_camera_test) by extension 'ros'
[0.344s] Level 1:colcon.colcon_core.package_identification:_identify(feedbot_camera_test) by extensions ['cmake', 'python']
[0.344s] Level 1:colcon.colcon_core.package_identification:_identify(feedbot_camera_test) by extension 'cmake'
[0.344s] Level 1:colcon.colcon_core.package_identification:_identify(feedbot_camera_test) by extension 'python'
[0.344s] Level 1:colcon.colcon_core.package_identification:_identify(feedbot_camera_test) by extensions ['python_setup_py']
[0.344s] Level 1:colcon.colcon_core.package_identification:_identify(feedbot_camera_test) by extension 'python_setup_py'
[0.344s] Level 1:colcon.colcon_core.package_identification:_identify(feedbot_moveit_config) by extensions ['ignore', 'ignore_ament_install']
[0.344s] Level 1:colcon.colcon_core.package_identification:_identify(feedbot_moveit_config) by extension 'ignore'
[0.344s] Level 1:colcon.colcon_core.package_identification:_identify(feedbot_moveit_config) by extension 'ignore_ament_install'
[0.344s] Level 1:colcon.colcon_core.package_identification:_identify(feedbot_moveit_config) by extensions ['colcon_pkg']
[0.345s] Level 1:colcon.colcon_core.package_identification:_identify(feedbot_moveit_config) by extension 'colcon_pkg'
[0.345s] Level 1:colcon.colcon_core.package_identification:_identify(feedbot_moveit_config) by extensions ['colcon_meta']
[0.345s] Level 1:colcon.colcon_core.package_identification:_identify(feedbot_moveit_config) by extension 'colcon_meta'
[0.345s] Level 1:colcon.colcon_core.package_identification:_identify(feedbot_moveit_config) by extensions ['ros']
[0.345s] Level 1:colcon.colcon_core.package_identification:_identify(feedbot_moveit_config) by extension 'ros'
[0.348s] DEBUG:colcon.colcon_core.package_identification:Package 'feedbot_moveit_config' with type 'ros.ament_cmake' and name 'feedbot_moveit_config'
[0.348s] Level 1:colcon.colcon_core.package_identification:_identify(feedbot_sensors) by extensions ['ignore', 'ignore_ament_install']
[0.349s] Level 1:colcon.colcon_core.package_identification:_identify(feedbot_sensors) by extension 'ignore'
[0.349s] Level 1:colcon.colcon_core.package_identification:_identify(feedbot_sensors) by extension 'ignore_ament_install'
[0.349s] Level 1:colcon.colcon_core.package_identification:_identify(feedbot_sensors) by extensions ['colcon_pkg']
[0.349s] Level 1:colcon.colcon_core.package_identification:_identify(feedbot_sensors) by extension 'colcon_pkg'
[0.349s] Level 1:colcon.colcon_core.package_identification:_identify(feedbot_sensors) by extensions ['colcon_meta']
[0.349s] Level 1:colcon.colcon_core.package_identification:_identify(feedbot_sensors) by extension 'colcon_meta'
[0.349s] Level 1:colcon.colcon_core.package_identification:_identify(feedbot_sensors) by extensions ['ros']
[0.349s] Level 1:colcon.colcon_core.package_identification:_identify(feedbot_sensors) by extension 'ros'
[0.349s] DEBUG:colcon.colcon_core.package_identification:Package 'feedbot_sensors' with type 'ros.ament_python' and name 'feedbot_sensors'
[0.350s] Level 1:colcon.colcon_core.package_identification:_identify(install) by extensions ['ignore', 'ignore_ament_install']
[0.350s] Level 1:colcon.colcon_core.package_identification:_identify(install) by extension 'ignore'
[0.350s] Level 1:colcon.colcon_core.package_identification:_identify(install) ignored
[0.350s] Level 1:colcon.colcon_core.package_identification:_identify(log) by extensions ['ignore', 'ignore_ament_install']
[0.350s] Level 1:colcon.colcon_core.package_identification:_identify(log) by extension 'ignore'
[0.350s] Level 1:colcon.colcon_core.package_identification:_identify(log) ignored
[0.350s] Level 1:colcon.colcon_core.package_identification:_identify(old_scripts) by extensions ['ignore', 'ignore_ament_install']
[0.350s] Level 1:colcon.colcon_core.package_identification:_identify(old_scripts) by extension 'ignore'
[0.350s] Level 1:colcon.colcon_core.package_identification:_identify(old_scripts) by extension 'ignore_ament_install'
[0.350s] Level 1:colcon.colcon_core.package_identification:_identify(old_scripts) by extensions ['colcon_pkg']
[0.350s] Level 1:colcon.colcon_core.package_identification:_identify(old_scripts) by extension 'colcon_pkg'
[0.350s] Level 1:colcon.colcon_core.package_identification:_identify(old_scripts) by extensions ['colcon_meta']
[0.350s] Level 1:colcon.colcon_core.package_identification:_identify(old_scripts) by extension 'colcon_meta'
[0.350s] Level 1:colcon.colcon_core.package_identification:_identify(old_scripts) by extensions ['ros']
[0.350s] Level 1:colcon.colcon_core.package_identification:_identify(old_scripts) by extension 'ros'
[0.350s] Level 1:colcon.colcon_core.package_identification:_identify(old_scripts) by extensions ['cmake', 'python']
[0.350s] Level 1:colcon.colcon_core.package_identification:_identify(old_scripts) by extension 'cmake'
[0.350s] Level 1:colcon.colcon_core.package_identification:_identify(old_scripts) by extension 'python'
[0.350s] Level 1:colcon.colcon_core.package_identification:_identify(old_scripts) by extensions ['python_setup_py']
[0.351s] Level 1:colcon.colcon_core.package_identification:_identify(old_scripts) by extension 'python_setup_py'
[0.351s] Level 1:colcon.colcon_core.package_identification:_identify(pid_study) by extensions ['ignore', 'ignore_ament_install']
[0.351s] Level 1:colcon.colcon_core.package_identification:_identify(pid_study) by extension 'ignore'
[0.351s] Level 1:colcon.colcon_core.package_identification:_identify(pid_study) by extension 'ignore_ament_install'
[0.351s] Level 1:colcon.colcon_core.package_identification:_identify(pid_study) by extensions ['colcon_pkg']
[0.351s] Level 1:colcon.colcon_core.package_identification:_identify(pid_study) by extension 'colcon_pkg'
[0.351s] Level 1:colcon.colcon_core.package_identification:_identify(pid_study) by extensions ['colcon_meta']
[0.351s] Level 1:colcon.colcon_core.package_identification:_identify(pid_study) by extension 'colcon_meta'
[0.351s] Level 1:colcon.colcon_core.package_identification:_identify(pid_study) by extensions ['ros']
[0.351s] Level 1:colcon.colcon_core.package_identification:_identify(pid_study) by extension 'ros'
[0.351s] Level 1:colcon.colcon_core.package_identification:_identify(pid_study) by extensions ['cmake', 'python']
[0.351s] Level 1:colcon.colcon_core.package_identification:_identify(pid_study) by extension 'cmake'
[0.351s] Level 1:colcon.colcon_core.package_identification:_identify(pid_study) by extension 'python'
[0.351s] Level 1:colcon.colcon_core.package_identification:_identify(pid_study) by extensions ['python_setup_py']
[0.351s] Level 1:colcon.colcon_core.package_identification:_identify(pid_study) by extension 'python_setup_py'
[0.351s] Level 1:colcon.colcon_core.package_identification:_identify(pid_study/tuned) by extensions ['ignore', 'ignore_ament_install']
[0.351s] Level 1:colcon.colcon_core.package_identification:_identify(pid_study/tuned) by extension 'ignore'
[0.351s] Level 1:colcon.colcon_core.package_identification:_identify(pid_study/tuned) by extension 'ignore_ament_install'
[0.351s] Level 1:colcon.colcon_core.package_identification:_identify(pid_study/tuned) by extensions ['colcon_pkg']
[0.351s] Level 1:colcon.colcon_core.package_identification:_identify(pid_study/tuned) by extension 'colcon_pkg'
[0.351s] Level 1:colcon.colcon_core.package_identification:_identify(pid_study/tuned) by extensions ['colcon_meta']
[0.351s] Level 1:colcon.colcon_core.package_identification:_identify(pid_study/tuned) by extension 'colcon_meta'
[0.351s] Level 1:colcon.colcon_core.package_identification:_identify(pid_study/tuned) by extensions ['ros']
[0.351s] Level 1:colcon.colcon_core.package_identification:_identify(pid_study/tuned) by extension 'ros'
[0.351s] Level 1:colcon.colcon_core.package_identification:_identify(pid_study/tuned) by extensions ['cmake', 'python']
[0.352s] Level 1:colcon.colcon_core.package_identification:_identify(pid_study/tuned) by extension 'cmake'
[0.352s] Level 1:colcon.colcon_core.package_identification:_identify(pid_study/tuned) by extension 'python'
[0.352s] Level 1:colcon.colcon_core.package_identification:_identify(pid_study/tuned) by extensions ['python_setup_py']
[0.352s] Level 1:colcon.colcon_core.package_identification:_identify(pid_study/tuned) by extension 'python_setup_py'
[0.352s] Level 1:colcon.colcon_core.package_identification:_identify(pid_study/tuned/all_joints) by extensions ['ignore', 'ignore_ament_install']
[0.352s] Level 1:colcon.colcon_core.package_identification:_identify(pid_study/tuned/all_joints) by extension 'ignore'
[0.352s] Level 1:colcon.colcon_core.package_identification:_identify(pid_study/tuned/all_joints) by extension 'ignore_ament_install'
[0.352s] Level 1:colcon.colcon_core.package_identification:_identify(pid_study/tuned/all_joints) by extensions ['colcon_pkg']
[0.352s] Level 1:colcon.colcon_core.package_identification:_identify(pid_study/tuned/all_joints) by extension 'colcon_pkg'
[0.352s] Level 1:colcon.colcon_core.package_identification:_identify(pid_study/tuned/all_joints) by extensions ['colcon_meta']
[0.352s] Level 1:colcon.colcon_core.package_identification:_identify(pid_study/tuned/all_joints) by extension 'colcon_meta'
[0.352s] Level 1:colcon.colcon_core.package_identification:_identify(pid_study/tuned/all_joints) by extensions ['ros']
[0.352s] Level 1:colcon.colcon_core.package_identification:_identify(pid_study/tuned/all_joints) by extension 'ros'
[0.352s] Level 1:colcon.colcon_core.package_identification:_identify(pid_study/tuned/all_joints) by extensions ['cmake', 'python']
[0.352s] Level 1:colcon.colcon_core.package_identification:_identify(pid_study/tuned/all_joints) by extension 'cmake'
[0.352s] Level 1:colcon.colcon_core.package_identification:_identify(pid_study/tuned/all_joints) by extension 'python'
[0.352s] Level 1:colcon.colcon_core.package_identification:_identify(pid_study/tuned/all_joints) by extensions ['python_setup_py']
[0.352s] Level 1:colcon.colcon_core.package_identification:_identify(pid_study/tuned/all_joints) by extension 'python_setup_py'
[0.352s] Level 1:colcon.colcon_core.package_identification:_identify(pid_study/tuned/all_joints/tuned_alljoints) by extensions ['ignore', 'ignore_ament_install']
[0.352s] Level 1:colcon.colcon_core.package_identification:_identify(pid_study/tuned/all_joints/tuned_alljoints) by extension 'ignore'
[0.352s] Level 1:colcon.colcon_core.package_identification:_identify(pid_study/tuned/all_joints/tuned_alljoints) by extension 'ignore_ament_install'
[0.352s] Level 1:colcon.colcon_core.package_identification:_identify(pid_study/tuned/all_joints/tuned_alljoints) by extensions ['colcon_pkg']
[0.352s] Level 1:colcon.colcon_core.package_identification:_identify(pid_study/tuned/all_joints/tuned_alljoints) by extension 'colcon_pkg'
[0.352s] Level 1:colcon.colcon_core.package_identification:_identify(pid_study/tuned/all_joints/tuned_alljoints) by extensions ['colcon_meta']
[0.352s] Level 1:colcon.colcon_core.package_identification:_identify(pid_study/tuned/all_joints/tuned_alljoints) by extension 'colcon_meta'
[0.353s] Level 1:colcon.colcon_core.package_identification:_identify(pid_study/tuned/all_joints/tuned_alljoints) by extensions ['ros']
[0.353s] Level 1:colcon.colcon_core.package_identification:_identify(pid_study/tuned/all_joints/tuned_alljoints) by extension 'ros'
[0.353s] Level 1:colcon.colcon_core.package_identification:_identify(pid_study/tuned/all_joints/tuned_alljoints) by extensions ['cmake', 'python']
[0.353s] Level 1:colcon.colcon_core.package_identification:_identify(pid_study/tuned/all_joints/tuned_alljoints) by extension 'cmake'
[0.353s] Level 1:colcon.colcon_core.package_identification:_identify(pid_study/tuned/all_joints/tuned_alljoints) by extension 'python'
[0.353s] Level 1:colcon.colcon_core.package_identification:_identify(pid_study/tuned/all_joints/tuned_alljoints) by extensions ['python_setup_py']
[0.353s] Level 1:colcon.colcon_core.package_identification:_identify(pid_study/tuned/all_joints/tuned_alljoints) by extension 'python_setup_py'
[0.353s] Level 1:colcon.colcon_core.package_identification:_identify(pid_study/untuned) by extensions ['ignore', 'ignore_ament_install']
[0.353s] Level 1:colcon.colcon_core.package_identification:_identify(pid_study/untuned) by extension 'ignore'
[0.353s] Level 1:colcon.colcon_core.package_identification:_identify(pid_study/untuned) by extension 'ignore_ament_install'
[0.353s] Level 1:colcon.colcon_core.package_identification:_identify(pid_study/untuned) by extensions ['colcon_pkg']
[0.353s] Level 1:colcon.colcon_core.package_identification:_identify(pid_study/untuned) by extension 'colcon_pkg'
[0.353s] Level 1:colcon.colcon_core.package_identification:_identify(pid_study/untuned) by extensions ['colcon_meta']
[0.353s] Level 1:colcon.colcon_core.package_identification:_identify(pid_study/untuned) by extension 'colcon_meta'
[0.353s] Level 1:colcon.colcon_core.package_identification:_identify(pid_study/untuned) by extensions ['ros']
[0.353s] Level 1:colcon.colcon_core.package_identification:_identify(pid_study/untuned) by extension 'ros'
[0.353s] Level 1:colcon.colcon_core.package_identification:_identify(pid_study/untuned) by extensions ['cmake', 'python']
[0.353s] Level 1:colcon.colcon_core.package_identification:_identify(pid_study/untuned) by extension 'cmake'
[0.353s] Level 1:colcon.colcon_core.package_identification:_identify(pid_study/untuned) by extension 'python'
[0.353s] Level 1:colcon.colcon_core.package_identification:_identify(pid_study/untuned) by extensions ['python_setup_py']
[0.353s] Level 1:colcon.colcon_core.package_identification:_identify(pid_study/untuned) by extension 'python_setup_py'
[0.353s] Level 1:colcon.colcon_core.package_identification:_identify(pid_study/untuned/all_joints) by extensions ['ignore', 'ignore_ament_install']
[0.353s] Level 1:colcon.colcon_core.package_identification:_identify(pid_study/untuned/all_joints) by extension 'ignore'
[0.353s] Level 1:colcon.colcon_core.package_identification:_identify(pid_study/untuned/all_joints) by extension 'ignore_ament_install'
[0.353s] Level 1:colcon.colcon_core.package_identification:_identify(pid_study/untuned/all_joints) by extensions ['colcon_pkg']
[0.354s] Level 1:colcon.colcon_core.package_identification:_identify(pid_study/untuned/all_joints) by extension 'colcon_pkg'
[0.354s] Level 1:colcon.colcon_core.package_identification:_identify(pid_study/untuned/all_joints) by extensions ['colcon_meta']
[0.354s] Level 1:colcon.colcon_core.package_identification:_identify(pid_study/untuned/all_joints) by extension 'colcon_meta'
[0.354s] Level 1:colcon.colcon_core.package_identification:_identify(pid_study/untuned/all_joints) by extensions ['ros']
[0.354s] Level 1:colcon.colcon_core.package_identification:_identify(pid_study/untuned/all_joints) by extension 'ros'
[0.354s] Level 1:colcon.colcon_core.package_identification:_identify(pid_study/untuned/all_joints) by extensions ['cmake', 'python']
[0.354s] Level 1:colcon.colcon_core.package_identification:_identify(pid_study/untuned/all_joints) by extension 'cmake'
[0.354s] Level 1:colcon.colcon_core.package_identification:_identify(pid_study/untuned/all_joints) by extension 'python'
[0.354s] Level 1:colcon.colcon_core.package_identification:_identify(pid_study/untuned/all_joints) by extensions ['python_setup_py']
[0.354s] Level 1:colcon.colcon_core.package_identification:_identify(pid_study/untuned/all_joints) by extension 'python_setup_py'
[0.354s] Level 1:colcon.colcon_core.package_identification:_identify(pid_study/untuned/all_joints/untuned_alljoints) by extensions ['ignore', 'ignore_ament_install']
[0.354s] Level 1:colcon.colcon_core.package_identification:_identify(pid_study/untuned/all_joints/untuned_alljoints) by extension 'ignore'
[0.354s] Level 1:colcon.colcon_core.package_identification:_identify(pid_study/untuned/all_joints/untuned_alljoints) by extension 'ignore_ament_install'
[0.354s] Level 1:colcon.colcon_core.package_identification:_identify(pid_study/untuned/all_joints/untuned_alljoints) by extensions ['colcon_pkg']
[0.354s] Level 1:colcon.colcon_core.package_identification:_identify(pid_study/untuned/all_joints/untuned_alljoints) by extension 'colcon_pkg'
[0.354s] Level 1:colcon.colcon_core.package_identification:_identify(pid_study/untuned/all_joints/untuned_alljoints) by extensions ['colcon_meta']
[0.354s] Level 1:colcon.colcon_core.package_identification:_identify(pid_study/untuned/all_joints/untuned_alljoints) by extension 'colcon_meta'
[0.354s] Level 1:colcon.colcon_core.package_identification:_identify(pid_study/untuned/all_joints/untuned_alljoints) by extensions ['ros']
[0.354s] Level 1:colcon.colcon_core.package_identification:_identify(pid_study/untuned/all_joints/untuned_alljoints) by extension 'ros'
[0.354s] Level 1:colcon.colcon_core.package_identification:_identify(pid_study/untuned/all_joints/untuned_alljoints) by extensions ['cmake', 'python']
[0.354s] Level 1:colcon.colcon_core.package_identification:_identify(pid_study/untuned/all_joints/untuned_alljoints) by extension 'cmake'
[0.354s] Level 1:colcon.colcon_core.package_identification:_identify(pid_study/untuned/all_joints/untuned_alljoints) by extension 'python'
[0.354s] Level 1:colcon.colcon_core.package_identification:_identify(pid_study/untuned/all_joints/untuned_alljoints) by extensions ['python_setup_py']
[0.354s] Level 1:colcon.colcon_core.package_identification:_identify(pid_study/untuned/all_joints/untuned_alljoints) by extension 'python_setup_py'
[0.354s] Level 1:colcon.colcon_core.package_identification:_identify(pid_study/untuned/all_joints/untuned_joint4) by extensions ['ignore', 'ignore_ament_install']
[0.355s] Level 1:colcon.colcon_core.package_identification:_identify(pid_study/untuned/all_joints/untuned_joint4) by extension 'ignore'
[0.355s] Level 1:colcon.colcon_core.package_identification:_identify(pid_study/untuned/all_joints/untuned_joint4) by extension 'ignore_ament_install'
[0.355s] Level 1:colcon.colcon_core.package_identification:_identify(pid_study/untuned/all_joints/untuned_joint4) by extensions ['colcon_pkg']
[0.355s] Level 1:colcon.colcon_core.package_identification:_identify(pid_study/untuned/all_joints/untuned_joint4) by extension 'colcon_pkg'
[0.355s] Level 1:colcon.colcon_core.package_identification:_identify(pid_study/untuned/all_joints/untuned_joint4) by extensions ['colcon_meta']
[0.355s] Level 1:colcon.colcon_core.package_identification:_identify(pid_study/untuned/all_joints/untuned_joint4) by extension 'colcon_meta'
[0.355s] Level 1:colcon.colcon_core.package_identification:_identify(pid_study/untuned/all_joints/untuned_joint4) by extensions ['ros']
[0.355s] Level 1:colcon.colcon_core.package_identification:_identify(pid_study/untuned/all_joints/untuned_joint4) by extension 'ros'
[0.355s] Level 1:colcon.colcon_core.package_identification:_identify(pid_study/untuned/all_joints/untuned_joint4) by extensions ['cmake', 'python']
[0.355s] Level 1:colcon.colcon_core.package_identification:_identify(pid_study/untuned/all_joints/untuned_joint4) by extension 'cmake'
[0.355s] Level 1:colcon.colcon_core.package_identification:_identify(pid_study/untuned/all_joints/untuned_joint4) by extension 'python'
[0.355s] Level 1:colcon.colcon_core.package_identification:_identify(pid_study/untuned/all_joints/untuned_joint4) by extensions ['python_setup_py']
[0.355s] Level 1:colcon.colcon_core.package_identification:_identify(pid_study/untuned/all_joints/untuned_joint4) by extension 'python_setup_py'
[0.355s] Level 1:colcon.colcon_core.package_identification:_identify(scripts) by extensions ['ignore', 'ignore_ament_install']
[0.355s] Level 1:colcon.colcon_core.package_identification:_identify(scripts) by extension 'ignore'
[0.355s] Level 1:colcon.colcon_core.package_identification:_identify(scripts) by extension 'ignore_ament_install'
[0.355s] Level 1:colcon.colcon_core.package_identification:_identify(scripts) by extensions ['colcon_pkg']
[0.355s] Level 1:colcon.colcon_core.package_identification:_identify(scripts) by extension 'colcon_pkg'
[0.355s] Level 1:colcon.colcon_core.package_identification:_identify(scripts) by extensions ['colcon_meta']
[0.355s] Level 1:colcon.colcon_core.package_identification:_identify(scripts) by extension 'colcon_meta'
[0.355s] Level 1:colcon.colcon_core.package_identification:_identify(scripts) by extensions ['ros']
[0.355s] Level 1:colcon.colcon_core.package_identification:_identify(scripts) by extension 'ros'
[0.355s] Level 1:colcon.colcon_core.package_identification:_identify(scripts) by extensions ['cmake', 'python']
[0.355s] Level 1:colcon.colcon_core.package_identification:_identify(scripts) by extension 'cmake'
[0.355s] Level 1:colcon.colcon_core.package_identification:_identify(scripts) by extension 'python'
[0.355s] Level 1:colcon.colcon_core.package_identification:_identify(scripts) by extensions ['python_setup_py']
[0.355s] Level 1:colcon.colcon_core.package_identification:_identify(scripts) by extension 'python_setup_py'
[0.356s] Level 1:colcon.colcon_core.package_identification:_identify(src) by extensions ['ignore', 'ignore_ament_install']
[0.356s] Level 1:colcon.colcon_core.package_identification:_identify(src) by extension 'ignore'
[0.356s] Level 1:colcon.colcon_core.package_identification:_identify(src) by extension 'ignore_ament_install'
[0.356s] Level 1:colcon.colcon_core.package_identification:_identify(src) by extensions ['colcon_pkg']
[0.356s] Level 1:colcon.colcon_core.package_identification:_identify(src) by extension 'colcon_pkg'
[0.356s] Level 1:colcon.colcon_core.package_identification:_identify(src) by extensions ['colcon_meta']
[0.356s] Level 1:colcon.colcon_core.package_identification:_identify(src) by extension 'colcon_meta'
[0.356s] Level 1:colcon.colcon_core.package_identification:_identify(src) by extensions ['ros']
[0.356s] Level 1:colcon.colcon_core.package_identification:_identify(src) by extension 'ros'
[0.356s] Level 1:colcon.colcon_core.package_identification:_identify(src) by extensions ['cmake', 'python']
[0.356s] Level 1:colcon.colcon_core.package_identification:_identify(src) by extension 'cmake'
[0.356s] Level 1:colcon.colcon_core.package_identification:_identify(src) by extension 'python'
[0.356s] Level 1:colcon.colcon_core.package_identification:_identify(src) by extensions ['python_setup_py']
[0.356s] Level 1:colcon.colcon_core.package_identification:_identify(src) by extension 'python_setup_py'
[0.356s] Level 1:colcon.colcon_core.package_identification:_identify(src/build) by extensions ['ignore', 'ignore_ament_install']
[0.356s] Level 1:colcon.colcon_core.package_identification:_identify(src/build) by extension 'ignore'
[0.356s] Level 1:colcon.colcon_core.package_identification:_identify(src/build) ignored
[0.356s] Level 1:colcon.colcon_core.package_identification:_identify(src/feedbot_description) by extensions ['ignore', 'ignore_ament_install']
[0.356s] Level 1:colcon.colcon_core.package_identification:_identify(src/feedbot_description) by extension 'ignore'
[0.356s] Level 1:colcon.colcon_core.package_identification:_identify(src/feedbot_description) by extension 'ignore_ament_install'
[0.356s] Level 1:colcon.colcon_core.package_identification:_identify(src/feedbot_description) by extensions ['colcon_pkg']
[0.356s] Level 1:colcon.colcon_core.package_identification:_identify(src/feedbot_description) by extension 'colcon_pkg'
[0.356s] Level 1:colcon.colcon_core.package_identification:_identify(src/feedbot_description) by extensions ['colcon_meta']
[0.357s] Level 1:colcon.colcon_core.package_identification:_identify(src/feedbot_description) by extension 'colcon_meta'
[0.357s] Level 1:colcon.colcon_core.package_identification:_identify(src/feedbot_description) by extensions ['ros']
[0.357s] Level 1:colcon.colcon_core.package_identification:_identify(src/feedbot_description) by extension 'ros'
[0.358s] DEBUG:colcon.colcon_core.package_identification:Package 'src/feedbot_description' with type 'ros.ament_cmake' and name 'feedbot_description'
[0.358s] Level 1:colcon.colcon_core.package_identification:_identify(src/feedbot_fusion) by extensions ['ignore', 'ignore_ament_install']
[0.358s] Level 1:colcon.colcon_core.package_identification:_identify(src/feedbot_fusion) by extension 'ignore'
[0.358s] Level 1:colcon.colcon_core.package_identification:_identify(src/feedbot_fusion) by extension 'ignore_ament_install'
[0.358s] Level 1:colcon.colcon_core.package_identification:_identify(src/feedbot_fusion) by extensions ['colcon_pkg']
[0.358s] Level 1:colcon.colcon_core.package_identification:_identify(src/feedbot_fusion) by extension 'colcon_pkg'
[0.358s] Level 1:colcon.colcon_core.package_identification:_identify(src/feedbot_fusion) by extensions ['colcon_meta']
[0.358s] Level 1:colcon.colcon_core.package_identification:_identify(src/feedbot_fusion) by extension 'colcon_meta'
[0.358s] Level 1:colcon.colcon_core.package_identification:_identify(src/feedbot_fusion) by extensions ['ros']
[0.358s] Level 1:colcon.colcon_core.package_identification:_identify(src/feedbot_fusion) by extension 'ros'
[0.359s] DEBUG:colcon.colcon_core.package_identification:Package 'src/feedbot_fusion' with type 'ros.ament_python' and name 'feedbot_fusion'
[0.359s] Level 1:colcon.colcon_core.package_identification:_identify(src/log) by extensions ['ignore', 'ignore_ament_install']
[0.359s] Level 1:colcon.colcon_core.package_identification:_identify(src/log) by extension 'ignore'
[0.359s] Level 1:colcon.colcon_core.package_identification:_identify(src/log) ignored
[0.359s] Level 1:colcon.colcon_core.package_identification:_identify(src/pid_logger) by extensions ['ignore', 'ignore_ament_install']
[0.359s] Level 1:colcon.colcon_core.package_identification:_identify(src/pid_logger) by extension 'ignore'
[0.359s] Level 1:colcon.colcon_core.package_identification:_identify(src/pid_logger) by extension 'ignore_ament_install'
[0.359s] Level 1:colcon.colcon_core.package_identification:_identify(src/pid_logger) by extensions ['colcon_pkg']
[0.359s] Level 1:colcon.colcon_core.package_identification:_identify(src/pid_logger) by extension 'colcon_pkg'
[0.359s] Level 1:colcon.colcon_core.package_identification:_identify(src/pid_logger) by extensions ['colcon_meta']
[0.359s] Level 1:colcon.colcon_core.package_identification:_identify(src/pid_logger) by extension 'colcon_meta'
[0.359s] Level 1:colcon.colcon_core.package_identification:_identify(src/pid_logger) by extensions ['ros']
[0.359s] Level 1:colcon.colcon_core.package_identification:_identify(src/pid_logger) by extension 'ros'
[0.360s] DEBUG:colcon.colcon_core.package_identification:Package 'src/pid_logger' with type 'ros.ament_python' and name 'pid_logger'
[0.360s] Level 1:colcon.colcon_core.package_discovery:discover_packages(recursive) using defaults
[0.360s] Level 1:colcon.colcon_core.package_discovery:discover_packages(ignore) discover
[0.360s] Level 1:colcon.colcon_core.package_discovery:discover_packages(ignore) using defaults
[0.360s] Level 1:colcon.colcon_core.package_discovery:discover_packages(path) discover
[0.360s] Level 1:colcon.colcon_core.package_discovery:discover_packages(path) using defaults
[0.391s] Level 1:colcon.colcon_core.package_discovery:discover_packages(prefix_path) check parameters
[0.391s] Level 1:colcon.colcon_core.package_discovery:discover_packages(prefix_path) discover
[0.393s] DEBUG:colcon.colcon_installed_package_information.package_discovery:Found 5 installed packages in /home/dell/ros2_feedbot_ws/install
[0.394s] DEBUG:colcon.colcon_installed_package_information.package_discovery:Found 1 installed packages in /home/dell/ros2_ws/install
[0.395s] DEBUG:colcon.colcon_installed_package_information.package_discovery:Found 385 installed packages in /opt/ros/humble
[0.396s] Level 1:colcon.colcon_core.package_discovery:discover_packages(prefix_path) using defaults
[0.442s] Level 5:colcon.colcon_core.verb:set package 'feedbot_description' build argument 'cmake_args' from command line to 'None'
[0.442s] Level 5:colcon.colcon_core.verb:set package 'feedbot_description' build argument 'cmake_target' from command line to 'None'
[0.442s] Level 5:colcon.colcon_core.verb:set package 'feedbot_description' build argument 'cmake_target_skip_unavailable' from command line to 'False'
[0.442s] Level 5:colcon.colcon_core.verb:set package 'feedbot_description' build argument 'cmake_clean_cache' from command line to 'False'
[0.442s] Level 5:colcon.colcon_core.verb:set package 'feedbot_description' build argument 'cmake_clean_first' from command line to 'False'
[0.442s] Level 5:colcon.colcon_core.verb:set package 'feedbot_description' build argument 'cmake_force_configure' from command line to 'False'
[0.442s] Level 5:colcon.colcon_core.verb:set package 'feedbot_description' build argument 'ament_cmake_args' from command line to 'None'
[0.442s] Level 5:colcon.colcon_core.verb:set package 'feedbot_description' build argument 'catkin_cmake_args' from command line to 'None'
[0.442s] Level 5:colcon.colcon_core.verb:set package 'feedbot_description' build argument 'catkin_skip_building_tests' from command line to 'False'
[0.442s] DEBUG:colcon.colcon_core.verb:Building package 'feedbot_description' with the following arguments: {'ament_cmake_args': None, 'build_base': '/home/dell/ros2_feedbot_ws/build/feedbot_description', 'catkin_cmake_args': None, 'catkin_skip_building_tests': False, 'cmake_args': None, 'cmake_clean_cache': False, 'cmake_clean_first': False, 'cmake_force_configure': False, 'cmake_target': None, 'cmake_target_skip_unavailable': False, 'install_base': '/home/dell/ros2_feedbot_ws/install/feedbot_description', 'merge_install': False, 'path': '/home/dell/ros2_feedbot_ws/src/feedbot_description', 'symlink_install': False, 'test_result_base': None}
[0.443s] Level 5:colcon.colcon_core.verb:set package 'feedbot_fusion' build argument 'cmake_args' from command line to 'None'
[0.443s] Level 5:colcon.colcon_core.verb:set package 'feedbot_fusion' build argument 'cmake_target' from command line to 'None'
[0.443s] Level 5:colcon.colcon_core.verb:set package 'feedbot_fusion' build argument 'cmake_target_skip_unavailable' from command line to 'False'
[0.443s] Level 5:colcon.colcon_core.verb:set package 'feedbot_fusion' build argument 'cmake_clean_cache' from command line to 'False'
[0.443s] Level 5:colcon.colcon_core.verb:set package 'feedbot_fusion' build argument 'cmake_clean_first' from command line to 'False'
[0.443s] Level 5:colcon.colcon_core.verb:set package 'feedbot_fusion' build argument 'cmake_force_configure' from command line to 'False'
[0.443s] Level 5:colcon.colcon_core.verb:set package 'feedbot_fusion' build argument 'ament_cmake_args' from command line to 'None'
[0.443s] Level 5:colcon.colcon_core.verb:set package 'feedbot_fusion' build argument 'catkin_cmake_args' from command line to 'None'
[0.443s] Level 5:colcon.colcon_core.verb:set package 'feedbot_fusion' build argument 'catkin_skip_building_tests' from command line to 'False'
[0.443s] DEBUG:colcon.colcon_core.verb:Building package 'feedbot_fusion' with the following arguments: {'ament_cmake_args': None, 'build_base': '/home/dell/ros2_feedbot_ws/build/feedbot_fusion', 'catkin_cmake_args': None, 'catkin_skip_building_tests': False, 'cmake_args': None, 'cmake_clean_cache': False, 'cmake_clean_first': False, 'cmake_force_configure': False, 'cmake_target': None, 'cmake_target_skip_unavailable': False, 'install_base': '/home/dell/ros2_feedbot_ws/install/feedbot_fusion', 'merge_install': False, 'path': '/home/dell/ros2_feedbot_ws/src/feedbot_fusion', 'symlink_install': False, 'test_result_base': None}
[0.443s] Level 5:colcon.colcon_core.verb:set package 'feedbot_sensors' build argument 'cmake_args' from command line to 'None'
[0.443s] Level 5:colcon.colcon_core.verb:set package 'feedbot_sensors' build argument 'cmake_target' from command line to 'None'
[0.443s] Level 5:colcon.colcon_core.verb:set package 'feedbot_sensors' build argument 'cmake_target_skip_unavailable' from command line to 'False'
[0.443s] Level 5:colcon.colcon_core.verb:set package 'feedbot_sensors' build argument 'cmake_clean_cache' from command line to 'False'
[0.443s] Level 5:colcon.colcon_core.verb:set package 'feedbot_sensors' build argument 'cmake_clean_first' from command line to 'False'
[0.443s] Level 5:colcon.colcon_core.verb:set package 'feedbot_sensors' build argument 'cmake_force_configure' from command line to 'False'
[0.443s] Level 5:colcon.colcon_core.verb:set package 'feedbot_sensors' build argument 'ament_cmake_args' from command line to 'None'
[0.443s] Level 5:colcon.colcon_core.verb:set package 'feedbot_sensors' build argument 'catkin_cmake_args' from command line to 'None'
[0.443s] Level 5:colcon.colcon_core.verb:set package 'feedbot_sensors' build argument 'catkin_skip_building_tests' from command line to 'False'
[0.443s] DEBUG:colcon.colcon_core.verb:Building package 'feedbot_sensors' with the following arguments: {'ament_cmake_args': None, 'build_base': '/home/dell/ros2_feedbot_ws/build/feedbot_sensors', 'catkin_cmake_args': None, 'catkin_skip_building_tests': False, 'cmake_args': None, 'cmake_clean_cache': False, 'cmake_clean_first': False, 'cmake_force_configure': False, 'cmake_target': None, 'cmake_target_skip_unavailable': False, 'install_base': '/home/dell/ros2_feedbot_ws/install/feedbot_sensors', 'merge_install': False, 'path': '/home/dell/ros2_feedbot_ws/feedbot_sensors', 'symlink_install': False, 'test_result_base': None}
[0.444s] Level 5:colcon.colcon_core.verb:set package 'pid_logger' build argument 'cmake_args' from command line to 'None'
[0.444s] Level 5:colcon.colcon_core.verb:set package 'pid_logger' build argument 'cmake_target' from command line to 'None'
[0.444s] Level 5:colcon.colcon_core.verb:set package 'pid_logger' build argument 'cmake_target_skip_unavailable' from command line to 'False'
[0.444s] Level 5:colcon.colcon_core.verb:set package 'pid_logger' build argument 'cmake_clean_cache' from command line to 'False'
[0.444s] Level 5:colcon.colcon_core.verb:set package 'pid_logger' build argument 'cmake_clean_first' from command line to 'False'
[0.444s] Level 5:colcon.colcon_core.verb:set package 'pid_logger' build argument 'cmake_force_configure' from command line to 'False'
[0.444s] Level 5:colcon.colcon_core.verb:set package 'pid_logger' build argument 'ament_cmake_args' from command line to 'None'
[0.444s] Level 5:colcon.colcon_core.verb:set package 'pid_logger' build argument 'catkin_cmake_args' from command line to 'None'
[0.444s] Level 5:colcon.colcon_core.verb:set package 'pid_logger' build argument 'catkin_skip_building_tests' from command line to 'False'
[0.444s] DEBUG:colcon.colcon_core.verb:Building package 'pid_logger' with the following arguments: {'ament_cmake_args': None, 'build_base': '/home/dell/ros2_feedbot_ws/build/pid_logger', 'catkin_cmake_args': None, 'catkin_skip_building_tests': False, 'cmake_args': None, 'cmake_clean_cache': False, 'cmake_clean_first': False, 'cmake_force_configure': False, 'cmake_target': None, 'cmake_target_skip_unavailable': False, 'install_base': '/home/dell/ros2_feedbot_ws/install/pid_logger', 'merge_install': False, 'path': '/home/dell/ros2_feedbot_ws/src/pid_logger', 'symlink_install': False, 'test_result_base': None}
[0.444s] Level 5:colcon.colcon_core.verb:set package 'feedbot_moveit_config' build argument 'cmake_args' from command line to 'None'
[0.444s] Level 5:colcon.colcon_core.verb:set package 'feedbot_moveit_config' build argument 'cmake_target' from command line to 'None'
[0.444s] Level 5:colcon.colcon_core.verb:set package 'feedbot_moveit_config' build argument 'cmake_target_skip_unavailable' from command line to 'False'
[0.444s] Level 5:colcon.colcon_core.verb:set package 'feedbot_moveit_config' build argument 'cmake_clean_cache' from command line to 'False'
[0.444s] Level 5:colcon.colcon_core.verb:set package 'feedbot_moveit_config' build argument 'cmake_clean_first' from command line to 'False'
[0.444s] Level 5:colcon.colcon_core.verb:set package 'feedbot_moveit_config' build argument 'cmake_force_configure' from command line to 'False'
[0.444s] Level 5:colcon.colcon_core.verb:set package 'feedbot_moveit_config' build argument 'ament_cmake_args' from command line to 'None'
[0.444s] Level 5:colcon.colcon_core.verb:set package 'feedbot_moveit_config' build argument 'catkin_cmake_args' from command line to 'None'
[0.444s] Level 5:colcon.colcon_core.verb:set package 'feedbot_moveit_config' build argument 'catkin_skip_building_tests' from command line to 'False'
[0.444s] DEBUG:colcon.colcon_core.verb:Building package 'feedbot_moveit_config' with the following arguments: {'ament_cmake_args': None, 'build_base': '/home/dell/ros2_feedbot_ws/build/feedbot_moveit_config', 'catkin_cmake_args': None, 'catkin_skip_building_tests': False, 'cmake_args': None, 'cmake_clean_cache': False, 'cmake_clean_first': False, 'cmake_force_configure': False, 'cmake_target': None, 'cmake_target_skip_unavailable': False, 'install_base': '/home/dell/ros2_feedbot_ws/install/feedbot_moveit_config', 'merge_install': False, 'path': '/home/dell/ros2_feedbot_ws/feedbot_moveit_config', 'symlink_install': False, 'test_result_base': None}
[0.444s] INFO:colcon.colcon_core.executor:Executing jobs using 'parallel' executor
[0.445s] DEBUG:colcon.colcon_parallel_executor.executor.parallel:run_until_complete
[0.446s] INFO:colcon.colcon_ros.task.ament_cmake.build:Building ROS package in '/home/dell/ros2_feedbot_ws/src/feedbot_description' with build type 'ament_cmake'
[0.446s] INFO:colcon.colcon_cmake.task.cmake.build:Building CMake package in '/home/dell/ros2_feedbot_ws/src/feedbot_description'
[0.450s] INFO:colcon.colcon_core.plugin_system:Skipping extension 'colcon_core.shell.bat': Not used on non-Windows systems
[0.450s] INFO:colcon.colcon_core.shell:Skip shell extension 'powershell' for command environment: Not usable outside of PowerShell
[0.450s] DEBUG:colcon.colcon_core.shell:Skip shell extension 'dsv' for command environment
[0.453s] INFO:colcon.colcon_ros.task.ament_python.build:Building ROS package in '/home/dell/ros2_feedbot_ws/src/feedbot_fusion' with build type 'ament_python'
[0.454s] Level 1:colcon.colcon_core.shell:create_environment_hook('feedbot_fusion', 'ament_prefix_path')
[0.454s] INFO:colcon.colcon_core.shell:Creating environment hook '/home/dell/ros2_feedbot_ws/install/feedbot_fusion/share/feedbot_fusion/hook/ament_prefix_path.ps1'
[0.454s] INFO:colcon.colcon_core.shell:Creating environment descriptor '/home/dell/ros2_feedbot_ws/install/feedbot_fusion/share/feedbot_fusion/hook/ament_prefix_path.dsv'
[0.455s] INFO:colcon.colcon_core.shell:Creating environment hook '/home/dell/ros2_feedbot_ws/install/feedbot_fusion/share/feedbot_fusion/hook/ament_prefix_path.sh'
[0.455s] INFO:colcon.colcon_core.shell:Skip shell extension 'powershell' for command environment: Not usable outside of PowerShell
[0.455s] DEBUG:colcon.colcon_core.shell:Skip shell extension 'dsv' for command environment
[0.458s] INFO:colcon.colcon_ros.task.ament_python.build:Building ROS package in '/home/dell/ros2_feedbot_ws/feedbot_sensors' with build type 'ament_python'
[0.458s] Level 1:colcon.colcon_core.shell:create_environment_hook('feedbot_sensors', 'ament_prefix_path')
[0.459s] INFO:colcon.colcon_core.shell:Creating environment hook '/home/dell/ros2_feedbot_ws/install/feedbot_sensors/share/feedbot_sensors/hook/ament_prefix_path.ps1'
[0.459s] INFO:colcon.colcon_core.shell:Creating environment descriptor '/home/dell/ros2_feedbot_ws/install/feedbot_sensors/share/feedbot_sensors/hook/ament_prefix_path.dsv'
[0.459s] INFO:colcon.colcon_core.shell:Creating environment hook '/home/dell/ros2_feedbot_ws/install/feedbot_sensors/share/feedbot_sensors/hook/ament_prefix_path.sh'
[0.460s] INFO:colcon.colcon_core.shell:Skip shell extension 'powershell' for command environment: Not usable outside of PowerShell
[0.460s] DEBUG:colcon.colcon_core.shell:Skip shell extension 'dsv' for command environment
[0.463s] INFO:colcon.colcon_ros.task.ament_python.build:Building ROS package in '/home/dell/ros2_feedbot_ws/src/pid_logger' with build type 'ament_python'
[0.463s] Level 1:colcon.colcon_core.shell:create_environment_hook('pid_logger', 'ament_prefix_path')
[0.463s] INFO:colcon.colcon_core.shell:Creating environment hook '/home/dell/ros2_feedbot_ws/install/pid_logger/share/pid_logger/hook/ament_prefix_path.ps1'
[0.464s] INFO:colcon.colcon_core.shell:Creating environment descriptor '/home/dell/ros2_feedbot_ws/install/pid_logger/share/pid_logger/hook/ament_prefix_path.dsv'
[0.464s] INFO:colcon.colcon_core.shell:Creating environment hook '/home/dell/ros2_feedbot_ws/install/pid_logger/share/pid_logger/hook/ament_prefix_path.sh'
[0.465s] INFO:colcon.colcon_core.shell:Skip shell extension 'powershell' for command environment: Not usable outside of PowerShell
[0.465s] DEBUG:colcon.colcon_core.shell:Skip shell extension 'dsv' for command environment
[0.477s] DEBUG:colcon.colcon_core.event_handler.log_command:Invoking command in '/home/dell/ros2_feedbot_ws/build/feedbot_description': CMAKE_PREFIX_PATH=${CMAKE_PREFIX_PATH}:/home/dell/ros2_feedbot_ws/install/pid_logger:/home/dell/ros2_feedbot_ws/install/feedbot_sensors:/home/dell/ros2_feedbot_ws/install/feedbot_fusion:/opt/ros/humble /usr/bin/cmake --build /home/dell/ros2_feedbot_ws/build/feedbot_description -- -j12 -l12
[0.743s] WARNING:colcon.colcon_ros.task.ament_python.build:Package 'feedbot_fusion' doesn't explicitly install a marker in the package index (colcon-ros currently does it implicitly but that fallback will be removed in the future)
[0.743s] WARNING:colcon.colcon_ros.task.ament_python.build:Package 'feedbot_fusion' doesn't explicitly install the 'package.xml' file (colcon-ros currently does it implicitly but that fallback will be removed in the future)
[0.743s] INFO:colcon.colcon_core.task.python.build:Building Python package in '/home/dell/ros2_feedbot_ws/src/feedbot_fusion'
[0.743s] INFO:colcon.colcon_core.shell:Skip shell extension 'powershell' for command environment: Not usable outside of PowerShell
[0.743s] DEBUG:colcon.colcon_core.shell:Skip shell extension 'dsv' for command environment
[1.003s] INFO:colcon.colcon_core.task.python.build:Building Python package in '/home/dell/ros2_feedbot_ws/feedbot_sensors'
[1.003s] INFO:colcon.colcon_core.shell:Skip shell extension 'powershell' for command environment: Not usable outside of PowerShell
[1.003s] DEBUG:colcon.colcon_core.shell:Skip shell extension 'dsv' for command environment
[1.262s] INFO:colcon.colcon_core.task.python.build:Building Python package in '/home/dell/ros2_feedbot_ws/src/pid_logger'
[1.262s] INFO:colcon.colcon_core.shell:Skip shell extension 'powershell' for command environment: Not usable outside of PowerShell
[1.262s] DEBUG:colcon.colcon_core.shell:Skip shell extension 'dsv' for command environment
[1.267s] DEBUG:colcon.colcon_core.event_handler.log_command:Invoked command in '/home/dell/ros2_feedbot_ws/build/feedbot_description' returned '0': CMAKE_PREFIX_PATH=${CMAKE_PREFIX_PATH}:/home/dell/ros2_feedbot_ws/install/pid_logger:/home/dell/ros2_feedbot_ws/install/feedbot_sensors:/home/dell/ros2_feedbot_ws/install/feedbot_fusion:/opt/ros/humble /usr/bin/cmake --build /home/dell/ros2_feedbot_ws/build/feedbot_description -- -j12 -l12
[1.280s] DEBUG:colcon.colcon_core.event_handler.log_command:Invoking command in '/home/dell/ros2_feedbot_ws/build/feedbot_description': CMAKE_PREFIX_PATH=${CMAKE_PREFIX_PATH}:/home/dell/ros2_feedbot_ws/install/pid_logger:/home/dell/ros2_feedbot_ws/install/feedbot_sensors:/home/dell/ros2_feedbot_ws/install/feedbot_fusion:/opt/ros/humble /usr/bin/cmake --install /home/dell/ros2_feedbot_ws/build/feedbot_description
[1.291s] Level 1:colcon.colcon_core.environment:create_environment_scripts_only(feedbot_description)
[1.291s] DEBUG:colcon.colcon_core.event_handler.log_command:Invoked command in '/home/dell/ros2_feedbot_ws/build/feedbot_description' returned '0': CMAKE_PREFIX_PATH=${CMAKE_PREFIX_PATH}:/home/dell/ros2_feedbot_ws/install/pid_logger:/home/dell/ros2_feedbot_ws/install/feedbot_sensors:/home/dell/ros2_feedbot_ws/install/feedbot_fusion:/opt/ros/humble /usr/bin/cmake --install /home/dell/ros2_feedbot_ws/build/feedbot_description
[1.296s] Level 1:colcon.colcon_core.environment:checking '/home/dell/ros2_feedbot_ws/install/feedbot_description' for CMake module files
[1.297s] Level 1:colcon.colcon_core.environment:checking '/home/dell/ros2_feedbot_ws/install/feedbot_description' for CMake config files
[1.298s] Level 1:colcon.colcon_core.shell:create_environment_hook('feedbot_description', 'cmake_prefix_path')
[1.298s] INFO:colcon.colcon_core.shell:Creating environment hook '/home/dell/ros2_feedbot_ws/install/feedbot_description/share/feedbot_description/hook/cmake_prefix_path.ps1'
[1.299s] INFO:colcon.colcon_core.shell:Creating environment descriptor '/home/dell/ros2_feedbot_ws/install/feedbot_description/share/feedbot_description/hook/cmake_prefix_path.dsv'
[1.299s] INFO:colcon.colcon_core.shell:Creating environment hook '/home/dell/ros2_feedbot_ws/install/feedbot_description/share/feedbot_description/hook/cmake_prefix_path.sh'
[1.300s] Level 1:colcon.colcon_core.environment:checking '/home/dell/ros2_feedbot_ws/install/feedbot_description/lib'
[1.300s] Level 1:colcon.colcon_core.environment:checking '/home/dell/ros2_feedbot_ws/install/feedbot_description/bin'
[1.300s] Level 1:colcon.colcon_core.environment:checking '/home/dell/ros2_feedbot_ws/install/feedbot_description/lib/pkgconfig/feedbot_description.pc'
[1.301s] Level 1:colcon.colcon_core.environment:checking '/home/dell/ros2_feedbot_ws/install/feedbot_description/lib/python3.10/site-packages'
[1.301s] Level 1:colcon.colcon_core.environment:checking '/home/dell/ros2_feedbot_ws/install/feedbot_description/bin'
[1.302s] INFO:colcon.colcon_core.shell:Creating package script '/home/dell/ros2_feedbot_ws/install/feedbot_description/share/feedbot_description/package.ps1'
[1.304s] INFO:colcon.colcon_core.shell:Creating package descriptor '/home/dell/ros2_feedbot_ws/install/feedbot_description/share/feedbot_description/package.dsv'
[1.305s] INFO:colcon.colcon_core.shell:Creating package script '/home/dell/ros2_feedbot_ws/install/feedbot_description/share/feedbot_description/package.sh'
[1.306s] INFO:colcon.colcon_core.shell:Creating package script '/home/dell/ros2_feedbot_ws/install/feedbot_description/share/feedbot_description/package.bash'
[1.308s] INFO:colcon.colcon_core.shell:Creating package script '/home/dell/ros2_feedbot_ws/install/feedbot_description/share/feedbot_description/package.zsh'
[1.309s] Level 1:colcon.colcon_core.environment:create_file_with_runtime_dependencies(/home/dell/ros2_feedbot_ws/install/feedbot_description/share/colcon-core/packages/feedbot_description)
[1.309s] Level 1:colcon.colcon_core.environment:create_environment_scripts_only(feedbot_description)
[1.310s] Level 1:colcon.colcon_core.environment:checking '/home/dell/ros2_feedbot_ws/install/feedbot_description' for CMake module files
[1.311s] Level 1:colcon.colcon_core.environment:checking '/home/dell/ros2_feedbot_ws/install/feedbot_description' for CMake config files
[1.311s] Level 1:colcon.colcon_core.shell:create_environment_hook('feedbot_description', 'cmake_prefix_path')
[1.312s] INFO:colcon.colcon_core.shell:Creating environment hook '/home/dell/ros2_feedbot_ws/install/feedbot_description/share/feedbot_description/hook/cmake_prefix_path.ps1'
[1.312s] INFO:colcon.colcon_core.shell:Creating environment descriptor '/home/dell/ros2_feedbot_ws/install/feedbot_description/share/feedbot_description/hook/cmake_prefix_path.dsv'
[1.312s] INFO:colcon.colcon_core.shell:Creating environment hook '/home/dell/ros2_feedbot_ws/install/feedbot_description/share/feedbot_description/hook/cmake_prefix_path.sh'
[1.313s] Level 1:colcon.colcon_core.environment:checking '/home/dell/ros2_feedbot_ws/install/feedbot_description/lib'
[1.313s] Level 1:colcon.colcon_core.environment:checking '/home/dell/ros2_feedbot_ws/install/feedbot_description/bin'
[1.313s] Level 1:colcon.colcon_core.environment:checking '/home/dell/ros2_feedbot_ws/install/feedbot_description/lib/pkgconfig/feedbot_description.pc'
[1.313s] Level 1:colcon.colcon_core.environment:checking '/home/dell/ros2_feedbot_ws/install/feedbot_description/lib/python3.10/site-packages'
[1.313s] Level 1:colcon.colcon_core.environment:checking '/home/dell/ros2_feedbot_ws/install/feedbot_description/bin'
[1.314s] INFO:colcon.colcon_core.shell:Creating package script '/home/dell/ros2_feedbot_ws/install/feedbot_description/share/feedbot_description/package.ps1'
[1.314s] INFO:colcon.colcon_core.shell:Creating package descriptor '/home/dell/ros2_feedbot_ws/install/feedbot_description/share/feedbot_description/package.dsv'
[1.314s] INFO:colcon.colcon_core.shell:Creating package script '/home/dell/ros2_feedbot_ws/install/feedbot_description/share/feedbot_description/package.sh'
[1.315s] INFO:colcon.colcon_core.shell:Creating package script '/home/dell/ros2_feedbot_ws/install/feedbot_description/share/feedbot_description/package.bash'
[1.315s] INFO:colcon.colcon_core.shell:Creating package script '/home/dell/ros2_feedbot_ws/install/feedbot_description/share/feedbot_description/package.zsh'
[1.316s] Level 1:colcon.colcon_core.environment:create_file_with_runtime_dependencies(/home/dell/ros2_feedbot_ws/install/feedbot_description/share/colcon-core/packages/feedbot_description)
[1.316s] INFO:colcon.colcon_ros.task.ament_cmake.build:Building ROS package in '/home/dell/ros2_feedbot_ws/feedbot_moveit_config' with build type 'ament_cmake'
[1.316s] INFO:colcon.colcon_cmake.task.cmake.build:Building CMake package in '/home/dell/ros2_feedbot_ws/feedbot_moveit_config'
[1.316s] INFO:colcon.colcon_core.shell:Skip shell extension 'powershell' for command environment: Not usable outside of PowerShell
[1.316s] DEBUG:colcon.colcon_core.shell:Skip shell extension 'dsv' for command environment
[1.325s] DEBUG:colcon.colcon_core.event_handler.log_command:Invoking command in '/home/dell/ros2_feedbot_ws/build/feedbot_moveit_config': CMAKE_PREFIX_PATH=/home/dell/ros2_feedbot_ws/install/feedbot_description:/home/dell/ros2_feedbot_ws/install/feedbot_moveit_config:/home/dell/ros2_ws/install/open_manipulator_description:/home/dell/ros2_feedbot_ws/install/pid_logger:/home/dell/ros2_feedbot_ws/install/feedbot_sensors:/home/dell/ros2_feedbot_ws/install/feedbot_fusion:/opt/ros/humble /usr/bin/cmake --build /home/dell/ros2_feedbot_ws/build/feedbot_moveit_config -- -j12 -l12
[1.371s] DEBUG:colcon.colcon_core.event_handler.log_command:Invoked command in '/home/dell/ros2_feedbot_ws/build/feedbot_moveit_config' returned '0': CMAKE_PREFIX_PATH=/home/dell/ros2_feedbot_ws/install/feedbot_description:/home/dell/ros2_feedbot_ws/install/feedbot_moveit_config:/home/dell/ros2_ws/install/open_manipulator_description:/home/dell/ros2_feedbot_ws/install/pid_logger:/home/dell/ros2_feedbot_ws/install/feedbot_sensors:/home/dell/ros2_feedbot_ws/install/feedbot_fusion:/opt/ros/humble /usr/bin/cmake --build /home/dell/ros2_feedbot_ws/build/feedbot_moveit_config -- -j12 -l12
[1.374s] DEBUG:colcon.colcon_core.event_handler.log_command:Invoking command in '/home/dell/ros2_feedbot_ws/build/feedbot_moveit_config': CMAKE_PREFIX_PATH=/home/dell/ros2_feedbot_ws/install/feedbot_description:/home/dell/ros2_feedbot_ws/install/feedbot_moveit_config:/home/dell/ros2_ws/install/open_manipulator_description:/home/dell/ros2_feedbot_ws/install/pid_logger:/home/dell/ros2_feedbot_ws/install/feedbot_sensors:/home/dell/ros2_feedbot_ws/install/feedbot_fusion:/opt/ros/humble /usr/bin/cmake --install /home/dell/ros2_feedbot_ws/build/feedbot_moveit_config
[1.390s] Level 1:colcon.colcon_core.environment:create_environment_scripts_only(feedbot_moveit_config)
[1.391s] Level 1:colcon.colcon_core.environment:checking '/home/dell/ros2_feedbot_ws/install/feedbot_moveit_config' for CMake module files
[1.391s] DEBUG:colcon.colcon_core.event_handler.log_command:Invoked command in '/home/dell/ros2_feedbot_ws/build/feedbot_moveit_config' returned '0': CMAKE_PREFIX_PATH=/home/dell/ros2_feedbot_ws/install/feedbot_description:/home/dell/ros2_feedbot_ws/install/feedbot_moveit_config:/home/dell/ros2_ws/install/open_manipulator_description:/home/dell/ros2_feedbot_ws/install/pid_logger:/home/dell/ros2_feedbot_ws/install/feedbot_sensors:/home/dell/ros2_feedbot_ws/install/feedbot_fusion:/opt/ros/humble /usr/bin/cmake --install /home/dell/ros2_feedbot_ws/build/feedbot_moveit_config
[1.392s] Level 1:colcon.colcon_core.environment:checking '/home/dell/ros2_feedbot_ws/install/feedbot_moveit_config' for CMake config files
[1.392s] Level 1:colcon.colcon_core.shell:create_environment_hook('feedbot_moveit_config', 'cmake_prefix_path')
[1.392s] INFO:colcon.colcon_core.shell:Creating environment hook '/home/dell/ros2_feedbot_ws/install/feedbot_moveit_config/share/feedbot_moveit_config/hook/cmake_prefix_path.ps1'
[1.392s] INFO:colcon.colcon_core.shell:Creating environment descriptor '/home/dell/ros2_feedbot_ws/install/feedbot_moveit_config/share/feedbot_moveit_config/hook/cmake_prefix_path.dsv'
[1.393s] INFO:colcon.colcon_core.shell:Creating environment hook '/home/dell/ros2_feedbot_ws/install/feedbot_moveit_config/share/feedbot_moveit_config/hook/cmake_prefix_path.sh'
[1.393s] Level 1:colcon.colcon_core.environment:checking '/home/dell/ros2_feedbot_ws/install/feedbot_moveit_config/bin'
[1.393s] Level 1:colcon.colcon_core.environment:checking '/home/dell/ros2_feedbot_ws/install/feedbot_moveit_config/lib/pkgconfig/feedbot_moveit_config.pc'
[1.393s] Level 1:colcon.colcon_core.environment:checking '/home/dell/ros2_feedbot_ws/install/feedbot_moveit_config/lib/python3.10/site-packages'
[1.394s] Level 1:colcon.colcon_core.environment:checking '/home/dell/ros2_feedbot_ws/install/feedbot_moveit_config/bin'
[1.394s] INFO:colcon.colcon_core.shell:Creating package script '/home/dell/ros2_feedbot_ws/install/feedbot_moveit_config/share/feedbot_moveit_config/package.ps1'
[1.394s] INFO:colcon.colcon_core.shell:Creating package descriptor '/home/dell/ros2_feedbot_ws/install/feedbot_moveit_config/share/feedbot_moveit_config/package.dsv'
[1.395s] INFO:colcon.colcon_core.shell:Creating package script '/home/dell/ros2_feedbot_ws/install/feedbot_moveit_config/share/feedbot_moveit_config/package.sh'
[1.396s] INFO:colcon.colcon_core.shell:Creating package script '/home/dell/ros2_feedbot_ws/install/feedbot_moveit_config/share/feedbot_moveit_config/package.bash'
[1.396s] INFO:colcon.colcon_core.shell:Creating package script '/home/dell/ros2_feedbot_ws/install/feedbot_moveit_config/share/feedbot_moveit_config/package.zsh'
[1.397s] Level 1:colcon.colcon_core.environment:create_file_with_runtime_dependencies(/home/dell/ros2_feedbot_ws/install/feedbot_moveit_config/share/colcon-core/packages/feedbot_moveit_config)
[1.398s] Level 1:colcon.colcon_core.environment:create_environment_scripts_only(feedbot_moveit_config)
[1.399s] Level 1:colcon.colcon_core.environment:checking '/home/dell/ros2_feedbot_ws/install/feedbot_moveit_config' for CMake module files
[1.400s] Level 1:colcon.colcon_core.environment:checking '/home/dell/ros2_feedbot_ws/install/feedbot_moveit_config' for CMake config files
[1.401s] Level 1:colcon.colcon_core.shell:create_environment_hook('feedbot_moveit_config', 'cmake_prefix_path')
[1.401s] INFO:colcon.colcon_core.shell:Creating environment hook '/home/dell/ros2_feedbot_ws/install/feedbot_moveit_config/share/feedbot_moveit_config/hook/cmake_prefix_path.ps1'
[1.402s] INFO:colcon.colcon_core.shell:Creating environment descriptor '/home/dell/ros2_feedbot_ws/install/feedbot_moveit_config/share/feedbot_moveit_config/hook/cmake_prefix_path.dsv'
[1.402s] INFO:colcon.colcon_core.shell:Creating environment hook '/home/dell/ros2_feedbot_ws/install/feedbot_moveit_config/share/feedbot_moveit_config/hook/cmake_prefix_path.sh'
[1.403s] Level 1:colcon.colcon_core.environment:checking '/home/dell/ros2_feedbot_ws/install/feedbot_moveit_config/bin'
[1.403s] Level 1:colcon.colcon_core.environment:checking '/home/dell/ros2_feedbot_ws/install/feedbot_moveit_config/lib/pkgconfig/feedbot_moveit_config.pc'
[1.403s] Level 1:colcon.colcon_core.environment:checking '/home/dell/ros2_feedbot_ws/install/feedbot_moveit_config/lib/python3.10/site-packages'
[1.404s] Level 1:colcon.colcon_core.environment:checking '/home/dell/ros2_feedbot_ws/install/feedbot_moveit_config/bin'
[1.405s] INFO:colcon.colcon_core.shell:Creating package script '/home/dell/ros2_feedbot_ws/install/feedbot_moveit_config/share/feedbot_moveit_config/package.ps1'
[1.406s] INFO:colcon.colcon_core.shell:Creating package descriptor '/home/dell/ros2_feedbot_ws/install/feedbot_moveit_config/share/feedbot_moveit_config/package.dsv'
[1.406s] INFO:colcon.colcon_core.shell:Creating package script '/home/dell/ros2_feedbot_ws/install/feedbot_moveit_config/share/feedbot_moveit_config/package.sh'
[1.407s] INFO:colcon.colcon_core.shell:Creating package script '/home/dell/ros2_feedbot_ws/install/feedbot_moveit_config/share/feedbot_moveit_config/package.bash'
[1.407s] INFO:colcon.colcon_core.shell:Creating package script '/home/dell/ros2_feedbot_ws/install/feedbot_moveit_config/share/feedbot_moveit_config/package.zsh'
[1.407s] Level 1:colcon.colcon_core.environment:create_file_with_runtime_dependencies(/home/dell/ros2_feedbot_ws/install/feedbot_moveit_config/share/colcon-core/packages/feedbot_moveit_config)
[1.730s] DEBUG:colcon.colcon_core.event_handler.log_command:Invoking command in '/home/dell/ros2_feedbot_ws/src/pid_logger': PYTHONPATH=/home/dell/ros2_feedbot_ws/build/pid_logger/prefix_override:/usr/lib/python3/dist-packages/colcon_core/task/python/colcon_distutils_commands:/home/dell/ros2_feedbot_ws/install/pid_logger/lib/python3.10/site-packages:${PYTHONPATH} /usr/bin/python3 -W ignore:setup.py install is deprecated -W ignore:easy_install command is deprecated setup.py egg_info --egg-base ../../build/pid_logger build --build-base /home/dell/ros2_feedbot_ws/build/pid_logger/build install --record /home/dell/ros2_feedbot_ws/build/pid_logger/install.log --single-version-externally-managed install_data
[1.732s] DEBUG:colcon.colcon_core.event_handler.log_command:Invoking command in '/home/dell/ros2_feedbot_ws/src/feedbot_fusion': PYTHONPATH=/home/dell/ros2_feedbot_ws/build/feedbot_fusion/prefix_override:/usr/lib/python3/dist-packages/colcon_core/task/python/colcon_distutils_commands:/home/dell/ros2_feedbot_ws/install/feedbot_fusion/lib/python3.10/site-packages:${PYTHONPATH} /usr/bin/python3 -W ignore:setup.py install is deprecated -W ignore:easy_install command is deprecated setup.py egg_info --egg-base ../../build/feedbot_fusion build --build-base /home/dell/ros2_feedbot_ws/build/feedbot_fusion/build install --record /home/dell/ros2_feedbot_ws/build/feedbot_fusion/install.log --single-version-externally-managed
[1.739s] DEBUG:colcon.colcon_core.event_handler.log_command:Invoking command in '/home/dell/ros2_feedbot_ws/feedbot_sensors': PYTHONPATH=/home/dell/ros2_feedbot_ws/build/feedbot_sensors/prefix_override:/usr/lib/python3/dist-packages/colcon_core/task/python/colcon_distutils_commands:/home/dell/ros2_feedbot_ws/install/feedbot_sensors/lib/python3.10/site-packages:${PYTHONPATH} /usr/bin/python3 -W ignore:setup.py install is deprecated -W ignore:easy_install command is deprecated setup.py egg_info --egg-base ../build/feedbot_sensors build --build-base /home/dell/ros2_feedbot_ws/build/feedbot_sensors/build install --record /home/dell/ros2_feedbot_ws/build/feedbot_sensors/install.log --single-version-externally-managed install_data
[2.055s] Level 1:colcon.colcon_core.environment:checking '/home/dell/ros2_feedbot_ws/install/feedbot_fusion' for CMake module files
[2.056s] DEBUG:colcon.colcon_core.event_handler.log_command:Invoked command in '/home/dell/ros2_feedbot_ws/src/feedbot_fusion' returned '0': PYTHONPATH=/home/dell/ros2_feedbot_ws/build/feedbot_fusion/prefix_override:/usr/lib/python3/dist-packages/colcon_core/task/python/colcon_distutils_commands:/home/dell/ros2_feedbot_ws/install/feedbot_fusion/lib/python3.10/site-packages:${PYTHONPATH} /usr/bin/python3 -W ignore:setup.py install is deprecated -W ignore:easy_install command is deprecated setup.py egg_info --egg-base ../../build/feedbot_fusion build --build-base /home/dell/ros2_feedbot_ws/build/feedbot_fusion/build install --record /home/dell/ros2_feedbot_ws/build/feedbot_fusion/install.log --single-version-externally-managed
[2.056s] Level 1:colcon.colcon_core.environment:checking '/home/dell/ros2_feedbot_ws/install/feedbot_fusion' for CMake config files
[2.056s] Level 1:colcon.colcon_core.environment:checking '/home/dell/ros2_feedbot_ws/install/feedbot_fusion/lib'
[2.056s] Level 1:colcon.colcon_core.environment:checking '/home/dell/ros2_feedbot_ws/install/feedbot_fusion/bin'
[2.057s] Level 1:colcon.colcon_core.environment:checking '/home/dell/ros2_feedbot_ws/install/feedbot_fusion/lib/pkgconfig/feedbot_fusion.pc'
[2.057s] Level 1:colcon.colcon_core.environment:checking '/home/dell/ros2_feedbot_ws/install/feedbot_fusion/lib/python3.10/site-packages'
[2.057s] Level 1:colcon.colcon_core.shell:create_environment_hook('feedbot_fusion', 'pythonpath')
[2.057s] INFO:colcon.colcon_core.shell:Creating environment hook '/home/dell/ros2_feedbot_ws/install/feedbot_fusion/share/feedbot_fusion/hook/pythonpath.ps1'
[2.057s] INFO:colcon.colcon_core.shell:Creating environment descriptor '/home/dell/ros2_feedbot_ws/install/feedbot_fusion/share/feedbot_fusion/hook/pythonpath.dsv'
[2.058s] INFO:colcon.colcon_core.shell:Creating environment hook '/home/dell/ros2_feedbot_ws/install/feedbot_fusion/share/feedbot_fusion/hook/pythonpath.sh'
[2.058s] Level 1:colcon.colcon_core.environment:checking '/home/dell/ros2_feedbot_ws/install/feedbot_fusion/bin'
[2.058s] Level 1:colcon.colcon_core.environment:create_environment_scripts_only(feedbot_fusion)
[2.059s] INFO:colcon.colcon_core.shell:Creating package script '/home/dell/ros2_feedbot_ws/install/feedbot_fusion/share/feedbot_fusion/package.ps1'
[2.059s] INFO:colcon.colcon_core.shell:Creating package descriptor '/home/dell/ros2_feedbot_ws/install/feedbot_fusion/share/feedbot_fusion/package.dsv'
[2.059s] INFO:colcon.colcon_core.shell:Creating package script '/home/dell/ros2_feedbot_ws/install/feedbot_fusion/share/feedbot_fusion/package.sh'
[2.060s] INFO:colcon.colcon_core.shell:Creating package script '/home/dell/ros2_feedbot_ws/install/feedbot_fusion/share/feedbot_fusion/package.bash'
[2.060s] INFO:colcon.colcon_core.shell:Creating package script '/home/dell/ros2_feedbot_ws/install/feedbot_fusion/share/feedbot_fusion/package.zsh'
[2.060s] Level 1:colcon.colcon_core.environment:create_file_with_runtime_dependencies(/home/dell/ros2_feedbot_ws/install/feedbot_fusion/share/colcon-core/packages/feedbot_fusion)
[2.067s] Level 1:colcon.colcon_core.environment:checking '/home/dell/ros2_feedbot_ws/install/pid_logger' for CMake module files
[2.067s] DEBUG:colcon.colcon_core.event_handler.log_command:Invoked command in '/home/dell/ros2_feedbot_ws/src/pid_logger' returned '0': PYTHONPATH=/home/dell/ros2_feedbot_ws/build/pid_logger/prefix_override:/usr/lib/python3/dist-packages/colcon_core/task/python/colcon_distutils_commands:/home/dell/ros2_feedbot_ws/install/pid_logger/lib/python3.10/site-packages:${PYTHONPATH} /usr/bin/python3 -W ignore:setup.py install is deprecated -W ignore:easy_install command is deprecated setup.py egg_info --egg-base ../../build/pid_logger build --build-base /home/dell/ros2_feedbot_ws/build/pid_logger/build install --record /home/dell/ros2_feedbot_ws/build/pid_logger/install.log --single-version-externally-managed install_data
[2.068s] Level 1:colcon.colcon_core.environment:checking '/home/dell/ros2_feedbot_ws/install/pid_logger' for CMake config files
[2.068s] Level 1:colcon.colcon_core.environment:checking '/home/dell/ros2_feedbot_ws/install/pid_logger/lib'
[2.069s] Level 1:colcon.colcon_core.environment:checking '/home/dell/ros2_feedbot_ws/install/pid_logger/bin'
[2.069s] Level 1:colcon.colcon_core.environment:checking '/home/dell/ros2_feedbot_ws/install/pid_logger/lib/pkgconfig/pid_logger.pc'
[2.069s] Level 1:colcon.colcon_core.environment:checking '/home/dell/ros2_feedbot_ws/install/pid_logger/lib/python3.10/site-packages'
[2.069s] Level 1:colcon.colcon_core.shell:create_environment_hook('pid_logger', 'pythonpath')
[2.070s] INFO:colcon.colcon_core.shell:Creating environment hook '/home/dell/ros2_feedbot_ws/install/pid_logger/share/pid_logger/hook/pythonpath.ps1'
[2.071s] INFO:colcon.colcon_core.shell:Creating environment descriptor '/home/dell/ros2_feedbot_ws/install/pid_logger/share/pid_logger/hook/pythonpath.dsv'
[2.072s] INFO:colcon.colcon_core.shell:Creating environment hook '/home/dell/ros2_feedbot_ws/install/pid_logger/share/pid_logger/hook/pythonpath.sh'
[2.073s] Level 1:colcon.colcon_core.environment:checking '/home/dell/ros2_feedbot_ws/install/pid_logger/bin'
[2.073s] Level 1:colcon.colcon_core.environment:create_environment_scripts_only(pid_logger)
[2.074s] INFO:colcon.colcon_core.shell:Creating package script '/home/dell/ros2_feedbot_ws/install/pid_logger/share/pid_logger/package.ps1'
[2.074s] INFO:colcon.colcon_core.shell:Creating package descriptor '/home/dell/ros2_feedbot_ws/install/pid_logger/share/pid_logger/package.dsv'
[2.075s] INFO:colcon.colcon_core.shell:Creating package script '/home/dell/ros2_feedbot_ws/install/pid_logger/share/pid_logger/package.sh'
[2.075s] INFO:colcon.colcon_core.shell:Creating package script '/home/dell/ros2_feedbot_ws/install/pid_logger/share/pid_logger/package.bash'
[2.076s] INFO:colcon.colcon_core.shell:Creating package script '/home/dell/ros2_feedbot_ws/install/pid_logger/share/pid_logger/package.zsh'
[2.077s] Level 1:colcon.colcon_core.environment:create_file_with_runtime_dependencies(/home/dell/ros2_feedbot_ws/install/pid_logger/share/colcon-core/packages/pid_logger)
[2.079s] Level 1:colcon.colcon_core.environment:checking '/home/dell/ros2_feedbot_ws/install/feedbot_sensors' for CMake module files
[2.079s] DEBUG:colcon.colcon_core.event_handler.log_command:Invoked command in '/home/dell/ros2_feedbot_ws/feedbot_sensors' returned '0': PYTHONPATH=/home/dell/ros2_feedbot_ws/build/feedbot_sensors/prefix_override:/usr/lib/python3/dist-packages/colcon_core/task/python/colcon_distutils_commands:/home/dell/ros2_feedbot_ws/install/feedbot_sensors/lib/python3.10/site-packages:${PYTHONPATH} /usr/bin/python3 -W ignore:setup.py install is deprecated -W ignore:easy_install command is deprecated setup.py egg_info --egg-base ../build/feedbot_sensors build --build-base /home/dell/ros2_feedbot_ws/build/feedbot_sensors/build install --record /home/dell/ros2_feedbot_ws/build/feedbot_sensors/install.log --single-version-externally-managed install_data
[2.080s] Level 1:colcon.colcon_core.environment:checking '/home/dell/ros2_feedbot_ws/install/feedbot_sensors' for CMake config files
[2.080s] Level 1:colcon.colcon_core.environment:checking '/home/dell/ros2_feedbot_ws/install/feedbot_sensors/lib'
[2.080s] Level 1:colcon.colcon_core.environment:checking '/home/dell/ros2_feedbot_ws/install/feedbot_sensors/bin'
[2.080s] Level 1:colcon.colcon_core.environment:checking '/home/dell/ros2_feedbot_ws/install/feedbot_sensors/lib/pkgconfig/feedbot_sensors.pc'
[2.081s] Level 1:colcon.colcon_core.environment:checking '/home/dell/ros2_feedbot_ws/install/feedbot_sensors/lib/python3.10/site-packages'
[2.081s] Level 1:colcon.colcon_core.shell:create_environment_hook('feedbot_sensors', 'pythonpath')
[2.081s] INFO:colcon.colcon_core.shell:Creating environment hook '/home/dell/ros2_feedbot_ws/install/feedbot_sensors/share/feedbot_sensors/hook/pythonpath.ps1'
[2.082s] INFO:colcon.colcon_core.shell:Creating environment descriptor '/home/dell/ros2_feedbot_ws/install/feedbot_sensors/share/feedbot_sensors/hook/pythonpath.dsv'
[2.082s] INFO:colcon.colcon_core.shell:Creating environment hook '/home/dell/ros2_feedbot_ws/install/feedbot_sensors/share/feedbot_sensors/hook/pythonpath.sh'
[2.083s] Level 1:colcon.colcon_core.environment:checking '/home/dell/ros2_feedbot_ws/install/feedbot_sensors/bin'
[2.083s] Level 1:colcon.colcon_core.environment:create_environment_scripts_only(feedbot_sensors)
[2.084s] INFO:colcon.colcon_core.shell:Creating package script '/home/dell/ros2_feedbot_ws/install/feedbot_sensors/share/feedbot_sensors/package.ps1'
[2.084s] INFO:colcon.colcon_core.shell:Creating package descriptor '/home/dell/ros2_feedbot_ws/install/feedbot_sensors/share/feedbot_sensors/package.dsv'
[2.085s] INFO:colcon.colcon_core.shell:Creating package script '/home/dell/ros2_feedbot_ws/install/feedbot_sensors/share/feedbot_sensors/package.sh'
[2.085s] INFO:colcon.colcon_core.shell:Creating package script '/home/dell/ros2_feedbot_ws/install/feedbot_sensors/share/feedbot_sensors/package.bash'
[2.085s] INFO:colcon.colcon_core.shell:Creating package script '/home/dell/ros2_feedbot_ws/install/feedbot_sensors/share/feedbot_sensors/package.zsh'
[2.086s] Level 1:colcon.colcon_core.environment:create_file_with_runtime_dependencies(/home/dell/ros2_feedbot_ws/install/feedbot_sensors/share/colcon-core/packages/feedbot_sensors)
[2.086s] DEBUG:colcon.colcon_parallel_executor.executor.parallel:closing loop
[2.086s] DEBUG:colcon.colcon_parallel_executor.executor.parallel:loop closed
[2.086s] DEBUG:colcon.colcon_parallel_executor.executor.parallel:run_until_complete finished with '0'
[2.087s] DEBUG:colcon.colcon_core.event_reactor:joining thread
[2.095s] INFO:colcon.colcon_core.plugin_system:Skipping extension 'colcon_notification.desktop_notification.terminal_notifier': Not used on non-Darwin systems
[2.095s] INFO:colcon.colcon_core.plugin_system:Skipping extension 'colcon_notification.desktop_notification.win32': Not used on non-Windows systems
[2.095s] INFO:colcon.colcon_notification.desktop_notification:Sending desktop notification using 'notify2'
[2.109s] DEBUG:colcon.colcon_core.event_reactor:joined thread
[2.109s] INFO:colcon.colcon_core.shell:Creating prefix script '/home/dell/ros2_feedbot_ws/install/local_setup.ps1'
[2.110s] INFO:colcon.colcon_core.shell:Creating prefix util module '/home/dell/ros2_feedbot_ws/install/_local_setup_util_ps1.py'
[2.111s] INFO:colcon.colcon_core.shell:Creating prefix chain script '/home/dell/ros2_feedbot_ws/install/setup.ps1'
[2.112s] INFO:colcon.colcon_core.shell:Creating prefix script '/home/dell/ros2_feedbot_ws/install/local_setup.sh'
[2.113s] INFO:colcon.colcon_core.shell:Creating prefix util module '/home/dell/ros2_feedbot_ws/install/_local_setup_util_sh.py'
[2.113s] INFO:colcon.colcon_core.shell:Creating prefix chain script '/home/dell/ros2_feedbot_ws/install/setup.sh'
[2.114s] INFO:colcon.colcon_core.shell:Creating prefix script '/home/dell/ros2_feedbot_ws/install/local_setup.bash'
[2.114s] INFO:colcon.colcon_core.shell:Creating prefix chain script '/home/dell/ros2_feedbot_ws/install/setup.bash'
[2.116s] INFO:colcon.colcon_core.shell:Creating prefix script '/home/dell/ros2_feedbot_ws/install/local_setup.zsh'
[2.116s] INFO:colcon.colcon_core.shell:Creating prefix chain script '/home/dell/ros2_feedbot_ws/install/setup.zsh'
