[2.693s] Invoking command in '/home/dell/ros2_feedbot_ws/feedbot_sensors': PYTHONPATH=/home/dell/ros2_feedbot_ws/build/feedbot_sensors/prefix_override:/usr/lib/python3/dist-packages/colcon_core/task/python/colcon_distutils_commands:/home/dell/ros2_feedbot_ws/install/feedbot_sensors/lib/python3.10/site-packages:${PYTHONPATH} /usr/bin/python3 -W ignore:setup.py install is deprecated -W ignore:easy_install command is deprecated setup.py egg_info --egg-base ../build/feedbot_sensors build --build-base /home/dell/ros2_feedbot_ws/build/feedbot_sensors/build install --record /home/dell/ros2_feedbot_ws/build/feedbot_sensors/install.log --single-version-externally-managed install_data
[3.216s] running egg_info
[3.220s] writing ../build/feedbot_sensors/feedbot_sensors.egg-info/PKG-INFO
[3.223s] writing dependency_links to ../build/feedbot_sensors/feedbot_sensors.egg-info/dependency_links.txt
[3.225s] writing entry points to ../build/feedbot_sensors/feedbot_sensors.egg-info/entry_points.txt
[3.225s] writing requirements to ../build/feedbot_sensors/feedbot_sensors.egg-info/requires.txt
[3.226s] writing top-level names to ../build/feedbot_sensors/feedbot_sensors.egg-info/top_level.txt
[3.231s] reading manifest file '../build/feedbot_sensors/feedbot_sensors.egg-info/SOURCES.txt'
[3.233s] writing manifest file '../build/feedbot_sensors/feedbot_sensors.egg-info/SOURCES.txt'
[3.233s] running build
[3.233s] running build_py
[3.233s] running install
[3.233s] running install_lib
[3.236s] running install_data
[3.236s] running install_egg_info
[3.241s] removing '/home/dell/ros2_feedbot_ws/install/feedbot_sensors/lib/python3.10/site-packages/feedbot_sensors-0.0.0-py3.10.egg-info' (and everything under it)
[3.241s] Copying ../build/feedbot_sensors/feedbot_sensors.egg-info to /home/dell/ros2_feedbot_ws/install/feedbot_sensors/lib/python3.10/site-packages/feedbot_sensors-0.0.0-py3.10.egg-info
[3.243s] running install_scripts
[3.295s] Installing sensor_hub script to /home/dell/ros2_feedbot_ws/install/feedbot_sensors/lib/feedbot_sensors
[3.295s] writing list of installed files to '/home/dell/ros2_feedbot_ws/build/feedbot_sensors/install.log'
[3.462s] Invoked command in '/home/dell/ros2_feedbot_ws/feedbot_sensors' returned '0': PYTHONPATH=/home/dell/ros2_feedbot_ws/build/feedbot_sensors/prefix_override:/usr/lib/python3/dist-packages/colcon_core/task/python/colcon_distutils_commands:/home/dell/ros2_feedbot_ws/install/feedbot_sensors/lib/python3.10/site-packages:${PYTHONPATH} /usr/bin/python3 -W ignore:setup.py install is deprecated -W ignore:easy_install command is deprecated setup.py egg_info --egg-base ../build/feedbot_sensors build --build-base /home/dell/ros2_feedbot_ws/build/feedbot_sensors/build install --record /home/dell/ros2_feedbot_ws/build/feedbot_sensors/install.log --single-version-externally-managed install_data
