[0.008s] Invoking command in '/home/dell/ros2_feedbot_ws/build/feedbot_moveit_config': CMAKE_PREFIX_PATH=/home/dell/ros2_feedbot_ws/install/feedbot_description:/home/dell/ros2_feedbot_ws/install/feedbot_moveit_config:/home/dell/ros2_ws/install/open_manipulator_description:/home/dell/ros2_feedbot_ws/install/pid_logger:/home/dell/ros2_feedbot_ws/install/feedbot_sensors:/home/dell/ros2_feedbot_ws/install/feedbot_fusion:/opt/ros/humble /usr/bin/cmake --build /home/dell/ros2_feedbot_ws/build/feedbot_moveit_config -- -j12 -l12
[0.049s] Invoked command in '/home/dell/ros2_feedbot_ws/build/feedbot_moveit_config' returned '0': CMAKE_PREFIX_PATH=/home/dell/ros2_feedbot_ws/install/feedbot_description:/home/dell/ros2_feedbot_ws/install/feedbot_moveit_config:/home/dell/ros2_ws/install/open_manipulator_description:/home/dell/ros2_feedbot_ws/install/pid_logger:/home/dell/ros2_feedbot_ws/install/feedbot_sensors:/home/dell/ros2_feedbot_ws/install/feedbot_fusion:/opt/ros/humble /usr/bin/cmake --build /home/dell/ros2_feedbot_ws/build/feedbot_moveit_config -- -j12 -l12
[0.050s] Invoking command in '/home/dell/ros2_feedbot_ws/build/feedbot_moveit_config': CMAKE_PREFIX_PATH=/home/dell/ros2_feedbot_ws/install/feedbot_description:/home/dell/ros2_feedbot_ws/install/feedbot_moveit_config:/home/dell/ros2_ws/install/open_manipulator_description:/home/dell/ros2_feedbot_ws/install/pid_logger:/home/dell/ros2_feedbot_ws/install/feedbot_sensors:/home/dell/ros2_feedbot_ws/install/feedbot_fusion:/opt/ros/humble /usr/bin/cmake --install /home/dell/ros2_feedbot_ws/build/feedbot_moveit_config
[0.058s] -- Install configuration: ""
[0.058s] -- Up-to-date: /home/dell/ros2_feedbot_ws/install/feedbot_moveit_config/share/ament_index/resource_index/package_run_dependencies/feedbot_moveit_config
[0.058s] -- Up-to-date: /home/dell/ros2_feedbot_ws/install/feedbot_moveit_config/share/ament_index/resource_index/parent_prefix_path/feedbot_moveit_config
[0.058s] -- Up-to-date: /home/dell/ros2_feedbot_ws/install/feedbot_moveit_config/share/feedbot_moveit_config/environment/ament_prefix_path.sh
[0.059s] -- Up-to-date: /home/dell/ros2_feedbot_ws/install/feedbot_moveit_config/share/feedbot_moveit_config/environment/ament_prefix_path.dsv
[0.059s] -- Up-to-date: /home/dell/ros2_feedbot_ws/install/feedbot_moveit_config/share/feedbot_moveit_config/environment/path.sh
[0.059s] -- Up-to-date: /home/dell/ros2_feedbot_ws/install/feedbot_moveit_config/share/feedbot_moveit_config/environment/path.dsv
[0.059s] -- Up-to-date: /home/dell/ros2_feedbot_ws/install/feedbot_moveit_config/share/feedbot_moveit_config/local_setup.bash
[0.059s] -- Up-to-date: /home/dell/ros2_feedbot_ws/install/feedbot_moveit_config/share/feedbot_moveit_config/local_setup.sh
[0.059s] -- Up-to-date: /home/dell/ros2_feedbot_ws/install/feedbot_moveit_config/share/feedbot_moveit_config/local_setup.zsh
[0.059s] -- Up-to-date: /home/dell/ros2_feedbot_ws/install/feedbot_moveit_config/share/feedbot_moveit_config/local_setup.dsv
[0.059s] -- Installing: /home/dell/ros2_feedbot_ws/install/feedbot_moveit_config/share/feedbot_moveit_config/package.dsv
[0.060s] -- Up-to-date: /home/dell/ros2_feedbot_ws/install/feedbot_moveit_config/share/ament_index/resource_index/packages/feedbot_moveit_config
[0.060s] -- Up-to-date: /home/dell/ros2_feedbot_ws/install/feedbot_moveit_config/share/feedbot_moveit_config/cmake/feedbot_moveit_configConfig.cmake
[0.060s] -- Up-to-date: /home/dell/ros2_feedbot_ws/install/feedbot_moveit_config/share/feedbot_moveit_config/cmake/feedbot_moveit_configConfig-version.cmake
[0.060s] -- Up-to-date: /home/dell/ros2_feedbot_ws/install/feedbot_moveit_config/share/feedbot_moveit_config/package.xml
[0.060s] -- Up-to-date: /home/dell/ros2_feedbot_ws/install/feedbot_moveit_config/share/feedbot_moveit_config/launch
[0.060s] -- Up-to-date: /home/dell/ros2_feedbot_ws/install/feedbot_moveit_config/share/feedbot_moveit_config/launch/setup_assistant.launch.py
[0.060s] -- Up-to-date: /home/dell/ros2_feedbot_ws/install/feedbot_moveit_config/share/feedbot_moveit_config/launch/moveit_rviz.launch.py
[0.060s] -- Up-to-date: /home/dell/ros2_feedbot_ws/install/feedbot_moveit_config/share/feedbot_moveit_config/launch/spawn_controllers.launch.py
[0.060s] -- Up-to-date: /home/dell/ros2_feedbot_ws/install/feedbot_moveit_config/share/feedbot_moveit_config/launch/demo.launch.py
[0.060s] -- Up-to-date: /home/dell/ros2_feedbot_ws/install/feedbot_moveit_config/share/feedbot_moveit_config/launch/rsp.launch.py
[0.060s] -- Up-to-date: /home/dell/ros2_feedbot_ws/install/feedbot_moveit_config/share/feedbot_moveit_config/launch/move_group.launch.py
[0.060s] -- Up-to-date: /home/dell/ros2_feedbot_ws/install/feedbot_moveit_config/share/feedbot_moveit_config/config
[0.061s] -- Up-to-date: /home/dell/ros2_feedbot_ws/install/feedbot_moveit_config/share/feedbot_moveit_config/config/feedbot.srdf
[0.061s] -- Up-to-date: /home/dell/ros2_feedbot_ws/install/feedbot_moveit_config/share/feedbot_moveit_config/config/moveit_controllers.yaml
[0.061s] -- Up-to-date: /home/dell/ros2_feedbot_ws/install/feedbot_moveit_config/share/feedbot_moveit_config/config/moveit.rviz
[0.061s] -- Up-to-date: /home/dell/ros2_feedbot_ws/install/feedbot_moveit_config/share/feedbot_moveit_config/config/kinematics.yaml
[0.062s] -- Up-to-date: /home/dell/ros2_feedbot_ws/install/feedbot_moveit_config/share/feedbot_moveit_config/config/joint_limits.yaml
[0.062s] -- Up-to-date: /home/dell/ros2_feedbot_ws/install/feedbot_moveit_config/share/feedbot_moveit_config/config/pilz_cartesian_limits.yaml
[0.062s] -- Up-to-date: /home/dell/ros2_feedbot_ws/install/feedbot_moveit_config/share/feedbot_moveit_config/.setup_assistant
[0.062s] Invoked command in '/home/dell/ros2_feedbot_ws/build/feedbot_moveit_config' returned '0': CMAKE_PREFIX_PATH=/home/dell/ros2_feedbot_ws/install/feedbot_description:/home/dell/ros2_feedbot_ws/install/feedbot_moveit_config:/home/dell/ros2_ws/install/open_manipulator_description:/home/dell/ros2_feedbot_ws/install/pid_logger:/home/dell/ros2_feedbot_ws/install/feedbot_sensors:/home/dell/ros2_feedbot_ws/install/feedbot_fusion:/opt/ros/humble /usr/bin/cmake --install /home/dell/ros2_feedbot_ws/build/feedbot_moveit_config
