[2.696s] Invoking command in '/home/dell/ros2_feedbot_ws/src/feedbot_fusion': PYTHONPATH=/home/dell/ros2_feedbot_ws/build/feedbot_fusion/prefix_override:/usr/lib/python3/dist-packages/colcon_core/task/python/colcon_distutils_commands:/home/dell/ros2_feedbot_ws/install/feedbot_fusion/lib/python3.10/site-packages:${PYTHONPATH} /usr/bin/python3 -W ignore:setup.py install is deprecated -W ignore:easy_install command is deprecated setup.py egg_info --egg-base ../../build/feedbot_fusion build --build-base /home/dell/ros2_feedbot_ws/build/feedbot_fusion/build install --record /home/dell/ros2_feedbot_ws/build/feedbot_fusion/install.log --single-version-externally-managed
[3.199s] running egg_info
[3.202s] writing ../../build/feedbot_fusion/feedbot_fusion.egg-info/PKG-INFO
[3.202s] writing dependency_links to ../../build/feedbot_fusion/feedbot_fusion.egg-info/dependency_links.txt
[3.202s] writing entry points to ../../build/feedbot_fusion/feedbot_fusion.egg-info/entry_points.txt
[3.203s] writing requirements to ../../build/feedbot_fusion/feedbot_fusion.egg-info/requires.txt
[3.203s] writing top-level names to ../../build/feedbot_fusion/feedbot_fusion.egg-info/top_level.txt
[3.209s] reading manifest file '../../build/feedbot_fusion/feedbot_fusion.egg-info/SOURCES.txt'
[3.211s] writing manifest file '../../build/feedbot_fusion/feedbot_fusion.egg-info/SOURCES.txt'
[3.212s] running build
[3.212s] running build_py
[3.213s] copying feedbot_fusion/vision_node.py -> /home/dell/ros2_feedbot_ws/build/feedbot_fusion/build/lib/feedbot_fusion
[3.215s] running install
[3.216s] running install_lib
[3.218s] copying /home/dell/ros2_feedbot_ws/build/feedbot_fusion/build/lib/feedbot_fusion/vision_node.py -> /home/dell/ros2_feedbot_ws/install/feedbot_fusion/lib/python3.10/site-packages/feedbot_fusion
[3.219s] byte-compiling /home/dell/ros2_feedbot_ws/install/feedbot_fusion/lib/python3.10/site-packages/feedbot_fusion/vision_node.py to vision_node.cpython-310.pyc
[3.221s] running install_egg_info
[3.225s] removing '/home/dell/ros2_feedbot_ws/install/feedbot_fusion/lib/python3.10/site-packages/feedbot_fusion-0.0.0-py3.10.egg-info' (and everything under it)
[3.226s] Copying ../../build/feedbot_fusion/feedbot_fusion.egg-info to /home/dell/ros2_feedbot_ws/install/feedbot_fusion/lib/python3.10/site-packages/feedbot_fusion-0.0.0-py3.10.egg-info
[3.228s] running install_scripts
[3.283s] Installing feeding_fsm script to /home/dell/ros2_feedbot_ws/install/feedbot_fusion/lib/feedbot_fusion
[3.283s] Installing force_node script to /home/dell/ros2_feedbot_ws/install/feedbot_fusion/lib/feedbot_fusion
[3.284s] Installing fusion_node script to /home/dell/ros2_feedbot_ws/install/feedbot_fusion/lib/feedbot_fusion
[3.284s] Installing speed_controller script to /home/dell/ros2_feedbot_ws/install/feedbot_fusion/lib/feedbot_fusion
[3.284s] Installing vision_node script to /home/dell/ros2_feedbot_ws/install/feedbot_fusion/lib/feedbot_fusion
[3.284s] writing list of installed files to '/home/dell/ros2_feedbot_ws/build/feedbot_fusion/install.log'
[3.438s] Invoked command in '/home/dell/ros2_feedbot_ws/src/feedbot_fusion' returned '0': PYTHONPATH=/home/dell/ros2_feedbot_ws/build/feedbot_fusion/prefix_override:/usr/lib/python3/dist-packages/colcon_core/task/python/colcon_distutils_commands:/home/dell/ros2_feedbot_ws/install/feedbot_fusion/lib/python3.10/site-packages:${PYTHONPATH} /usr/bin/python3 -W ignore:setup.py install is deprecated -W ignore:easy_install command is deprecated setup.py egg_info --egg-base ../../build/feedbot_fusion build --build-base /home/dell/ros2_feedbot_ws/build/feedbot_fusion/build install --record /home/dell/ros2_feedbot_ws/build/feedbot_fusion/install.log --single-version-externally-managed
