[0.160s] DEBUG:colcon:Command line arguments: ['/usr/bin/colcon', 'build']
[0.160s] DEBUG:colcon:Parsed command line arguments: Namespace(log_base=None, log_level=None, verb_name='build', build_base='build', install_base='install', merge_install=False, symlink_install=False, test_result_base=None, continue_on_error=False, executor='parallel', parallel_workers=12, event_handlers=None, ignore_user_meta=False, metas=['./colcon.meta'], base_paths=['.'], packages_ignore=None, packages_ignore_regex=None, paths=None, packages_up_to=None, packages_up_to_regex=None, packages_above=None, packages_above_and_dependencies=None, packages_above_depth=None, packages_select_by_dep=None, packages_skip_by_dep=None, packages_skip_up_to=None, packages_select_build_failed=False, packages_skip_build_finished=False, packages_select_test_failures=False, packages_skip_test_passed=False, packages_select=None, packages_skip=None, packages_select_regex=None, packages_skip_regex=None, packages_start=None, packages_end=None, allow_overriding=[], cmake_args=None, cmake_target=None, cmake_target_skip_unavailable=False, cmake_clean_cache=False, cmake_clean_first=False, cmake_force_configure=False, ament_cmake_args=None, catkin_cmake_args=None, catkin_skip_building_tests=False, verb_parser=<colcon_defaults.argument_parser.defaults.DefaultArgumentsDecorator object at 0x7c30acf1e620>, verb_extension=<colcon_core.verb.build.BuildVerb object at 0x7c30acf1c700>, main=<bound method BuildVerb.main of <colcon_core.verb.build.BuildVerb object at 0x7c30acf1c700>>)
[0.331s] Level 1:colcon.colcon_core.package_discovery:discover_packages(colcon_meta) check parameters
[0.331s] Level 1:colcon.colcon_core.package_discovery:discover_packages(recursive) check parameters
[0.331s] Level 1:colcon.colcon_core.package_discovery:discover_packages(ignore) check parameters
[0.331s] Level 1:colcon.colcon_core.package_discovery:discover_packages(path) check parameters
[0.331s] Level 1:colcon.colcon_core.package_discovery:discover_packages(colcon_meta) discover
[0.331s] Level 1:colcon.colcon_core.package_discovery:discover_packages(recursive) discover
[0.331s] INFO:colcon.colcon_core.package_discovery:Crawling recursively for packages in '/home/dell/ros2_feedbot_ws'
[0.331s] Level 1:colcon.colcon_core.package_identification:_identify(.) by extensions ['ignore', 'ignore_ament_install']
[0.331s] Level 1:colcon.colcon_core.package_identification:_identify(.) by extension 'ignore'
[0.331s] Level 1:colcon.colcon_core.package_identification:_identify(.) by extension 'ignore_ament_install'
[0.331s] Level 1:colcon.colcon_core.package_identification:_identify(.) by extensions ['colcon_pkg']
[0.331s] Level 1:colcon.colcon_core.package_identification:_identify(.) by extension 'colcon_pkg'
[0.331s] Level 1:colcon.colcon_core.package_identification:_identify(.) by extensions ['colcon_meta']
[0.331s] Level 1:colcon.colcon_core.package_identification:_identify(.) by extension 'colcon_meta'
[0.331s] Level 1:colcon.colcon_core.package_identification:_identify(.) by extensions ['ros']
[0.331s] Level 1:colcon.colcon_core.package_identification:_identify(.) by extension 'ros'
[0.341s] Level 1:colcon.colcon_core.package_identification:_identify(.) by extensions ['cmake', 'python']
[0.341s] Level 1:colcon.colcon_core.package_identification:_identify(.) by extension 'cmake'
[0.341s] Level 1:colcon.colcon_core.package_identification:_identify(.) by extension 'python'
[0.341s] Level 1:colcon.colcon_core.package_identification:_identify(.) by extensions ['python_setup_py']
[0.341s] Level 1:colcon.colcon_core.package_identification:_identify(.) by extension 'python_setup_py'
[0.341s] Level 1:colcon.colcon_core.package_identification:_identify(archive_old) by extensions ['ignore', 'ignore_ament_install']
[0.342s] Level 1:colcon.colcon_core.package_identification:_identify(archive_old) by extension 'ignore'
[0.342s] Level 1:colcon.colcon_core.package_identification:_identify(archive_old) by extension 'ignore_ament_install'
[0.342s] Level 1:colcon.colcon_core.package_identification:_identify(archive_old) by extensions ['colcon_pkg']
[0.342s] Level 1:colcon.colcon_core.package_identification:_identify(archive_old) by extension 'colcon_pkg'
[0.342s] Level 1:colcon.colcon_core.package_identification:_identify(archive_old) by extensions ['colcon_meta']
[0.342s] Level 1:colcon.colcon_core.package_identification:_identify(archive_old) by extension 'colcon_meta'
[0.342s] Level 1:colcon.colcon_core.package_identification:_identify(archive_old) by extensions ['ros']
[0.342s] Level 1:colcon.colcon_core.package_identification:_identify(archive_old) by extension 'ros'
[0.342s] Level 1:colcon.colcon_core.package_identification:_identify(archive_old) by extensions ['cmake', 'python']
[0.342s] Level 1:colcon.colcon_core.package_identification:_identify(archive_old) by extension 'cmake'
[0.342s] Level 1:colcon.colcon_core.package_identification:_identify(archive_old) by extension 'python'
[0.342s] Level 1:colcon.colcon_core.package_identification:_identify(archive_old) by extensions ['python_setup_py']
[0.342s] Level 1:colcon.colcon_core.package_identification:_identify(archive_old) by extension 'python_setup_py'
[0.342s] Level 1:colcon.colcon_core.package_identification:_identify(archive_old/analysis) by extensions ['ignore', 'ignore_ament_install']
[0.342s] Level 1:colcon.colcon_core.package_identification:_identify(archive_old/analysis) by extension 'ignore'
[0.342s] Level 1:colcon.colcon_core.package_identification:_identify(archive_old/analysis) by extension 'ignore_ament_install'
[0.342s] Level 1:colcon.colcon_core.package_identification:_identify(archive_old/analysis) by extensions ['colcon_pkg']
[0.342s] Level 1:colcon.colcon_core.package_identification:_identify(archive_old/analysis) by extension 'colcon_pkg'
[0.342s] Level 1:colcon.colcon_core.package_identification:_identify(archive_old/analysis) by extensions ['colcon_meta']
[0.342s] Level 1:colcon.colcon_core.package_identification:_identify(archive_old/analysis) by extension 'colcon_meta'
[0.342s] Level 1:colcon.colcon_core.package_identification:_identify(archive_old/analysis) by extensions ['ros']
[0.342s] Level 1:colcon.colcon_core.package_identification:_identify(archive_old/analysis) by extension 'ros'
[0.342s] Level 1:colcon.colcon_core.package_identification:_identify(archive_old/analysis) by extensions ['cmake', 'python']
[0.342s] Level 1:colcon.colcon_core.package_identification:_identify(archive_old/analysis) by extension 'cmake'
[0.342s] Level 1:colcon.colcon_core.package_identification:_identify(archive_old/analysis) by extension 'python'
[0.343s] Level 1:colcon.colcon_core.package_identification:_identify(archive_old/analysis) by extensions ['python_setup_py']
[0.343s] Level 1:colcon.colcon_core.package_identification:_identify(archive_old/analysis) by extension 'python_setup_py'
[0.343s] Level 1:colcon.colcon_core.package_identification:_identify(archive_old/full_debug) by extensions ['ignore', 'ignore_ament_install']
[0.343s] Level 1:colcon.colcon_core.package_identification:_identify(archive_old/full_debug) by extension 'ignore'
[0.343s] Level 1:colcon.colcon_core.package_identification:_identify(archive_old/full_debug) by extension 'ignore_ament_install'
[0.343s] Level 1:colcon.colcon_core.package_identification:_identify(archive_old/full_debug) by extensions ['colcon_pkg']
[0.343s] Level 1:colcon.colcon_core.package_identification:_identify(archive_old/full_debug) by extension 'colcon_pkg'
[0.343s] Level 1:colcon.colcon_core.package_identification:_identify(archive_old/full_debug) by extensions ['colcon_meta']
[0.343s] Level 1:colcon.colcon_core.package_identification:_identify(archive_old/full_debug) by extension 'colcon_meta'
[0.343s] Level 1:colcon.colcon_core.package_identification:_identify(archive_old/full_debug) by extensions ['ros']
[0.343s] Level 1:colcon.colcon_core.package_identification:_identify(archive_old/full_debug) by extension 'ros'
[0.343s] Level 1:colcon.colcon_core.package_identification:_identify(archive_old/full_debug) by extensions ['cmake', 'python']
[0.343s] Level 1:colcon.colcon_core.package_identification:_identify(archive_old/full_debug) by extension 'cmake'
[0.343s] Level 1:colcon.colcon_core.package_identification:_identify(archive_old/full_debug) by extension 'python'
[0.343s] Level 1:colcon.colcon_core.package_identification:_identify(archive_old/full_debug) by extensions ['python_setup_py']
[0.343s] Level 1:colcon.colcon_core.package_identification:_identify(archive_old/full_debug) by extension 'python_setup_py'
[0.343s] Level 1:colcon.colcon_core.package_identification:_identify(archive_old/pid_A) by extensions ['ignore', 'ignore_ament_install']
[0.343s] Level 1:colcon.colcon_core.package_identification:_identify(archive_old/pid_A) by extension 'ignore'
[0.343s] Level 1:colcon.colcon_core.package_identification:_identify(archive_old/pid_A) by extension 'ignore_ament_install'
[0.343s] Level 1:colcon.colcon_core.package_identification:_identify(archive_old/pid_A) by extensions ['colcon_pkg']
[0.343s] Level 1:colcon.colcon_core.package_identification:_identify(archive_old/pid_A) by extension 'colcon_pkg'
[0.343s] Level 1:colcon.colcon_core.package_identification:_identify(archive_old/pid_A) by extensions ['colcon_meta']
[0.343s] Level 1:colcon.colcon_core.package_identification:_identify(archive_old/pid_A) by extension 'colcon_meta'
[0.344s] Level 1:colcon.colcon_core.package_identification:_identify(archive_old/pid_A) by extensions ['ros']
[0.344s] Level 1:colcon.colcon_core.package_identification:_identify(archive_old/pid_A) by extension 'ros'
[0.344s] Level 1:colcon.colcon_core.package_identification:_identify(archive_old/pid_A) by extensions ['cmake', 'python']
[0.344s] Level 1:colcon.colcon_core.package_identification:_identify(archive_old/pid_A) by extension 'cmake'
[0.344s] Level 1:colcon.colcon_core.package_identification:_identify(archive_old/pid_A) by extension 'python'
[0.344s] Level 1:colcon.colcon_core.package_identification:_identify(archive_old/pid_A) by extensions ['python_setup_py']
[0.344s] Level 1:colcon.colcon_core.package_identification:_identify(archive_old/pid_A) by extension 'python_setup_py'
[0.344s] Level 1:colcon.colcon_core.package_identification:_identify(archive_old/pid_B) by extensions ['ignore', 'ignore_ament_install']
[0.344s] Level 1:colcon.colcon_core.package_identification:_identify(archive_old/pid_B) by extension 'ignore'
[0.344s] Level 1:colcon.colcon_core.package_identification:_identify(archive_old/pid_B) by extension 'ignore_ament_install'
[0.344s] Level 1:colcon.colcon_core.package_identification:_identify(archive_old/pid_B) by extensions ['colcon_pkg']
[0.344s] Level 1:colcon.colcon_core.package_identification:_identify(archive_old/pid_B) by extension 'colcon_pkg'
[0.344s] Level 1:colcon.colcon_core.package_identification:_identify(archive_old/pid_B) by extensions ['colcon_meta']
[0.344s] Level 1:colcon.colcon_core.package_identification:_identify(archive_old/pid_B) by extension 'colcon_meta'
[0.344s] Level 1:colcon.colcon_core.package_identification:_identify(archive_old/pid_B) by extensions ['ros']
[0.344s] Level 1:colcon.colcon_core.package_identification:_identify(archive_old/pid_B) by extension 'ros'
[0.344s] Level 1:colcon.colcon_core.package_identification:_identify(archive_old/pid_B) by extensions ['cmake', 'python']
[0.344s] Level 1:colcon.colcon_core.package_identification:_identify(archive_old/pid_B) by extension 'cmake'
[0.344s] Level 1:colcon.colcon_core.package_identification:_identify(archive_old/pid_B) by extension 'python'
[0.344s] Level 1:colcon.colcon_core.package_identification:_identify(archive_old/pid_B) by extensions ['python_setup_py']
[0.344s] Level 1:colcon.colcon_core.package_identification:_identify(archive_old/pid_B) by extension 'python_setup_py'
[0.344s] Level 1:colcon.colcon_core.package_identification:_identify(archive_old/rviz_first_data) by extensions ['ignore', 'ignore_ament_install']
[0.344s] Level 1:colcon.colcon_core.package_identification:_identify(archive_old/rviz_first_data) by extension 'ignore'
[0.344s] Level 1:colcon.colcon_core.package_identification:_identify(archive_old/rviz_first_data) by extension 'ignore_ament_install'
[0.345s] Level 1:colcon.colcon_core.package_identification:_identify(archive_old/rviz_first_data) by extensions ['colcon_pkg']
[0.345s] Level 1:colcon.colcon_core.package_identification:_identify(archive_old/rviz_first_data) by extension 'colcon_pkg'
[0.345s] Level 1:colcon.colcon_core.package_identification:_identify(archive_old/rviz_first_data) by extensions ['colcon_meta']
[0.345s] Level 1:colcon.colcon_core.package_identification:_identify(archive_old/rviz_first_data) by extension 'colcon_meta'
[0.345s] Level 1:colcon.colcon_core.package_identification:_identify(archive_old/rviz_first_data) by extensions ['ros']
[0.345s] Level 1:colcon.colcon_core.package_identification:_identify(archive_old/rviz_first_data) by extension 'ros'
[0.345s] Level 1:colcon.colcon_core.package_identification:_identify(archive_old/rviz_first_data) by extensions ['cmake', 'python']
[0.345s] Level 1:colcon.colcon_core.package_identification:_identify(archive_old/rviz_first_data) by extension 'cmake'
[0.345s] Level 1:colcon.colcon_core.package_identification:_identify(archive_old/rviz_first_data) by extension 'python'
[0.345s] Level 1:colcon.colcon_core.package_identification:_identify(archive_old/rviz_first_data) by extensions ['python_setup_py']
[0.345s] Level 1:colcon.colcon_core.package_identification:_identify(archive_old/rviz_first_data) by extension 'python_setup_py'
[0.345s] Level 1:colcon.colcon_core.package_identification:_identify(archive_old/sim_full_run) by extensions ['ignore', 'ignore_ament_install']
[0.345s] Level 1:colcon.colcon_core.package_identification:_identify(archive_old/sim_full_run) by extension 'ignore'
[0.345s] Level 1:colcon.colcon_core.package_identification:_identify(archive_old/sim_full_run) by extension 'ignore_ament_install'
[0.345s] Level 1:colcon.colcon_core.package_identification:_identify(archive_old/sim_full_run) by extensions ['colcon_pkg']
[0.345s] Level 1:colcon.colcon_core.package_identification:_identify(archive_old/sim_full_run) by extension 'colcon_pkg'
[0.345s] Level 1:colcon.colcon_core.package_identification:_identify(archive_old/sim_full_run) by extensions ['colcon_meta']
[0.345s] Level 1:colcon.colcon_core.package_identification:_identify(archive_old/sim_full_run) by extension 'colcon_meta'
[0.345s] Level 1:colcon.colcon_core.package_identification:_identify(archive_old/sim_full_run) by extensions ['ros']
[0.345s] Level 1:colcon.colcon_core.package_identification:_identify(archive_old/sim_full_run) by extension 'ros'
[0.345s] Level 1:colcon.colcon_core.package_identification:_identify(archive_old/sim_full_run) by extensions ['cmake', 'python']
[0.345s] Level 1:colcon.colcon_core.package_identification:_identify(archive_old/sim_full_run) by extension 'cmake'
[0.345s] Level 1:colcon.colcon_core.package_identification:_identify(archive_old/sim_full_run) by extension 'python'
[0.345s] Level 1:colcon.colcon_core.package_identification:_identify(archive_old/sim_full_run) by extensions ['python_setup_py']
[0.345s] Level 1:colcon.colcon_core.package_identification:_identify(archive_old/sim_full_run) by extension 'python_setup_py'
[0.346s] Level 1:colcon.colcon_core.package_identification:_identify(archive_old/sim_sync) by extensions ['ignore', 'ignore_ament_install']
[0.346s] Level 1:colcon.colcon_core.package_identification:_identify(archive_old/sim_sync) by extension 'ignore'
[0.346s] Level 1:colcon.colcon_core.package_identification:_identify(archive_old/sim_sync) by extension 'ignore_ament_install'
[0.346s] Level 1:colcon.colcon_core.package_identification:_identify(archive_old/sim_sync) by extensions ['colcon_pkg']
[0.346s] Level 1:colcon.colcon_core.package_identification:_identify(archive_old/sim_sync) by extension 'colcon_pkg'
[0.346s] Level 1:colcon.colcon_core.package_identification:_identify(archive_old/sim_sync) by extensions ['colcon_meta']
[0.346s] Level 1:colcon.colcon_core.package_identification:_identify(archive_old/sim_sync) by extension 'colcon_meta'
[0.346s] Level 1:colcon.colcon_core.package_identification:_identify(archive_old/sim_sync) by extensions ['ros']
[0.346s] Level 1:colcon.colcon_core.package_identification:_identify(archive_old/sim_sync) by extension 'ros'
[0.346s] Level 1:colcon.colcon_core.package_identification:_identify(archive_old/sim_sync) by extensions ['cmake', 'python']
[0.346s] Level 1:colcon.colcon_core.package_identification:_identify(archive_old/sim_sync) by extension 'cmake'
[0.346s] Level 1:colcon.colcon_core.package_identification:_identify(archive_old/sim_sync) by extension 'python'
[0.346s] Level 1:colcon.colcon_core.package_identification:_identify(archive_old/sim_sync) by extensions ['python_setup_py']
[0.346s] Level 1:colcon.colcon_core.package_identification:_identify(archive_old/sim_sync) by extension 'python_setup_py'
[0.346s] Level 1:colcon.colcon_core.package_identification:_identify(build) by extensions ['ignore', 'ignore_ament_install']
[0.346s] Level 1:colcon.colcon_core.package_identification:_identify(build) by extension 'ignore'
[0.346s] Level 1:colcon.colcon_core.package_identification:_identify(build) ignored
[0.346s] Level 1:colcon.colcon_core.package_identification:_identify(cam_motion_light) by extensions ['ignore', 'ignore_ament_install']
[0.346s] Level 1:colcon.colcon_core.package_identification:_identify(cam_motion_light) by extension 'ignore'
[0.347s] Level 1:colcon.colcon_core.package_identification:_identify(cam_motion_light) by extension 'ignore_ament_install'
[0.347s] Level 1:colcon.colcon_core.package_identification:_identify(cam_motion_light) by extensions ['colcon_pkg']
[0.347s] Level 1:colcon.colcon_core.package_identification:_identify(cam_motion_light) by extension 'colcon_pkg'
[0.347s] Level 1:colcon.colcon_core.package_identification:_identify(cam_motion_light) by extensions ['colcon_meta']
[0.347s] Level 1:colcon.colcon_core.package_identification:_identify(cam_motion_light) by extension 'colcon_meta'
[0.347s] Level 1:colcon.colcon_core.package_identification:_identify(cam_motion_light) by extensions ['ros']
[0.347s] Level 1:colcon.colcon_core.package_identification:_identify(cam_motion_light) by extension 'ros'
[0.347s] Level 1:colcon.colcon_core.package_identification:_identify(cam_motion_light) by extensions ['cmake', 'python']
[0.347s] Level 1:colcon.colcon_core.package_identification:_identify(cam_motion_light) by extension 'cmake'
[0.347s] Level 1:colcon.colcon_core.package_identification:_identify(cam_motion_light) by extension 'python'
[0.347s] Level 1:colcon.colcon_core.package_identification:_identify(cam_motion_light) by extensions ['python_setup_py']
[0.347s] Level 1:colcon.colcon_core.package_identification:_identify(cam_motion_light) by extension 'python_setup_py'
[0.347s] Level 1:colcon.colcon_core.package_identification:_identify(feedbot_camera_test) by extensions ['ignore', 'ignore_ament_install']
[0.347s] Level 1:colcon.colcon_core.package_identification:_identify(feedbot_camera_test) by extension 'ignore'
[0.347s] Level 1:colcon.colcon_core.package_identification:_identify(feedbot_camera_test) by extension 'ignore_ament_install'
[0.347s] Level 1:colcon.colcon_core.package_identification:_identify(feedbot_camera_test) by extensions ['colcon_pkg']
[0.347s] Level 1:colcon.colcon_core.package_identification:_identify(feedbot_camera_test) by extension 'colcon_pkg'
[0.347s] Level 1:colcon.colcon_core.package_identification:_identify(feedbot_camera_test) by extensions ['colcon_meta']
[0.347s] Level 1:colcon.colcon_core.package_identification:_identify(feedbot_camera_test) by extension 'colcon_meta'
[0.347s] Level 1:colcon.colcon_core.package_identification:_identify(feedbot_camera_test) by extensions ['ros']
[0.347s] Level 1:colcon.colcon_core.package_identification:_identify(feedbot_camera_test) by extension 'ros'
[0.347s] Level 1:colcon.colcon_core.package_identification:_identify(feedbot_camera_test) by extensions ['cmake', 'python']
[0.347s] Level 1:colcon.colcon_core.package_identification:_identify(feedbot_camera_test) by extension 'cmake'
[0.347s] Level 1:colcon.colcon_core.package_identification:_identify(feedbot_camera_test) by extension 'python'
[0.348s] Level 1:colcon.colcon_core.package_identification:_identify(feedbot_camera_test) by extensions ['python_setup_py']
[0.348s] Level 1:colcon.colcon_core.package_identification:_identify(feedbot_camera_test) by extension 'python_setup_py'
[0.348s] Level 1:colcon.colcon_core.package_identification:_identify(feedbot_moveit_config) by extensions ['ignore', 'ignore_ament_install']
[0.348s] Level 1:colcon.colcon_core.package_identification:_identify(feedbot_moveit_config) by extension 'ignore'
[0.348s] Level 1:colcon.colcon_core.package_identification:_identify(feedbot_moveit_config) by extension 'ignore_ament_install'
[0.348s] Level 1:colcon.colcon_core.package_identification:_identify(feedbot_moveit_config) by extensions ['colcon_pkg']
[0.348s] Level 1:colcon.colcon_core.package_identification:_identify(feedbot_moveit_config) by extension 'colcon_pkg'
[0.348s] Level 1:colcon.colcon_core.package_identification:_identify(feedbot_moveit_config) by extensions ['colcon_meta']
[0.348s] Level 1:colcon.colcon_core.package_identification:_identify(feedbot_moveit_config) by extension 'colcon_meta'
[0.348s] Level 1:colcon.colcon_core.package_identification:_identify(feedbot_moveit_config) by extensions ['ros']
[0.348s] Level 1:colcon.colcon_core.package_identification:_identify(feedbot_moveit_config) by extension 'ros'
[0.351s] DEBUG:colcon.colcon_core.package_identification:Package 'feedbot_moveit_config' with type 'ros.ament_cmake' and name 'feedbot_moveit_config'
[0.351s] Level 1:colcon.colcon_core.package_identification:_identify(feedbot_sensors) by extensions ['ignore', 'ignore_ament_install']
[0.351s] Level 1:colcon.colcon_core.package_identification:_identify(feedbot_sensors) by extension 'ignore'
[0.351s] Level 1:colcon.colcon_core.package_identification:_identify(feedbot_sensors) by extension 'ignore_ament_install'
[0.351s] Level 1:colcon.colcon_core.package_identification:_identify(feedbot_sensors) by extensions ['colcon_pkg']
[0.351s] Level 1:colcon.colcon_core.package_identification:_identify(feedbot_sensors) by extension 'colcon_pkg'
[0.351s] Level 1:colcon.colcon_core.package_identification:_identify(feedbot_sensors) by extensions ['colcon_meta']
[0.351s] Level 1:colcon.colcon_core.package_identification:_identify(feedbot_sensors) by extension 'colcon_meta'
[0.351s] Level 1:colcon.colcon_core.package_identification:_identify(feedbot_sensors) by extensions ['ros']
[0.351s] Level 1:colcon.colcon_core.package_identification:_identify(feedbot_sensors) by extension 'ros'
[0.352s] DEBUG:colcon.colcon_core.package_identification:Package 'feedbot_sensors' with type 'ros.ament_python' and name 'feedbot_sensors'
[0.352s] Level 1:colcon.colcon_core.package_identification:_identify(install) by extensions ['ignore', 'ignore_ament_install']
[0.352s] Level 1:colcon.colcon_core.package_identification:_identify(install) by extension 'ignore'
[0.352s] Level 1:colcon.colcon_core.package_identification:_identify(install) ignored
[0.352s] Level 1:colcon.colcon_core.package_identification:_identify(log) by extensions ['ignore', 'ignore_ament_install']
[0.353s] Level 1:colcon.colcon_core.package_identification:_identify(log) by extension 'ignore'
[0.353s] Level 1:colcon.colcon_core.package_identification:_identify(log) ignored
[0.353s] Level 1:colcon.colcon_core.package_identification:_identify(old_scripts) by extensions ['ignore', 'ignore_ament_install']
[0.353s] Level 1:colcon.colcon_core.package_identification:_identify(old_scripts) by extension 'ignore'
[0.353s] Level 1:colcon.colcon_core.package_identification:_identify(old_scripts) by extension 'ignore_ament_install'
[0.353s] Level 1:colcon.colcon_core.package_identification:_identify(old_scripts) by extensions ['colcon_pkg']
[0.353s] Level 1:colcon.colcon_core.package_identification:_identify(old_scripts) by extension 'colcon_pkg'
[0.353s] Level 1:colcon.colcon_core.package_identification:_identify(old_scripts) by extensions ['colcon_meta']
[0.353s] Level 1:colcon.colcon_core.package_identification:_identify(old_scripts) by extension 'colcon_meta'
[0.353s] Level 1:colcon.colcon_core.package_identification:_identify(old_scripts) by extensions ['ros']
[0.353s] Level 1:colcon.colcon_core.package_identification:_identify(old_scripts) by extension 'ros'
[0.353s] Level 1:colcon.colcon_core.package_identification:_identify(old_scripts) by extensions ['cmake', 'python']
[0.353s] Level 1:colcon.colcon_core.package_identification:_identify(old_scripts) by extension 'cmake'
[0.353s] Level 1:colcon.colcon_core.package_identification:_identify(old_scripts) by extension 'python'
[0.353s] Level 1:colcon.colcon_core.package_identification:_identify(old_scripts) by extensions ['python_setup_py']
[0.353s] Level 1:colcon.colcon_core.package_identification:_identify(old_scripts) by extension 'python_setup_py'
[0.353s] Level 1:colcon.colcon_core.package_identification:_identify(pid_study) by extensions ['ignore', 'ignore_ament_install']
[0.353s] Level 1:colcon.colcon_core.package_identification:_identify(pid_study) by extension 'ignore'
[0.353s] Level 1:colcon.colcon_core.package_identification:_identify(pid_study) by extension 'ignore_ament_install'
[0.353s] Level 1:colcon.colcon_core.package_identification:_identify(pid_study) by extensions ['colcon_pkg']
[0.353s] Level 1:colcon.colcon_core.package_identification:_identify(pid_study) by extension 'colcon_pkg'
[0.353s] Level 1:colcon.colcon_core.package_identification:_identify(pid_study) by extensions ['colcon_meta']
[0.353s] Level 1:colcon.colcon_core.package_identification:_identify(pid_study) by extension 'colcon_meta'
[0.353s] Level 1:colcon.colcon_core.package_identification:_identify(pid_study) by extensions ['ros']
[0.354s] Level 1:colcon.colcon_core.package_identification:_identify(pid_study) by extension 'ros'
[0.354s] Level 1:colcon.colcon_core.package_identification:_identify(pid_study) by extensions ['cmake', 'python']
[0.354s] Level 1:colcon.colcon_core.package_identification:_identify(pid_study) by extension 'cmake'
[0.354s] Level 1:colcon.colcon_core.package_identification:_identify(pid_study) by extension 'python'
[0.354s] Level 1:colcon.colcon_core.package_identification:_identify(pid_study) by extensions ['python_setup_py']
[0.354s] Level 1:colcon.colcon_core.package_identification:_identify(pid_study) by extension 'python_setup_py'
[0.354s] Level 1:colcon.colcon_core.package_identification:_identify(pid_study/tuned) by extensions ['ignore', 'ignore_ament_install']
[0.354s] Level 1:colcon.colcon_core.package_identification:_identify(pid_study/tuned) by extension 'ignore'
[0.354s] Level 1:colcon.colcon_core.package_identification:_identify(pid_study/tuned) by extension 'ignore_ament_install'
[0.354s] Level 1:colcon.colcon_core.package_identification:_identify(pid_study/tuned) by extensions ['colcon_pkg']
[0.354s] Level 1:colcon.colcon_core.package_identification:_identify(pid_study/tuned) by extension 'colcon_pkg'
[0.354s] Level 1:colcon.colcon_core.package_identification:_identify(pid_study/tuned) by extensions ['colcon_meta']
[0.354s] Level 1:colcon.colcon_core.package_identification:_identify(pid_study/tuned) by extension 'colcon_meta'
[0.354s] Level 1:colcon.colcon_core.package_identification:_identify(pid_study/tuned) by extensions ['ros']
[0.354s] Level 1:colcon.colcon_core.package_identification:_identify(pid_study/tuned) by extension 'ros'
[0.354s] Level 1:colcon.colcon_core.package_identification:_identify(pid_study/tuned) by extensions ['cmake', 'python']
[0.354s] Level 1:colcon.colcon_core.package_identification:_identify(pid_study/tuned) by extension 'cmake'
[0.354s] Level 1:colcon.colcon_core.package_identification:_identify(pid_study/tuned) by extension 'python'
[0.354s] Level 1:colcon.colcon_core.package_identification:_identify(pid_study/tuned) by extensions ['python_setup_py']
[0.354s] Level 1:colcon.colcon_core.package_identification:_identify(pid_study/tuned) by extension 'python_setup_py'
[0.354s] Level 1:colcon.colcon_core.package_identification:_identify(pid_study/tuned/all_joints) by extensions ['ignore', 'ignore_ament_install']
[0.354s] Level 1:colcon.colcon_core.package_identification:_identify(pid_study/tuned/all_joints) by extension 'ignore'
[0.354s] Level 1:colcon.colcon_core.package_identification:_identify(pid_study/tuned/all_joints) by extension 'ignore_ament_install'
[0.355s] Level 1:colcon.colcon_core.package_identification:_identify(pid_study/tuned/all_joints) by extensions ['colcon_pkg']
[0.355s] Level 1:colcon.colcon_core.package_identification:_identify(pid_study/tuned/all_joints) by extension 'colcon_pkg'
[0.355s] Level 1:colcon.colcon_core.package_identification:_identify(pid_study/tuned/all_joints) by extensions ['colcon_meta']
[0.355s] Level 1:colcon.colcon_core.package_identification:_identify(pid_study/tuned/all_joints) by extension 'colcon_meta'
[0.355s] Level 1:colcon.colcon_core.package_identification:_identify(pid_study/tuned/all_joints) by extensions ['ros']
[0.355s] Level 1:colcon.colcon_core.package_identification:_identify(pid_study/tuned/all_joints) by extension 'ros'
[0.355s] Level 1:colcon.colcon_core.package_identification:_identify(pid_study/tuned/all_joints) by extensions ['cmake', 'python']
[0.355s] Level 1:colcon.colcon_core.package_identification:_identify(pid_study/tuned/all_joints) by extension 'cmake'
[0.355s] Level 1:colcon.colcon_core.package_identification:_identify(pid_study/tuned/all_joints) by extension 'python'
[0.355s] Level 1:colcon.colcon_core.package_identification:_identify(pid_study/tuned/all_joints) by extensions ['python_setup_py']
[0.355s] Level 1:colcon.colcon_core.package_identification:_identify(pid_study/tuned/all_joints) by extension 'python_setup_py'
[0.355s] Level 1:colcon.colcon_core.package_identification:_identify(pid_study/tuned/all_joints/tuned_alljoints) by extensions ['ignore', 'ignore_ament_install']
[0.355s] Level 1:colcon.colcon_core.package_identification:_identify(pid_study/tuned/all_joints/tuned_alljoints) by extension 'ignore'
[0.355s] Level 1:colcon.colcon_core.package_identification:_identify(pid_study/tuned/all_joints/tuned_alljoints) by extension 'ignore_ament_install'
[0.355s] Level 1:colcon.colcon_core.package_identification:_identify(pid_study/tuned/all_joints/tuned_alljoints) by extensions ['colcon_pkg']
[0.355s] Level 1:colcon.colcon_core.package_identification:_identify(pid_study/tuned/all_joints/tuned_alljoints) by extension 'colcon_pkg'
[0.355s] Level 1:colcon.colcon_core.package_identification:_identify(pid_study/tuned/all_joints/tuned_alljoints) by extensions ['colcon_meta']
[0.355s] Level 1:colcon.colcon_core.package_identification:_identify(pid_study/tuned/all_joints/tuned_alljoints) by extension 'colcon_meta'
[0.355s] Level 1:colcon.colcon_core.package_identification:_identify(pid_study/tuned/all_joints/tuned_alljoints) by extensions ['ros']
[0.355s] Level 1:colcon.colcon_core.package_identification:_identify(pid_study/tuned/all_joints/tuned_alljoints) by extension 'ros'
[0.355s] Level 1:colcon.colcon_core.package_identification:_identify(pid_study/tuned/all_joints/tuned_alljoints) by extensions ['cmake', 'python']
[0.355s] Level 1:colcon.colcon_core.package_identification:_identify(pid_study/tuned/all_joints/tuned_alljoints) by extension 'cmake'
[0.355s] Level 1:colcon.colcon_core.package_identification:_identify(pid_study/tuned/all_joints/tuned_alljoints) by extension 'python'
[0.355s] Level 1:colcon.colcon_core.package_identification:_identify(pid_study/tuned/all_joints/tuned_alljoints) by extensions ['python_setup_py']
[0.355s] Level 1:colcon.colcon_core.package_identification:_identify(pid_study/tuned/all_joints/tuned_alljoints) by extension 'python_setup_py'
[0.356s] Level 1:colcon.colcon_core.package_identification:_identify(pid_study/untuned) by extensions ['ignore', 'ignore_ament_install']
[0.356s] Level 1:colcon.colcon_core.package_identification:_identify(pid_study/untuned) by extension 'ignore'
[0.356s] Level 1:colcon.colcon_core.package_identification:_identify(pid_study/untuned) by extension 'ignore_ament_install'
[0.356s] Level 1:colcon.colcon_core.package_identification:_identify(pid_study/untuned) by extensions ['colcon_pkg']
[0.356s] Level 1:colcon.colcon_core.package_identification:_identify(pid_study/untuned) by extension 'colcon_pkg'
[0.356s] Level 1:colcon.colcon_core.package_identification:_identify(pid_study/untuned) by extensions ['colcon_meta']
[0.356s] Level 1:colcon.colcon_core.package_identification:_identify(pid_study/untuned) by extension 'colcon_meta'
[0.356s] Level 1:colcon.colcon_core.package_identification:_identify(pid_study/untuned) by extensions ['ros']
[0.356s] Level 1:colcon.colcon_core.package_identification:_identify(pid_study/untuned) by extension 'ros'
[0.356s] Level 1:colcon.colcon_core.package_identification:_identify(pid_study/untuned) by extensions ['cmake', 'python']
[0.356s] Level 1:colcon.colcon_core.package_identification:_identify(pid_study/untuned) by extension 'cmake'
[0.356s] Level 1:colcon.colcon_core.package_identification:_identify(pid_study/untuned) by extension 'python'
[0.356s] Level 1:colcon.colcon_core.package_identification:_identify(pid_study/untuned) by extensions ['python_setup_py']
[0.356s] Level 1:colcon.colcon_core.package_identification:_identify(pid_study/untuned) by extension 'python_setup_py'
[0.356s] Level 1:colcon.colcon_core.package_identification:_identify(pid_study/untuned/all_joints) by extensions ['ignore', 'ignore_ament_install']
[0.356s] Level 1:colcon.colcon_core.package_identification:_identify(pid_study/untuned/all_joints) by extension 'ignore'
[0.356s] Level 1:colcon.colcon_core.package_identification:_identify(pid_study/untuned/all_joints) by extension 'ignore_ament_install'
[0.356s] Level 1:colcon.colcon_core.package_identification:_identify(pid_study/untuned/all_joints) by extensions ['colcon_pkg']
[0.356s] Level 1:colcon.colcon_core.package_identification:_identify(pid_study/untuned/all_joints) by extension 'colcon_pkg'
[0.356s] Level 1:colcon.colcon_core.package_identification:_identify(pid_study/untuned/all_joints) by extensions ['colcon_meta']
[0.356s] Level 1:colcon.colcon_core.package_identification:_identify(pid_study/untuned/all_joints) by extension 'colcon_meta'
[0.356s] Level 1:colcon.colcon_core.package_identification:_identify(pid_study/untuned/all_joints) by extensions ['ros']
[0.356s] Level 1:colcon.colcon_core.package_identification:_identify(pid_study/untuned/all_joints) by extension 'ros'
[0.356s] Level 1:colcon.colcon_core.package_identification:_identify(pid_study/untuned/all_joints) by extensions ['cmake', 'python']
[0.357s] Level 1:colcon.colcon_core.package_identification:_identify(pid_study/untuned/all_joints) by extension 'cmake'
[0.357s] Level 1:colcon.colcon_core.package_identification:_identify(pid_study/untuned/all_joints) by extension 'python'
[0.357s] Level 1:colcon.colcon_core.package_identification:_identify(pid_study/untuned/all_joints) by extensions ['python_setup_py']
[0.357s] Level 1:colcon.colcon_core.package_identification:_identify(pid_study/untuned/all_joints) by extension 'python_setup_py'
[0.357s] Level 1:colcon.colcon_core.package_identification:_identify(pid_study/untuned/all_joints/untuned_alljoints) by extensions ['ignore', 'ignore_ament_install']
[0.357s] Level 1:colcon.colcon_core.package_identification:_identify(pid_study/untuned/all_joints/untuned_alljoints) by extension 'ignore'
[0.357s] Level 1:colcon.colcon_core.package_identification:_identify(pid_study/untuned/all_joints/untuned_alljoints) by extension 'ignore_ament_install'
[0.357s] Level 1:colcon.colcon_core.package_identification:_identify(pid_study/untuned/all_joints/untuned_alljoints) by extensions ['colcon_pkg']
[0.357s] Level 1:colcon.colcon_core.package_identification:_identify(pid_study/untuned/all_joints/untuned_alljoints) by extension 'colcon_pkg'
[0.357s] Level 1:colcon.colcon_core.package_identification:_identify(pid_study/untuned/all_joints/untuned_alljoints) by extensions ['colcon_meta']
[0.357s] Level 1:colcon.colcon_core.package_identification:_identify(pid_study/untuned/all_joints/untuned_alljoints) by extension 'colcon_meta'
[0.357s] Level 1:colcon.colcon_core.package_identification:_identify(pid_study/untuned/all_joints/untuned_alljoints) by extensions ['ros']
[0.357s] Level 1:colcon.colcon_core.package_identification:_identify(pid_study/untuned/all_joints/untuned_alljoints) by extension 'ros'
[0.357s] Level 1:colcon.colcon_core.package_identification:_identify(pid_study/untuned/all_joints/untuned_alljoints) by extensions ['cmake', 'python']
[0.357s] Level 1:colcon.colcon_core.package_identification:_identify(pid_study/untuned/all_joints/untuned_alljoints) by extension 'cmake'
[0.357s] Level 1:colcon.colcon_core.package_identification:_identify(pid_study/untuned/all_joints/untuned_alljoints) by extension 'python'
[0.357s] Level 1:colcon.colcon_core.package_identification:_identify(pid_study/untuned/all_joints/untuned_alljoints) by extensions ['python_setup_py']
[0.357s] Level 1:colcon.colcon_core.package_identification:_identify(pid_study/untuned/all_joints/untuned_alljoints) by extension 'python_setup_py'
[0.357s] Level 1:colcon.colcon_core.package_identification:_identify(pid_study/untuned/all_joints/untuned_joint4) by extensions ['ignore', 'ignore_ament_install']
[0.357s] Level 1:colcon.colcon_core.package_identification:_identify(pid_study/untuned/all_joints/untuned_joint4) by extension 'ignore'
[0.357s] Level 1:colcon.colcon_core.package_identification:_identify(pid_study/untuned/all_joints/untuned_joint4) by extension 'ignore_ament_install'
[0.357s] Level 1:colcon.colcon_core.package_identification:_identify(pid_study/untuned/all_joints/untuned_joint4) by extensions ['colcon_pkg']
[0.357s] Level 1:colcon.colcon_core.package_identification:_identify(pid_study/untuned/all_joints/untuned_joint4) by extension 'colcon_pkg'
[0.358s] Level 1:colcon.colcon_core.package_identification:_identify(pid_study/untuned/all_joints/untuned_joint4) by extensions ['colcon_meta']
[0.358s] Level 1:colcon.colcon_core.package_identification:_identify(pid_study/untuned/all_joints/untuned_joint4) by extension 'colcon_meta'
[0.358s] Level 1:colcon.colcon_core.package_identification:_identify(pid_study/untuned/all_joints/untuned_joint4) by extensions ['ros']
[0.358s] Level 1:colcon.colcon_core.package_identification:_identify(pid_study/untuned/all_joints/untuned_joint4) by extension 'ros'
[0.358s] Level 1:colcon.colcon_core.package_identification:_identify(pid_study/untuned/all_joints/untuned_joint4) by extensions ['cmake', 'python']
[0.358s] Level 1:colcon.colcon_core.package_identification:_identify(pid_study/untuned/all_joints/untuned_joint4) by extension 'cmake'
[0.358s] Level 1:colcon.colcon_core.package_identification:_identify(pid_study/untuned/all_joints/untuned_joint4) by extension 'python'
[0.358s] Level 1:colcon.colcon_core.package_identification:_identify(pid_study/untuned/all_joints/untuned_joint4) by extensions ['python_setup_py']
[0.358s] Level 1:colcon.colcon_core.package_identification:_identify(pid_study/untuned/all_joints/untuned_joint4) by extension 'python_setup_py'
[0.358s] Level 1:colcon.colcon_core.package_identification:_identify(scripts) by extensions ['ignore', 'ignore_ament_install']
[0.358s] Level 1:colcon.colcon_core.package_identification:_identify(scripts) by extension 'ignore'
[0.358s] Level 1:colcon.colcon_core.package_identification:_identify(scripts) by extension 'ignore_ament_install'
[0.358s] Level 1:colcon.colcon_core.package_identification:_identify(scripts) by extensions ['colcon_pkg']
[0.358s] Level 1:colcon.colcon_core.package_identification:_identify(scripts) by extension 'colcon_pkg'
[0.358s] Level 1:colcon.colcon_core.package_identification:_identify(scripts) by extensions ['colcon_meta']
[0.358s] Level 1:colcon.colcon_core.package_identification:_identify(scripts) by extension 'colcon_meta'
[0.358s] Level 1:colcon.colcon_core.package_identification:_identify(scripts) by extensions ['ros']
[0.358s] Level 1:colcon.colcon_core.package_identification:_identify(scripts) by extension 'ros'
[0.358s] Level 1:colcon.colcon_core.package_identification:_identify(scripts) by extensions ['cmake', 'python']
[0.358s] Level 1:colcon.colcon_core.package_identification:_identify(scripts) by extension 'cmake'
[0.358s] Level 1:colcon.colcon_core.package_identification:_identify(scripts) by extension 'python'
[0.358s] Level 1:colcon.colcon_core.package_identification:_identify(scripts) by extensions ['python_setup_py']
[0.358s] Level 1:colcon.colcon_core.package_identification:_identify(scripts) by extension 'python_setup_py'
[0.358s] Level 1:colcon.colcon_core.package_identification:_identify(src) by extensions ['ignore', 'ignore_ament_install']
[0.359s] Level 1:colcon.colcon_core.package_identification:_identify(src) by extension 'ignore'
[0.359s] Level 1:colcon.colcon_core.package_identification:_identify(src) by extension 'ignore_ament_install'
[0.359s] Level 1:colcon.colcon_core.package_identification:_identify(src) by extensions ['colcon_pkg']
[0.359s] Level 1:colcon.colcon_core.package_identification:_identify(src) by extension 'colcon_pkg'
[0.359s] Level 1:colcon.colcon_core.package_identification:_identify(src) by extensions ['colcon_meta']
[0.359s] Level 1:colcon.colcon_core.package_identification:_identify(src) by extension 'colcon_meta'
[0.359s] Level 1:colcon.colcon_core.package_identification:_identify(src) by extensions ['ros']
[0.359s] Level 1:colcon.colcon_core.package_identification:_identify(src) by extension 'ros'
[0.359s] Level 1:colcon.colcon_core.package_identification:_identify(src) by extensions ['cmake', 'python']
[0.359s] Level 1:colcon.colcon_core.package_identification:_identify(src) by extension 'cmake'
[0.359s] Level 1:colcon.colcon_core.package_identification:_identify(src) by extension 'python'
[0.359s] Level 1:colcon.colcon_core.package_identification:_identify(src) by extensions ['python_setup_py']
[0.359s] Level 1:colcon.colcon_core.package_identification:_identify(src) by extension 'python_setup_py'
[0.359s] Level 1:colcon.colcon_core.package_identification:_identify(src/build) by extensions ['ignore', 'ignore_ament_install']
[0.359s] Level 1:colcon.colcon_core.package_identification:_identify(src/build) by extension 'ignore'
[0.359s] Level 1:colcon.colcon_core.package_identification:_identify(src/build) ignored
[0.359s] Level 1:colcon.colcon_core.package_identification:_identify(src/feedbot_description) by extensions ['ignore', 'ignore_ament_install']
[0.359s] Level 1:colcon.colcon_core.package_identification:_identify(src/feedbot_description) by extension 'ignore'
[0.359s] Level 1:colcon.colcon_core.package_identification:_identify(src/feedbot_description) by extension 'ignore_ament_install'
[0.359s] Level 1:colcon.colcon_core.package_identification:_identify(src/feedbot_description) by extensions ['colcon_pkg']
[0.359s] Level 1:colcon.colcon_core.package_identification:_identify(src/feedbot_description) by extension 'colcon_pkg'
[0.359s] Level 1:colcon.colcon_core.package_identification:_identify(src/feedbot_description) by extensions ['colcon_meta']
[0.359s] Level 1:colcon.colcon_core.package_identification:_identify(src/feedbot_description) by extension 'colcon_meta'
[0.360s] Level 1:colcon.colcon_core.package_identification:_identify(src/feedbot_description) by extensions ['ros']
[0.360s] Level 1:colcon.colcon_core.package_identification:_identify(src/feedbot_description) by extension 'ros'
[0.361s] DEBUG:colcon.colcon_core.package_identification:Package 'src/feedbot_description' with type 'ros.ament_cmake' and name 'feedbot_description'
[0.361s] Level 1:colcon.colcon_core.package_identification:_identify(src/feedbot_fusion) by extensions ['ignore', 'ignore_ament_install']
[0.361s] Level 1:colcon.colcon_core.package_identification:_identify(src/feedbot_fusion) by extension 'ignore'
[0.361s] Level 1:colcon.colcon_core.package_identification:_identify(src/feedbot_fusion) by extension 'ignore_ament_install'
[0.361s] Level 1:colcon.colcon_core.package_identification:_identify(src/feedbot_fusion) by extensions ['colcon_pkg']
[0.362s] Level 1:colcon.colcon_core.package_identification:_identify(src/feedbot_fusion) by extension 'colcon_pkg'
[0.362s] Level 1:colcon.colcon_core.package_identification:_identify(src/feedbot_fusion) by extensions ['colcon_meta']
[0.362s] Level 1:colcon.colcon_core.package_identification:_identify(src/feedbot_fusion) by extension 'colcon_meta'
[0.362s] Level 1:colcon.colcon_core.package_identification:_identify(src/feedbot_fusion) by extensions ['ros']
[0.362s] Level 1:colcon.colcon_core.package_identification:_identify(src/feedbot_fusion) by extension 'ros'
[0.362s] DEBUG:colcon.colcon_core.package_identification:Package 'src/feedbot_fusion' with type 'ros.ament_python' and name 'feedbot_fusion'
[0.362s] Level 1:colcon.colcon_core.package_identification:_identify(src/log) by extensions ['ignore', 'ignore_ament_install']
[0.363s] Level 1:colcon.colcon_core.package_identification:_identify(src/log) by extension 'ignore'
[0.363s] Level 1:colcon.colcon_core.package_identification:_identify(src/log) ignored
[0.363s] Level 1:colcon.colcon_core.package_identification:_identify(src/pid_logger) by extensions ['ignore', 'ignore_ament_install']
[0.363s] Level 1:colcon.colcon_core.package_identification:_identify(src/pid_logger) by extension 'ignore'
[0.363s] Level 1:colcon.colcon_core.package_identification:_identify(src/pid_logger) by extension 'ignore_ament_install'
[0.363s] Level 1:colcon.colcon_core.package_identification:_identify(src/pid_logger) by extensions ['colcon_pkg']
[0.363s] Level 1:colcon.colcon_core.package_identification:_identify(src/pid_logger) by extension 'colcon_pkg'
[0.363s] Level 1:colcon.colcon_core.package_identification:_identify(src/pid_logger) by extensions ['colcon_meta']
[0.363s] Level 1:colcon.colcon_core.package_identification:_identify(src/pid_logger) by extension 'colcon_meta'
[0.363s] Level 1:colcon.colcon_core.package_identification:_identify(src/pid_logger) by extensions ['ros']
[0.363s] Level 1:colcon.colcon_core.package_identification:_identify(src/pid_logger) by extension 'ros'
[0.364s] DEBUG:colcon.colcon_core.package_identification:Package 'src/pid_logger' with type 'ros.ament_python' and name 'pid_logger'
[0.364s] Level 1:colcon.colcon_core.package_discovery:discover_packages(recursive) using defaults
[0.364s] Level 1:colcon.colcon_core.package_discovery:discover_packages(ignore) discover
[0.364s] Level 1:colcon.colcon_core.package_discovery:discover_packages(ignore) using defaults
[0.364s] Level 1:colcon.colcon_core.package_discovery:discover_packages(path) discover
[0.364s] Level 1:colcon.colcon_core.package_discovery:discover_packages(path) using defaults
[0.395s] Level 1:colcon.colcon_core.package_discovery:discover_packages(prefix_path) check parameters
[0.395s] Level 1:colcon.colcon_core.package_discovery:discover_packages(prefix_path) discover
[0.399s] DEBUG:colcon.colcon_installed_package_information.package_discovery:Found 5 installed packages in /home/dell/ros2_feedbot_ws/install
[0.400s] DEBUG:colcon.colcon_installed_package_information.package_discovery:Found 1 installed packages in /home/dell/ros2_ws/install
[0.401s] DEBUG:colcon.colcon_installed_package_information.package_discovery:Found 385 installed packages in /opt/ros/humble
[0.402s] Level 1:colcon.colcon_core.package_discovery:discover_packages(prefix_path) using defaults
[0.446s] Level 5:colcon.colcon_core.verb:set package 'feedbot_description' build argument 'cmake_args' from command line to 'None'
[0.446s] Level 5:colcon.colcon_core.verb:set package 'feedbot_description' build argument 'cmake_target' from command line to 'None'
[0.446s] Level 5:colcon.colcon_core.verb:set package 'feedbot_description' build argument 'cmake_target_skip_unavailable' from command line to 'False'
[0.446s] Level 5:colcon.colcon_core.verb:set package 'feedbot_description' build argument 'cmake_clean_cache' from command line to 'False'
[0.446s] Level 5:colcon.colcon_core.verb:set package 'feedbot_description' build argument 'cmake_clean_first' from command line to 'False'
[0.446s] Level 5:colcon.colcon_core.verb:set package 'feedbot_description' build argument 'cmake_force_configure' from command line to 'False'
[0.446s] Level 5:colcon.colcon_core.verb:set package 'feedbot_description' build argument 'ament_cmake_args' from command line to 'None'
[0.446s] Level 5:colcon.colcon_core.verb:set package 'feedbot_description' build argument 'catkin_cmake_args' from command line to 'None'
[0.446s] Level 5:colcon.colcon_core.verb:set package 'feedbot_description' build argument 'catkin_skip_building_tests' from command line to 'False'
[0.446s] DEBUG:colcon.colcon_core.verb:Building package 'feedbot_description' with the following arguments: {'ament_cmake_args': None, 'build_base': '/home/dell/ros2_feedbot_ws/build/feedbot_description', 'catkin_cmake_args': None, 'catkin_skip_building_tests': False, 'cmake_args': None, 'cmake_clean_cache': False, 'cmake_clean_first': False, 'cmake_force_configure': False, 'cmake_target': None, 'cmake_target_skip_unavailable': False, 'install_base': '/home/dell/ros2_feedbot_ws/install/feedbot_description', 'merge_install': False, 'path': '/home/dell/ros2_feedbot_ws/src/feedbot_description', 'symlink_install': False, 'test_result_base': None}
[0.446s] Level 5:colcon.colcon_core.verb:set package 'feedbot_fusion' build argument 'cmake_args' from command line to 'None'
[0.446s] Level 5:colcon.colcon_core.verb:set package 'feedbot_fusion' build argument 'cmake_target' from command line to 'None'
[0.446s] Level 5:colcon.colcon_core.verb:set package 'feedbot_fusion' build argument 'cmake_target_skip_unavailable' from command line to 'False'
[0.446s] Level 5:colcon.colcon_core.verb:set package 'feedbot_fusion' build argument 'cmake_clean_cache' from command line to 'False'
[0.446s] Level 5:colcon.colcon_core.verb:set package 'feedbot_fusion' build argument 'cmake_clean_first' from command line to 'False'
[0.446s] Level 5:colcon.colcon_core.verb:set package 'feedbot_fusion' build argument 'cmake_force_configure' from command line to 'False'
[0.446s] Level 5:colcon.colcon_core.verb:set package 'feedbot_fusion' build argument 'ament_cmake_args' from command line to 'None'
[0.446s] Level 5:colcon.colcon_core.verb:set package 'feedbot_fusion' build argument 'catkin_cmake_args' from command line to 'None'
[0.446s] Level 5:colcon.colcon_core.verb:set package 'feedbot_fusion' build argument 'catkin_skip_building_tests' from command line to 'False'
[0.446s] DEBUG:colcon.colcon_core.verb:Building package 'feedbot_fusion' with the following arguments: {'ament_cmake_args': None, 'build_base': '/home/dell/ros2_feedbot_ws/build/feedbot_fusion', 'catkin_cmake_args': None, 'catkin_skip_building_tests': False, 'cmake_args': None, 'cmake_clean_cache': False, 'cmake_clean_first': False, 'cmake_force_configure': False, 'cmake_target': None, 'cmake_target_skip_unavailable': False, 'install_base': '/home/dell/ros2_feedbot_ws/install/feedbot_fusion', 'merge_install': False, 'path': '/home/dell/ros2_feedbot_ws/src/feedbot_fusion', 'symlink_install': False, 'test_result_base': None}
[0.447s] Level 5:colcon.colcon_core.verb:set package 'feedbot_sensors' build argument 'cmake_args' from command line to 'None'
[0.447s] Level 5:colcon.colcon_core.verb:set package 'feedbot_sensors' build argument 'cmake_target' from command line to 'None'
[0.447s] Level 5:colcon.colcon_core.verb:set package 'feedbot_sensors' build argument 'cmake_target_skip_unavailable' from command line to 'False'
[0.447s] Level 5:colcon.colcon_core.verb:set package 'feedbot_sensors' build argument 'cmake_clean_cache' from command line to 'False'
[0.447s] Level 5:colcon.colcon_core.verb:set package 'feedbot_sensors' build argument 'cmake_clean_first' from command line to 'False'
[0.447s] Level 5:colcon.colcon_core.verb:set package 'feedbot_sensors' build argument 'cmake_force_configure' from command line to 'False'
[0.447s] Level 5:colcon.colcon_core.verb:set package 'feedbot_sensors' build argument 'ament_cmake_args' from command line to 'None'
[0.447s] Level 5:colcon.colcon_core.verb:set package 'feedbot_sensors' build argument 'catkin_cmake_args' from command line to 'None'
[0.447s] Level 5:colcon.colcon_core.verb:set package 'feedbot_sensors' build argument 'catkin_skip_building_tests' from command line to 'False'
[0.447s] DEBUG:colcon.colcon_core.verb:Building package 'feedbot_sensors' with the following arguments: {'ament_cmake_args': None, 'build_base': '/home/dell/ros2_feedbot_ws/build/feedbot_sensors', 'catkin_cmake_args': None, 'catkin_skip_building_tests': False, 'cmake_args': None, 'cmake_clean_cache': False, 'cmake_clean_first': False, 'cmake_force_configure': False, 'cmake_target': None, 'cmake_target_skip_unavailable': False, 'install_base': '/home/dell/ros2_feedbot_ws/install/feedbot_sensors', 'merge_install': False, 'path': '/home/dell/ros2_feedbot_ws/feedbot_sensors', 'symlink_install': False, 'test_result_base': None}
[0.447s] Level 5:colcon.colcon_core.verb:set package 'pid_logger' build argument 'cmake_args' from command line to 'None'
[0.447s] Level 5:colcon.colcon_core.verb:set package 'pid_logger' build argument 'cmake_target' from command line to 'None'
[0.447s] Level 5:colcon.colcon_core.verb:set package 'pid_logger' build argument 'cmake_target_skip_unavailable' from command line to 'False'
[0.447s] Level 5:colcon.colcon_core.verb:set package 'pid_logger' build argument 'cmake_clean_cache' from command line to 'False'
[0.447s] Level 5:colcon.colcon_core.verb:set package 'pid_logger' build argument 'cmake_clean_first' from command line to 'False'
[0.447s] Level 5:colcon.colcon_core.verb:set package 'pid_logger' build argument 'cmake_force_configure' from command line to 'False'
[0.447s] Level 5:colcon.colcon_core.verb:set package 'pid_logger' build argument 'ament_cmake_args' from command line to 'None'
[0.447s] Level 5:colcon.colcon_core.verb:set package 'pid_logger' build argument 'catkin_cmake_args' from command line to 'None'
[0.447s] Level 5:colcon.colcon_core.verb:set package 'pid_logger' build argument 'catkin_skip_building_tests' from command line to 'False'
[0.447s] DEBUG:colcon.colcon_core.verb:Building package 'pid_logger' with the following arguments: {'ament_cmake_args': None, 'build_base': '/home/dell/ros2_feedbot_ws/build/pid_logger', 'catkin_cmake_args': None, 'catkin_skip_building_tests': False, 'cmake_args': None, 'cmake_clean_cache': False, 'cmake_clean_first': False, 'cmake_force_configure': False, 'cmake_target': None, 'cmake_target_skip_unavailable': False, 'install_base': '/home/dell/ros2_feedbot_ws/install/pid_logger', 'merge_install': False, 'path': '/home/dell/ros2_feedbot_ws/src/pid_logger', 'symlink_install': False, 'test_result_base': None}
[0.448s] Level 5:colcon.colcon_core.verb:set package 'feedbot_moveit_config' build argument 'cmake_args' from command line to 'None'
[0.448s] Level 5:colcon.colcon_core.verb:set package 'feedbot_moveit_config' build argument 'cmake_target' from command line to 'None'
[0.448s] Level 5:colcon.colcon_core.verb:set package 'feedbot_moveit_config' build argument 'cmake_target_skip_unavailable' from command line to 'False'
[0.448s] Level 5:colcon.colcon_core.verb:set package 'feedbot_moveit_config' build argument 'cmake_clean_cache' from command line to 'False'
[0.448s] Level 5:colcon.colcon_core.verb:set package 'feedbot_moveit_config' build argument 'cmake_clean_first' from command line to 'False'
[0.448s] Level 5:colcon.colcon_core.verb:set package 'feedbot_moveit_config' build argument 'cmake_force_configure' from command line to 'False'
[0.448s] Level 5:colcon.colcon_core.verb:set package 'feedbot_moveit_config' build argument 'ament_cmake_args' from command line to 'None'
[0.448s] Level 5:colcon.colcon_core.verb:set package 'feedbot_moveit_config' build argument 'catkin_cmake_args' from command line to 'None'
[0.448s] Level 5:colcon.colcon_core.verb:set package 'feedbot_moveit_config' build argument 'catkin_skip_building_tests' from command line to 'False'
[0.448s] DEBUG:colcon.colcon_core.verb:Building package 'feedbot_moveit_config' with the following arguments: {'ament_cmake_args': None, 'build_base': '/home/dell/ros2_feedbot_ws/build/feedbot_moveit_config', 'catkin_cmake_args': None, 'catkin_skip_building_tests': False, 'cmake_args': None, 'cmake_clean_cache': False, 'cmake_clean_first': False, 'cmake_force_configure': False, 'cmake_target': None, 'cmake_target_skip_unavailable': False, 'install_base': '/home/dell/ros2_feedbot_ws/install/feedbot_moveit_config', 'merge_install': False, 'path': '/home/dell/ros2_feedbot_ws/feedbot_moveit_config', 'symlink_install': False, 'test_result_base': None}
[0.448s] INFO:colcon.colcon_core.executor:Executing jobs using 'parallel' executor
[0.449s] DEBUG:colcon.colcon_parallel_executor.executor.parallel:run_until_complete
[0.449s] INFO:colcon.colcon_ros.task.ament_cmake.build:Building ROS package in '/home/dell/ros2_feedbot_ws/src/feedbot_description' with build type 'ament_cmake'
[0.449s] INFO:colcon.colcon_cmake.task.cmake.build:Building CMake package in '/home/dell/ros2_feedbot_ws/src/feedbot_description'
[0.454s] INFO:colcon.colcon_core.plugin_system:Skipping extension 'colcon_core.shell.bat': Not used on non-Windows systems
[0.454s] INFO:colcon.colcon_core.shell:Skip shell extension 'powershell' for command environment: Not usable outside of PowerShell
[0.454s] DEBUG:colcon.colcon_core.shell:Skip shell extension 'dsv' for command environment
[0.458s] INFO:colcon.colcon_ros.task.ament_python.build:Building ROS package in '/home/dell/ros2_feedbot_ws/src/feedbot_fusion' with build type 'ament_python'
[0.458s] Level 1:colcon.colcon_core.shell:create_environment_hook('feedbot_fusion', 'ament_prefix_path')
[0.458s] INFO:colcon.colcon_core.shell:Creating environment hook '/home/dell/ros2_feedbot_ws/install/feedbot_fusion/share/feedbot_fusion/hook/ament_prefix_path.ps1'
[0.459s] INFO:colcon.colcon_core.shell:Creating environment descriptor '/home/dell/ros2_feedbot_ws/install/feedbot_fusion/share/feedbot_fusion/hook/ament_prefix_path.dsv'
[0.459s] INFO:colcon.colcon_core.shell:Creating environment hook '/home/dell/ros2_feedbot_ws/install/feedbot_fusion/share/feedbot_fusion/hook/ament_prefix_path.sh'
[0.460s] INFO:colcon.colcon_core.shell:Skip shell extension 'powershell' for command environment: Not usable outside of PowerShell
[0.460s] DEBUG:colcon.colcon_core.shell:Skip shell extension 'dsv' for command environment
[0.463s] INFO:colcon.colcon_ros.task.ament_python.build:Building ROS package in '/home/dell/ros2_feedbot_ws/feedbot_sensors' with build type 'ament_python'
[0.463s] Level 1:colcon.colcon_core.shell:create_environment_hook('feedbot_sensors', 'ament_prefix_path')
[0.464s] INFO:colcon.colcon_core.shell:Creating environment hook '/home/dell/ros2_feedbot_ws/install/feedbot_sensors/share/feedbot_sensors/hook/ament_prefix_path.ps1'
[0.464s] INFO:colcon.colcon_core.shell:Creating environment descriptor '/home/dell/ros2_feedbot_ws/install/feedbot_sensors/share/feedbot_sensors/hook/ament_prefix_path.dsv'
[0.464s] INFO:colcon.colcon_core.shell:Creating environment hook '/home/dell/ros2_feedbot_ws/install/feedbot_sensors/share/feedbot_sensors/hook/ament_prefix_path.sh'
[0.465s] INFO:colcon.colcon_core.shell:Skip shell extension 'powershell' for command environment: Not usable outside of PowerShell
[0.465s] DEBUG:colcon.colcon_core.shell:Skip shell extension 'dsv' for command environment
[0.468s] INFO:colcon.colcon_ros.task.ament_python.build:Building ROS package in '/home/dell/ros2_feedbot_ws/src/pid_logger' with build type 'ament_python'
[0.468s] Level 1:colcon.colcon_core.shell:create_environment_hook('pid_logger', 'ament_prefix_path')
[0.468s] INFO:colcon.colcon_core.shell:Creating environment hook '/home/dell/ros2_feedbot_ws/install/pid_logger/share/pid_logger/hook/ament_prefix_path.ps1'
[0.469s] INFO:colcon.colcon_core.shell:Creating environment descriptor '/home/dell/ros2_feedbot_ws/install/pid_logger/share/pid_logger/hook/ament_prefix_path.dsv'
[0.469s] INFO:colcon.colcon_core.shell:Creating environment hook '/home/dell/ros2_feedbot_ws/install/pid_logger/share/pid_logger/hook/ament_prefix_path.sh'
[0.469s] INFO:colcon.colcon_core.shell:Skip shell extension 'powershell' for command environment: Not usable outside of PowerShell
[0.469s] DEBUG:colcon.colcon_core.shell:Skip shell extension 'dsv' for command environment
[0.476s] DEBUG:colcon.colcon_core.event_handler.log_command:Invoking command in '/home/dell/ros2_feedbot_ws/build/feedbot_description': CMAKE_PREFIX_PATH=${CMAKE_PREFIX_PATH}:/home/dell/ros2_feedbot_ws/install/pid_logger:/home/dell/ros2_feedbot_ws/install/feedbot_sensors:/home/dell/ros2_feedbot_ws/install/feedbot_fusion:/opt/ros/humble /usr/bin/cmake --build /home/dell/ros2_feedbot_ws/build/feedbot_description -- -j12 -l12
[0.708s] WARNING:colcon.colcon_ros.task.ament_python.build:Package 'feedbot_fusion' doesn't explicitly install a marker in the package index (colcon-ros currently does it implicitly but that fallback will be removed in the future)
[0.709s] WARNING:colcon.colcon_ros.task.ament_python.build:Package 'feedbot_fusion' doesn't explicitly install the 'package.xml' file (colcon-ros currently does it implicitly but that fallback will be removed in the future)
[0.709s] INFO:colcon.colcon_core.task.python.build:Building Python package in '/home/dell/ros2_feedbot_ws/src/feedbot_fusion'
[0.709s] INFO:colcon.colcon_core.shell:Skip shell extension 'powershell' for command environment: Not usable outside of PowerShell
[0.709s] DEBUG:colcon.colcon_core.shell:Skip shell extension 'dsv' for command environment
[0.942s] INFO:colcon.colcon_core.task.python.build:Building Python package in '/home/dell/ros2_feedbot_ws/feedbot_sensors'
[0.942s] INFO:colcon.colcon_core.shell:Skip shell extension 'powershell' for command environment: Not usable outside of PowerShell
[0.943s] DEBUG:colcon.colcon_core.shell:Skip shell extension 'dsv' for command environment
[1.179s] INFO:colcon.colcon_core.task.python.build:Building Python package in '/home/dell/ros2_feedbot_ws/src/pid_logger'
[1.179s] INFO:colcon.colcon_core.shell:Skip shell extension 'powershell' for command environment: Not usable outside of PowerShell
[1.179s] DEBUG:colcon.colcon_core.shell:Skip shell extension 'dsv' for command environment
[1.183s] DEBUG:colcon.colcon_core.event_handler.log_command:Invoked command in '/home/dell/ros2_feedbot_ws/build/feedbot_description' returned '0': CMAKE_PREFIX_PATH=${CMAKE_PREFIX_PATH}:/home/dell/ros2_feedbot_ws/install/pid_logger:/home/dell/ros2_feedbot_ws/install/feedbot_sensors:/home/dell/ros2_feedbot_ws/install/feedbot_fusion:/opt/ros/humble /usr/bin/cmake --build /home/dell/ros2_feedbot_ws/build/feedbot_description -- -j12 -l12
[1.193s] DEBUG:colcon.colcon_core.event_handler.log_command:Invoking command in '/home/dell/ros2_feedbot_ws/build/feedbot_description': CMAKE_PREFIX_PATH=${CMAKE_PREFIX_PATH}:/home/dell/ros2_feedbot_ws/install/pid_logger:/home/dell/ros2_feedbot_ws/install/feedbot_sensors:/home/dell/ros2_feedbot_ws/install/feedbot_fusion:/opt/ros/humble /usr/bin/cmake --install /home/dell/ros2_feedbot_ws/build/feedbot_description
[1.205s] Level 1:colcon.colcon_core.environment:create_environment_scripts_only(feedbot_description)
[1.205s] DEBUG:colcon.colcon_core.event_handler.log_command:Invoked command in '/home/dell/ros2_feedbot_ws/build/feedbot_description' returned '0': CMAKE_PREFIX_PATH=${CMAKE_PREFIX_PATH}:/home/dell/ros2_feedbot_ws/install/pid_logger:/home/dell/ros2_feedbot_ws/install/feedbot_sensors:/home/dell/ros2_feedbot_ws/install/feedbot_fusion:/opt/ros/humble /usr/bin/cmake --install /home/dell/ros2_feedbot_ws/build/feedbot_description
[1.210s] Level 1:colcon.colcon_core.environment:checking '/home/dell/ros2_feedbot_ws/install/feedbot_description' for CMake module files
[1.210s] Level 1:colcon.colcon_core.environment:checking '/home/dell/ros2_feedbot_ws/install/feedbot_description' for CMake config files
[1.211s] Level 1:colcon.colcon_core.shell:create_environment_hook('feedbot_description', 'cmake_prefix_path')
[1.211s] INFO:colcon.colcon_core.shell:Creating environment hook '/home/dell/ros2_feedbot_ws/install/feedbot_description/share/feedbot_description/hook/cmake_prefix_path.ps1'
[1.212s] INFO:colcon.colcon_core.shell:Creating environment descriptor '/home/dell/ros2_feedbot_ws/install/feedbot_description/share/feedbot_description/hook/cmake_prefix_path.dsv'
[1.212s] INFO:colcon.colcon_core.shell:Creating environment hook '/home/dell/ros2_feedbot_ws/install/feedbot_description/share/feedbot_description/hook/cmake_prefix_path.sh'
[1.212s] Level 1:colcon.colcon_core.environment:checking '/home/dell/ros2_feedbot_ws/install/feedbot_description/lib'
[1.213s] Level 1:colcon.colcon_core.environment:checking '/home/dell/ros2_feedbot_ws/install/feedbot_description/bin'
[1.213s] Level 1:colcon.colcon_core.environment:checking '/home/dell/ros2_feedbot_ws/install/feedbot_description/lib/pkgconfig/feedbot_description.pc'
[1.213s] Level 1:colcon.colcon_core.environment:checking '/home/dell/ros2_feedbot_ws/install/feedbot_description/lib/python3.10/site-packages'
[1.213s] Level 1:colcon.colcon_core.environment:checking '/home/dell/ros2_feedbot_ws/install/feedbot_description/bin'
[1.213s] INFO:colcon.colcon_core.shell:Creating package script '/home/dell/ros2_feedbot_ws/install/feedbot_description/share/feedbot_description/package.ps1'
[1.214s] INFO:colcon.colcon_core.shell:Creating package descriptor '/home/dell/ros2_feedbot_ws/install/feedbot_description/share/feedbot_description/package.dsv'
[1.215s] INFO:colcon.colcon_core.shell:Creating package script '/home/dell/ros2_feedbot_ws/install/feedbot_description/share/feedbot_description/package.sh'
[1.215s] INFO:colcon.colcon_core.shell:Creating package script '/home/dell/ros2_feedbot_ws/install/feedbot_description/share/feedbot_description/package.bash'
[1.216s] INFO:colcon.colcon_core.shell:Creating package script '/home/dell/ros2_feedbot_ws/install/feedbot_description/share/feedbot_description/package.zsh'
[1.216s] Level 1:colcon.colcon_core.environment:create_file_with_runtime_dependencies(/home/dell/ros2_feedbot_ws/install/feedbot_description/share/colcon-core/packages/feedbot_description)
[1.217s] Level 1:colcon.colcon_core.environment:create_environment_scripts_only(feedbot_description)
[1.217s] Level 1:colcon.colcon_core.environment:checking '/home/dell/ros2_feedbot_ws/install/feedbot_description' for CMake module files
[1.217s] Level 1:colcon.colcon_core.environment:checking '/home/dell/ros2_feedbot_ws/install/feedbot_description' for CMake config files
[1.217s] Level 1:colcon.colcon_core.shell:create_environment_hook('feedbot_description', 'cmake_prefix_path')
[1.218s] INFO:colcon.colcon_core.shell:Creating environment hook '/home/dell/ros2_feedbot_ws/install/feedbot_description/share/feedbot_description/hook/cmake_prefix_path.ps1'
[1.218s] INFO:colcon.colcon_core.shell:Creating environment descriptor '/home/dell/ros2_feedbot_ws/install/feedbot_description/share/feedbot_description/hook/cmake_prefix_path.dsv'
[1.218s] INFO:colcon.colcon_core.shell:Creating environment hook '/home/dell/ros2_feedbot_ws/install/feedbot_description/share/feedbot_description/hook/cmake_prefix_path.sh'
[1.219s] Level 1:colcon.colcon_core.environment:checking '/home/dell/ros2_feedbot_ws/install/feedbot_description/lib'
[1.219s] Level 1:colcon.colcon_core.environment:checking '/home/dell/ros2_feedbot_ws/install/feedbot_description/bin'
[1.219s] Level 1:colcon.colcon_core.environment:checking '/home/dell/ros2_feedbot_ws/install/feedbot_description/lib/pkgconfig/feedbot_description.pc'
[1.219s] Level 1:colcon.colcon_core.environment:checking '/home/dell/ros2_feedbot_ws/install/feedbot_description/lib/python3.10/site-packages'
[1.219s] Level 1:colcon.colcon_core.environment:checking '/home/dell/ros2_feedbot_ws/install/feedbot_description/bin'
[1.219s] INFO:colcon.colcon_core.shell:Creating package script '/home/dell/ros2_feedbot_ws/install/feedbot_description/share/feedbot_description/package.ps1'
[1.220s] INFO:colcon.colcon_core.shell:Creating package descriptor '/home/dell/ros2_feedbot_ws/install/feedbot_description/share/feedbot_description/package.dsv'
[1.220s] INFO:colcon.colcon_core.shell:Creating package script '/home/dell/ros2_feedbot_ws/install/feedbot_description/share/feedbot_description/package.sh'
[1.220s] INFO:colcon.colcon_core.shell:Creating package script '/home/dell/ros2_feedbot_ws/install/feedbot_description/share/feedbot_description/package.bash'
[1.221s] INFO:colcon.colcon_core.shell:Creating package script '/home/dell/ros2_feedbot_ws/install/feedbot_description/share/feedbot_description/package.zsh'
[1.221s] Level 1:colcon.colcon_core.environment:create_file_with_runtime_dependencies(/home/dell/ros2_feedbot_ws/install/feedbot_description/share/colcon-core/packages/feedbot_description)
[1.221s] INFO:colcon.colcon_ros.task.ament_cmake.build:Building ROS package in '/home/dell/ros2_feedbot_ws/feedbot_moveit_config' with build type 'ament_cmake'
[1.222s] INFO:colcon.colcon_cmake.task.cmake.build:Building CMake package in '/home/dell/ros2_feedbot_ws/feedbot_moveit_config'
[1.222s] INFO:colcon.colcon_core.shell:Skip shell extension 'powershell' for command environment: Not usable outside of PowerShell
[1.222s] DEBUG:colcon.colcon_core.shell:Skip shell extension 'dsv' for command environment
[1.231s] DEBUG:colcon.colcon_core.event_handler.log_command:Invoking command in '/home/dell/ros2_feedbot_ws/build/feedbot_moveit_config': CMAKE_PREFIX_PATH=/home/dell/ros2_feedbot_ws/install/feedbot_description:/home/dell/ros2_feedbot_ws/install/feedbot_moveit_config:/home/dell/ros2_ws/install/open_manipulator_description:/home/dell/ros2_feedbot_ws/install/pid_logger:/home/dell/ros2_feedbot_ws/install/feedbot_sensors:/home/dell/ros2_feedbot_ws/install/feedbot_fusion:/opt/ros/humble /usr/bin/cmake --build /home/dell/ros2_feedbot_ws/build/feedbot_moveit_config -- -j12 -l12
[1.269s] DEBUG:colcon.colcon_core.event_handler.log_command:Invoked command in '/home/dell/ros2_feedbot_ws/build/feedbot_moveit_config' returned '0': CMAKE_PREFIX_PATH=/home/dell/ros2_feedbot_ws/install/feedbot_description:/home/dell/ros2_feedbot_ws/install/feedbot_moveit_config:/home/dell/ros2_ws/install/open_manipulator_description:/home/dell/ros2_feedbot_ws/install/pid_logger:/home/dell/ros2_feedbot_ws/install/feedbot_sensors:/home/dell/ros2_feedbot_ws/install/feedbot_fusion:/opt/ros/humble /usr/bin/cmake --build /home/dell/ros2_feedbot_ws/build/feedbot_moveit_config -- -j12 -l12
[1.270s] DEBUG:colcon.colcon_core.event_handler.log_command:Invoking command in '/home/dell/ros2_feedbot_ws/build/feedbot_moveit_config': CMAKE_PREFIX_PATH=/home/dell/ros2_feedbot_ws/install/feedbot_description:/home/dell/ros2_feedbot_ws/install/feedbot_moveit_config:/home/dell/ros2_ws/install/open_manipulator_description:/home/dell/ros2_feedbot_ws/install/pid_logger:/home/dell/ros2_feedbot_ws/install/feedbot_sensors:/home/dell/ros2_feedbot_ws/install/feedbot_fusion:/opt/ros/humble /usr/bin/cmake --install /home/dell/ros2_feedbot_ws/build/feedbot_moveit_config
[1.281s] Level 1:colcon.colcon_core.environment:create_environment_scripts_only(feedbot_moveit_config)
[1.282s] Level 1:colcon.colcon_core.environment:checking '/home/dell/ros2_feedbot_ws/install/feedbot_moveit_config' for CMake module files
[1.282s] DEBUG:colcon.colcon_core.event_handler.log_command:Invoked command in '/home/dell/ros2_feedbot_ws/build/feedbot_moveit_config' returned '0': CMAKE_PREFIX_PATH=/home/dell/ros2_feedbot_ws/install/feedbot_description:/home/dell/ros2_feedbot_ws/install/feedbot_moveit_config:/home/dell/ros2_ws/install/open_manipulator_description:/home/dell/ros2_feedbot_ws/install/pid_logger:/home/dell/ros2_feedbot_ws/install/feedbot_sensors:/home/dell/ros2_feedbot_ws/install/feedbot_fusion:/opt/ros/humble /usr/bin/cmake --install /home/dell/ros2_feedbot_ws/build/feedbot_moveit_config
[1.282s] Level 1:colcon.colcon_core.environment:checking '/home/dell/ros2_feedbot_ws/install/feedbot_moveit_config' for CMake config files
[1.283s] Level 1:colcon.colcon_core.shell:create_environment_hook('feedbot_moveit_config', 'cmake_prefix_path')
[1.283s] INFO:colcon.colcon_core.shell:Creating environment hook '/home/dell/ros2_feedbot_ws/install/feedbot_moveit_config/share/feedbot_moveit_config/hook/cmake_prefix_path.ps1'
[1.284s] INFO:colcon.colcon_core.shell:Creating environment descriptor '/home/dell/ros2_feedbot_ws/install/feedbot_moveit_config/share/feedbot_moveit_config/hook/cmake_prefix_path.dsv'
[1.284s] INFO:colcon.colcon_core.shell:Creating environment hook '/home/dell/ros2_feedbot_ws/install/feedbot_moveit_config/share/feedbot_moveit_config/hook/cmake_prefix_path.sh'
[1.285s] Level 1:colcon.colcon_core.environment:checking '/home/dell/ros2_feedbot_ws/install/feedbot_moveit_config/bin'
[1.285s] Level 1:colcon.colcon_core.environment:checking '/home/dell/ros2_feedbot_ws/install/feedbot_moveit_config/lib/pkgconfig/feedbot_moveit_config.pc'
[1.285s] Level 1:colcon.colcon_core.environment:checking '/home/dell/ros2_feedbot_ws/install/feedbot_moveit_config/lib/python3.10/site-packages'
[1.285s] Level 1:colcon.colcon_core.environment:checking '/home/dell/ros2_feedbot_ws/install/feedbot_moveit_config/bin'
[1.285s] INFO:colcon.colcon_core.shell:Creating package script '/home/dell/ros2_feedbot_ws/install/feedbot_moveit_config/share/feedbot_moveit_config/package.ps1'
[1.286s] INFO:colcon.colcon_core.shell:Creating package descriptor '/home/dell/ros2_feedbot_ws/install/feedbot_moveit_config/share/feedbot_moveit_config/package.dsv'
[1.286s] INFO:colcon.colcon_core.shell:Creating package script '/home/dell/ros2_feedbot_ws/install/feedbot_moveit_config/share/feedbot_moveit_config/package.sh'
[1.286s] INFO:colcon.colcon_core.shell:Creating package script '/home/dell/ros2_feedbot_ws/install/feedbot_moveit_config/share/feedbot_moveit_config/package.bash'
[1.286s] INFO:colcon.colcon_core.shell:Creating package script '/home/dell/ros2_feedbot_ws/install/feedbot_moveit_config/share/feedbot_moveit_config/package.zsh'
[1.287s] Level 1:colcon.colcon_core.environment:create_file_with_runtime_dependencies(/home/dell/ros2_feedbot_ws/install/feedbot_moveit_config/share/colcon-core/packages/feedbot_moveit_config)
[1.287s] Level 1:colcon.colcon_core.environment:create_environment_scripts_only(feedbot_moveit_config)
[1.287s] Level 1:colcon.colcon_core.environment:checking '/home/dell/ros2_feedbot_ws/install/feedbot_moveit_config' for CMake module files
[1.288s] Level 1:colcon.colcon_core.environment:checking '/home/dell/ros2_feedbot_ws/install/feedbot_moveit_config' for CMake config files
[1.288s] Level 1:colcon.colcon_core.shell:create_environment_hook('feedbot_moveit_config', 'cmake_prefix_path')
[1.288s] INFO:colcon.colcon_core.shell:Creating environment hook '/home/dell/ros2_feedbot_ws/install/feedbot_moveit_config/share/feedbot_moveit_config/hook/cmake_prefix_path.ps1'
[1.288s] INFO:colcon.colcon_core.shell:Creating environment descriptor '/home/dell/ros2_feedbot_ws/install/feedbot_moveit_config/share/feedbot_moveit_config/hook/cmake_prefix_path.dsv'
[1.289s] INFO:colcon.colcon_core.shell:Creating environment hook '/home/dell/ros2_feedbot_ws/install/feedbot_moveit_config/share/feedbot_moveit_config/hook/cmake_prefix_path.sh'
[1.289s] Level 1:colcon.colcon_core.environment:checking '/home/dell/ros2_feedbot_ws/install/feedbot_moveit_config/bin'
[1.289s] Level 1:colcon.colcon_core.environment:checking '/home/dell/ros2_feedbot_ws/install/feedbot_moveit_config/lib/pkgconfig/feedbot_moveit_config.pc'
[1.289s] Level 1:colcon.colcon_core.environment:checking '/home/dell/ros2_feedbot_ws/install/feedbot_moveit_config/lib/python3.10/site-packages'
[1.289s] Level 1:colcon.colcon_core.environment:checking '/home/dell/ros2_feedbot_ws/install/feedbot_moveit_config/bin'
[1.290s] INFO:colcon.colcon_core.shell:Creating package script '/home/dell/ros2_feedbot_ws/install/feedbot_moveit_config/share/feedbot_moveit_config/package.ps1'
[1.290s] INFO:colcon.colcon_core.shell:Creating package descriptor '/home/dell/ros2_feedbot_ws/install/feedbot_moveit_config/share/feedbot_moveit_config/package.dsv'
[1.291s] INFO:colcon.colcon_core.shell:Creating package script '/home/dell/ros2_feedbot_ws/install/feedbot_moveit_config/share/feedbot_moveit_config/package.sh'
[1.291s] INFO:colcon.colcon_core.shell:Creating package script '/home/dell/ros2_feedbot_ws/install/feedbot_moveit_config/share/feedbot_moveit_config/package.bash'
[1.291s] INFO:colcon.colcon_core.shell:Creating package script '/home/dell/ros2_feedbot_ws/install/feedbot_moveit_config/share/feedbot_moveit_config/package.zsh'
[1.291s] Level 1:colcon.colcon_core.environment:create_file_with_runtime_dependencies(/home/dell/ros2_feedbot_ws/install/feedbot_moveit_config/share/colcon-core/packages/feedbot_moveit_config)
[1.528s] DEBUG:colcon.colcon_core.event_handler.log_command:Invoking command in '/home/dell/ros2_feedbot_ws/src/pid_logger': PYTHONPATH=/home/dell/ros2_feedbot_ws/build/pid_logger/prefix_override:/usr/lib/python3/dist-packages/colcon_core/task/python/colcon_distutils_commands:/home/dell/ros2_feedbot_ws/install/pid_logger/lib/python3.10/site-packages:${PYTHONPATH} /usr/bin/python3 -W ignore:setup.py install is deprecated -W ignore:easy_install command is deprecated setup.py egg_info --egg-base ../../build/pid_logger build --build-base /home/dell/ros2_feedbot_ws/build/pid_logger/build install --record /home/dell/ros2_feedbot_ws/build/pid_logger/install.log --single-version-externally-managed install_data
[1.529s] DEBUG:colcon.colcon_core.event_handler.log_command:Invoking command in '/home/dell/ros2_feedbot_ws/src/feedbot_fusion': PYTHONPATH=/home/dell/ros2_feedbot_ws/build/feedbot_fusion/prefix_override:/usr/lib/python3/dist-packages/colcon_core/task/python/colcon_distutils_commands:/home/dell/ros2_feedbot_ws/install/feedbot_fusion/lib/python3.10/site-packages:${PYTHONPATH} /usr/bin/python3 -W ignore:setup.py install is deprecated -W ignore:easy_install command is deprecated setup.py egg_info --egg-base ../../build/feedbot_fusion build --build-base /home/dell/ros2_feedbot_ws/build/feedbot_fusion/build install --record /home/dell/ros2_feedbot_ws/build/feedbot_fusion/install.log --single-version-externally-managed
[1.543s] DEBUG:colcon.colcon_core.event_handler.log_command:Invoking command in '/home/dell/ros2_feedbot_ws/feedbot_sensors': PYTHONPATH=/home/dell/ros2_feedbot_ws/build/feedbot_sensors/prefix_override:/usr/lib/python3/dist-packages/colcon_core/task/python/colcon_distutils_commands:/home/dell/ros2_feedbot_ws/install/feedbot_sensors/lib/python3.10/site-packages:${PYTHONPATH} /usr/bin/python3 -W ignore:setup.py install is deprecated -W ignore:easy_install command is deprecated setup.py egg_info --egg-base ../build/feedbot_sensors build --build-base /home/dell/ros2_feedbot_ws/build/feedbot_sensors/build install --record /home/dell/ros2_feedbot_ws/build/feedbot_sensors/install.log --single-version-externally-managed install_data
[1.800s] Level 1:colcon.colcon_core.environment:checking '/home/dell/ros2_feedbot_ws/install/pid_logger' for CMake module files
[1.801s] DEBUG:colcon.colcon_core.event_handler.log_command:Invoked command in '/home/dell/ros2_feedbot_ws/src/pid_logger' returned '0': PYTHONPATH=/home/dell/ros2_feedbot_ws/build/pid_logger/prefix_override:/usr/lib/python3/dist-packages/colcon_core/task/python/colcon_distutils_commands:/home/dell/ros2_feedbot_ws/install/pid_logger/lib/python3.10/site-packages:${PYTHONPATH} /usr/bin/python3 -W ignore:setup.py install is deprecated -W ignore:easy_install command is deprecated setup.py egg_info --egg-base ../../build/pid_logger build --build-base /home/dell/ros2_feedbot_ws/build/pid_logger/build install --record /home/dell/ros2_feedbot_ws/build/pid_logger/install.log --single-version-externally-managed install_data
[1.801s] Level 1:colcon.colcon_core.environment:checking '/home/dell/ros2_feedbot_ws/install/pid_logger' for CMake config files
[1.801s] Level 1:colcon.colcon_core.environment:checking '/home/dell/ros2_feedbot_ws/install/pid_logger/lib'
[1.801s] Level 1:colcon.colcon_core.environment:checking '/home/dell/ros2_feedbot_ws/install/pid_logger/bin'
[1.802s] Level 1:colcon.colcon_core.environment:checking '/home/dell/ros2_feedbot_ws/install/pid_logger/lib/pkgconfig/pid_logger.pc'
[1.802s] Level 1:colcon.colcon_core.environment:checking '/home/dell/ros2_feedbot_ws/install/pid_logger/lib/python3.10/site-packages'
[1.802s] Level 1:colcon.colcon_core.shell:create_environment_hook('pid_logger', 'pythonpath')
[1.802s] INFO:colcon.colcon_core.shell:Creating environment hook '/home/dell/ros2_feedbot_ws/install/pid_logger/share/pid_logger/hook/pythonpath.ps1'
[1.802s] INFO:colcon.colcon_core.shell:Creating environment descriptor '/home/dell/ros2_feedbot_ws/install/pid_logger/share/pid_logger/hook/pythonpath.dsv'
[1.803s] INFO:colcon.colcon_core.shell:Creating environment hook '/home/dell/ros2_feedbot_ws/install/pid_logger/share/pid_logger/hook/pythonpath.sh'
[1.803s] Level 1:colcon.colcon_core.environment:checking '/home/dell/ros2_feedbot_ws/install/pid_logger/bin'
[1.803s] Level 1:colcon.colcon_core.environment:create_environment_scripts_only(pid_logger)
[1.804s] INFO:colcon.colcon_core.shell:Creating package script '/home/dell/ros2_feedbot_ws/install/pid_logger/share/pid_logger/package.ps1'
[1.804s] INFO:colcon.colcon_core.shell:Creating package descriptor '/home/dell/ros2_feedbot_ws/install/pid_logger/share/pid_logger/package.dsv'
[1.804s] INFO:colcon.colcon_core.shell:Creating package script '/home/dell/ros2_feedbot_ws/install/pid_logger/share/pid_logger/package.sh'
[1.805s] INFO:colcon.colcon_core.shell:Creating package script '/home/dell/ros2_feedbot_ws/install/pid_logger/share/pid_logger/package.bash'
[1.805s] INFO:colcon.colcon_core.shell:Creating package script '/home/dell/ros2_feedbot_ws/install/pid_logger/share/pid_logger/package.zsh'
[1.805s] Level 1:colcon.colcon_core.environment:create_file_with_runtime_dependencies(/home/dell/ros2_feedbot_ws/install/pid_logger/share/colcon-core/packages/pid_logger)
[1.808s] Level 1:colcon.colcon_core.environment:checking '/home/dell/ros2_feedbot_ws/install/feedbot_fusion' for CMake module files
[1.809s] DEBUG:colcon.colcon_core.event_handler.log_command:Invoked command in '/home/dell/ros2_feedbot_ws/src/feedbot_fusion' returned '0': PYTHONPATH=/home/dell/ros2_feedbot_ws/build/feedbot_fusion/prefix_override:/usr/lib/python3/dist-packages/colcon_core/task/python/colcon_distutils_commands:/home/dell/ros2_feedbot_ws/install/feedbot_fusion/lib/python3.10/site-packages:${PYTHONPATH} /usr/bin/python3 -W ignore:setup.py install is deprecated -W ignore:easy_install command is deprecated setup.py egg_info --egg-base ../../build/feedbot_fusion build --build-base /home/dell/ros2_feedbot_ws/build/feedbot_fusion/build install --record /home/dell/ros2_feedbot_ws/build/feedbot_fusion/install.log --single-version-externally-managed
[1.809s] Level 1:colcon.colcon_core.environment:checking '/home/dell/ros2_feedbot_ws/install/feedbot_fusion' for CMake config files
[1.810s] Level 1:colcon.colcon_core.environment:checking '/home/dell/ros2_feedbot_ws/install/feedbot_fusion/lib'
[1.810s] Level 1:colcon.colcon_core.environment:checking '/home/dell/ros2_feedbot_ws/install/feedbot_fusion/bin'
[1.810s] Level 1:colcon.colcon_core.environment:checking '/home/dell/ros2_feedbot_ws/install/feedbot_fusion/lib/pkgconfig/feedbot_fusion.pc'
[1.810s] Level 1:colcon.colcon_core.environment:checking '/home/dell/ros2_feedbot_ws/install/feedbot_fusion/lib/python3.10/site-packages'
[1.810s] Level 1:colcon.colcon_core.shell:create_environment_hook('feedbot_fusion', 'pythonpath')
[1.811s] INFO:colcon.colcon_core.shell:Creating environment hook '/home/dell/ros2_feedbot_ws/install/feedbot_fusion/share/feedbot_fusion/hook/pythonpath.ps1'
[1.811s] INFO:colcon.colcon_core.shell:Creating environment descriptor '/home/dell/ros2_feedbot_ws/install/feedbot_fusion/share/feedbot_fusion/hook/pythonpath.dsv'
[1.811s] INFO:colcon.colcon_core.shell:Creating environment hook '/home/dell/ros2_feedbot_ws/install/feedbot_fusion/share/feedbot_fusion/hook/pythonpath.sh'
[1.812s] Level 1:colcon.colcon_core.environment:checking '/home/dell/ros2_feedbot_ws/install/feedbot_fusion/bin'
[1.812s] Level 1:colcon.colcon_core.environment:create_environment_scripts_only(feedbot_fusion)
[1.812s] INFO:colcon.colcon_core.shell:Creating package script '/home/dell/ros2_feedbot_ws/install/feedbot_fusion/share/feedbot_fusion/package.ps1'
[1.813s] INFO:colcon.colcon_core.shell:Creating package descriptor '/home/dell/ros2_feedbot_ws/install/feedbot_fusion/share/feedbot_fusion/package.dsv'
[1.813s] INFO:colcon.colcon_core.shell:Creating package script '/home/dell/ros2_feedbot_ws/install/feedbot_fusion/share/feedbot_fusion/package.sh'
[1.813s] INFO:colcon.colcon_core.shell:Creating package script '/home/dell/ros2_feedbot_ws/install/feedbot_fusion/share/feedbot_fusion/package.bash'
[1.814s] INFO:colcon.colcon_core.shell:Creating package script '/home/dell/ros2_feedbot_ws/install/feedbot_fusion/share/feedbot_fusion/package.zsh'
[1.814s] Level 1:colcon.colcon_core.environment:create_file_with_runtime_dependencies(/home/dell/ros2_feedbot_ws/install/feedbot_fusion/share/colcon-core/packages/feedbot_fusion)
[1.823s] Level 1:colcon.colcon_core.environment:checking '/home/dell/ros2_feedbot_ws/install/feedbot_sensors' for CMake module files
[1.824s] DEBUG:colcon.colcon_core.event_handler.log_command:Invoked command in '/home/dell/ros2_feedbot_ws/feedbot_sensors' returned '0': PYTHONPATH=/home/dell/ros2_feedbot_ws/build/feedbot_sensors/prefix_override:/usr/lib/python3/dist-packages/colcon_core/task/python/colcon_distutils_commands:/home/dell/ros2_feedbot_ws/install/feedbot_sensors/lib/python3.10/site-packages:${PYTHONPATH} /usr/bin/python3 -W ignore:setup.py install is deprecated -W ignore:easy_install command is deprecated setup.py egg_info --egg-base ../build/feedbot_sensors build --build-base /home/dell/ros2_feedbot_ws/build/feedbot_sensors/build install --record /home/dell/ros2_feedbot_ws/build/feedbot_sensors/install.log --single-version-externally-managed install_data
[1.824s] Level 1:colcon.colcon_core.environment:checking '/home/dell/ros2_feedbot_ws/install/feedbot_sensors' for CMake config files
[1.825s] Level 1:colcon.colcon_core.environment:checking '/home/dell/ros2_feedbot_ws/install/feedbot_sensors/lib'
[1.825s] Level 1:colcon.colcon_core.environment:checking '/home/dell/ros2_feedbot_ws/install/feedbot_sensors/bin'
[1.825s] Level 1:colcon.colcon_core.environment:checking '/home/dell/ros2_feedbot_ws/install/feedbot_sensors/lib/pkgconfig/feedbot_sensors.pc'
[1.825s] Level 1:colcon.colcon_core.environment:checking '/home/dell/ros2_feedbot_ws/install/feedbot_sensors/lib/python3.10/site-packages'
[1.825s] Level 1:colcon.colcon_core.shell:create_environment_hook('feedbot_sensors', 'pythonpath')
[1.825s] INFO:colcon.colcon_core.shell:Creating environment hook '/home/dell/ros2_feedbot_ws/install/feedbot_sensors/share/feedbot_sensors/hook/pythonpath.ps1'
[1.826s] INFO:colcon.colcon_core.shell:Creating environment descriptor '/home/dell/ros2_feedbot_ws/install/feedbot_sensors/share/feedbot_sensors/hook/pythonpath.dsv'
[1.826s] INFO:colcon.colcon_core.shell:Creating environment hook '/home/dell/ros2_feedbot_ws/install/feedbot_sensors/share/feedbot_sensors/hook/pythonpath.sh'
[1.827s] Level 1:colcon.colcon_core.environment:checking '/home/dell/ros2_feedbot_ws/install/feedbot_sensors/bin'
[1.827s] Level 1:colcon.colcon_core.environment:create_environment_scripts_only(feedbot_sensors)
[1.827s] INFO:colcon.colcon_core.shell:Creating package script '/home/dell/ros2_feedbot_ws/install/feedbot_sensors/share/feedbot_sensors/package.ps1'
[1.827s] INFO:colcon.colcon_core.shell:Creating package descriptor '/home/dell/ros2_feedbot_ws/install/feedbot_sensors/share/feedbot_sensors/package.dsv'
[1.828s] INFO:colcon.colcon_core.shell:Creating package script '/home/dell/ros2_feedbot_ws/install/feedbot_sensors/share/feedbot_sensors/package.sh'
[1.828s] INFO:colcon.colcon_core.shell:Creating package script '/home/dell/ros2_feedbot_ws/install/feedbot_sensors/share/feedbot_sensors/package.bash'
[1.828s] INFO:colcon.colcon_core.shell:Creating package script '/home/dell/ros2_feedbot_ws/install/feedbot_sensors/share/feedbot_sensors/package.zsh'
[1.828s] Level 1:colcon.colcon_core.environment:create_file_with_runtime_dependencies(/home/dell/ros2_feedbot_ws/install/feedbot_sensors/share/colcon-core/packages/feedbot_sensors)
[1.829s] DEBUG:colcon.colcon_parallel_executor.executor.parallel:closing loop
[1.829s] DEBUG:colcon.colcon_parallel_executor.executor.parallel:loop closed
[1.829s] DEBUG:colcon.colcon_parallel_executor.executor.parallel:run_until_complete finished with '0'
[1.829s] DEBUG:colcon.colcon_core.event_reactor:joining thread
[1.837s] INFO:colcon.colcon_core.plugin_system:Skipping extension 'colcon_notification.desktop_notification.terminal_notifier': Not used on non-Darwin systems
[1.837s] INFO:colcon.colcon_core.plugin_system:Skipping extension 'colcon_notification.desktop_notification.win32': Not used on non-Windows systems
[1.837s] INFO:colcon.colcon_notification.desktop_notification:Sending desktop notification using 'notify2'
[1.846s] DEBUG:colcon.colcon_core.event_reactor:joined thread
[1.847s] INFO:colcon.colcon_core.shell:Creating prefix script '/home/dell/ros2_feedbot_ws/install/local_setup.ps1'
[1.848s] INFO:colcon.colcon_core.shell:Creating prefix util module '/home/dell/ros2_feedbot_ws/install/_local_setup_util_ps1.py'
[1.849s] INFO:colcon.colcon_core.shell:Creating prefix chain script '/home/dell/ros2_feedbot_ws/install/setup.ps1'
[1.850s] INFO:colcon.colcon_core.shell:Creating prefix script '/home/dell/ros2_feedbot_ws/install/local_setup.sh'
[1.851s] INFO:colcon.colcon_core.shell:Creating prefix util module '/home/dell/ros2_feedbot_ws/install/_local_setup_util_sh.py'
[1.852s] INFO:colcon.colcon_core.shell:Creating prefix chain script '/home/dell/ros2_feedbot_ws/install/setup.sh'
[1.853s] INFO:colcon.colcon_core.shell:Creating prefix script '/home/dell/ros2_feedbot_ws/install/local_setup.bash'
[1.854s] INFO:colcon.colcon_core.shell:Creating prefix chain script '/home/dell/ros2_feedbot_ws/install/setup.bash'
[1.855s] INFO:colcon.colcon_core.shell:Creating prefix script '/home/dell/ros2_feedbot_ws/install/local_setup.zsh'
[1.856s] INFO:colcon.colcon_core.shell:Creating prefix chain script '/home/dell/ros2_feedbot_ws/install/setup.zsh'
