[4.399s] Invoking command in '/home/dell/ros2_feedbot_ws/src/feedbot_fusion': PYTHONPATH=/home/dell/ros2_feedbot_ws/build/feedbot_fusion/prefix_override:/usr/lib/python3/dist-packages/colcon_core/task/python/colcon_distutils_commands:/home/dell/ros2_feedbot_ws/install/feedbot_fusion/lib/python3.10/site-packages:${PYTHONPATH} /usr/bin/python3 -W ignore:setup.py install is deprecated -W ignore:easy_install command is deprecated setup.py egg_info --egg-base ../../build/feedbot_fusion build --build-base /home/dell/ros2_feedbot_ws/build/feedbot_fusion/build install --record /home/dell/ros2_feedbot_ws/build/feedbot_fusion/install.log --single-version-externally-managed
[5.185s] running egg_info
[5.187s] writing ../../build/feedbot_fusion/feedbot_fusion.egg-info/PKG-INFO
[5.188s] writing dependency_links to ../../build/feedbot_fusion/feedbot_fusion.egg-info/dependency_links.txt
[5.188s] writing entry points to ../../build/feedbot_fusion/feedbot_fusion.egg-info/entry_points.txt
[5.188s] writing requirements to ../../build/feedbot_fusion/feedbot_fusion.egg-info/requires.txt
[5.188s] writing top-level names to ../../build/feedbot_fusion/feedbot_fusion.egg-info/top_level.txt
[5.196s] reading manifest file '../../build/feedbot_fusion/feedbot_fusion.egg-info/SOURCES.txt'
[5.199s] writing manifest file '../../build/feedbot_fusion/feedbot_fusion.egg-info/SOURCES.txt'
[5.200s] running build
[5.201s] running build_py
[5.202s] copying feedbot_fusion/fusion_node.py -> /home/dell/ros2_feedbot_ws/build/feedbot_fusion/build/lib/feedbot_fusion
[5.203s] running install
[5.204s] running install_lib
[5.207s] copying /home/dell/ros2_feedbot_ws/build/feedbot_fusion/build/lib/feedbot_fusion/fusion_node.py -> /home/dell/ros2_feedbot_ws/install/feedbot_fusion/lib/python3.10/site-packages/feedbot_fusion
[5.209s] byte-compiling /home/dell/ros2_feedbot_ws/install/feedbot_fusion/lib/python3.10/site-packages/feedbot_fusion/fusion_node.py to fusion_node.cpython-310.pyc
[5.211s] running install_egg_info
[5.219s] removing '/home/dell/ros2_feedbot_ws/install/feedbot_fusion/lib/python3.10/site-packages/feedbot_fusion-0.0.0-py3.10.egg-info' (and everything under it)
[5.219s] Copying ../../build/feedbot_fusion/feedbot_fusion.egg-info to /home/dell/ros2_feedbot_ws/install/feedbot_fusion/lib/python3.10/site-packages/feedbot_fusion-0.0.0-py3.10.egg-info
[5.221s] running install_scripts
[5.302s] Installing force_node script to /home/dell/ros2_feedbot_ws/install/feedbot_fusion/lib/feedbot_fusion
[5.302s] Installing fusion_node script to /home/dell/ros2_feedbot_ws/install/feedbot_fusion/lib/feedbot_fusion
[5.303s] Installing speed_controller script to /home/dell/ros2_feedbot_ws/install/feedbot_fusion/lib/feedbot_fusion
[5.303s] Installing vision_node script to /home/dell/ros2_feedbot_ws/install/feedbot_fusion/lib/feedbot_fusion
[5.303s] writing list of installed files to '/home/dell/ros2_feedbot_ws/build/feedbot_fusion/install.log'
[5.548s] Invoked command in '/home/dell/ros2_feedbot_ws/src/feedbot_fusion' returned '0': PYTHONPATH=/home/dell/ros2_feedbot_ws/build/feedbot_fusion/prefix_override:/usr/lib/python3/dist-packages/colcon_core/task/python/colcon_distutils_commands:/home/dell/ros2_feedbot_ws/install/feedbot_fusion/lib/python3.10/site-packages:${PYTHONPATH} /usr/bin/python3 -W ignore:setup.py install is deprecated -W ignore:easy_install command is deprecated setup.py egg_info --egg-base ../../build/feedbot_fusion build --build-base /home/dell/ros2_feedbot_ws/build/feedbot_fusion/build install --record /home/dell/ros2_feedbot_ws/build/feedbot_fusion/install.log --single-version-externally-managed
