[0.074s] Invoking command in '/home/dell/ros2_feedbot_ws/build/feedbot_description': CMAKE_PREFIX_PATH=${CMAKE_PREFIX_PATH}:/home/dell/ros2_feedbot_ws/install/pid_logger:/home/dell/ros2_feedbot_ws/install/feedbot_sensors:/home/dell/ros2_feedbot_ws/install/feedbot_fusion:/opt/ros/humble /usr/bin/cmake /home/dell/ros2_feedbot_ws/src/feedbot_description -DCMAKE_INSTALL_PREFIX=/home/dell/ros2_feedbot_ws/install/feedbot_description
[1.441s] -- The C compiler identification is GNU 11.4.0
[1.442s] -- The CXX compiler identification is GNU 11.4.0
[1.442s] -- Detecting C compiler ABI info
[1.443s] -- Detecting C compiler ABI info - done
[1.443s] -- Check for working C compiler: /usr/lib/ccache/cc - skipped
[1.443s] -- Detecting C compile features
[1.443s] -- Detecting C compile features - done
[1.443s] -- Detecting CXX compiler ABI info
[1.443s] -- Detecting CXX compiler ABI info - done
[1.443s] -- Check for working CXX compiler: /usr/lib/ccache/c++ - skipped
[1.444s] -- Detecting CXX compile features
[1.444s] -- Detecting CXX compile features - done
[1.444s] -- Found ament_cmake: 1.3.12 (/opt/ros/humble/share/ament_cmake/cmake)
[1.444s] -- Found Python3: /usr/bin/python3 (found version "3.10.18") found components: Interpreter 
[1.577s] -- Configuring done
[1.582s] -- Generating done
[1.585s] -- Build files have been written to: /home/dell/ros2_feedbot_ws/build/feedbot_description
[2.067s] Invoked command in '/home/dell/ros2_feedbot_ws/build/feedbot_description' returned '0': CMAKE_PREFIX_PATH=${CMAKE_PREFIX_PATH}:/home/dell/ros2_feedbot_ws/install/pid_logger:/home/dell/ros2_feedbot_ws/install/feedbot_sensors:/home/dell/ros2_feedbot_ws/install/feedbot_fusion:/opt/ros/humble /usr/bin/cmake /home/dell/ros2_feedbot_ws/src/feedbot_description -DCMAKE_INSTALL_PREFIX=/home/dell/ros2_feedbot_ws/install/feedbot_description
[2.072s] Invoking command in '/home/dell/ros2_feedbot_ws/build/feedbot_description': CMAKE_PREFIX_PATH=${CMAKE_PREFIX_PATH}:/home/dell/ros2_feedbot_ws/install/pid_logger:/home/dell/ros2_feedbot_ws/install/feedbot_sensors:/home/dell/ros2_feedbot_ws/install/feedbot_fusion:/opt/ros/humble /usr/bin/cmake --build /home/dell/ros2_feedbot_ws/build/feedbot_description -- -j12 -l12
[2.182s] Invoked command in '/home/dell/ros2_feedbot_ws/build/feedbot_description' returned '0': CMAKE_PREFIX_PATH=${CMAKE_PREFIX_PATH}:/home/dell/ros2_feedbot_ws/install/pid_logger:/home/dell/ros2_feedbot_ws/install/feedbot_sensors:/home/dell/ros2_feedbot_ws/install/feedbot_fusion:/opt/ros/humble /usr/bin/cmake --build /home/dell/ros2_feedbot_ws/build/feedbot_description -- -j12 -l12
[2.213s] Invoking command in '/home/dell/ros2_feedbot_ws/build/feedbot_description': CMAKE_PREFIX_PATH=${CMAKE_PREFIX_PATH}:/home/dell/ros2_feedbot_ws/install/pid_logger:/home/dell/ros2_feedbot_ws/install/feedbot_sensors:/home/dell/ros2_feedbot_ws/install/feedbot_fusion:/opt/ros/humble /usr/bin/cmake --install /home/dell/ros2_feedbot_ws/build/feedbot_description
[2.229s] -- Install configuration: ""
[2.230s] -- Installing: /home/dell/ros2_feedbot_ws/install/feedbot_description/share/feedbot_description/launch
[2.230s] -- Installing: /home/dell/ros2_feedbot_ws/install/feedbot_description/share/feedbot_description/launch/gazebo.launch.py
[2.230s] -- Installing: /home/dell/ros2_feedbot_ws/install/feedbot_description/share/feedbot_description/launch/control_rviz.launch.py
[2.230s] -- Installing: /home/dell/ros2_feedbot_ws/install/feedbot_description/share/feedbot_description/launch/bringup.launch.py
[2.230s] -- Installing: /home/dell/ros2_feedbot_ws/install/feedbot_description/share/feedbot_description/launch/urdf_debug.launch.py
[2.230s] -- Installing: /home/dell/ros2_feedbot_ws/install/feedbot_description/share/feedbot_description/urdf
[2.231s] -- Installing: /home/dell/ros2_feedbot_ws/install/feedbot_description/share/feedbot_description/urdf/test.urdf
[2.231s] -- Installing: /home/dell/ros2_feedbot_ws/install/feedbot_description/share/feedbot_description/urdf/my_robot.urdf
[2.231s] -- Installing: /home/dell/ros2_feedbot_ws/install/feedbot_description/share/feedbot_description/urdf/my_robot.urdf.xacro
[2.231s] -- Installing: /home/dell/ros2_feedbot_ws/install/feedbot_description/share/feedbot_description/config
[2.231s] -- Installing: /home/dell/ros2_feedbot_ws/install/feedbot_description/share/feedbot_description/config/controllers_untuned.yaml
[2.231s] -- Installing: /home/dell/ros2_feedbot_ws/install/feedbot_description/share/feedbot_description/config/pid_controllers.yaml
[2.231s] -- Installing: /home/dell/ros2_feedbot_ws/install/feedbot_description/share/feedbot_description/config/controllers.yaml
[2.232s] -- Installing: /home/dell/ros2_feedbot_ws/install/feedbot_description/share/feedbot_description/config/ros2_control.yaml
[2.232s] -- Installing: /home/dell/ros2_feedbot_ws/install/feedbot_description/share/feedbot_description/config/controllers_tuned.yaml
[2.232s] -- Installing: /home/dell/ros2_feedbot_ws/install/feedbot_description/share/feedbot_description/config/gazebo_controllers.yaml
[2.232s] -- Installing: /home/dell/ros2_feedbot_ws/install/feedbot_description/share/feedbot_description/rviz
[2.232s] -- Installing: /home/dell/ros2_feedbot_ws/install/feedbot_description/share/feedbot_description/rviz/control.rviz
[2.232s] -- Installing: /home/dell/ros2_feedbot_ws/install/feedbot_description/share/feedbot_description/meshes
[2.232s] -- Installing: /home/dell/ros2_feedbot_ws/install/feedbot_description/share/feedbot_description/meshes/base.stl
[2.238s] -- Installing: /home/dell/ros2_feedbot_ws/install/feedbot_description/share/feedbot_description/meshes/plate.stl
[2.238s] -- Installing: /home/dell/ros2_feedbot_ws/install/feedbot_description/share/feedbot_description/meshes/table.stl
[2.245s] -- Installing: /home/dell/ros2_feedbot_ws/install/feedbot_description/share/feedbot_description/meshes/link3.stl
[2.250s] -- Installing: /home/dell/ros2_feedbot_ws/install/feedbot_description/share/feedbot_description/meshes/mouth_open.stl
[2.255s] -- Installing: /home/dell/ros2_feedbot_ws/install/feedbot_description/share/feedbot_description/meshes/apple.stl
[2.258s] -- Installing: /home/dell/ros2_feedbot_ws/install/feedbot_description/share/feedbot_description/meshes/feeder_head.stl
[2.263s] -- Installing: /home/dell/ros2_feedbot_ws/install/feedbot_description/share/feedbot_description/meshes/link2.stl
[2.267s] -- Installing: /home/dell/ros2_feedbot_ws/install/feedbot_description/share/feedbot_description/meshes/strawberry.stl
[2.277s] -- Installing: /home/dell/ros2_feedbot_ws/install/feedbot_description/share/feedbot_description/meshes/link1.stl
[2.280s] -- Installing: /home/dell/ros2_feedbot_ws/install/feedbot_description/share/feedbot_description/worlds
[2.280s] -- Installing: /home/dell/ros2_feedbot_ws/install/feedbot_description/share/feedbot_description/worlds/empty.world
[2.280s] -- Installing: /home/dell/ros2_feedbot_ws/install/feedbot_description/lib/feedbot_description/step_test_all_joints.py
[2.280s] -- Installing: /home/dell/ros2_feedbot_ws/install/feedbot_description/lib/feedbot_description/step_test_joint.py
[2.281s] -- Installing: /home/dell/ros2_feedbot_ws/install/feedbot_description/share/ament_index/resource_index/package_run_dependencies/feedbot_description
[2.281s] -- Installing: /home/dell/ros2_feedbot_ws/install/feedbot_description/share/ament_index/resource_index/parent_prefix_path/feedbot_description
[2.281s] -- Installing: /home/dell/ros2_feedbot_ws/install/feedbot_description/share/feedbot_description/environment/ament_prefix_path.sh
[2.281s] -- Installing: /home/dell/ros2_feedbot_ws/install/feedbot_description/share/feedbot_description/environment/ament_prefix_path.dsv
[2.281s] -- Installing: /home/dell/ros2_feedbot_ws/install/feedbot_description/share/feedbot_description/environment/path.sh
[2.282s] -- Installing: /home/dell/ros2_feedbot_ws/install/feedbot_description/share/feedbot_description/environment/path.dsv
[2.282s] -- Installing: /home/dell/ros2_feedbot_ws/install/feedbot_description/share/feedbot_description/local_setup.bash
[2.282s] -- Installing: /home/dell/ros2_feedbot_ws/install/feedbot_description/share/feedbot_description/local_setup.sh
[2.282s] -- Installing: /home/dell/ros2_feedbot_ws/install/feedbot_description/share/feedbot_description/local_setup.zsh
[2.282s] -- Installing: /home/dell/ros2_feedbot_ws/install/feedbot_description/share/feedbot_description/local_setup.dsv
[2.282s] -- Installing: /home/dell/ros2_feedbot_ws/install/feedbot_description/share/feedbot_description/package.dsv
[2.283s] -- Installing: /home/dell/ros2_feedbot_ws/install/feedbot_description/share/ament_index/resource_index/packages/feedbot_description
[2.283s] -- Installing: /home/dell/ros2_feedbot_ws/install/feedbot_description/share/feedbot_description/cmake/feedbot_descriptionConfig.cmake
[2.283s] -- Installing: /home/dell/ros2_feedbot_ws/install/feedbot_description/share/feedbot_description/cmake/feedbot_descriptionConfig-version.cmake
[2.283s] -- Installing: /home/dell/ros2_feedbot_ws/install/feedbot_description/share/feedbot_description/package.xml
[2.292s] Invoked command in '/home/dell/ros2_feedbot_ws/build/feedbot_description' returned '0': CMAKE_PREFIX_PATH=${CMAKE_PREFIX_PATH}:/home/dell/ros2_feedbot_ws/install/pid_logger:/home/dell/ros2_feedbot_ws/install/feedbot_sensors:/home/dell/ros2_feedbot_ws/install/feedbot_fusion:/opt/ros/humble /usr/bin/cmake --install /home/dell/ros2_feedbot_ws/build/feedbot_description
