[0.000000] (-) TimerEvent: {}
[0.001247] (feedbot_description) JobQueued: {'identifier': 'feedbot_description', 'dependencies': OrderedDict()}
[0.001496] (feedbot_fusion) JobQueued: {'identifier': 'feedbot_fusion', 'dependencies': OrderedDict()}
[0.001541] (feedbot_sensors) JobQueued: {'identifier': 'feedbot_sensors', 'dependencies': OrderedDict()}
[0.001557] (pid_logger) JobQueued: {'identifier': 'pid_logger', 'dependencies': OrderedDict()}
[0.001573] (feedbot_moveit_config) JobQueued: {'identifier': 'feedbot_moveit_config', 'dependencies': OrderedDict([('feedbot_description', '/home/dell/ros2_feedbot_ws/install/feedbot_description')])}
[0.001593] (feedbot_description) JobStarted: {'identifier': 'feedbot_description'}
[0.026589] (feedbot_fusion) JobStarted: {'identifier': 'feedbot_fusion'}
[0.042981] (feedbot_sensors) JobStarted: {'identifier': 'feedbot_sensors'}
[0.057262] (pid_logger) JobStarted: {'identifier': 'pid_logger'}
[0.073200] (feedbot_description) JobProgress: {'identifier': 'feedbot_description', 'progress': 'cmake'}
[0.075270] (feedbot_description) JobProgress: {'identifier': 'feedbot_description', 'progress': 'build'}
[0.076369] (feedbot_description) Command: {'cmd': ['/usr/bin/cmake', '--build', '/home/dell/ros2_feedbot_ws/build/feedbot_description', '--', '-j12', '-l12'], 'cwd': '/home/dell/ros2_feedbot_ws/build/feedbot_description', 'env': OrderedDict([('LANGUAGE', 'en_GB:en'), ('USER', 'dell'), ('XDG_SESSION_TYPE', 'wayland'), ('SHLVL', '1'), ('LD_LIBRARY_PATH', '/usr/lib/x86_64-linux-gnu/gazebo-11/plugins:/opt/ros/humble/opt/rviz_ogre_vendor/lib:/opt/ros/humble/lib/x86_64-linux-gnu:/opt/ros/humble/lib:/usr/lib/x86_64-linux-gnu/gazebo-11/plugins:'), ('HOME', '/home/dell'), ('OLDPWD', '/home/dell/ros2_feedbot_ws'), ('DESKTOP_SESSION', 'ubuntu'), ('GAZEBO_MASTER_URI', 'http://localhost:11345'), ('ROS_PYTHON_VERSION', '3'), ('GNOME_SHELL_SESSION_MODE', 'ubuntu'), ('GTK_MODULES', 'gail:atk-bridge'), ('SYSTEMD_EXEC_PID', '515654'), ('DBUS_SESSION_BUS_ADDRESS', 'unix:path=/run/user/1000/bus'), ('COLORTERM', 'truecolor'), ('IM_CONFIG_PHASE', '1'), ('WAYLAND_DISPLAY', 'wayland-0'), ('COLCON_PREFIX_PATH', '/home/dell/ros2_feedbot_ws/install:/home/dell/ros2_ws/install'), ('ROS_DISTRO', 'humble'), ('LOGNAME', 'dell'), ('_', '/usr/bin/colcon'), ('ROS_VERSION', '2'), ('XDG_SESSION_CLASS', 'user'), ('USERNAME', 'dell'), ('TERM', 'xterm-256color'), ('GAZEBO_MODEL_PATH', '/usr/share/gazebo-11/models::/home/dell/ros2_feedbot_ws/install/feedbot_description/share'), ('GNOME_DESKTOP_SESSION_ID', 'this-is-deprecated'), ('ROS_LOCALHOST_ONLY', '0'), ('HISTCONTROL', 'ignoreboth'), ('OGRE_RESOURCE_PATH', '/usr/lib/x86_64-linux-gnu/OGRE-1.9.0'), ('PATH', '/opt/ros/humble/bin:/usr/lib/ccache:/home/dell/ardupilot/Tools/autotest:/opt/gcc-arm-none-eabi-10-2020-q4-major/bin:/home/dell/.local/bin:/usr/local/sbin:/usr/local/bin:/usr/sbin:/usr/bin:/sbin:/bin:/usr/games:/usr/local/games:/snap/bin:/snap/bin'), ('SESSION_MANAGER', 'local/dell:@/tmp/.ICE-unix/175661,unix/dell:/tmp/.ICE-unix/175661'), ('XDG_MENU_PREFIX', 'gnome-'), ('GNOME_TERMINAL_SCREEN', '/org/gnome/Terminal/screen/080531b4_6fce_40aa_85dc_d3da566676ff'), ('GNOME_SETUP_DISPLAY', ':1'), ('XDG_RUNTIME_DIR', '/run/user/1000'), ('DISPLAY', ':0'), ('LANG', 'en_US.UTF-8'), ('XDG_CURRENT_DESKTOP', 'ubuntu:GNOME'), ('RMW_IMPLEMENTATION', 'rmw_cyclonedds_cpp'), ('XMODIFIERS', '@im=ibus'), ('XDG_SESSION_DESKTOP', 'ubuntu'), ('XAUTHORITY', '/run/user/1000/.mutter-Xwaylandauth.GYXJL3'), ('GNOME_TERMINAL_SERVICE', ':1.833'), ('SSH_AGENT_LAUNCHER', 'gnome-keyring'), ('SSH_AUTH_SOCK', '/run/user/1000/keyring/ssh'), ('AMENT_PREFIX_PATH', '/home/dell/ros2_feedbot_ws/install/pid_logger:/home/dell/ros2_feedbot_ws/install/feedbot_sensors:/home/dell/ros2_feedbot_ws/install/feedbot_moveit_config:/home/dell/ros2_feedbot_ws/install/feedbot_fusion:/home/dell/ros2_feedbot_ws/install/feedbot_description:/home/dell/ros2_ws/install/open_manipulator_description:/opt/ros/humble'), ('SHELL', '/bin/bash'), ('QT_ACCESSIBILITY', '1'), ('GDMSESSION', 'ubuntu'), ('GAZEBO_RESOURCE_PATH', '/usr/share/gazebo-11::/opt/ros/humble/share:/home/dell/ros2_feedbot_ws/install/feedbot_description/share'), ('GAZEBO_MODEL_DATABASE_URI', 'http://models.gazebosim.org'), ('QT_IM_MODULE', 'ibus'), ('PWD', '/home/dell/ros2_feedbot_ws/build/feedbot_description'), ('LC_ALL', 'en_US.UTF-8'), ('XDG_CONFIG_DIRS', '/etc/xdg/xdg-ubuntu:/etc/xdg'), ('GAZEBO_PLUGIN_PATH', '/opt/ros/humble/lib:/usr/lib/x86_64-linux-gnu/gazebo-11/plugins:'), ('XDG_DATA_DIRS', '/usr/share/ubuntu:/usr/local/share/:/usr/share/:/var/lib/snapd/desktop'), ('PYTHONPATH', '/home/dell/ros2_feedbot_ws/install/pid_logger/lib/python3.10/site-packages:/home/dell/ros2_feedbot_ws/install/feedbot_sensors/lib/python3.10/site-packages:/home/dell/ros2_feedbot_ws/install/feedbot_fusion/lib/python3.10/site-packages:/opt/ros/humble/lib/python3.10/site-packages:/opt/ros/humble/local/lib/python3.10/dist-packages'), ('COLCON', '1'), ('VTE_VERSION', '6800'), ('CMAKE_PREFIX_PATH', '/home/dell/ros2_feedbot_ws/install/feedbot_moveit_config:/home/dell/ros2_feedbot_ws/install/feedbot_description:/home/dell/ros2_ws/install/open_manipulator_description:/home/dell/ros2_feedbot_ws/install/pid_logger:/home/dell/ros2_feedbot_ws/install/feedbot_sensors:/home/dell/ros2_feedbot_ws/install/feedbot_fusion:/opt/ros/humble')]), 'shell': False}
[0.099509] (-) TimerEvent: {}
[0.200404] (-) TimerEvent: {}
[0.301634] (-) TimerEvent: {}
[0.402562] (-) TimerEvent: {}
[0.502844] (-) TimerEvent: {}
[0.603334] (-) TimerEvent: {}
[0.704045] (-) TimerEvent: {}
[0.805049] (-) TimerEvent: {}
[0.906115] (-) TimerEvent: {}
[1.007055] (-) TimerEvent: {}
[1.107954] (-) TimerEvent: {}
[1.208433] (-) TimerEvent: {}
[1.309312] (-) TimerEvent: {}
[1.409977] (-) TimerEvent: {}
[1.510685] (-) TimerEvent: {}
[1.611181] (-) TimerEvent: {}
[1.711706] (-) TimerEvent: {}
[1.767116] (feedbot_description) CommandEnded: {'returncode': 0}
[1.769470] (feedbot_description) JobProgress: {'identifier': 'feedbot_description', 'progress': 'install'}
[1.787579] (feedbot_description) Command: {'cmd': ['/usr/bin/cmake', '--install', '/home/dell/ros2_feedbot_ws/build/feedbot_description'], 'cwd': '/home/dell/ros2_feedbot_ws/build/feedbot_description', 'env': OrderedDict([('LANGUAGE', 'en_GB:en'), ('USER', 'dell'), ('XDG_SESSION_TYPE', 'wayland'), ('SHLVL', '1'), ('LD_LIBRARY_PATH', '/usr/lib/x86_64-linux-gnu/gazebo-11/plugins:/opt/ros/humble/opt/rviz_ogre_vendor/lib:/opt/ros/humble/lib/x86_64-linux-gnu:/opt/ros/humble/lib:/usr/lib/x86_64-linux-gnu/gazebo-11/plugins:'), ('HOME', '/home/dell'), ('OLDPWD', '/home/dell/ros2_feedbot_ws'), ('DESKTOP_SESSION', 'ubuntu'), ('GAZEBO_MASTER_URI', 'http://localhost:11345'), ('ROS_PYTHON_VERSION', '3'), ('GNOME_SHELL_SESSION_MODE', 'ubuntu'), ('GTK_MODULES', 'gail:atk-bridge'), ('SYSTEMD_EXEC_PID', '515654'), ('DBUS_SESSION_BUS_ADDRESS', 'unix:path=/run/user/1000/bus'), ('COLORTERM', 'truecolor'), ('IM_CONFIG_PHASE', '1'), ('WAYLAND_DISPLAY', 'wayland-0'), ('COLCON_PREFIX_PATH', '/home/dell/ros2_feedbot_ws/install:/home/dell/ros2_ws/install'), ('ROS_DISTRO', 'humble'), ('LOGNAME', 'dell'), ('_', '/usr/bin/colcon'), ('ROS_VERSION', '2'), ('XDG_SESSION_CLASS', 'user'), ('USERNAME', 'dell'), ('TERM', 'xterm-256color'), ('GAZEBO_MODEL_PATH', '/usr/share/gazebo-11/models::/home/dell/ros2_feedbot_ws/install/feedbot_description/share'), ('GNOME_DESKTOP_SESSION_ID', 'this-is-deprecated'), ('ROS_LOCALHOST_ONLY', '0'), ('HISTCONTROL', 'ignoreboth'), ('OGRE_RESOURCE_PATH', '/usr/lib/x86_64-linux-gnu/OGRE-1.9.0'), ('PATH', '/opt/ros/humble/bin:/usr/lib/ccache:/home/dell/ardupilot/Tools/autotest:/opt/gcc-arm-none-eabi-10-2020-q4-major/bin:/home/dell/.local/bin:/usr/local/sbin:/usr/local/bin:/usr/sbin:/usr/bin:/sbin:/bin:/usr/games:/usr/local/games:/snap/bin:/snap/bin'), ('SESSION_MANAGER', 'local/dell:@/tmp/.ICE-unix/175661,unix/dell:/tmp/.ICE-unix/175661'), ('XDG_MENU_PREFIX', 'gnome-'), ('GNOME_TERMINAL_SCREEN', '/org/gnome/Terminal/screen/080531b4_6fce_40aa_85dc_d3da566676ff'), ('GNOME_SETUP_DISPLAY', ':1'), ('XDG_RUNTIME_DIR', '/run/user/1000'), ('DISPLAY', ':0'), ('LANG', 'en_US.UTF-8'), ('XDG_CURRENT_DESKTOP', 'ubuntu:GNOME'), ('RMW_IMPLEMENTATION', 'rmw_cyclonedds_cpp'), ('XMODIFIERS', '@im=ibus'), ('XDG_SESSION_DESKTOP', 'ubuntu'), ('XAUTHORITY', '/run/user/1000/.mutter-Xwaylandauth.GYXJL3'), ('GNOME_TERMINAL_SERVICE', ':1.833'), ('SSH_AGENT_LAUNCHER', 'gnome-keyring'), ('SSH_AUTH_SOCK', '/run/user/1000/keyring/ssh'), ('AMENT_PREFIX_PATH', '/home/dell/ros2_feedbot_ws/install/pid_logger:/home/dell/ros2_feedbot_ws/install/feedbot_sensors:/home/dell/ros2_feedbot_ws/install/feedbot_moveit_config:/home/dell/ros2_feedbot_ws/install/feedbot_fusion:/home/dell/ros2_feedbot_ws/install/feedbot_description:/home/dell/ros2_ws/install/open_manipulator_description:/opt/ros/humble'), ('SHELL', '/bin/bash'), ('QT_ACCESSIBILITY', '1'), ('GDMSESSION', 'ubuntu'), ('GAZEBO_RESOURCE_PATH', '/usr/share/gazebo-11::/opt/ros/humble/share:/home/dell/ros2_feedbot_ws/install/feedbot_description/share'), ('GAZEBO_MODEL_DATABASE_URI', 'http://models.gazebosim.org'), ('QT_IM_MODULE', 'ibus'), ('PWD', '/home/dell/ros2_feedbot_ws/build/feedbot_description'), ('LC_ALL', 'en_US.UTF-8'), ('XDG_CONFIG_DIRS', '/etc/xdg/xdg-ubuntu:/etc/xdg'), ('GAZEBO_PLUGIN_PATH', '/opt/ros/humble/lib:/usr/lib/x86_64-linux-gnu/gazebo-11/plugins:'), ('XDG_DATA_DIRS', '/usr/share/ubuntu:/usr/local/share/:/usr/share/:/var/lib/snapd/desktop'), ('PYTHONPATH', '/home/dell/ros2_feedbot_ws/install/pid_logger/lib/python3.10/site-packages:/home/dell/ros2_feedbot_ws/install/feedbot_sensors/lib/python3.10/site-packages:/home/dell/ros2_feedbot_ws/install/feedbot_fusion/lib/python3.10/site-packages:/opt/ros/humble/lib/python3.10/site-packages:/opt/ros/humble/local/lib/python3.10/dist-packages'), ('COLCON', '1'), ('VTE_VERSION', '6800'), ('CMAKE_PREFIX_PATH', '/home/dell/ros2_feedbot_ws/install/feedbot_moveit_config:/home/dell/ros2_feedbot_ws/install/feedbot_description:/home/dell/ros2_ws/install/open_manipulator_description:/home/dell/ros2_feedbot_ws/install/pid_logger:/home/dell/ros2_feedbot_ws/install/feedbot_sensors:/home/dell/ros2_feedbot_ws/install/feedbot_fusion:/opt/ros/humble')]), 'shell': False}
[1.805311] (feedbot_description) StdoutLine: {'line': b'-- Install configuration: ""\n'}
[1.805891] (feedbot_description) StdoutLine: {'line': b'-- Up-to-date: /home/dell/ros2_feedbot_ws/install/feedbot_description/share/feedbot_description/launch\n'}
[1.806135] (feedbot_description) StdoutLine: {'line': b'-- Up-to-date: /home/dell/ros2_feedbot_ws/install/feedbot_description/share/feedbot_description/launch/gazebo.launch.py\n'}
[1.806281] (feedbot_description) StdoutLine: {'line': b'-- Up-to-date: /home/dell/ros2_feedbot_ws/install/feedbot_description/share/feedbot_description/launch/control_rviz.launch.py\n'}
[1.806414] (feedbot_description) StdoutLine: {'line': b'-- Up-to-date: /home/dell/ros2_feedbot_ws/install/feedbot_description/share/feedbot_description/launch/bringup.launch.py\n'}
[1.806526] (feedbot_description) StdoutLine: {'line': b'-- Up-to-date: /home/dell/ros2_feedbot_ws/install/feedbot_description/share/feedbot_description/launch/urdf_debug.launch.py\n'}
[1.806638] (feedbot_description) StdoutLine: {'line': b'-- Up-to-date: /home/dell/ros2_feedbot_ws/install/feedbot_description/share/feedbot_description/urdf\n'}
[1.806715] (feedbot_description) StdoutLine: {'line': b'-- Up-to-date: /home/dell/ros2_feedbot_ws/install/feedbot_description/share/feedbot_description/urdf/test.urdf\n'}
[1.806877] (feedbot_description) StdoutLine: {'line': b'-- Up-to-date: /home/dell/ros2_feedbot_ws/install/feedbot_description/share/feedbot_description/urdf/my_robot.urdf\n'}
[1.806970] (feedbot_description) StdoutLine: {'line': b'-- Up-to-date: /home/dell/ros2_feedbot_ws/install/feedbot_description/share/feedbot_description/urdf/my_robot.urdf.xacro\n'}
[1.807118] (feedbot_description) StdoutLine: {'line': b'-- Up-to-date: /home/dell/ros2_feedbot_ws/install/feedbot_description/share/feedbot_description/config\n'}
[1.807206] (feedbot_description) StdoutLine: {'line': b'-- Up-to-date: /home/dell/ros2_feedbot_ws/install/feedbot_description/share/feedbot_description/config/controllers_untuned.yaml\n'}
[1.807388] (feedbot_description) StdoutLine: {'line': b'-- Up-to-date: /home/dell/ros2_feedbot_ws/install/feedbot_description/share/feedbot_description/config/pid_controllers.yaml\n'}
[1.807551] (feedbot_description) StdoutLine: {'line': b'-- Up-to-date: /home/dell/ros2_feedbot_ws/install/feedbot_description/share/feedbot_description/config/controllers.yaml\n'}
[1.807651] (feedbot_description) StdoutLine: {'line': b'-- Up-to-date: /home/dell/ros2_feedbot_ws/install/feedbot_description/share/feedbot_description/config/ros2_control.yaml\n'}
[1.807901] (feedbot_description) StdoutLine: {'line': b'-- Up-to-date: /home/dell/ros2_feedbot_ws/install/feedbot_description/share/feedbot_description/config/controllers_tuned.yaml\n'}
[1.808089] (feedbot_description) StdoutLine: {'line': b'-- Up-to-date: /home/dell/ros2_feedbot_ws/install/feedbot_description/share/feedbot_description/config/gazebo_controllers.yaml\n'}
[1.808181] (feedbot_description) StdoutLine: {'line': b'-- Up-to-date: /home/dell/ros2_feedbot_ws/install/feedbot_description/share/feedbot_description/rviz\n'}
[1.808304] (feedbot_description) StdoutLine: {'line': b'-- Up-to-date: /home/dell/ros2_feedbot_ws/install/feedbot_description/share/feedbot_description/rviz/control.rviz\n'}
[1.808427] (feedbot_description) StdoutLine: {'line': b'-- Up-to-date: /home/dell/ros2_feedbot_ws/install/feedbot_description/share/feedbot_description/meshes\n'}
[1.808528] (feedbot_description) StdoutLine: {'line': b'-- Up-to-date: /home/dell/ros2_feedbot_ws/install/feedbot_description/share/feedbot_description/meshes/base.stl\n'}
[1.808621] (feedbot_description) StdoutLine: {'line': b'-- Up-to-date: /home/dell/ros2_feedbot_ws/install/feedbot_description/share/feedbot_description/meshes/plate.stl\n'}
[1.808719] (feedbot_description) StdoutLine: {'line': b'-- Up-to-date: /home/dell/ros2_feedbot_ws/install/feedbot_description/share/feedbot_description/meshes/table.stl\n'}
[1.808943] (feedbot_description) StdoutLine: {'line': b'-- Up-to-date: /home/dell/ros2_feedbot_ws/install/feedbot_description/share/feedbot_description/meshes/link3.stl\n'}
[1.809094] (feedbot_description) StdoutLine: {'line': b'-- Up-to-date: /home/dell/ros2_feedbot_ws/install/feedbot_description/share/feedbot_description/meshes/mouth_open.stl\n'}
[1.809240] (feedbot_description) StdoutLine: {'line': b'-- Up-to-date: /home/dell/ros2_feedbot_ws/install/feedbot_description/share/feedbot_description/meshes/apple.stl\n'}
[1.809338] (feedbot_description) StdoutLine: {'line': b'-- Up-to-date: /home/dell/ros2_feedbot_ws/install/feedbot_description/share/feedbot_description/meshes/feeder_head.stl\n'}
[1.809442] (feedbot_description) StdoutLine: {'line': b'-- Up-to-date: /home/dell/ros2_feedbot_ws/install/feedbot_description/share/feedbot_description/meshes/link2.stl\n'}
[1.809542] (feedbot_description) StdoutLine: {'line': b'-- Up-to-date: /home/dell/ros2_feedbot_ws/install/feedbot_description/share/feedbot_description/meshes/strawberry.stl\n'}
[1.809647] (feedbot_description) StdoutLine: {'line': b'-- Up-to-date: /home/dell/ros2_feedbot_ws/install/feedbot_description/share/feedbot_description/meshes/link1.stl\n'}
[1.809758] (feedbot_description) StdoutLine: {'line': b'-- Up-to-date: /home/dell/ros2_feedbot_ws/install/feedbot_description/share/feedbot_description/worlds\n'}
[1.809933] (feedbot_description) StdoutLine: {'line': b'-- Up-to-date: /home/dell/ros2_feedbot_ws/install/feedbot_description/share/feedbot_description/worlds/empty.world\n'}
[1.810070] (feedbot_description) StdoutLine: {'line': b'-- Up-to-date: /home/dell/ros2_feedbot_ws/install/feedbot_description/lib/feedbot_description/step_test_all_joints.py\n'}
[1.810238] (feedbot_description) StdoutLine: {'line': b'-- Up-to-date: /home/dell/ros2_feedbot_ws/install/feedbot_description/lib/feedbot_description/step_test_joint.py\n'}
[1.810364] (feedbot_description) StdoutLine: {'line': b'-- Up-to-date: /home/dell/ros2_feedbot_ws/install/feedbot_description/share/ament_index/resource_index/package_run_dependencies/feedbot_description\n'}
[1.810479] (feedbot_description) StdoutLine: {'line': b'-- Up-to-date: /home/dell/ros2_feedbot_ws/install/feedbot_description/share/ament_index/resource_index/parent_prefix_path/feedbot_description\n'}
[1.810599] (feedbot_description) StdoutLine: {'line': b'-- Up-to-date: /home/dell/ros2_feedbot_ws/install/feedbot_description/share/feedbot_description/environment/ament_prefix_path.sh\n'}
[1.810721] (feedbot_description) StdoutLine: {'line': b'-- Up-to-date: /home/dell/ros2_feedbot_ws/install/feedbot_description/share/feedbot_description/environment/ament_prefix_path.dsv\n'}
[1.810837] (feedbot_description) StdoutLine: {'line': b'-- Up-to-date: /home/dell/ros2_feedbot_ws/install/feedbot_description/share/feedbot_description/environment/path.sh\n'}
[1.810935] (feedbot_description) StdoutLine: {'line': b'-- Up-to-date: /home/dell/ros2_feedbot_ws/install/feedbot_description/share/feedbot_description/environment/path.dsv\n'}
[1.811026] (feedbot_description) StdoutLine: {'line': b'-- Up-to-date: /home/dell/ros2_feedbot_ws/install/feedbot_description/share/feedbot_description/local_setup.bash\n'}
[1.811119] (feedbot_description) StdoutLine: {'line': b'-- Up-to-date: /home/dell/ros2_feedbot_ws/install/feedbot_description/share/feedbot_description/local_setup.sh\n'}
[1.811241] (feedbot_description) StdoutLine: {'line': b'-- Up-to-date: /home/dell/ros2_feedbot_ws/install/feedbot_description/share/feedbot_description/local_setup.zsh\n'}
[1.811468] (feedbot_description) StdoutLine: {'line': b'-- Up-to-date: /home/dell/ros2_feedbot_ws/install/feedbot_description/share/feedbot_description/local_setup.dsv\n'}
[1.811713] (-) TimerEvent: {}
[1.812499] (feedbot_description) StdoutLine: {'line': b'-- Installing: /home/dell/ros2_feedbot_ws/install/feedbot_description/share/feedbot_description/package.dsv\n'}
[1.813394] (feedbot_description) StdoutLine: {'line': b'-- Up-to-date: /home/dell/ros2_feedbot_ws/install/feedbot_description/share/ament_index/resource_index/packages/feedbot_description\n'}
[1.814013] (feedbot_description) StdoutLine: {'line': b'-- Up-to-date: /home/dell/ros2_feedbot_ws/install/feedbot_description/share/feedbot_description/cmake/feedbot_descriptionConfig.cmake\n'}
[1.814555] (feedbot_description) StdoutLine: {'line': b'-- Up-to-date: /home/dell/ros2_feedbot_ws/install/feedbot_description/share/feedbot_description/cmake/feedbot_descriptionConfig-version.cmake\n'}
[1.815222] (feedbot_description) StdoutLine: {'line': b'-- Up-to-date: /home/dell/ros2_feedbot_ws/install/feedbot_description/share/feedbot_description/package.xml\n'}
[1.817692] (feedbot_description) CommandEnded: {'returncode': 0}
[1.871148] (feedbot_description) JobEnded: {'identifier': 'feedbot_description', 'rc': 0}
[1.874483] (feedbot_moveit_config) JobStarted: {'identifier': 'feedbot_moveit_config'}
[1.887250] (feedbot_moveit_config) JobProgress: {'identifier': 'feedbot_moveit_config', 'progress': 'cmake'}
[1.888645] (feedbot_moveit_config) JobProgress: {'identifier': 'feedbot_moveit_config', 'progress': 'build'}
[1.892423] (feedbot_moveit_config) Command: {'cmd': ['/usr/bin/cmake', '--build', '/home/dell/ros2_feedbot_ws/build/feedbot_moveit_config', '--', '-j12', '-l12'], 'cwd': '/home/dell/ros2_feedbot_ws/build/feedbot_moveit_config', 'env': OrderedDict([('LANGUAGE', 'en_GB:en'), ('USER', 'dell'), ('XDG_SESSION_TYPE', 'wayland'), ('SHLVL', '1'), ('LD_LIBRARY_PATH', '/usr/lib/x86_64-linux-gnu/gazebo-11/plugins:/opt/ros/humble/opt/rviz_ogre_vendor/lib:/opt/ros/humble/lib/x86_64-linux-gnu:/opt/ros/humble/lib:/usr/lib/x86_64-linux-gnu/gazebo-11/plugins:'), ('HOME', '/home/dell'), ('OLDPWD', '/home/dell/ros2_feedbot_ws'), ('DESKTOP_SESSION', 'ubuntu'), ('GAZEBO_MASTER_URI', 'http://localhost:11345'), ('ROS_PYTHON_VERSION', '3'), ('GNOME_SHELL_SESSION_MODE', 'ubuntu'), ('GTK_MODULES', 'gail:atk-bridge'), ('SYSTEMD_EXEC_PID', '515654'), ('DBUS_SESSION_BUS_ADDRESS', 'unix:path=/run/user/1000/bus'), ('COLORTERM', 'truecolor'), ('IM_CONFIG_PHASE', '1'), ('WAYLAND_DISPLAY', 'wayland-0'), ('COLCON_PREFIX_PATH', '/home/dell/ros2_feedbot_ws/install:/home/dell/ros2_ws/install'), ('ROS_DISTRO', 'humble'), ('LOGNAME', 'dell'), ('_', '/usr/bin/colcon'), ('ROS_VERSION', '2'), ('XDG_SESSION_CLASS', 'user'), ('USERNAME', 'dell'), ('TERM', 'xterm-256color'), ('GAZEBO_MODEL_PATH', '/usr/share/gazebo-11/models::/home/dell/ros2_feedbot_ws/install/feedbot_description/share'), ('GNOME_DESKTOP_SESSION_ID', 'this-is-deprecated'), ('ROS_LOCALHOST_ONLY', '0'), ('HISTCONTROL', 'ignoreboth'), ('OGRE_RESOURCE_PATH', '/usr/lib/x86_64-linux-gnu/OGRE-1.9.0'), ('PATH', '/opt/ros/humble/bin:/usr/lib/ccache:/home/dell/ardupilot/Tools/autotest:/opt/gcc-arm-none-eabi-10-2020-q4-major/bin:/home/dell/.local/bin:/usr/local/sbin:/usr/local/bin:/usr/sbin:/usr/bin:/sbin:/bin:/usr/games:/usr/local/games:/snap/bin:/snap/bin'), ('SESSION_MANAGER', 'local/dell:@/tmp/.ICE-unix/175661,unix/dell:/tmp/.ICE-unix/175661'), ('XDG_MENU_PREFIX', 'gnome-'), ('GNOME_TERMINAL_SCREEN', '/org/gnome/Terminal/screen/080531b4_6fce_40aa_85dc_d3da566676ff'), ('GNOME_SETUP_DISPLAY', ':1'), ('XDG_RUNTIME_DIR', '/run/user/1000'), ('DISPLAY', ':0'), ('LANG', 'en_US.UTF-8'), ('XDG_CURRENT_DESKTOP', 'ubuntu:GNOME'), ('RMW_IMPLEMENTATION', 'rmw_cyclonedds_cpp'), ('XMODIFIERS', '@im=ibus'), ('XDG_SESSION_DESKTOP', 'ubuntu'), ('XAUTHORITY', '/run/user/1000/.mutter-Xwaylandauth.GYXJL3'), ('GNOME_TERMINAL_SERVICE', ':1.833'), ('SSH_AGENT_LAUNCHER', 'gnome-keyring'), ('SSH_AUTH_SOCK', '/run/user/1000/keyring/ssh'), ('AMENT_PREFIX_PATH', '/home/dell/ros2_feedbot_ws/install/pid_logger:/home/dell/ros2_feedbot_ws/install/feedbot_sensors:/home/dell/ros2_feedbot_ws/install/feedbot_moveit_config:/home/dell/ros2_feedbot_ws/install/feedbot_fusion:/home/dell/ros2_feedbot_ws/install/feedbot_description:/home/dell/ros2_ws/install/open_manipulator_description:/opt/ros/humble'), ('SHELL', '/bin/bash'), ('QT_ACCESSIBILITY', '1'), ('GDMSESSION', 'ubuntu'), ('GAZEBO_RESOURCE_PATH', '/usr/share/gazebo-11::/opt/ros/humble/share:/home/dell/ros2_feedbot_ws/install/feedbot_description/share'), ('GAZEBO_MODEL_DATABASE_URI', 'http://models.gazebosim.org'), ('QT_IM_MODULE', 'ibus'), ('PWD', '/home/dell/ros2_feedbot_ws/build/feedbot_moveit_config'), ('LC_ALL', 'en_US.UTF-8'), ('XDG_CONFIG_DIRS', '/etc/xdg/xdg-ubuntu:/etc/xdg'), ('GAZEBO_PLUGIN_PATH', '/opt/ros/humble/lib:/usr/lib/x86_64-linux-gnu/gazebo-11/plugins:'), ('XDG_DATA_DIRS', '/usr/share/ubuntu:/usr/local/share/:/usr/share/:/var/lib/snapd/desktop'), ('PYTHONPATH', '/home/dell/ros2_feedbot_ws/install/pid_logger/lib/python3.10/site-packages:/home/dell/ros2_feedbot_ws/install/feedbot_sensors/lib/python3.10/site-packages:/home/dell/ros2_feedbot_ws/install/feedbot_fusion/lib/python3.10/site-packages:/opt/ros/humble/lib/python3.10/site-packages:/opt/ros/humble/local/lib/python3.10/dist-packages'), ('COLCON', '1'), ('VTE_VERSION', '6800'), ('CMAKE_PREFIX_PATH', '/home/dell/ros2_feedbot_ws/install/feedbot_description:/home/dell/ros2_feedbot_ws/install/feedbot_moveit_config:/home/dell/ros2_ws/install/open_manipulator_description:/home/dell/ros2_feedbot_ws/install/pid_logger:/home/dell/ros2_feedbot_ws/install/feedbot_sensors:/home/dell/ros2_feedbot_ws/install/feedbot_fusion:/opt/ros/humble')]), 'shell': False}
[1.911911] (-) TimerEvent: {}
[2.000636] (feedbot_moveit_config) CommandEnded: {'returncode': 0}
[2.002926] (feedbot_moveit_config) JobProgress: {'identifier': 'feedbot_moveit_config', 'progress': 'install'}
[2.003956] (feedbot_moveit_config) Command: {'cmd': ['/usr/bin/cmake', '--install', '/home/dell/ros2_feedbot_ws/build/feedbot_moveit_config'], 'cwd': '/home/dell/ros2_feedbot_ws/build/feedbot_moveit_config', 'env': OrderedDict([('LANGUAGE', 'en_GB:en'), ('USER', 'dell'), ('XDG_SESSION_TYPE', 'wayland'), ('SHLVL', '1'), ('LD_LIBRARY_PATH', '/usr/lib/x86_64-linux-gnu/gazebo-11/plugins:/opt/ros/humble/opt/rviz_ogre_vendor/lib:/opt/ros/humble/lib/x86_64-linux-gnu:/opt/ros/humble/lib:/usr/lib/x86_64-linux-gnu/gazebo-11/plugins:'), ('HOME', '/home/dell'), ('OLDPWD', '/home/dell/ros2_feedbot_ws'), ('DESKTOP_SESSION', 'ubuntu'), ('GAZEBO_MASTER_URI', 'http://localhost:11345'), ('ROS_PYTHON_VERSION', '3'), ('GNOME_SHELL_SESSION_MODE', 'ubuntu'), ('GTK_MODULES', 'gail:atk-bridge'), ('SYSTEMD_EXEC_PID', '515654'), ('DBUS_SESSION_BUS_ADDRESS', 'unix:path=/run/user/1000/bus'), ('COLORTERM', 'truecolor'), ('IM_CONFIG_PHASE', '1'), ('WAYLAND_DISPLAY', 'wayland-0'), ('COLCON_PREFIX_PATH', '/home/dell/ros2_feedbot_ws/install:/home/dell/ros2_ws/install'), ('ROS_DISTRO', 'humble'), ('LOGNAME', 'dell'), ('_', '/usr/bin/colcon'), ('ROS_VERSION', '2'), ('XDG_SESSION_CLASS', 'user'), ('USERNAME', 'dell'), ('TERM', 'xterm-256color'), ('GAZEBO_MODEL_PATH', '/usr/share/gazebo-11/models::/home/dell/ros2_feedbot_ws/install/feedbot_description/share'), ('GNOME_DESKTOP_SESSION_ID', 'this-is-deprecated'), ('ROS_LOCALHOST_ONLY', '0'), ('HISTCONTROL', 'ignoreboth'), ('OGRE_RESOURCE_PATH', '/usr/lib/x86_64-linux-gnu/OGRE-1.9.0'), ('PATH', '/opt/ros/humble/bin:/usr/lib/ccache:/home/dell/ardupilot/Tools/autotest:/opt/gcc-arm-none-eabi-10-2020-q4-major/bin:/home/dell/.local/bin:/usr/local/sbin:/usr/local/bin:/usr/sbin:/usr/bin:/sbin:/bin:/usr/games:/usr/local/games:/snap/bin:/snap/bin'), ('SESSION_MANAGER', 'local/dell:@/tmp/.ICE-unix/175661,unix/dell:/tmp/.ICE-unix/175661'), ('XDG_MENU_PREFIX', 'gnome-'), ('GNOME_TERMINAL_SCREEN', '/org/gnome/Terminal/screen/080531b4_6fce_40aa_85dc_d3da566676ff'), ('GNOME_SETUP_DISPLAY', ':1'), ('XDG_RUNTIME_DIR', '/run/user/1000'), ('DISPLAY', ':0'), ('LANG', 'en_US.UTF-8'), ('XDG_CURRENT_DESKTOP', 'ubuntu:GNOME'), ('RMW_IMPLEMENTATION', 'rmw_cyclonedds_cpp'), ('XMODIFIERS', '@im=ibus'), ('XDG_SESSION_DESKTOP', 'ubuntu'), ('XAUTHORITY', '/run/user/1000/.mutter-Xwaylandauth.GYXJL3'), ('GNOME_TERMINAL_SERVICE', ':1.833'), ('SSH_AGENT_LAUNCHER', 'gnome-keyring'), ('SSH_AUTH_SOCK', '/run/user/1000/keyring/ssh'), ('AMENT_PREFIX_PATH', '/home/dell/ros2_feedbot_ws/install/pid_logger:/home/dell/ros2_feedbot_ws/install/feedbot_sensors:/home/dell/ros2_feedbot_ws/install/feedbot_moveit_config:/home/dell/ros2_feedbot_ws/install/feedbot_fusion:/home/dell/ros2_feedbot_ws/install/feedbot_description:/home/dell/ros2_ws/install/open_manipulator_description:/opt/ros/humble'), ('SHELL', '/bin/bash'), ('QT_ACCESSIBILITY', '1'), ('GDMSESSION', 'ubuntu'), ('GAZEBO_RESOURCE_PATH', '/usr/share/gazebo-11::/opt/ros/humble/share:/home/dell/ros2_feedbot_ws/install/feedbot_description/share'), ('GAZEBO_MODEL_DATABASE_URI', 'http://models.gazebosim.org'), ('QT_IM_MODULE', 'ibus'), ('PWD', '/home/dell/ros2_feedbot_ws/build/feedbot_moveit_config'), ('LC_ALL', 'en_US.UTF-8'), ('XDG_CONFIG_DIRS', '/etc/xdg/xdg-ubuntu:/etc/xdg'), ('GAZEBO_PLUGIN_PATH', '/opt/ros/humble/lib:/usr/lib/x86_64-linux-gnu/gazebo-11/plugins:'), ('XDG_DATA_DIRS', '/usr/share/ubuntu:/usr/local/share/:/usr/share/:/var/lib/snapd/desktop'), ('PYTHONPATH', '/home/dell/ros2_feedbot_ws/install/pid_logger/lib/python3.10/site-packages:/home/dell/ros2_feedbot_ws/install/feedbot_sensors/lib/python3.10/site-packages:/home/dell/ros2_feedbot_ws/install/feedbot_fusion/lib/python3.10/site-packages:/opt/ros/humble/lib/python3.10/site-packages:/opt/ros/humble/local/lib/python3.10/dist-packages'), ('COLCON', '1'), ('VTE_VERSION', '6800'), ('CMAKE_PREFIX_PATH', '/home/dell/ros2_feedbot_ws/install/feedbot_description:/home/dell/ros2_feedbot_ws/install/feedbot_moveit_config:/home/dell/ros2_ws/install/open_manipulator_description:/home/dell/ros2_feedbot_ws/install/pid_logger:/home/dell/ros2_feedbot_ws/install/feedbot_sensors:/home/dell/ros2_feedbot_ws/install/feedbot_fusion:/opt/ros/humble')]), 'shell': False}
[2.012169] (-) TimerEvent: {}
[2.022831] (feedbot_moveit_config) StdoutLine: {'line': b'-- Install configuration: ""\n'}
[2.023356] (feedbot_moveit_config) StdoutLine: {'line': b'-- Up-to-date: /home/dell/ros2_feedbot_ws/install/feedbot_moveit_config/share/ament_index/resource_index/package_run_dependencies/feedbot_moveit_config\n'}
[2.023430] (feedbot_moveit_config) StdoutLine: {'line': b'-- Up-to-date: /home/dell/ros2_feedbot_ws/install/feedbot_moveit_config/share/ament_index/resource_index/parent_prefix_path/feedbot_moveit_config\n'}
[2.023485] (feedbot_moveit_config) StdoutLine: {'line': b'-- Up-to-date: /home/dell/ros2_feedbot_ws/install/feedbot_moveit_config/share/feedbot_moveit_config/environment/ament_prefix_path.sh\n'}
[2.023551] (feedbot_moveit_config) StdoutLine: {'line': b'-- Up-to-date: /home/dell/ros2_feedbot_ws/install/feedbot_moveit_config/share/feedbot_moveit_config/environment/ament_prefix_path.dsv\n'}
[2.023648] (feedbot_moveit_config) StdoutLine: {'line': b'-- Up-to-date: /home/dell/ros2_feedbot_ws/install/feedbot_moveit_config/share/feedbot_moveit_config/environment/path.sh\n'}
[2.023997] (feedbot_moveit_config) StdoutLine: {'line': b'-- Up-to-date: /home/dell/ros2_feedbot_ws/install/feedbot_moveit_config/share/feedbot_moveit_config/environment/path.dsv\n'}
[2.024270] (feedbot_moveit_config) StdoutLine: {'line': b'-- Up-to-date: /home/dell/ros2_feedbot_ws/install/feedbot_moveit_config/share/feedbot_moveit_config/local_setup.bash\n'}
[2.024682] (feedbot_moveit_config) StdoutLine: {'line': b'-- Up-to-date: /home/dell/ros2_feedbot_ws/install/feedbot_moveit_config/share/feedbot_moveit_config/local_setup.sh\n'}
[2.024935] (feedbot_moveit_config) StdoutLine: {'line': b'-- Up-to-date: /home/dell/ros2_feedbot_ws/install/feedbot_moveit_config/share/feedbot_moveit_config/local_setup.zsh\n'}
[2.024998] (feedbot_moveit_config) StdoutLine: {'line': b'-- Up-to-date: /home/dell/ros2_feedbot_ws/install/feedbot_moveit_config/share/feedbot_moveit_config/local_setup.dsv\n'}
[2.025067] (feedbot_moveit_config) StdoutLine: {'line': b'-- Installing: /home/dell/ros2_feedbot_ws/install/feedbot_moveit_config/share/feedbot_moveit_config/package.dsv\n'}
[2.025391] (feedbot_moveit_config) StdoutLine: {'line': b'-- Up-to-date: /home/dell/ros2_feedbot_ws/install/feedbot_moveit_config/share/ament_index/resource_index/packages/feedbot_moveit_config\n'}
[2.025641] (feedbot_moveit_config) StdoutLine: {'line': b'-- Up-to-date: /home/dell/ros2_feedbot_ws/install/feedbot_moveit_config/share/feedbot_moveit_config/cmake/feedbot_moveit_configConfig.cmake\n'}
[2.025705] (feedbot_moveit_config) StdoutLine: {'line': b'-- Up-to-date: /home/dell/ros2_feedbot_ws/install/feedbot_moveit_config/share/feedbot_moveit_config/cmake/feedbot_moveit_configConfig-version.cmake\n'}
[2.025927] (feedbot_moveit_config) StdoutLine: {'line': b'-- Up-to-date: /home/dell/ros2_feedbot_ws/install/feedbot_moveit_config/share/feedbot_moveit_config/package.xml\n'}
[2.026017] (feedbot_moveit_config) StdoutLine: {'line': b'-- Up-to-date: /home/dell/ros2_feedbot_ws/install/feedbot_moveit_config/share/feedbot_moveit_config/launch\n'}
[2.026274] (feedbot_moveit_config) StdoutLine: {'line': b'-- Up-to-date: /home/dell/ros2_feedbot_ws/install/feedbot_moveit_config/share/feedbot_moveit_config/launch/setup_assistant.launch.py\n'}
[2.026384] (feedbot_moveit_config) StdoutLine: {'line': b'-- Up-to-date: /home/dell/ros2_feedbot_ws/install/feedbot_moveit_config/share/feedbot_moveit_config/launch/moveit_rviz.launch.py\n'}
[2.026445] (feedbot_moveit_config) StdoutLine: {'line': b'-- Up-to-date: /home/dell/ros2_feedbot_ws/install/feedbot_moveit_config/share/feedbot_moveit_config/launch/spawn_controllers.launch.py\n'}
[2.026526] (feedbot_moveit_config) StdoutLine: {'line': b'-- Up-to-date: /home/dell/ros2_feedbot_ws/install/feedbot_moveit_config/share/feedbot_moveit_config/launch/demo.launch.py\n'}
[2.026580] (feedbot_moveit_config) StdoutLine: {'line': b'-- Up-to-date: /home/dell/ros2_feedbot_ws/install/feedbot_moveit_config/share/feedbot_moveit_config/launch/rsp.launch.py\n'}
[2.026972] (feedbot_moveit_config) StdoutLine: {'line': b'-- Up-to-date: /home/dell/ros2_feedbot_ws/install/feedbot_moveit_config/share/feedbot_moveit_config/launch/move_group.launch.py\n'}
[2.027080] (feedbot_moveit_config) StdoutLine: {'line': b'-- Up-to-date: /home/dell/ros2_feedbot_ws/install/feedbot_moveit_config/share/feedbot_moveit_config/config\n'}
[2.027219] (feedbot_moveit_config) StdoutLine: {'line': b'-- Up-to-date: /home/dell/ros2_feedbot_ws/install/feedbot_moveit_config/share/feedbot_moveit_config/config/feedbot.srdf\n'}
[2.027361] (feedbot_moveit_config) StdoutLine: {'line': b'-- Up-to-date: /home/dell/ros2_feedbot_ws/install/feedbot_moveit_config/share/feedbot_moveit_config/config/moveit_controllers.yaml\n'}
[2.027568] (feedbot_moveit_config) StdoutLine: {'line': b'-- Up-to-date: /home/dell/ros2_feedbot_ws/install/feedbot_moveit_config/share/feedbot_moveit_config/config/moveit.rviz\n'}
[2.027904] (feedbot_moveit_config) StdoutLine: {'line': b'-- Up-to-date: /home/dell/ros2_feedbot_ws/install/feedbot_moveit_config/share/feedbot_moveit_config/config/kinematics.yaml\n'}
[2.028170] (feedbot_moveit_config) StdoutLine: {'line': b'-- Up-to-date: /home/dell/ros2_feedbot_ws/install/feedbot_moveit_config/share/feedbot_moveit_config/config/joint_limits.yaml\n'}
[2.028389] (feedbot_moveit_config) StdoutLine: {'line': b'-- Up-to-date: /home/dell/ros2_feedbot_ws/install/feedbot_moveit_config/share/feedbot_moveit_config/config/pilz_cartesian_limits.yaml\n'}
[2.028611] (feedbot_moveit_config) StdoutLine: {'line': b'-- Up-to-date: /home/dell/ros2_feedbot_ws/install/feedbot_moveit_config/share/feedbot_moveit_config/.setup_assistant\n'}
[2.033912] (feedbot_moveit_config) CommandEnded: {'returncode': 0}
[2.074496] (feedbot_moveit_config) JobEnded: {'identifier': 'feedbot_moveit_config', 'rc': 0}
[2.112422] (-) TimerEvent: {}
[2.213378] (-) TimerEvent: {}
[2.314394] (-) TimerEvent: {}
[2.415083] (-) TimerEvent: {}
[2.515667] (-) TimerEvent: {}
[2.616222] (-) TimerEvent: {}
[2.704020] (pid_logger) Command: {'cmd': ['/usr/bin/python3', '-W', 'ignore:setup.py install is deprecated', '-W', 'ignore:easy_install command is deprecated', 'setup.py', 'egg_info', '--egg-base', '../../build/pid_logger', 'build', '--build-base', '/home/dell/ros2_feedbot_ws/build/pid_logger/build', 'install', '--record', '/home/dell/ros2_feedbot_ws/build/pid_logger/install.log', '--single-version-externally-managed', 'install_data'], 'cwd': '/home/dell/ros2_feedbot_ws/src/pid_logger', 'env': {'LANGUAGE': 'en_GB:en', 'USER': 'dell', 'XDG_SESSION_TYPE': 'wayland', 'SHLVL': '1', 'LD_LIBRARY_PATH': '/usr/lib/x86_64-linux-gnu/gazebo-11/plugins:/opt/ros/humble/opt/rviz_ogre_vendor/lib:/opt/ros/humble/lib/x86_64-linux-gnu:/opt/ros/humble/lib:/usr/lib/x86_64-linux-gnu/gazebo-11/plugins:', 'HOME': '/home/dell', 'OLDPWD': '/home/dell/ros2_feedbot_ws', 'DESKTOP_SESSION': 'ubuntu', 'GAZEBO_MASTER_URI': 'http://localhost:11345', 'ROS_PYTHON_VERSION': '3', 'GNOME_SHELL_SESSION_MODE': 'ubuntu', 'GTK_MODULES': 'gail:atk-bridge', 'SYSTEMD_EXEC_PID': '515654', 'DBUS_SESSION_BUS_ADDRESS': 'unix:path=/run/user/1000/bus', 'COLORTERM': 'truecolor', 'IM_CONFIG_PHASE': '1', 'WAYLAND_DISPLAY': 'wayland-0', 'COLCON_PREFIX_PATH': '/home/dell/ros2_feedbot_ws/install:/home/dell/ros2_ws/install', 'ROS_DISTRO': 'humble', 'LOGNAME': 'dell', '_': '/usr/bin/colcon', 'ROS_VERSION': '2', 'XDG_SESSION_CLASS': 'user', 'USERNAME': 'dell', 'TERM': 'xterm-256color', 'GAZEBO_MODEL_PATH': '/usr/share/gazebo-11/models::/home/dell/ros2_feedbot_ws/install/feedbot_description/share', 'GNOME_DESKTOP_SESSION_ID': 'this-is-deprecated', 'ROS_LOCALHOST_ONLY': '0', 'HISTCONTROL': 'ignoreboth', 'OGRE_RESOURCE_PATH': '/usr/lib/x86_64-linux-gnu/OGRE-1.9.0', 'PATH': '/opt/ros/humble/bin:/usr/lib/ccache:/home/dell/ardupilot/Tools/autotest:/opt/gcc-arm-none-eabi-10-2020-q4-major/bin:/home/dell/.local/bin:/usr/local/sbin:/usr/local/bin:/usr/sbin:/usr/bin:/sbin:/bin:/usr/games:/usr/local/games:/snap/bin:/snap/bin', 'SESSION_MANAGER': 'local/dell:@/tmp/.ICE-unix/175661,unix/dell:/tmp/.ICE-unix/175661', 'XDG_MENU_PREFIX': 'gnome-', 'GNOME_TERMINAL_SCREEN': '/org/gnome/Terminal/screen/080531b4_6fce_40aa_85dc_d3da566676ff', 'GNOME_SETUP_DISPLAY': ':1', 'XDG_RUNTIME_DIR': '/run/user/1000', 'DISPLAY': ':0', 'LANG': 'en_US.UTF-8', 'XDG_CURRENT_DESKTOP': 'ubuntu:GNOME', 'RMW_IMPLEMENTATION': 'rmw_cyclonedds_cpp', 'XMODIFIERS': '@im=ibus', 'XDG_SESSION_DESKTOP': 'ubuntu', 'XAUTHORITY': '/run/user/1000/.mutter-Xwaylandauth.GYXJL3', 'GNOME_TERMINAL_SERVICE': ':1.833', 'SSH_AGENT_LAUNCHER': 'gnome-keyring', 'SSH_AUTH_SOCK': '/run/user/1000/keyring/ssh', 'AMENT_PREFIX_PATH': '/home/dell/ros2_feedbot_ws/install/pid_logger:/home/dell/ros2_feedbot_ws/install/feedbot_sensors:/home/dell/ros2_feedbot_ws/install/feedbot_moveit_config:/home/dell/ros2_feedbot_ws/install/feedbot_fusion:/home/dell/ros2_feedbot_ws/install/feedbot_description:/home/dell/ros2_ws/install/open_manipulator_description:/opt/ros/humble', 'SHELL': '/bin/bash', 'QT_ACCESSIBILITY': '1', 'GDMSESSION': 'ubuntu', 'GAZEBO_RESOURCE_PATH': '/usr/share/gazebo-11::/opt/ros/humble/share:/home/dell/ros2_feedbot_ws/install/feedbot_description/share', 'GAZEBO_MODEL_DATABASE_URI': 'http://models.gazebosim.org', 'QT_IM_MODULE': 'ibus', 'PWD': '/home/dell/ros2_feedbot_ws/build/pid_logger', 'LC_ALL': 'en_US.UTF-8', 'XDG_CONFIG_DIRS': '/etc/xdg/xdg-ubuntu:/etc/xdg', 'GAZEBO_PLUGIN_PATH': '/opt/ros/humble/lib:/usr/lib/x86_64-linux-gnu/gazebo-11/plugins:', 'XDG_DATA_DIRS': '/usr/share/ubuntu:/usr/local/share/:/usr/share/:/var/lib/snapd/desktop', 'PYTHONPATH': '/home/dell/ros2_feedbot_ws/build/pid_logger/prefix_override:/usr/lib/python3/dist-packages/colcon_core/task/python/colcon_distutils_commands:/home/dell/ros2_feedbot_ws/install/pid_logger/lib/python3.10/site-packages:/home/dell/ros2_feedbot_ws/install/pid_logger/lib/python3.10/site-packages:/home/dell/ros2_feedbot_ws/install/feedbot_sensors/lib/python3.10/site-packages:/home/dell/ros2_feedbot_ws/install/feedbot_fusion/lib/python3.10/site-packages:/opt/ros/humble/lib/python3.10/site-packages:/opt/ros/humble/local/lib/python3.10/dist-packages', 'COLCON': '1', 'VTE_VERSION': '6800', 'CMAKE_PREFIX_PATH': '/home/dell/ros2_feedbot_ws/install/feedbot_moveit_config:/home/dell/ros2_feedbot_ws/install/feedbot_description:/home/dell/ros2_ws/install/open_manipulator_description'}, 'shell': False}
[2.713339] (feedbot_fusion) Command: {'cmd': ['/usr/bin/python3', '-W', 'ignore:setup.py install is deprecated', '-W', 'ignore:easy_install command is deprecated', 'setup.py', 'egg_info', '--egg-base', '../../build/feedbot_fusion', 'build', '--build-base', '/home/dell/ros2_feedbot_ws/build/feedbot_fusion/build', 'install', '--record', '/home/dell/ros2_feedbot_ws/build/feedbot_fusion/install.log', '--single-version-externally-managed'], 'cwd': '/home/dell/ros2_feedbot_ws/src/feedbot_fusion', 'env': {'LANGUAGE': 'en_GB:en', 'USER': 'dell', 'XDG_SESSION_TYPE': 'wayland', 'SHLVL': '1', 'LD_LIBRARY_PATH': '/usr/lib/x86_64-linux-gnu/gazebo-11/plugins:/opt/ros/humble/opt/rviz_ogre_vendor/lib:/opt/ros/humble/lib/x86_64-linux-gnu:/opt/ros/humble/lib:/usr/lib/x86_64-linux-gnu/gazebo-11/plugins:', 'HOME': '/home/dell', 'OLDPWD': '/home/dell/ros2_feedbot_ws', 'DESKTOP_SESSION': 'ubuntu', 'GAZEBO_MASTER_URI': 'http://localhost:11345', 'ROS_PYTHON_VERSION': '3', 'GNOME_SHELL_SESSION_MODE': 'ubuntu', 'GTK_MODULES': 'gail:atk-bridge', 'SYSTEMD_EXEC_PID': '515654', 'DBUS_SESSION_BUS_ADDRESS': 'unix:path=/run/user/1000/bus', 'COLORTERM': 'truecolor', 'IM_CONFIG_PHASE': '1', 'WAYLAND_DISPLAY': 'wayland-0', 'COLCON_PREFIX_PATH': '/home/dell/ros2_feedbot_ws/install:/home/dell/ros2_ws/install', 'ROS_DISTRO': 'humble', 'LOGNAME': 'dell', '_': '/usr/bin/colcon', 'ROS_VERSION': '2', 'XDG_SESSION_CLASS': 'user', 'USERNAME': 'dell', 'TERM': 'xterm-256color', 'GAZEBO_MODEL_PATH': '/usr/share/gazebo-11/models::/home/dell/ros2_feedbot_ws/install/feedbot_description/share', 'GNOME_DESKTOP_SESSION_ID': 'this-is-deprecated', 'ROS_LOCALHOST_ONLY': '0', 'HISTCONTROL': 'ignoreboth', 'OGRE_RESOURCE_PATH': '/usr/lib/x86_64-linux-gnu/OGRE-1.9.0', 'PATH': '/opt/ros/humble/bin:/usr/lib/ccache:/home/dell/ardupilot/Tools/autotest:/opt/gcc-arm-none-eabi-10-2020-q4-major/bin:/home/dell/.local/bin:/usr/local/sbin:/usr/local/bin:/usr/sbin:/usr/bin:/sbin:/bin:/usr/games:/usr/local/games:/snap/bin:/snap/bin', 'SESSION_MANAGER': 'local/dell:@/tmp/.ICE-unix/175661,unix/dell:/tmp/.ICE-unix/175661', 'XDG_MENU_PREFIX': 'gnome-', 'GNOME_TERMINAL_SCREEN': '/org/gnome/Terminal/screen/080531b4_6fce_40aa_85dc_d3da566676ff', 'GNOME_SETUP_DISPLAY': ':1', 'XDG_RUNTIME_DIR': '/run/user/1000', 'DISPLAY': ':0', 'LANG': 'en_US.UTF-8', 'XDG_CURRENT_DESKTOP': 'ubuntu:GNOME', 'RMW_IMPLEMENTATION': 'rmw_cyclonedds_cpp', 'XMODIFIERS': '@im=ibus', 'XDG_SESSION_DESKTOP': 'ubuntu', 'XAUTHORITY': '/run/user/1000/.mutter-Xwaylandauth.GYXJL3', 'GNOME_TERMINAL_SERVICE': ':1.833', 'SSH_AGENT_LAUNCHER': 'gnome-keyring', 'SSH_AUTH_SOCK': '/run/user/1000/keyring/ssh', 'AMENT_PREFIX_PATH': '/home/dell/ros2_feedbot_ws/install/pid_logger:/home/dell/ros2_feedbot_ws/install/feedbot_sensors:/home/dell/ros2_feedbot_ws/install/feedbot_moveit_config:/home/dell/ros2_feedbot_ws/install/feedbot_fusion:/home/dell/ros2_feedbot_ws/install/feedbot_description:/home/dell/ros2_ws/install/open_manipulator_description:/opt/ros/humble', 'SHELL': '/bin/bash', 'QT_ACCESSIBILITY': '1', 'GDMSESSION': 'ubuntu', 'GAZEBO_RESOURCE_PATH': '/usr/share/gazebo-11::/opt/ros/humble/share:/home/dell/ros2_feedbot_ws/install/feedbot_description/share', 'GAZEBO_MODEL_DATABASE_URI': 'http://models.gazebosim.org', 'QT_IM_MODULE': 'ibus', 'PWD': '/home/dell/ros2_feedbot_ws/build/feedbot_fusion', 'LC_ALL': 'en_US.UTF-8', 'XDG_CONFIG_DIRS': '/etc/xdg/xdg-ubuntu:/etc/xdg', 'GAZEBO_PLUGIN_PATH': '/opt/ros/humble/lib:/usr/lib/x86_64-linux-gnu/gazebo-11/plugins:', 'XDG_DATA_DIRS': '/usr/share/ubuntu:/usr/local/share/:/usr/share/:/var/lib/snapd/desktop', 'PYTHONPATH': '/home/dell/ros2_feedbot_ws/build/feedbot_fusion/prefix_override:/usr/lib/python3/dist-packages/colcon_core/task/python/colcon_distutils_commands:/home/dell/ros2_feedbot_ws/install/feedbot_fusion/lib/python3.10/site-packages:/home/dell/ros2_feedbot_ws/install/pid_logger/lib/python3.10/site-packages:/home/dell/ros2_feedbot_ws/install/feedbot_sensors/lib/python3.10/site-packages:/home/dell/ros2_feedbot_ws/install/feedbot_fusion/lib/python3.10/site-packages:/opt/ros/humble/lib/python3.10/site-packages:/opt/ros/humble/local/lib/python3.10/dist-packages', 'COLCON': '1', 'VTE_VERSION': '6800', 'CMAKE_PREFIX_PATH': '/home/dell/ros2_feedbot_ws/install/feedbot_moveit_config:/home/dell/ros2_feedbot_ws/install/feedbot_description:/home/dell/ros2_ws/install/open_manipulator_description'}, 'shell': False}
[2.723442] (-) TimerEvent: {}
[2.732557] (feedbot_sensors) Command: {'cmd': ['/usr/bin/python3', '-W', 'ignore:setup.py install is deprecated', '-W', 'ignore:easy_install command is deprecated', 'setup.py', 'egg_info', '--egg-base', '../build/feedbot_sensors', 'build', '--build-base', '/home/dell/ros2_feedbot_ws/build/feedbot_sensors/build', 'install', '--record', '/home/dell/ros2_feedbot_ws/build/feedbot_sensors/install.log', '--single-version-externally-managed', 'install_data'], 'cwd': '/home/dell/ros2_feedbot_ws/feedbot_sensors', 'env': {'LANGUAGE': 'en_GB:en', 'USER': 'dell', 'XDG_SESSION_TYPE': 'wayland', 'SHLVL': '1', 'LD_LIBRARY_PATH': '/usr/lib/x86_64-linux-gnu/gazebo-11/plugins:/opt/ros/humble/opt/rviz_ogre_vendor/lib:/opt/ros/humble/lib/x86_64-linux-gnu:/opt/ros/humble/lib:/usr/lib/x86_64-linux-gnu/gazebo-11/plugins:', 'HOME': '/home/dell', 'OLDPWD': '/home/dell/ros2_feedbot_ws', 'DESKTOP_SESSION': 'ubuntu', 'GAZEBO_MASTER_URI': 'http://localhost:11345', 'ROS_PYTHON_VERSION': '3', 'GNOME_SHELL_SESSION_MODE': 'ubuntu', 'GTK_MODULES': 'gail:atk-bridge', 'SYSTEMD_EXEC_PID': '515654', 'DBUS_SESSION_BUS_ADDRESS': 'unix:path=/run/user/1000/bus', 'COLORTERM': 'truecolor', 'IM_CONFIG_PHASE': '1', 'WAYLAND_DISPLAY': 'wayland-0', 'COLCON_PREFIX_PATH': '/home/dell/ros2_feedbot_ws/install:/home/dell/ros2_ws/install', 'ROS_DISTRO': 'humble', 'LOGNAME': 'dell', '_': '/usr/bin/colcon', 'ROS_VERSION': '2', 'XDG_SESSION_CLASS': 'user', 'USERNAME': 'dell', 'TERM': 'xterm-256color', 'GAZEBO_MODEL_PATH': '/usr/share/gazebo-11/models::/home/dell/ros2_feedbot_ws/install/feedbot_description/share', 'GNOME_DESKTOP_SESSION_ID': 'this-is-deprecated', 'ROS_LOCALHOST_ONLY': '0', 'HISTCONTROL': 'ignoreboth', 'OGRE_RESOURCE_PATH': '/usr/lib/x86_64-linux-gnu/OGRE-1.9.0', 'PATH': '/opt/ros/humble/bin:/usr/lib/ccache:/home/dell/ardupilot/Tools/autotest:/opt/gcc-arm-none-eabi-10-2020-q4-major/bin:/home/dell/.local/bin:/usr/local/sbin:/usr/local/bin:/usr/sbin:/usr/bin:/sbin:/bin:/usr/games:/usr/local/games:/snap/bin:/snap/bin', 'SESSION_MANAGER': 'local/dell:@/tmp/.ICE-unix/175661,unix/dell:/tmp/.ICE-unix/175661', 'XDG_MENU_PREFIX': 'gnome-', 'GNOME_TERMINAL_SCREEN': '/org/gnome/Terminal/screen/080531b4_6fce_40aa_85dc_d3da566676ff', 'GNOME_SETUP_DISPLAY': ':1', 'XDG_RUNTIME_DIR': '/run/user/1000', 'DISPLAY': ':0', 'LANG': 'en_US.UTF-8', 'XDG_CURRENT_DESKTOP': 'ubuntu:GNOME', 'RMW_IMPLEMENTATION': 'rmw_cyclonedds_cpp', 'XMODIFIERS': '@im=ibus', 'XDG_SESSION_DESKTOP': 'ubuntu', 'XAUTHORITY': '/run/user/1000/.mutter-Xwaylandauth.GYXJL3', 'GNOME_TERMINAL_SERVICE': ':1.833', 'SSH_AGENT_LAUNCHER': 'gnome-keyring', 'SSH_AUTH_SOCK': '/run/user/1000/keyring/ssh', 'AMENT_PREFIX_PATH': '/home/dell/ros2_feedbot_ws/install/pid_logger:/home/dell/ros2_feedbot_ws/install/feedbot_sensors:/home/dell/ros2_feedbot_ws/install/feedbot_moveit_config:/home/dell/ros2_feedbot_ws/install/feedbot_fusion:/home/dell/ros2_feedbot_ws/install/feedbot_description:/home/dell/ros2_ws/install/open_manipulator_description:/opt/ros/humble', 'SHELL': '/bin/bash', 'QT_ACCESSIBILITY': '1', 'GDMSESSION': 'ubuntu', 'GAZEBO_RESOURCE_PATH': '/usr/share/gazebo-11::/opt/ros/humble/share:/home/dell/ros2_feedbot_ws/install/feedbot_description/share', 'GAZEBO_MODEL_DATABASE_URI': 'http://models.gazebosim.org', 'QT_IM_MODULE': 'ibus', 'PWD': '/home/dell/ros2_feedbot_ws/build/feedbot_sensors', 'LC_ALL': 'en_US.UTF-8', 'XDG_CONFIG_DIRS': '/etc/xdg/xdg-ubuntu:/etc/xdg', 'GAZEBO_PLUGIN_PATH': '/opt/ros/humble/lib:/usr/lib/x86_64-linux-gnu/gazebo-11/plugins:', 'XDG_DATA_DIRS': '/usr/share/ubuntu:/usr/local/share/:/usr/share/:/var/lib/snapd/desktop', 'PYTHONPATH': '/home/dell/ros2_feedbot_ws/build/feedbot_sensors/prefix_override:/usr/lib/python3/dist-packages/colcon_core/task/python/colcon_distutils_commands:/home/dell/ros2_feedbot_ws/install/feedbot_sensors/lib/python3.10/site-packages:/home/dell/ros2_feedbot_ws/install/pid_logger/lib/python3.10/site-packages:/home/dell/ros2_feedbot_ws/install/feedbot_sensors/lib/python3.10/site-packages:/home/dell/ros2_feedbot_ws/install/feedbot_fusion/lib/python3.10/site-packages:/opt/ros/humble/lib/python3.10/site-packages:/opt/ros/humble/local/lib/python3.10/dist-packages', 'COLCON': '1', 'VTE_VERSION': '6800', 'CMAKE_PREFIX_PATH': '/home/dell/ros2_feedbot_ws/install/feedbot_moveit_config:/home/dell/ros2_feedbot_ws/install/feedbot_description:/home/dell/ros2_ws/install/open_manipulator_description'}, 'shell': False}
[2.823960] (-) TimerEvent: {}
[2.925307] (-) TimerEvent: {}
[3.026471] (-) TimerEvent: {}
[3.127252] (-) TimerEvent: {}
[3.225611] (feedbot_fusion) StdoutLine: {'line': b'running egg_info\n'}
[3.227397] (-) TimerEvent: {}
[3.228051] (feedbot_fusion) StdoutLine: {'line': b'writing ../../build/feedbot_fusion/feedbot_fusion.egg-info/PKG-INFO\n'}
[3.228535] (feedbot_fusion) StdoutLine: {'line': b'writing dependency_links to ../../build/feedbot_fusion/feedbot_fusion.egg-info/dependency_links.txt\n'}
[3.228765] (feedbot_fusion) StdoutLine: {'line': b'writing entry points to ../../build/feedbot_fusion/feedbot_fusion.egg-info/entry_points.txt\n'}
[3.229041] (feedbot_fusion) StdoutLine: {'line': b'writing requirements to ../../build/feedbot_fusion/feedbot_fusion.egg-info/requires.txt\n'}
[3.229317] (feedbot_fusion) StdoutLine: {'line': b'writing top-level names to ../../build/feedbot_fusion/feedbot_fusion.egg-info/top_level.txt\n'}
[3.235086] (feedbot_fusion) StdoutLine: {'line': b"reading manifest file '../../build/feedbot_fusion/feedbot_fusion.egg-info/SOURCES.txt'\n"}
[3.236766] (feedbot_fusion) StdoutLine: {'line': b"writing manifest file '../../build/feedbot_fusion/feedbot_fusion.egg-info/SOURCES.txt'\n"}
[3.237890] (feedbot_fusion) StdoutLine: {'line': b'running build\n'}
[3.238267] (feedbot_fusion) StdoutLine: {'line': b'running build_py\n'}
[3.239029] (feedbot_fusion) StdoutLine: {'line': b'copying feedbot_fusion/vision_node.py -> /home/dell/ros2_feedbot_ws/build/feedbot_fusion/build/lib/feedbot_fusion\n'}
[3.241319] (feedbot_fusion) StdoutLine: {'line': b'running install\n'}
[3.242109] (feedbot_fusion) StdoutLine: {'line': b'running install_lib\n'}
[3.242435] (pid_logger) StdoutLine: {'line': b'running egg_info\n'}
[3.243771] (pid_logger) StdoutLine: {'line': b'writing ../../build/pid_logger/pid_logger.egg-info/PKG-INFO\n'}
[3.244267] (feedbot_fusion) StdoutLine: {'line': b'copying /home/dell/ros2_feedbot_ws/build/feedbot_fusion/build/lib/feedbot_fusion/vision_node.py -> /home/dell/ros2_feedbot_ws/install/feedbot_fusion/lib/python3.10/site-packages/feedbot_fusion\n'}
[3.244614] (pid_logger) StdoutLine: {'line': b'writing dependency_links to ../../build/pid_logger/pid_logger.egg-info/dependency_links.txt\n'}
[3.244818] (pid_logger) StdoutLine: {'line': b'writing entry points to ../../build/pid_logger/pid_logger.egg-info/entry_points.txt\n'}
[3.244932] (pid_logger) StdoutLine: {'line': b'writing requirements to ../../build/pid_logger/pid_logger.egg-info/requires.txt\n'}
[3.245016] (pid_logger) StdoutLine: {'line': b'writing top-level names to ../../build/pid_logger/pid_logger.egg-info/top_level.txt\n'}
[3.245561] (feedbot_fusion) StdoutLine: {'line': b'byte-compiling /home/dell/ros2_feedbot_ws/install/feedbot_fusion/lib/python3.10/site-packages/feedbot_fusion/vision_node.py to vision_node.cpython-310.pyc\n'}
[3.247727] (feedbot_fusion) StdoutLine: {'line': b'running install_egg_info\n'}
[3.249227] (pid_logger) StdoutLine: {'line': b"reading manifest file '../../build/pid_logger/pid_logger.egg-info/SOURCES.txt'\n"}
[3.250884] (pid_logger) StdoutLine: {'line': b"writing manifest file '../../build/pid_logger/pid_logger.egg-info/SOURCES.txt'\n"}
[3.251460] (pid_logger) StdoutLine: {'line': b'running build\n'}
[3.251609] (pid_logger) StdoutLine: {'line': b'running build_py\n'}
[3.251887] (feedbot_fusion) StdoutLine: {'line': b"removing '/home/dell/ros2_feedbot_ws/install/feedbot_fusion/lib/python3.10/site-packages/feedbot_fusion-0.0.0-py3.10.egg-info' (and everything under it)\n"}
[3.252129] (pid_logger) StdoutLine: {'line': b'running install\n'}
[3.252533] (feedbot_fusion) StdoutLine: {'line': b'Copying ../../build/feedbot_fusion/feedbot_fusion.egg-info to /home/dell/ros2_feedbot_ws/install/feedbot_fusion/lib/python3.10/site-packages/feedbot_fusion-0.0.0-py3.10.egg-info\n'}
[3.253055] (pid_logger) StdoutLine: {'line': b'running install_lib\n'}
[3.254466] (feedbot_fusion) StdoutLine: {'line': b'running install_scripts\n'}
[3.256190] (pid_logger) StdoutLine: {'line': b'running install_data\n'}
[3.256712] (pid_logger) StdoutLine: {'line': b'running install_egg_info\n'}
[3.258705] (feedbot_sensors) StdoutLine: {'line': b'running egg_info\n'}
[3.261537] (feedbot_sensors) StdoutLine: {'line': b'writing ../build/feedbot_sensors/feedbot_sensors.egg-info/PKG-INFO\n'}
[3.263248] (pid_logger) StdoutLine: {'line': b"removing '/home/dell/ros2_feedbot_ws/install/pid_logger/lib/python3.10/site-packages/pid_logger-0.0.0-py3.10.egg-info' (and everything under it)\n"}
[3.264863] (feedbot_sensors) StdoutLine: {'line': b'writing dependency_links to ../build/feedbot_sensors/feedbot_sensors.egg-info/dependency_links.txt\n'}
[3.265967] (pid_logger) StdoutLine: {'line': b'Copying ../../build/pid_logger/pid_logger.egg-info to /home/dell/ros2_feedbot_ws/install/pid_logger/lib/python3.10/site-packages/pid_logger-0.0.0-py3.10.egg-info\n'}
[3.267223] (feedbot_sensors) StdoutLine: {'line': b'writing entry points to ../build/feedbot_sensors/feedbot_sensors.egg-info/entry_points.txt\n'}
[3.268106] (feedbot_sensors) StdoutLine: {'line': b'writing requirements to ../build/feedbot_sensors/feedbot_sensors.egg-info/requires.txt\n'}
[3.268630] (feedbot_sensors) StdoutLine: {'line': b'writing top-level names to ../build/feedbot_sensors/feedbot_sensors.egg-info/top_level.txt\n'}
[3.269451] (pid_logger) StdoutLine: {'line': b'running install_scripts\n'}
[3.273774] (feedbot_sensors) StdoutLine: {'line': b"reading manifest file '../build/feedbot_sensors/feedbot_sensors.egg-info/SOURCES.txt'\n"}
[3.275079] (feedbot_sensors) StdoutLine: {'line': b"writing manifest file '../build/feedbot_sensors/feedbot_sensors.egg-info/SOURCES.txt'\n"}
[3.275712] (feedbot_sensors) StdoutLine: {'line': b'running build\n'}
[3.275917] (feedbot_sensors) StdoutLine: {'line': b'running build_py\n'}
[3.276042] (feedbot_sensors) StdoutLine: {'line': b'running install\n'}
[3.276325] (feedbot_sensors) StdoutLine: {'line': b'running install_lib\n'}
[3.279051] (feedbot_sensors) StdoutLine: {'line': b'running install_data\n'}
[3.279418] (feedbot_sensors) StdoutLine: {'line': b'running install_egg_info\n'}
[3.283264] (feedbot_sensors) StdoutLine: {'line': b"removing '/home/dell/ros2_feedbot_ws/install/feedbot_sensors/lib/python3.10/site-packages/feedbot_sensors-0.0.0-py3.10.egg-info' (and everything under it)\n"}
[3.283829] (feedbot_sensors) StdoutLine: {'line': b'Copying ../build/feedbot_sensors/feedbot_sensors.egg-info to /home/dell/ros2_feedbot_ws/install/feedbot_sensors/lib/python3.10/site-packages/feedbot_sensors-0.0.0-py3.10.egg-info\n'}
[3.285649] (feedbot_sensors) StdoutLine: {'line': b'running install_scripts\n'}
[3.308403] (feedbot_fusion) StdoutLine: {'line': b'Installing feeding_fsm script to /home/dell/ros2_feedbot_ws/install/feedbot_fusion/lib/feedbot_fusion\n'}
[3.309570] (feedbot_fusion) StdoutLine: {'line': b'Installing force_node script to /home/dell/ros2_feedbot_ws/install/feedbot_fusion/lib/feedbot_fusion\n'}
[3.310011] (feedbot_fusion) StdoutLine: {'line': b'Installing fusion_node script to /home/dell/ros2_feedbot_ws/install/feedbot_fusion/lib/feedbot_fusion\n'}
[3.310197] (feedbot_fusion) StdoutLine: {'line': b'Installing speed_controller script to /home/dell/ros2_feedbot_ws/install/feedbot_fusion/lib/feedbot_fusion\n'}
[3.310315] (feedbot_fusion) StdoutLine: {'line': b'Installing vision_node script to /home/dell/ros2_feedbot_ws/install/feedbot_fusion/lib/feedbot_fusion\n'}
[3.310863] (feedbot_fusion) StdoutLine: {'line': b"writing list of installed files to '/home/dell/ros2_feedbot_ws/build/feedbot_fusion/install.log'\n"}
[3.317800] (pid_logger) StdoutLine: {'line': b'Installing pid_recorder script to /home/dell/ros2_feedbot_ws/install/pid_logger/lib/pid_logger\n'}
[3.318559] (pid_logger) StdoutLine: {'line': b"writing list of installed files to '/home/dell/ros2_feedbot_ws/build/pid_logger/install.log'\n"}
[3.327628] (-) TimerEvent: {}
[3.337404] (feedbot_sensors) StdoutLine: {'line': b'Installing sensor_hub script to /home/dell/ros2_feedbot_ws/install/feedbot_sensors/lib/feedbot_sensors\n'}
[3.338241] (feedbot_sensors) StdoutLine: {'line': b"writing list of installed files to '/home/dell/ros2_feedbot_ws/build/feedbot_sensors/install.log'\n"}
[3.428141] (-) TimerEvent: {}
[3.461871] (feedbot_fusion) CommandEnded: {'returncode': 0}
[3.480467] (feedbot_fusion) JobEnded: {'identifier': 'feedbot_fusion', 'rc': 0}
[3.484595] (pid_logger) CommandEnded: {'returncode': 0}
[3.503741] (pid_logger) JobEnded: {'identifier': 'pid_logger', 'rc': 0}
[3.504836] (feedbot_sensors) CommandEnded: {'returncode': 0}
[3.528068] (feedbot_sensors) JobEnded: {'identifier': 'feedbot_sensors', 'rc': 0}
[3.529870] (-) TimerEvent: {}
[3.530105] (-) EventReactorShutdown: {}
