[0.128s] DEBUG:colcon:Command line arguments: ['/usr/bin/colcon', 'build']
[0.128s] DEBUG:colcon:Parsed command line arguments: Namespace(log_base=None, log_level=None, verb_name='build', build_base='build', install_base='install', merge_install=False, symlink_install=False, test_result_base=None, continue_on_error=False, executor='parallel', parallel_workers=12, event_handlers=None, ignore_user_meta=False, metas=['./colcon.meta'], base_paths=['.'], packages_ignore=None, packages_ignore_regex=None, paths=None, packages_up_to=None, packages_up_to_regex=None, packages_above=None, packages_above_and_dependencies=None, packages_above_depth=None, packages_select_by_dep=None, packages_skip_by_dep=None, packages_skip_up_to=None, packages_select_build_failed=False, packages_skip_build_finished=False, packages_select_test_failures=False, packages_skip_test_passed=False, packages_select=None, packages_skip=None, packages_select_regex=None, packages_skip_regex=None, packages_start=None, packages_end=None, allow_overriding=[], cmake_args=None, cmake_target=None, cmake_target_skip_unavailable=False, cmake_clean_cache=False, cmake_clean_first=False, cmake_force_configure=False, ament_cmake_args=None, catkin_cmake_args=None, catkin_skip_building_tests=False, verb_parser=<colcon_defaults.argument_parser.defaults.DefaultArgumentsDecorator object at 0x751450e665c0>, verb_extension=<colcon_core.verb.build.BuildVerb object at 0x751450e64700>, main=<bound method BuildVerb.main of <colcon_core.verb.build.BuildVerb object at 0x751450e64700>>)
[0.291s] Level 1:colcon.colcon_core.package_discovery:discover_packages(colcon_meta) check parameters
[0.291s] Level 1:colcon.colcon_core.package_discovery:discover_packages(recursive) check parameters
[0.291s] Level 1:colcon.colcon_core.package_discovery:discover_packages(ignore) check parameters
[0.291s] Level 1:colcon.colcon_core.package_discovery:discover_packages(path) check parameters
[0.291s] Level 1:colcon.colcon_core.package_discovery:discover_packages(colcon_meta) discover
[0.291s] Level 1:colcon.colcon_core.package_discovery:discover_packages(recursive) discover
[0.291s] INFO:colcon.colcon_core.package_discovery:Crawling recursively for packages in '/home/dell/ros2_feedbot_ws'
[0.291s] Level 1:colcon.colcon_core.package_identification:_identify(.) by extensions ['ignore', 'ignore_ament_install']
[0.291s] Level 1:colcon.colcon_core.package_identification:_identify(.) by extension 'ignore'
[0.291s] Level 1:colcon.colcon_core.package_identification:_identify(.) by extension 'ignore_ament_install'
[0.291s] Level 1:colcon.colcon_core.package_identification:_identify(.) by extensions ['colcon_pkg']
[0.291s] Level 1:colcon.colcon_core.package_identification:_identify(.) by extension 'colcon_pkg'
[0.291s] Level 1:colcon.colcon_core.package_identification:_identify(.) by extensions ['colcon_meta']
[0.292s] Level 1:colcon.colcon_core.package_identification:_identify(.) by extension 'colcon_meta'
[0.292s] Level 1:colcon.colcon_core.package_identification:_identify(.) by extensions ['ros']
[0.292s] Level 1:colcon.colcon_core.package_identification:_identify(.) by extension 'ros'
[0.300s] Level 1:colcon.colcon_core.package_identification:_identify(.) by extensions ['cmake', 'python']
[0.300s] Level 1:colcon.colcon_core.package_identification:_identify(.) by extension 'cmake'
[0.300s] Level 1:colcon.colcon_core.package_identification:_identify(.) by extension 'python'
[0.300s] Level 1:colcon.colcon_core.package_identification:_identify(.) by extensions ['python_setup_py']
[0.300s] Level 1:colcon.colcon_core.package_identification:_identify(.) by extension 'python_setup_py'
[0.300s] Level 1:colcon.colcon_core.package_identification:_identify(archive_old) by extensions ['ignore', 'ignore_ament_install']
[0.300s] Level 1:colcon.colcon_core.package_identification:_identify(archive_old) by extension 'ignore'
[0.300s] Level 1:colcon.colcon_core.package_identification:_identify(archive_old) by extension 'ignore_ament_install'
[0.300s] Level 1:colcon.colcon_core.package_identification:_identify(archive_old) by extensions ['colcon_pkg']
[0.301s] Level 1:colcon.colcon_core.package_identification:_identify(archive_old) by extension 'colcon_pkg'
[0.301s] Level 1:colcon.colcon_core.package_identification:_identify(archive_old) by extensions ['colcon_meta']
[0.301s] Level 1:colcon.colcon_core.package_identification:_identify(archive_old) by extension 'colcon_meta'
[0.301s] Level 1:colcon.colcon_core.package_identification:_identify(archive_old) by extensions ['ros']
[0.301s] Level 1:colcon.colcon_core.package_identification:_identify(archive_old) by extension 'ros'
[0.301s] Level 1:colcon.colcon_core.package_identification:_identify(archive_old) by extensions ['cmake', 'python']
[0.301s] Level 1:colcon.colcon_core.package_identification:_identify(archive_old) by extension 'cmake'
[0.301s] Level 1:colcon.colcon_core.package_identification:_identify(archive_old) by extension 'python'
[0.301s] Level 1:colcon.colcon_core.package_identification:_identify(archive_old) by extensions ['python_setup_py']
[0.301s] Level 1:colcon.colcon_core.package_identification:_identify(archive_old) by extension 'python_setup_py'
[0.301s] Level 1:colcon.colcon_core.package_identification:_identify(archive_old/analysis) by extensions ['ignore', 'ignore_ament_install']
[0.301s] Level 1:colcon.colcon_core.package_identification:_identify(archive_old/analysis) by extension 'ignore'
[0.301s] Level 1:colcon.colcon_core.package_identification:_identify(archive_old/analysis) by extension 'ignore_ament_install'
[0.301s] Level 1:colcon.colcon_core.package_identification:_identify(archive_old/analysis) by extensions ['colcon_pkg']
[0.301s] Level 1:colcon.colcon_core.package_identification:_identify(archive_old/analysis) by extension 'colcon_pkg'
[0.301s] Level 1:colcon.colcon_core.package_identification:_identify(archive_old/analysis) by extensions ['colcon_meta']
[0.301s] Level 1:colcon.colcon_core.package_identification:_identify(archive_old/analysis) by extension 'colcon_meta'
[0.301s] Level 1:colcon.colcon_core.package_identification:_identify(archive_old/analysis) by extensions ['ros']
[0.301s] Level 1:colcon.colcon_core.package_identification:_identify(archive_old/analysis) by extension 'ros'
[0.301s] Level 1:colcon.colcon_core.package_identification:_identify(archive_old/analysis) by extensions ['cmake', 'python']
[0.301s] Level 1:colcon.colcon_core.package_identification:_identify(archive_old/analysis) by extension 'cmake'
[0.301s] Level 1:colcon.colcon_core.package_identification:_identify(archive_old/analysis) by extension 'python'
[0.301s] Level 1:colcon.colcon_core.package_identification:_identify(archive_old/analysis) by extensions ['python_setup_py']
[0.301s] Level 1:colcon.colcon_core.package_identification:_identify(archive_old/analysis) by extension 'python_setup_py'
[0.301s] Level 1:colcon.colcon_core.package_identification:_identify(archive_old/full_debug) by extensions ['ignore', 'ignore_ament_install']
[0.302s] Level 1:colcon.colcon_core.package_identification:_identify(archive_old/full_debug) by extension 'ignore'
[0.302s] Level 1:colcon.colcon_core.package_identification:_identify(archive_old/full_debug) by extension 'ignore_ament_install'
[0.302s] Level 1:colcon.colcon_core.package_identification:_identify(archive_old/full_debug) by extensions ['colcon_pkg']
[0.302s] Level 1:colcon.colcon_core.package_identification:_identify(archive_old/full_debug) by extension 'colcon_pkg'
[0.302s] Level 1:colcon.colcon_core.package_identification:_identify(archive_old/full_debug) by extensions ['colcon_meta']
[0.302s] Level 1:colcon.colcon_core.package_identification:_identify(archive_old/full_debug) by extension 'colcon_meta'
[0.302s] Level 1:colcon.colcon_core.package_identification:_identify(archive_old/full_debug) by extensions ['ros']
[0.302s] Level 1:colcon.colcon_core.package_identification:_identify(archive_old/full_debug) by extension 'ros'
[0.302s] Level 1:colcon.colcon_core.package_identification:_identify(archive_old/full_debug) by extensions ['cmake', 'python']
[0.302s] Level 1:colcon.colcon_core.package_identification:_identify(archive_old/full_debug) by extension 'cmake'
[0.302s] Level 1:colcon.colcon_core.package_identification:_identify(archive_old/full_debug) by extension 'python'
[0.302s] Level 1:colcon.colcon_core.package_identification:_identify(archive_old/full_debug) by extensions ['python_setup_py']
[0.302s] Level 1:colcon.colcon_core.package_identification:_identify(archive_old/full_debug) by extension 'python_setup_py'
[0.302s] Level 1:colcon.colcon_core.package_identification:_identify(archive_old/pid_A) by extensions ['ignore', 'ignore_ament_install']
[0.302s] Level 1:colcon.colcon_core.package_identification:_identify(archive_old/pid_A) by extension 'ignore'
[0.302s] Level 1:colcon.colcon_core.package_identification:_identify(archive_old/pid_A) by extension 'ignore_ament_install'
[0.302s] Level 1:colcon.colcon_core.package_identification:_identify(archive_old/pid_A) by extensions ['colcon_pkg']
[0.302s] Level 1:colcon.colcon_core.package_identification:_identify(archive_old/pid_A) by extension 'colcon_pkg'
[0.302s] Level 1:colcon.colcon_core.package_identification:_identify(archive_old/pid_A) by extensions ['colcon_meta']
[0.302s] Level 1:colcon.colcon_core.package_identification:_identify(archive_old/pid_A) by extension 'colcon_meta'
[0.302s] Level 1:colcon.colcon_core.package_identification:_identify(archive_old/pid_A) by extensions ['ros']
[0.302s] Level 1:colcon.colcon_core.package_identification:_identify(archive_old/pid_A) by extension 'ros'
[0.302s] Level 1:colcon.colcon_core.package_identification:_identify(archive_old/pid_A) by extensions ['cmake', 'python']
[0.302s] Level 1:colcon.colcon_core.package_identification:_identify(archive_old/pid_A) by extension 'cmake'
[0.302s] Level 1:colcon.colcon_core.package_identification:_identify(archive_old/pid_A) by extension 'python'
[0.302s] Level 1:colcon.colcon_core.package_identification:_identify(archive_old/pid_A) by extensions ['python_setup_py']
[0.302s] Level 1:colcon.colcon_core.package_identification:_identify(archive_old/pid_A) by extension 'python_setup_py'
[0.303s] Level 1:colcon.colcon_core.package_identification:_identify(archive_old/pid_B) by extensions ['ignore', 'ignore_ament_install']
[0.303s] Level 1:colcon.colcon_core.package_identification:_identify(archive_old/pid_B) by extension 'ignore'
[0.303s] Level 1:colcon.colcon_core.package_identification:_identify(archive_old/pid_B) by extension 'ignore_ament_install'
[0.303s] Level 1:colcon.colcon_core.package_identification:_identify(archive_old/pid_B) by extensions ['colcon_pkg']
[0.303s] Level 1:colcon.colcon_core.package_identification:_identify(archive_old/pid_B) by extension 'colcon_pkg'
[0.303s] Level 1:colcon.colcon_core.package_identification:_identify(archive_old/pid_B) by extensions ['colcon_meta']
[0.303s] Level 1:colcon.colcon_core.package_identification:_identify(archive_old/pid_B) by extension 'colcon_meta'
[0.303s] Level 1:colcon.colcon_core.package_identification:_identify(archive_old/pid_B) by extensions ['ros']
[0.303s] Level 1:colcon.colcon_core.package_identification:_identify(archive_old/pid_B) by extension 'ros'
[0.303s] Level 1:colcon.colcon_core.package_identification:_identify(archive_old/pid_B) by extensions ['cmake', 'python']
[0.303s] Level 1:colcon.colcon_core.package_identification:_identify(archive_old/pid_B) by extension 'cmake'
[0.303s] Level 1:colcon.colcon_core.package_identification:_identify(archive_old/pid_B) by extension 'python'
[0.303s] Level 1:colcon.colcon_core.package_identification:_identify(archive_old/pid_B) by extensions ['python_setup_py']
[0.303s] Level 1:colcon.colcon_core.package_identification:_identify(archive_old/pid_B) by extension 'python_setup_py'
[0.303s] Level 1:colcon.colcon_core.package_identification:_identify(archive_old/rviz_first_data) by extensions ['ignore', 'ignore_ament_install']
[0.303s] Level 1:colcon.colcon_core.package_identification:_identify(archive_old/rviz_first_data) by extension 'ignore'
[0.303s] Level 1:colcon.colcon_core.package_identification:_identify(archive_old/rviz_first_data) by extension 'ignore_ament_install'
[0.303s] Level 1:colcon.colcon_core.package_identification:_identify(archive_old/rviz_first_data) by extensions ['colcon_pkg']
[0.303s] Level 1:colcon.colcon_core.package_identification:_identify(archive_old/rviz_first_data) by extension 'colcon_pkg'
[0.303s] Level 1:colcon.colcon_core.package_identification:_identify(archive_old/rviz_first_data) by extensions ['colcon_meta']
[0.303s] Level 1:colcon.colcon_core.package_identification:_identify(archive_old/rviz_first_data) by extension 'colcon_meta'
[0.303s] Level 1:colcon.colcon_core.package_identification:_identify(archive_old/rviz_first_data) by extensions ['ros']
[0.303s] Level 1:colcon.colcon_core.package_identification:_identify(archive_old/rviz_first_data) by extension 'ros'
[0.303s] Level 1:colcon.colcon_core.package_identification:_identify(archive_old/rviz_first_data) by extensions ['cmake', 'python']
[0.303s] Level 1:colcon.colcon_core.package_identification:_identify(archive_old/rviz_first_data) by extension 'cmake'
[0.303s] Level 1:colcon.colcon_core.package_identification:_identify(archive_old/rviz_first_data) by extension 'python'
[0.303s] Level 1:colcon.colcon_core.package_identification:_identify(archive_old/rviz_first_data) by extensions ['python_setup_py']
[0.304s] Level 1:colcon.colcon_core.package_identification:_identify(archive_old/rviz_first_data) by extension 'python_setup_py'
[0.304s] Level 1:colcon.colcon_core.package_identification:_identify(archive_old/sim_full_run) by extensions ['ignore', 'ignore_ament_install']
[0.304s] Level 1:colcon.colcon_core.package_identification:_identify(archive_old/sim_full_run) by extension 'ignore'
[0.304s] Level 1:colcon.colcon_core.package_identification:_identify(archive_old/sim_full_run) by extension 'ignore_ament_install'
[0.304s] Level 1:colcon.colcon_core.package_identification:_identify(archive_old/sim_full_run) by extensions ['colcon_pkg']
[0.304s] Level 1:colcon.colcon_core.package_identification:_identify(archive_old/sim_full_run) by extension 'colcon_pkg'
[0.304s] Level 1:colcon.colcon_core.package_identification:_identify(archive_old/sim_full_run) by extensions ['colcon_meta']
[0.304s] Level 1:colcon.colcon_core.package_identification:_identify(archive_old/sim_full_run) by extension 'colcon_meta'
[0.304s] Level 1:colcon.colcon_core.package_identification:_identify(archive_old/sim_full_run) by extensions ['ros']
[0.304s] Level 1:colcon.colcon_core.package_identification:_identify(archive_old/sim_full_run) by extension 'ros'
[0.304s] Level 1:colcon.colcon_core.package_identification:_identify(archive_old/sim_full_run) by extensions ['cmake', 'python']
[0.304s] Level 1:colcon.colcon_core.package_identification:_identify(archive_old/sim_full_run) by extension 'cmake'
[0.304s] Level 1:colcon.colcon_core.package_identification:_identify(archive_old/sim_full_run) by extension 'python'
[0.304s] Level 1:colcon.colcon_core.package_identification:_identify(archive_old/sim_full_run) by extensions ['python_setup_py']
[0.304s] Level 1:colcon.colcon_core.package_identification:_identify(archive_old/sim_full_run) by extension 'python_setup_py'
[0.304s] Level 1:colcon.colcon_core.package_identification:_identify(archive_old/sim_sync) by extensions ['ignore', 'ignore_ament_install']
[0.304s] Level 1:colcon.colcon_core.package_identification:_identify(archive_old/sim_sync) by extension 'ignore'
[0.304s] Level 1:colcon.colcon_core.package_identification:_identify(archive_old/sim_sync) by extension 'ignore_ament_install'
[0.304s] Level 1:colcon.colcon_core.package_identification:_identify(archive_old/sim_sync) by extensions ['colcon_pkg']
[0.304s] Level 1:colcon.colcon_core.package_identification:_identify(archive_old/sim_sync) by extension 'colcon_pkg'
[0.304s] Level 1:colcon.colcon_core.package_identification:_identify(archive_old/sim_sync) by extensions ['colcon_meta']
[0.304s] Level 1:colcon.colcon_core.package_identification:_identify(archive_old/sim_sync) by extension 'colcon_meta'
[0.304s] Level 1:colcon.colcon_core.package_identification:_identify(archive_old/sim_sync) by extensions ['ros']
[0.304s] Level 1:colcon.colcon_core.package_identification:_identify(archive_old/sim_sync) by extension 'ros'
[0.304s] Level 1:colcon.colcon_core.package_identification:_identify(archive_old/sim_sync) by extensions ['cmake', 'python']
[0.305s] Level 1:colcon.colcon_core.package_identification:_identify(archive_old/sim_sync) by extension 'cmake'
[0.305s] Level 1:colcon.colcon_core.package_identification:_identify(archive_old/sim_sync) by extension 'python'
[0.305s] Level 1:colcon.colcon_core.package_identification:_identify(archive_old/sim_sync) by extensions ['python_setup_py']
[0.305s] Level 1:colcon.colcon_core.package_identification:_identify(archive_old/sim_sync) by extension 'python_setup_py'
[0.305s] Level 1:colcon.colcon_core.package_identification:_identify(build) by extensions ['ignore', 'ignore_ament_install']
[0.305s] Level 1:colcon.colcon_core.package_identification:_identify(build) by extension 'ignore'
[0.305s] Level 1:colcon.colcon_core.package_identification:_identify(build) ignored
[0.305s] Level 1:colcon.colcon_core.package_identification:_identify(cam_motion_light) by extensions ['ignore', 'ignore_ament_install']
[0.305s] Level 1:colcon.colcon_core.package_identification:_identify(cam_motion_light) by extension 'ignore'
[0.305s] Level 1:colcon.colcon_core.package_identification:_identify(cam_motion_light) by extension 'ignore_ament_install'
[0.305s] Level 1:colcon.colcon_core.package_identification:_identify(cam_motion_light) by extensions ['colcon_pkg']
[0.305s] Level 1:colcon.colcon_core.package_identification:_identify(cam_motion_light) by extension 'colcon_pkg'
[0.305s] Level 1:colcon.colcon_core.package_identification:_identify(cam_motion_light) by extensions ['colcon_meta']
[0.305s] Level 1:colcon.colcon_core.package_identification:_identify(cam_motion_light) by extension 'colcon_meta'
[0.305s] Level 1:colcon.colcon_core.package_identification:_identify(cam_motion_light) by extensions ['ros']
[0.305s] Level 1:colcon.colcon_core.package_identification:_identify(cam_motion_light) by extension 'ros'
[0.305s] Level 1:colcon.colcon_core.package_identification:_identify(cam_motion_light) by extensions ['cmake', 'python']
[0.305s] Level 1:colcon.colcon_core.package_identification:_identify(cam_motion_light) by extension 'cmake'
[0.305s] Level 1:colcon.colcon_core.package_identification:_identify(cam_motion_light) by extension 'python'
[0.305s] Level 1:colcon.colcon_core.package_identification:_identify(cam_motion_light) by extensions ['python_setup_py']
[0.305s] Level 1:colcon.colcon_core.package_identification:_identify(cam_motion_light) by extension 'python_setup_py'
[0.305s] Level 1:colcon.colcon_core.package_identification:_identify(feedbot_camera_test) by extensions ['ignore', 'ignore_ament_install']
[0.306s] Level 1:colcon.colcon_core.package_identification:_identify(feedbot_camera_test) by extension 'ignore'
[0.306s] Level 1:colcon.colcon_core.package_identification:_identify(feedbot_camera_test) by extension 'ignore_ament_install'
[0.306s] Level 1:colcon.colcon_core.package_identification:_identify(feedbot_camera_test) by extensions ['colcon_pkg']
[0.306s] Level 1:colcon.colcon_core.package_identification:_identify(feedbot_camera_test) by extension 'colcon_pkg'
[0.306s] Level 1:colcon.colcon_core.package_identification:_identify(feedbot_camera_test) by extensions ['colcon_meta']
[0.306s] Level 1:colcon.colcon_core.package_identification:_identify(feedbot_camera_test) by extension 'colcon_meta'
[0.306s] Level 1:colcon.colcon_core.package_identification:_identify(feedbot_camera_test) by extensions ['ros']
[0.306s] Level 1:colcon.colcon_core.package_identification:_identify(feedbot_camera_test) by extension 'ros'
[0.306s] Level 1:colcon.colcon_core.package_identification:_identify(feedbot_camera_test) by extensions ['cmake', 'python']
[0.306s] Level 1:colcon.colcon_core.package_identification:_identify(feedbot_camera_test) by extension 'cmake'
[0.306s] Level 1:colcon.colcon_core.package_identification:_identify(feedbot_camera_test) by extension 'python'
[0.306s] Level 1:colcon.colcon_core.package_identification:_identify(feedbot_camera_test) by extensions ['python_setup_py']
[0.306s] Level 1:colcon.colcon_core.package_identification:_identify(feedbot_camera_test) by extension 'python_setup_py'
[0.306s] Level 1:colcon.colcon_core.package_identification:_identify(feedbot_moveit_config) by extensions ['ignore', 'ignore_ament_install']
[0.306s] Level 1:colcon.colcon_core.package_identification:_identify(feedbot_moveit_config) by extension 'ignore'
[0.306s] Level 1:colcon.colcon_core.package_identification:_identify(feedbot_moveit_config) by extension 'ignore_ament_install'
[0.306s] Level 1:colcon.colcon_core.package_identification:_identify(feedbot_moveit_config) by extensions ['colcon_pkg']
[0.306s] Level 1:colcon.colcon_core.package_identification:_identify(feedbot_moveit_config) by extension 'colcon_pkg'
[0.306s] Level 1:colcon.colcon_core.package_identification:_identify(feedbot_moveit_config) by extensions ['colcon_meta']
[0.306s] Level 1:colcon.colcon_core.package_identification:_identify(feedbot_moveit_config) by extension 'colcon_meta'
[0.306s] Level 1:colcon.colcon_core.package_identification:_identify(feedbot_moveit_config) by extensions ['ros']
[0.306s] Level 1:colcon.colcon_core.package_identification:_identify(feedbot_moveit_config) by extension 'ros'
[0.309s] DEBUG:colcon.colcon_core.package_identification:Package 'feedbot_moveit_config' with type 'ros.ament_cmake' and name 'feedbot_moveit_config'
[0.309s] Level 1:colcon.colcon_core.package_identification:_identify(feedbot_sensors) by extensions ['ignore', 'ignore_ament_install']
[0.309s] Level 1:colcon.colcon_core.package_identification:_identify(feedbot_sensors) by extension 'ignore'
[0.309s] Level 1:colcon.colcon_core.package_identification:_identify(feedbot_sensors) by extension 'ignore_ament_install'
[0.309s] Level 1:colcon.colcon_core.package_identification:_identify(feedbot_sensors) by extensions ['colcon_pkg']
[0.309s] Level 1:colcon.colcon_core.package_identification:_identify(feedbot_sensors) by extension 'colcon_pkg'
[0.309s] Level 1:colcon.colcon_core.package_identification:_identify(feedbot_sensors) by extensions ['colcon_meta']
[0.309s] Level 1:colcon.colcon_core.package_identification:_identify(feedbot_sensors) by extension 'colcon_meta'
[0.309s] Level 1:colcon.colcon_core.package_identification:_identify(feedbot_sensors) by extensions ['ros']
[0.309s] Level 1:colcon.colcon_core.package_identification:_identify(feedbot_sensors) by extension 'ros'
[0.310s] DEBUG:colcon.colcon_core.package_identification:Package 'feedbot_sensors' with type 'ros.ament_python' and name 'feedbot_sensors'
[0.310s] Level 1:colcon.colcon_core.package_identification:_identify(install) by extensions ['ignore', 'ignore_ament_install']
[0.310s] Level 1:colcon.colcon_core.package_identification:_identify(install) by extension 'ignore'
[0.310s] Level 1:colcon.colcon_core.package_identification:_identify(install) ignored
[0.310s] Level 1:colcon.colcon_core.package_identification:_identify(log) by extensions ['ignore', 'ignore_ament_install']
[0.310s] Level 1:colcon.colcon_core.package_identification:_identify(log) by extension 'ignore'
[0.310s] Level 1:colcon.colcon_core.package_identification:_identify(log) ignored
[0.310s] Level 1:colcon.colcon_core.package_identification:_identify(old_scripts) by extensions ['ignore', 'ignore_ament_install']
[0.310s] Level 1:colcon.colcon_core.package_identification:_identify(old_scripts) by extension 'ignore'
[0.310s] Level 1:colcon.colcon_core.package_identification:_identify(old_scripts) by extension 'ignore_ament_install'
[0.310s] Level 1:colcon.colcon_core.package_identification:_identify(old_scripts) by extensions ['colcon_pkg']
[0.310s] Level 1:colcon.colcon_core.package_identification:_identify(old_scripts) by extension 'colcon_pkg'
[0.310s] Level 1:colcon.colcon_core.package_identification:_identify(old_scripts) by extensions ['colcon_meta']
[0.310s] Level 1:colcon.colcon_core.package_identification:_identify(old_scripts) by extension 'colcon_meta'
[0.310s] Level 1:colcon.colcon_core.package_identification:_identify(old_scripts) by extensions ['ros']
[0.310s] Level 1:colcon.colcon_core.package_identification:_identify(old_scripts) by extension 'ros'
[0.310s] Level 1:colcon.colcon_core.package_identification:_identify(old_scripts) by extensions ['cmake', 'python']
[0.310s] Level 1:colcon.colcon_core.package_identification:_identify(old_scripts) by extension 'cmake'
[0.311s] Level 1:colcon.colcon_core.package_identification:_identify(old_scripts) by extension 'python'
[0.311s] Level 1:colcon.colcon_core.package_identification:_identify(old_scripts) by extensions ['python_setup_py']
[0.311s] Level 1:colcon.colcon_core.package_identification:_identify(old_scripts) by extension 'python_setup_py'
[0.311s] Level 1:colcon.colcon_core.package_identification:_identify(pid_study) by extensions ['ignore', 'ignore_ament_install']
[0.311s] Level 1:colcon.colcon_core.package_identification:_identify(pid_study) by extension 'ignore'
[0.311s] Level 1:colcon.colcon_core.package_identification:_identify(pid_study) by extension 'ignore_ament_install'
[0.311s] Level 1:colcon.colcon_core.package_identification:_identify(pid_study) by extensions ['colcon_pkg']
[0.311s] Level 1:colcon.colcon_core.package_identification:_identify(pid_study) by extension 'colcon_pkg'
[0.311s] Level 1:colcon.colcon_core.package_identification:_identify(pid_study) by extensions ['colcon_meta']
[0.311s] Level 1:colcon.colcon_core.package_identification:_identify(pid_study) by extension 'colcon_meta'
[0.311s] Level 1:colcon.colcon_core.package_identification:_identify(pid_study) by extensions ['ros']
[0.311s] Level 1:colcon.colcon_core.package_identification:_identify(pid_study) by extension 'ros'
[0.311s] Level 1:colcon.colcon_core.package_identification:_identify(pid_study) by extensions ['cmake', 'python']
[0.311s] Level 1:colcon.colcon_core.package_identification:_identify(pid_study) by extension 'cmake'
[0.311s] Level 1:colcon.colcon_core.package_identification:_identify(pid_study) by extension 'python'
[0.311s] Level 1:colcon.colcon_core.package_identification:_identify(pid_study) by extensions ['python_setup_py']
[0.311s] Level 1:colcon.colcon_core.package_identification:_identify(pid_study) by extension 'python_setup_py'
[0.311s] Level 1:colcon.colcon_core.package_identification:_identify(pid_study/tuned) by extensions ['ignore', 'ignore_ament_install']
[0.311s] Level 1:colcon.colcon_core.package_identification:_identify(pid_study/tuned) by extension 'ignore'
[0.311s] Level 1:colcon.colcon_core.package_identification:_identify(pid_study/tuned) by extension 'ignore_ament_install'
[0.311s] Level 1:colcon.colcon_core.package_identification:_identify(pid_study/tuned) by extensions ['colcon_pkg']
[0.311s] Level 1:colcon.colcon_core.package_identification:_identify(pid_study/tuned) by extension 'colcon_pkg'
[0.311s] Level 1:colcon.colcon_core.package_identification:_identify(pid_study/tuned) by extensions ['colcon_meta']
[0.311s] Level 1:colcon.colcon_core.package_identification:_identify(pid_study/tuned) by extension 'colcon_meta'
[0.311s] Level 1:colcon.colcon_core.package_identification:_identify(pid_study/tuned) by extensions ['ros']
[0.311s] Level 1:colcon.colcon_core.package_identification:_identify(pid_study/tuned) by extension 'ros'
[0.312s] Level 1:colcon.colcon_core.package_identification:_identify(pid_study/tuned) by extensions ['cmake', 'python']
[0.312s] Level 1:colcon.colcon_core.package_identification:_identify(pid_study/tuned) by extension 'cmake'
[0.312s] Level 1:colcon.colcon_core.package_identification:_identify(pid_study/tuned) by extension 'python'
[0.312s] Level 1:colcon.colcon_core.package_identification:_identify(pid_study/tuned) by extensions ['python_setup_py']
[0.312s] Level 1:colcon.colcon_core.package_identification:_identify(pid_study/tuned) by extension 'python_setup_py'
[0.312s] Level 1:colcon.colcon_core.package_identification:_identify(pid_study/tuned/all_joints) by extensions ['ignore', 'ignore_ament_install']
[0.312s] Level 1:colcon.colcon_core.package_identification:_identify(pid_study/tuned/all_joints) by extension 'ignore'
[0.312s] Level 1:colcon.colcon_core.package_identification:_identify(pid_study/tuned/all_joints) by extension 'ignore_ament_install'
[0.312s] Level 1:colcon.colcon_core.package_identification:_identify(pid_study/tuned/all_joints) by extensions ['colcon_pkg']
[0.312s] Level 1:colcon.colcon_core.package_identification:_identify(pid_study/tuned/all_joints) by extension 'colcon_pkg'
[0.312s] Level 1:colcon.colcon_core.package_identification:_identify(pid_study/tuned/all_joints) by extensions ['colcon_meta']
[0.312s] Level 1:colcon.colcon_core.package_identification:_identify(pid_study/tuned/all_joints) by extension 'colcon_meta'
[0.312s] Level 1:colcon.colcon_core.package_identification:_identify(pid_study/tuned/all_joints) by extensions ['ros']
[0.312s] Level 1:colcon.colcon_core.package_identification:_identify(pid_study/tuned/all_joints) by extension 'ros'
[0.312s] Level 1:colcon.colcon_core.package_identification:_identify(pid_study/tuned/all_joints) by extensions ['cmake', 'python']
[0.312s] Level 1:colcon.colcon_core.package_identification:_identify(pid_study/tuned/all_joints) by extension 'cmake'
[0.312s] Level 1:colcon.colcon_core.package_identification:_identify(pid_study/tuned/all_joints) by extension 'python'
[0.312s] Level 1:colcon.colcon_core.package_identification:_identify(pid_study/tuned/all_joints) by extensions ['python_setup_py']
[0.312s] Level 1:colcon.colcon_core.package_identification:_identify(pid_study/tuned/all_joints) by extension 'python_setup_py'
[0.312s] Level 1:colcon.colcon_core.package_identification:_identify(pid_study/tuned/all_joints/tuned_alljoints) by extensions ['ignore', 'ignore_ament_install']
[0.312s] Level 1:colcon.colcon_core.package_identification:_identify(pid_study/tuned/all_joints/tuned_alljoints) by extension 'ignore'
[0.312s] Level 1:colcon.colcon_core.package_identification:_identify(pid_study/tuned/all_joints/tuned_alljoints) by extension 'ignore_ament_install'
[0.312s] Level 1:colcon.colcon_core.package_identification:_identify(pid_study/tuned/all_joints/tuned_alljoints) by extensions ['colcon_pkg']
[0.312s] Level 1:colcon.colcon_core.package_identification:_identify(pid_study/tuned/all_joints/tuned_alljoints) by extension 'colcon_pkg'
[0.312s] Level 1:colcon.colcon_core.package_identification:_identify(pid_study/tuned/all_joints/tuned_alljoints) by extensions ['colcon_meta']
[0.313s] Level 1:colcon.colcon_core.package_identification:_identify(pid_study/tuned/all_joints/tuned_alljoints) by extension 'colcon_meta'
[0.313s] Level 1:colcon.colcon_core.package_identification:_identify(pid_study/tuned/all_joints/tuned_alljoints) by extensions ['ros']
[0.313s] Level 1:colcon.colcon_core.package_identification:_identify(pid_study/tuned/all_joints/tuned_alljoints) by extension 'ros'
[0.313s] Level 1:colcon.colcon_core.package_identification:_identify(pid_study/tuned/all_joints/tuned_alljoints) by extensions ['cmake', 'python']
[0.313s] Level 1:colcon.colcon_core.package_identification:_identify(pid_study/tuned/all_joints/tuned_alljoints) by extension 'cmake'
[0.313s] Level 1:colcon.colcon_core.package_identification:_identify(pid_study/tuned/all_joints/tuned_alljoints) by extension 'python'
[0.313s] Level 1:colcon.colcon_core.package_identification:_identify(pid_study/tuned/all_joints/tuned_alljoints) by extensions ['python_setup_py']
[0.313s] Level 1:colcon.colcon_core.package_identification:_identify(pid_study/tuned/all_joints/tuned_alljoints) by extension 'python_setup_py'
[0.313s] Level 1:colcon.colcon_core.package_identification:_identify(pid_study/untuned) by extensions ['ignore', 'ignore_ament_install']
[0.313s] Level 1:colcon.colcon_core.package_identification:_identify(pid_study/untuned) by extension 'ignore'
[0.313s] Level 1:colcon.colcon_core.package_identification:_identify(pid_study/untuned) by extension 'ignore_ament_install'
[0.313s] Level 1:colcon.colcon_core.package_identification:_identify(pid_study/untuned) by extensions ['colcon_pkg']
[0.313s] Level 1:colcon.colcon_core.package_identification:_identify(pid_study/untuned) by extension 'colcon_pkg'
[0.313s] Level 1:colcon.colcon_core.package_identification:_identify(pid_study/untuned) by extensions ['colcon_meta']
[0.313s] Level 1:colcon.colcon_core.package_identification:_identify(pid_study/untuned) by extension 'colcon_meta'
[0.313s] Level 1:colcon.colcon_core.package_identification:_identify(pid_study/untuned) by extensions ['ros']
[0.313s] Level 1:colcon.colcon_core.package_identification:_identify(pid_study/untuned) by extension 'ros'
[0.313s] Level 1:colcon.colcon_core.package_identification:_identify(pid_study/untuned) by extensions ['cmake', 'python']
[0.313s] Level 1:colcon.colcon_core.package_identification:_identify(pid_study/untuned) by extension 'cmake'
[0.313s] Level 1:colcon.colcon_core.package_identification:_identify(pid_study/untuned) by extension 'python'
[0.313s] Level 1:colcon.colcon_core.package_identification:_identify(pid_study/untuned) by extensions ['python_setup_py']
[0.313s] Level 1:colcon.colcon_core.package_identification:_identify(pid_study/untuned) by extension 'python_setup_py'
[0.313s] Level 1:colcon.colcon_core.package_identification:_identify(pid_study/untuned/all_joints) by extensions ['ignore', 'ignore_ament_install']
[0.313s] Level 1:colcon.colcon_core.package_identification:_identify(pid_study/untuned/all_joints) by extension 'ignore'
[0.313s] Level 1:colcon.colcon_core.package_identification:_identify(pid_study/untuned/all_joints) by extension 'ignore_ament_install'
[0.314s] Level 1:colcon.colcon_core.package_identification:_identify(pid_study/untuned/all_joints) by extensions ['colcon_pkg']
[0.314s] Level 1:colcon.colcon_core.package_identification:_identify(pid_study/untuned/all_joints) by extension 'colcon_pkg'
[0.314s] Level 1:colcon.colcon_core.package_identification:_identify(pid_study/untuned/all_joints) by extensions ['colcon_meta']
[0.314s] Level 1:colcon.colcon_core.package_identification:_identify(pid_study/untuned/all_joints) by extension 'colcon_meta'
[0.314s] Level 1:colcon.colcon_core.package_identification:_identify(pid_study/untuned/all_joints) by extensions ['ros']
[0.314s] Level 1:colcon.colcon_core.package_identification:_identify(pid_study/untuned/all_joints) by extension 'ros'
[0.314s] Level 1:colcon.colcon_core.package_identification:_identify(pid_study/untuned/all_joints) by extensions ['cmake', 'python']
[0.314s] Level 1:colcon.colcon_core.package_identification:_identify(pid_study/untuned/all_joints) by extension 'cmake'
[0.314s] Level 1:colcon.colcon_core.package_identification:_identify(pid_study/untuned/all_joints) by extension 'python'
[0.314s] Level 1:colcon.colcon_core.package_identification:_identify(pid_study/untuned/all_joints) by extensions ['python_setup_py']
[0.314s] Level 1:colcon.colcon_core.package_identification:_identify(pid_study/untuned/all_joints) by extension 'python_setup_py'
[0.314s] Level 1:colcon.colcon_core.package_identification:_identify(pid_study/untuned/all_joints/untuned_alljoints) by extensions ['ignore', 'ignore_ament_install']
[0.314s] Level 1:colcon.colcon_core.package_identification:_identify(pid_study/untuned/all_joints/untuned_alljoints) by extension 'ignore'
[0.314s] Level 1:colcon.colcon_core.package_identification:_identify(pid_study/untuned/all_joints/untuned_alljoints) by extension 'ignore_ament_install'
[0.314s] Level 1:colcon.colcon_core.package_identification:_identify(pid_study/untuned/all_joints/untuned_alljoints) by extensions ['colcon_pkg']
[0.314s] Level 1:colcon.colcon_core.package_identification:_identify(pid_study/untuned/all_joints/untuned_alljoints) by extension 'colcon_pkg'
[0.314s] Level 1:colcon.colcon_core.package_identification:_identify(pid_study/untuned/all_joints/untuned_alljoints) by extensions ['colcon_meta']
[0.314s] Level 1:colcon.colcon_core.package_identification:_identify(pid_study/untuned/all_joints/untuned_alljoints) by extension 'colcon_meta'
[0.314s] Level 1:colcon.colcon_core.package_identification:_identify(pid_study/untuned/all_joints/untuned_alljoints) by extensions ['ros']
[0.314s] Level 1:colcon.colcon_core.package_identification:_identify(pid_study/untuned/all_joints/untuned_alljoints) by extension 'ros'
[0.314s] Level 1:colcon.colcon_core.package_identification:_identify(pid_study/untuned/all_joints/untuned_alljoints) by extensions ['cmake', 'python']
[0.314s] Level 1:colcon.colcon_core.package_identification:_identify(pid_study/untuned/all_joints/untuned_alljoints) by extension 'cmake'
[0.314s] Level 1:colcon.colcon_core.package_identification:_identify(pid_study/untuned/all_joints/untuned_alljoints) by extension 'python'
[0.314s] Level 1:colcon.colcon_core.package_identification:_identify(pid_study/untuned/all_joints/untuned_alljoints) by extensions ['python_setup_py']
[0.314s] Level 1:colcon.colcon_core.package_identification:_identify(pid_study/untuned/all_joints/untuned_alljoints) by extension 'python_setup_py'
[0.314s] Level 1:colcon.colcon_core.package_identification:_identify(pid_study/untuned/all_joints/untuned_joint4) by extensions ['ignore', 'ignore_ament_install']
[0.315s] Level 1:colcon.colcon_core.package_identification:_identify(pid_study/untuned/all_joints/untuned_joint4) by extension 'ignore'
[0.315s] Level 1:colcon.colcon_core.package_identification:_identify(pid_study/untuned/all_joints/untuned_joint4) by extension 'ignore_ament_install'
[0.315s] Level 1:colcon.colcon_core.package_identification:_identify(pid_study/untuned/all_joints/untuned_joint4) by extensions ['colcon_pkg']
[0.315s] Level 1:colcon.colcon_core.package_identification:_identify(pid_study/untuned/all_joints/untuned_joint4) by extension 'colcon_pkg'
[0.315s] Level 1:colcon.colcon_core.package_identification:_identify(pid_study/untuned/all_joints/untuned_joint4) by extensions ['colcon_meta']
[0.315s] Level 1:colcon.colcon_core.package_identification:_identify(pid_study/untuned/all_joints/untuned_joint4) by extension 'colcon_meta'
[0.315s] Level 1:colcon.colcon_core.package_identification:_identify(pid_study/untuned/all_joints/untuned_joint4) by extensions ['ros']
[0.315s] Level 1:colcon.colcon_core.package_identification:_identify(pid_study/untuned/all_joints/untuned_joint4) by extension 'ros'
[0.315s] Level 1:colcon.colcon_core.package_identification:_identify(pid_study/untuned/all_joints/untuned_joint4) by extensions ['cmake', 'python']
[0.315s] Level 1:colcon.colcon_core.package_identification:_identify(pid_study/untuned/all_joints/untuned_joint4) by extension 'cmake'
[0.315s] Level 1:colcon.colcon_core.package_identification:_identify(pid_study/untuned/all_joints/untuned_joint4) by extension 'python'
[0.315s] Level 1:colcon.colcon_core.package_identification:_identify(pid_study/untuned/all_joints/untuned_joint4) by extensions ['python_setup_py']
[0.315s] Level 1:colcon.colcon_core.package_identification:_identify(pid_study/untuned/all_joints/untuned_joint4) by extension 'python_setup_py'
[0.315s] Level 1:colcon.colcon_core.package_identification:_identify(scripts) by extensions ['ignore', 'ignore_ament_install']
[0.315s] Level 1:colcon.colcon_core.package_identification:_identify(scripts) by extension 'ignore'
[0.315s] Level 1:colcon.colcon_core.package_identification:_identify(scripts) by extension 'ignore_ament_install'
[0.315s] Level 1:colcon.colcon_core.package_identification:_identify(scripts) by extensions ['colcon_pkg']
[0.315s] Level 1:colcon.colcon_core.package_identification:_identify(scripts) by extension 'colcon_pkg'
[0.315s] Level 1:colcon.colcon_core.package_identification:_identify(scripts) by extensions ['colcon_meta']
[0.315s] Level 1:colcon.colcon_core.package_identification:_identify(scripts) by extension 'colcon_meta'
[0.315s] Level 1:colcon.colcon_core.package_identification:_identify(scripts) by extensions ['ros']
[0.315s] Level 1:colcon.colcon_core.package_identification:_identify(scripts) by extension 'ros'
[0.315s] Level 1:colcon.colcon_core.package_identification:_identify(scripts) by extensions ['cmake', 'python']
[0.315s] Level 1:colcon.colcon_core.package_identification:_identify(scripts) by extension 'cmake'
[0.315s] Level 1:colcon.colcon_core.package_identification:_identify(scripts) by extension 'python'
[0.315s] Level 1:colcon.colcon_core.package_identification:_identify(scripts) by extensions ['python_setup_py']
[0.315s] Level 1:colcon.colcon_core.package_identification:_identify(scripts) by extension 'python_setup_py'
[0.316s] Level 1:colcon.colcon_core.package_identification:_identify(src) by extensions ['ignore', 'ignore_ament_install']
[0.316s] Level 1:colcon.colcon_core.package_identification:_identify(src) by extension 'ignore'
[0.316s] Level 1:colcon.colcon_core.package_identification:_identify(src) by extension 'ignore_ament_install'
[0.316s] Level 1:colcon.colcon_core.package_identification:_identify(src) by extensions ['colcon_pkg']
[0.316s] Level 1:colcon.colcon_core.package_identification:_identify(src) by extension 'colcon_pkg'
[0.316s] Level 1:colcon.colcon_core.package_identification:_identify(src) by extensions ['colcon_meta']
[0.316s] Level 1:colcon.colcon_core.package_identification:_identify(src) by extension 'colcon_meta'
[0.316s] Level 1:colcon.colcon_core.package_identification:_identify(src) by extensions ['ros']
[0.316s] Level 1:colcon.colcon_core.package_identification:_identify(src) by extension 'ros'
[0.316s] Level 1:colcon.colcon_core.package_identification:_identify(src) by extensions ['cmake', 'python']
[0.316s] Level 1:colcon.colcon_core.package_identification:_identify(src) by extension 'cmake'
[0.316s] Level 1:colcon.colcon_core.package_identification:_identify(src) by extension 'python'
[0.316s] Level 1:colcon.colcon_core.package_identification:_identify(src) by extensions ['python_setup_py']
[0.316s] Level 1:colcon.colcon_core.package_identification:_identify(src) by extension 'python_setup_py'
[0.316s] Level 1:colcon.colcon_core.package_identification:_identify(src/build) by extensions ['ignore', 'ignore_ament_install']
[0.316s] Level 1:colcon.colcon_core.package_identification:_identify(src/build) by extension 'ignore'
[0.316s] Level 1:colcon.colcon_core.package_identification:_identify(src/build) ignored
[0.316s] Level 1:colcon.colcon_core.package_identification:_identify(src/feedbot_description) by extensions ['ignore', 'ignore_ament_install']
[0.316s] Level 1:colcon.colcon_core.package_identification:_identify(src/feedbot_description) by extension 'ignore'
[0.316s] Level 1:colcon.colcon_core.package_identification:_identify(src/feedbot_description) by extension 'ignore_ament_install'
[0.316s] Level 1:colcon.colcon_core.package_identification:_identify(src/feedbot_description) by extensions ['colcon_pkg']
[0.316s] Level 1:colcon.colcon_core.package_identification:_identify(src/feedbot_description) by extension 'colcon_pkg'
[0.317s] Level 1:colcon.colcon_core.package_identification:_identify(src/feedbot_description) by extensions ['colcon_meta']
[0.317s] Level 1:colcon.colcon_core.package_identification:_identify(src/feedbot_description) by extension 'colcon_meta'
[0.317s] Level 1:colcon.colcon_core.package_identification:_identify(src/feedbot_description) by extensions ['ros']
[0.317s] Level 1:colcon.colcon_core.package_identification:_identify(src/feedbot_description) by extension 'ros'
[0.317s] DEBUG:colcon.colcon_core.package_identification:Package 'src/feedbot_description' with type 'ros.ament_cmake' and name 'feedbot_description'
[0.317s] Level 1:colcon.colcon_core.package_identification:_identify(src/feedbot_fusion) by extensions ['ignore', 'ignore_ament_install']
[0.317s] Level 1:colcon.colcon_core.package_identification:_identify(src/feedbot_fusion) by extension 'ignore'
[0.317s] Level 1:colcon.colcon_core.package_identification:_identify(src/feedbot_fusion) by extension 'ignore_ament_install'
[0.317s] Level 1:colcon.colcon_core.package_identification:_identify(src/feedbot_fusion) by extensions ['colcon_pkg']
[0.317s] Level 1:colcon.colcon_core.package_identification:_identify(src/feedbot_fusion) by extension 'colcon_pkg'
[0.317s] Level 1:colcon.colcon_core.package_identification:_identify(src/feedbot_fusion) by extensions ['colcon_meta']
[0.317s] Level 1:colcon.colcon_core.package_identification:_identify(src/feedbot_fusion) by extension 'colcon_meta'
[0.317s] Level 1:colcon.colcon_core.package_identification:_identify(src/feedbot_fusion) by extensions ['ros']
[0.317s] Level 1:colcon.colcon_core.package_identification:_identify(src/feedbot_fusion) by extension 'ros'
[0.318s] DEBUG:colcon.colcon_core.package_identification:Package 'src/feedbot_fusion' with type 'ros.ament_python' and name 'feedbot_fusion'
[0.319s] Level 1:colcon.colcon_core.package_identification:_identify(src/log) by extensions ['ignore', 'ignore_ament_install']
[0.319s] Level 1:colcon.colcon_core.package_identification:_identify(src/log) by extension 'ignore'
[0.319s] Level 1:colcon.colcon_core.package_identification:_identify(src/log) ignored
[0.319s] Level 1:colcon.colcon_core.package_identification:_identify(src/pid_logger) by extensions ['ignore', 'ignore_ament_install']
[0.319s] Level 1:colcon.colcon_core.package_identification:_identify(src/pid_logger) by extension 'ignore'
[0.319s] Level 1:colcon.colcon_core.package_identification:_identify(src/pid_logger) by extension 'ignore_ament_install'
[0.319s] Level 1:colcon.colcon_core.package_identification:_identify(src/pid_logger) by extensions ['colcon_pkg']
[0.319s] Level 1:colcon.colcon_core.package_identification:_identify(src/pid_logger) by extension 'colcon_pkg'
[0.319s] Level 1:colcon.colcon_core.package_identification:_identify(src/pid_logger) by extensions ['colcon_meta']
[0.319s] Level 1:colcon.colcon_core.package_identification:_identify(src/pid_logger) by extension 'colcon_meta'
[0.319s] Level 1:colcon.colcon_core.package_identification:_identify(src/pid_logger) by extensions ['ros']
[0.319s] Level 1:colcon.colcon_core.package_identification:_identify(src/pid_logger) by extension 'ros'
[0.320s] DEBUG:colcon.colcon_core.package_identification:Package 'src/pid_logger' with type 'ros.ament_python' and name 'pid_logger'
[0.320s] Level 1:colcon.colcon_core.package_discovery:discover_packages(recursive) using defaults
[0.320s] Level 1:colcon.colcon_core.package_discovery:discover_packages(ignore) discover
[0.320s] Level 1:colcon.colcon_core.package_discovery:discover_packages(ignore) using defaults
[0.320s] Level 1:colcon.colcon_core.package_discovery:discover_packages(path) discover
[0.320s] Level 1:colcon.colcon_core.package_discovery:discover_packages(path) using defaults
[0.344s] Level 1:colcon.colcon_core.package_discovery:discover_packages(prefix_path) check parameters
[0.344s] Level 1:colcon.colcon_core.package_discovery:discover_packages(prefix_path) discover
[0.346s] DEBUG:colcon.colcon_installed_package_information.package_discovery:Found 5 installed packages in /home/dell/ros2_feedbot_ws/install
[0.346s] DEBUG:colcon.colcon_installed_package_information.package_discovery:Found 1 installed packages in /home/dell/ros2_ws/install
[0.348s] DEBUG:colcon.colcon_installed_package_information.package_discovery:Found 385 installed packages in /opt/ros/humble
[0.349s] Level 1:colcon.colcon_core.package_discovery:discover_packages(prefix_path) using defaults
[0.389s] Level 5:colcon.colcon_core.verb:set package 'feedbot_description' build argument 'cmake_args' from command line to 'None'
[0.389s] Level 5:colcon.colcon_core.verb:set package 'feedbot_description' build argument 'cmake_target' from command line to 'None'
[0.389s] Level 5:colcon.colcon_core.verb:set package 'feedbot_description' build argument 'cmake_target_skip_unavailable' from command line to 'False'
[0.389s] Level 5:colcon.colcon_core.verb:set package 'feedbot_description' build argument 'cmake_clean_cache' from command line to 'False'
[0.389s] Level 5:colcon.colcon_core.verb:set package 'feedbot_description' build argument 'cmake_clean_first' from command line to 'False'
[0.389s] Level 5:colcon.colcon_core.verb:set package 'feedbot_description' build argument 'cmake_force_configure' from command line to 'False'
[0.389s] Level 5:colcon.colcon_core.verb:set package 'feedbot_description' build argument 'ament_cmake_args' from command line to 'None'
[0.389s] Level 5:colcon.colcon_core.verb:set package 'feedbot_description' build argument 'catkin_cmake_args' from command line to 'None'
[0.389s] Level 5:colcon.colcon_core.verb:set package 'feedbot_description' build argument 'catkin_skip_building_tests' from command line to 'False'
[0.389s] DEBUG:colcon.colcon_core.verb:Building package 'feedbot_description' with the following arguments: {'ament_cmake_args': None, 'build_base': '/home/dell/ros2_feedbot_ws/build/feedbot_description', 'catkin_cmake_args': None, 'catkin_skip_building_tests': False, 'cmake_args': None, 'cmake_clean_cache': False, 'cmake_clean_first': False, 'cmake_force_configure': False, 'cmake_target': None, 'cmake_target_skip_unavailable': False, 'install_base': '/home/dell/ros2_feedbot_ws/install/feedbot_description', 'merge_install': False, 'path': '/home/dell/ros2_feedbot_ws/src/feedbot_description', 'symlink_install': False, 'test_result_base': None}
[0.389s] Level 5:colcon.colcon_core.verb:set package 'feedbot_fusion' build argument 'cmake_args' from command line to 'None'
[0.389s] Level 5:colcon.colcon_core.verb:set package 'feedbot_fusion' build argument 'cmake_target' from command line to 'None'
[0.389s] Level 5:colcon.colcon_core.verb:set package 'feedbot_fusion' build argument 'cmake_target_skip_unavailable' from command line to 'False'
[0.389s] Level 5:colcon.colcon_core.verb:set package 'feedbot_fusion' build argument 'cmake_clean_cache' from command line to 'False'
[0.389s] Level 5:colcon.colcon_core.verb:set package 'feedbot_fusion' build argument 'cmake_clean_first' from command line to 'False'
[0.389s] Level 5:colcon.colcon_core.verb:set package 'feedbot_fusion' build argument 'cmake_force_configure' from command line to 'False'
[0.389s] Level 5:colcon.colcon_core.verb:set package 'feedbot_fusion' build argument 'ament_cmake_args' from command line to 'None'
[0.389s] Level 5:colcon.colcon_core.verb:set package 'feedbot_fusion' build argument 'catkin_cmake_args' from command line to 'None'
[0.389s] Level 5:colcon.colcon_core.verb:set package 'feedbot_fusion' build argument 'catkin_skip_building_tests' from command line to 'False'
[0.389s] DEBUG:colcon.colcon_core.verb:Building package 'feedbot_fusion' with the following arguments: {'ament_cmake_args': None, 'build_base': '/home/dell/ros2_feedbot_ws/build/feedbot_fusion', 'catkin_cmake_args': None, 'catkin_skip_building_tests': False, 'cmake_args': None, 'cmake_clean_cache': False, 'cmake_clean_first': False, 'cmake_force_configure': False, 'cmake_target': None, 'cmake_target_skip_unavailable': False, 'install_base': '/home/dell/ros2_feedbot_ws/install/feedbot_fusion', 'merge_install': False, 'path': '/home/dell/ros2_feedbot_ws/src/feedbot_fusion', 'symlink_install': False, 'test_result_base': None}
[0.390s] Level 5:colcon.colcon_core.verb:set package 'feedbot_sensors' build argument 'cmake_args' from command line to 'None'
[0.390s] Level 5:colcon.colcon_core.verb:set package 'feedbot_sensors' build argument 'cmake_target' from command line to 'None'
[0.390s] Level 5:colcon.colcon_core.verb:set package 'feedbot_sensors' build argument 'cmake_target_skip_unavailable' from command line to 'False'
[0.390s] Level 5:colcon.colcon_core.verb:set package 'feedbot_sensors' build argument 'cmake_clean_cache' from command line to 'False'
[0.390s] Level 5:colcon.colcon_core.verb:set package 'feedbot_sensors' build argument 'cmake_clean_first' from command line to 'False'
[0.390s] Level 5:colcon.colcon_core.verb:set package 'feedbot_sensors' build argument 'cmake_force_configure' from command line to 'False'
[0.390s] Level 5:colcon.colcon_core.verb:set package 'feedbot_sensors' build argument 'ament_cmake_args' from command line to 'None'
[0.390s] Level 5:colcon.colcon_core.verb:set package 'feedbot_sensors' build argument 'catkin_cmake_args' from command line to 'None'
[0.390s] Level 5:colcon.colcon_core.verb:set package 'feedbot_sensors' build argument 'catkin_skip_building_tests' from command line to 'False'
[0.390s] DEBUG:colcon.colcon_core.verb:Building package 'feedbot_sensors' with the following arguments: {'ament_cmake_args': None, 'build_base': '/home/dell/ros2_feedbot_ws/build/feedbot_sensors', 'catkin_cmake_args': None, 'catkin_skip_building_tests': False, 'cmake_args': None, 'cmake_clean_cache': False, 'cmake_clean_first': False, 'cmake_force_configure': False, 'cmake_target': None, 'cmake_target_skip_unavailable': False, 'install_base': '/home/dell/ros2_feedbot_ws/install/feedbot_sensors', 'merge_install': False, 'path': '/home/dell/ros2_feedbot_ws/feedbot_sensors', 'symlink_install': False, 'test_result_base': None}
[0.390s] Level 5:colcon.colcon_core.verb:set package 'pid_logger' build argument 'cmake_args' from command line to 'None'
[0.390s] Level 5:colcon.colcon_core.verb:set package 'pid_logger' build argument 'cmake_target' from command line to 'None'
[0.390s] Level 5:colcon.colcon_core.verb:set package 'pid_logger' build argument 'cmake_target_skip_unavailable' from command line to 'False'
[0.390s] Level 5:colcon.colcon_core.verb:set package 'pid_logger' build argument 'cmake_clean_cache' from command line to 'False'
[0.390s] Level 5:colcon.colcon_core.verb:set package 'pid_logger' build argument 'cmake_clean_first' from command line to 'False'
[0.390s] Level 5:colcon.colcon_core.verb:set package 'pid_logger' build argument 'cmake_force_configure' from command line to 'False'
[0.390s] Level 5:colcon.colcon_core.verb:set package 'pid_logger' build argument 'ament_cmake_args' from command line to 'None'
[0.390s] Level 5:colcon.colcon_core.verb:set package 'pid_logger' build argument 'catkin_cmake_args' from command line to 'None'
[0.390s] Level 5:colcon.colcon_core.verb:set package 'pid_logger' build argument 'catkin_skip_building_tests' from command line to 'False'
[0.390s] DEBUG:colcon.colcon_core.verb:Building package 'pid_logger' with the following arguments: {'ament_cmake_args': None, 'build_base': '/home/dell/ros2_feedbot_ws/build/pid_logger', 'catkin_cmake_args': None, 'catkin_skip_building_tests': False, 'cmake_args': None, 'cmake_clean_cache': False, 'cmake_clean_first': False, 'cmake_force_configure': False, 'cmake_target': None, 'cmake_target_skip_unavailable': False, 'install_base': '/home/dell/ros2_feedbot_ws/install/pid_logger', 'merge_install': False, 'path': '/home/dell/ros2_feedbot_ws/src/pid_logger', 'symlink_install': False, 'test_result_base': None}
[0.391s] Level 5:colcon.colcon_core.verb:set package 'feedbot_moveit_config' build argument 'cmake_args' from command line to 'None'
[0.391s] Level 5:colcon.colcon_core.verb:set package 'feedbot_moveit_config' build argument 'cmake_target' from command line to 'None'
[0.391s] Level 5:colcon.colcon_core.verb:set package 'feedbot_moveit_config' build argument 'cmake_target_skip_unavailable' from command line to 'False'
[0.391s] Level 5:colcon.colcon_core.verb:set package 'feedbot_moveit_config' build argument 'cmake_clean_cache' from command line to 'False'
[0.391s] Level 5:colcon.colcon_core.verb:set package 'feedbot_moveit_config' build argument 'cmake_clean_first' from command line to 'False'
[0.391s] Level 5:colcon.colcon_core.verb:set package 'feedbot_moveit_config' build argument 'cmake_force_configure' from command line to 'False'
[0.391s] Level 5:colcon.colcon_core.verb:set package 'feedbot_moveit_config' build argument 'ament_cmake_args' from command line to 'None'
[0.391s] Level 5:colcon.colcon_core.verb:set package 'feedbot_moveit_config' build argument 'catkin_cmake_args' from command line to 'None'
[0.391s] Level 5:colcon.colcon_core.verb:set package 'feedbot_moveit_config' build argument 'catkin_skip_building_tests' from command line to 'False'
[0.391s] DEBUG:colcon.colcon_core.verb:Building package 'feedbot_moveit_config' with the following arguments: {'ament_cmake_args': None, 'build_base': '/home/dell/ros2_feedbot_ws/build/feedbot_moveit_config', 'catkin_cmake_args': None, 'catkin_skip_building_tests': False, 'cmake_args': None, 'cmake_clean_cache': False, 'cmake_clean_first': False, 'cmake_force_configure': False, 'cmake_target': None, 'cmake_target_skip_unavailable': False, 'install_base': '/home/dell/ros2_feedbot_ws/install/feedbot_moveit_config', 'merge_install': False, 'path': '/home/dell/ros2_feedbot_ws/feedbot_moveit_config', 'symlink_install': False, 'test_result_base': None}
[0.391s] INFO:colcon.colcon_core.executor:Executing jobs using 'parallel' executor
[0.392s] DEBUG:colcon.colcon_parallel_executor.executor.parallel:run_until_complete
[0.392s] INFO:colcon.colcon_ros.task.ament_cmake.build:Building ROS package in '/home/dell/ros2_feedbot_ws/src/feedbot_description' with build type 'ament_cmake'
[0.392s] INFO:colcon.colcon_cmake.task.cmake.build:Building CMake package in '/home/dell/ros2_feedbot_ws/src/feedbot_description'
[0.396s] INFO:colcon.colcon_core.plugin_system:Skipping extension 'colcon_core.shell.bat': Not used on non-Windows systems
[0.396s] INFO:colcon.colcon_core.shell:Skip shell extension 'powershell' for command environment: Not usable outside of PowerShell
[0.396s] DEBUG:colcon.colcon_core.shell:Skip shell extension 'dsv' for command environment
[0.400s] INFO:colcon.colcon_ros.task.ament_python.build:Building ROS package in '/home/dell/ros2_feedbot_ws/src/feedbot_fusion' with build type 'ament_python'
[0.400s] Level 1:colcon.colcon_core.shell:create_environment_hook('feedbot_fusion', 'ament_prefix_path')
[0.400s] INFO:colcon.colcon_core.shell:Creating environment hook '/home/dell/ros2_feedbot_ws/install/feedbot_fusion/share/feedbot_fusion/hook/ament_prefix_path.ps1'
[0.400s] INFO:colcon.colcon_core.shell:Creating environment descriptor '/home/dell/ros2_feedbot_ws/install/feedbot_fusion/share/feedbot_fusion/hook/ament_prefix_path.dsv'
[0.401s] INFO:colcon.colcon_core.shell:Creating environment hook '/home/dell/ros2_feedbot_ws/install/feedbot_fusion/share/feedbot_fusion/hook/ament_prefix_path.sh'
[0.401s] INFO:colcon.colcon_core.shell:Skip shell extension 'powershell' for command environment: Not usable outside of PowerShell
[0.401s] DEBUG:colcon.colcon_core.shell:Skip shell extension 'dsv' for command environment
[0.405s] INFO:colcon.colcon_ros.task.ament_python.build:Building ROS package in '/home/dell/ros2_feedbot_ws/feedbot_sensors' with build type 'ament_python'
[0.405s] Level 1:colcon.colcon_core.shell:create_environment_hook('feedbot_sensors', 'ament_prefix_path')
[0.405s] INFO:colcon.colcon_core.shell:Creating environment hook '/home/dell/ros2_feedbot_ws/install/feedbot_sensors/share/feedbot_sensors/hook/ament_prefix_path.ps1'
[0.405s] INFO:colcon.colcon_core.shell:Creating environment descriptor '/home/dell/ros2_feedbot_ws/install/feedbot_sensors/share/feedbot_sensors/hook/ament_prefix_path.dsv'
[0.406s] INFO:colcon.colcon_core.shell:Creating environment hook '/home/dell/ros2_feedbot_ws/install/feedbot_sensors/share/feedbot_sensors/hook/ament_prefix_path.sh'
[0.406s] INFO:colcon.colcon_core.shell:Skip shell extension 'powershell' for command environment: Not usable outside of PowerShell
[0.406s] DEBUG:colcon.colcon_core.shell:Skip shell extension 'dsv' for command environment
[0.410s] INFO:colcon.colcon_ros.task.ament_python.build:Building ROS package in '/home/dell/ros2_feedbot_ws/src/pid_logger' with build type 'ament_python'
[0.410s] Level 1:colcon.colcon_core.shell:create_environment_hook('pid_logger', 'ament_prefix_path')
[0.410s] INFO:colcon.colcon_core.shell:Creating environment hook '/home/dell/ros2_feedbot_ws/install/pid_logger/share/pid_logger/hook/ament_prefix_path.ps1'
[0.410s] INFO:colcon.colcon_core.shell:Creating environment descriptor '/home/dell/ros2_feedbot_ws/install/pid_logger/share/pid_logger/hook/ament_prefix_path.dsv'
[0.411s] INFO:colcon.colcon_core.shell:Creating environment hook '/home/dell/ros2_feedbot_ws/install/pid_logger/share/pid_logger/hook/ament_prefix_path.sh'
[0.411s] INFO:colcon.colcon_core.shell:Skip shell extension 'powershell' for command environment: Not usable outside of PowerShell
[0.411s] DEBUG:colcon.colcon_core.shell:Skip shell extension 'dsv' for command environment
[0.419s] DEBUG:colcon.colcon_core.event_handler.log_command:Invoking command in '/home/dell/ros2_feedbot_ws/build/feedbot_description': CMAKE_PREFIX_PATH=${CMAKE_PREFIX_PATH}:/home/dell/ros2_feedbot_ws/install/pid_logger:/home/dell/ros2_feedbot_ws/install/feedbot_sensors:/home/dell/ros2_feedbot_ws/install/feedbot_fusion:/opt/ros/humble /usr/bin/cmake --build /home/dell/ros2_feedbot_ws/build/feedbot_description -- -j12 -l12
[0.878s] INFO:colcon.colcon_core.task.python.build:Building Python package in '/home/dell/ros2_feedbot_ws/feedbot_sensors'
[0.878s] INFO:colcon.colcon_core.shell:Skip shell extension 'powershell' for command environment: Not usable outside of PowerShell
[0.878s] DEBUG:colcon.colcon_core.shell:Skip shell extension 'dsv' for command environment
[0.893s] DEBUG:colcon.colcon_parallel_executor.executor.parallel:closing loop
[0.893s] DEBUG:colcon.colcon_parallel_executor.executor.parallel:loop closed
[0.893s] DEBUG:colcon.colcon_parallel_executor.executor.parallel:run_until_complete finished with 'Command '['/usr/bin/python3', '-c', 'import sys;from contextlib import suppress;exec("with suppress(ImportError):    from setuptools.extern.packaging.specifiers    import SpecifierSet");exec("with suppress(ImportError):    from packaging.specifiers import SpecifierSet");from distutils.core import run_setup;dist = run_setup(    \'setup.py\', script_args=(\'--dry-run\',), stop_after=\'config\');skip_keys = (\'cmdclass\', \'distclass\', \'ext_modules\', \'metadata\');data = {    key: value for key, value in dist.__dict__.items()     if (        not key.startswith(\'_\') and         not callable(value) and         key not in skip_keys and         key not in dist.display_option_names    )};data[\'metadata\'] = {    k: v for k, v in dist.metadata.__dict__.items()     if k not in (\'license_files\', \'provides_extras\')};sys.stdout.buffer.write(repr(data).encode(\'utf-8\'))']' returned non-zero exit status 1.'
[0.894s] DEBUG:colcon.colcon_core.event_reactor:joining thread
[0.902s] INFO:colcon.colcon_core.plugin_system:Skipping extension 'colcon_notification.desktop_notification.terminal_notifier': Not used on non-Darwin systems
[0.902s] INFO:colcon.colcon_core.plugin_system:Skipping extension 'colcon_notification.desktop_notification.win32': Not used on non-Windows systems
[0.902s] INFO:colcon.colcon_notification.desktop_notification:Sending desktop notification using 'notify2'
[0.911s] DEBUG:colcon.colcon_core.event_reactor:joined thread
[0.912s] INFO:colcon.colcon_core.shell:Creating prefix script '/home/dell/ros2_feedbot_ws/install/local_setup.ps1'
[0.913s] INFO:colcon.colcon_core.shell:Creating prefix util module '/home/dell/ros2_feedbot_ws/install/_local_setup_util_ps1.py'
[0.914s] INFO:colcon.colcon_core.shell:Creating prefix chain script '/home/dell/ros2_feedbot_ws/install/setup.ps1'
[0.915s] INFO:colcon.colcon_core.shell:Creating prefix script '/home/dell/ros2_feedbot_ws/install/local_setup.sh'
[0.915s] INFO:colcon.colcon_core.shell:Creating prefix util module '/home/dell/ros2_feedbot_ws/install/_local_setup_util_sh.py'
[0.916s] INFO:colcon.colcon_core.shell:Creating prefix chain script '/home/dell/ros2_feedbot_ws/install/setup.sh'
[0.917s] INFO:colcon.colcon_core.shell:Creating prefix script '/home/dell/ros2_feedbot_ws/install/local_setup.bash'
[0.917s] INFO:colcon.colcon_core.shell:Creating prefix chain script '/home/dell/ros2_feedbot_ws/install/setup.bash'
[0.918s] INFO:colcon.colcon_core.shell:Creating prefix script '/home/dell/ros2_feedbot_ws/install/local_setup.zsh'
[0.918s] INFO:colcon.colcon_core.shell:Creating prefix chain script '/home/dell/ros2_feedbot_ws/install/setup.zsh'
