[0.000000] (-) TimerEvent: {}
[0.001324] (feedbot_description) JobQueued: {'identifier': 'feedbot_description', 'dependencies': OrderedDict()}
[0.001635] (feedbot_fusion) JobQueued: {'identifier': 'feedbot_fusion', 'dependencies': OrderedDict()}
[0.001698] (feedbot_sensors) JobQueued: {'identifier': 'feedbot_sensors', 'dependencies': OrderedDict()}
[0.001748] (pid_logger) JobQueued: {'identifier': 'pid_logger', 'dependencies': OrderedDict()}
[0.002123] (feedbot_moveit_config) JobQueued: {'identifier': 'feedbot_moveit_config', 'dependencies': OrderedDict([('feedbot_description', '/home/dell/ros2_feedbot_ws/install/feedbot_description')])}
[0.002818] (feedbot_description) JobStarted: {'identifier': 'feedbot_description'}
[0.037610] (feedbot_fusion) JobStarted: {'identifier': 'feedbot_fusion'}
[0.065066] (feedbot_sensors) JobStarted: {'identifier': 'feedbot_sensors'}
[0.088973] (pid_logger) JobStarted: {'identifier': 'pid_logger'}
[0.099538] (-) TimerEvent: {}
[0.121062] (feedbot_description) JobProgress: {'identifier': 'feedbot_description', 'progress': 'cmake'}
[0.123404] (feedbot_description) JobProgress: {'identifier': 'feedbot_description', 'progress': 'build'}
[0.124958] (feedbot_description) Command: {'cmd': ['/usr/bin/cmake', '--build', '/home/dell/ros2_feedbot_ws/build/feedbot_description', '--', '-j12', '-l12'], 'cwd': '/home/dell/ros2_feedbot_ws/build/feedbot_description', 'env': OrderedDict([('LANGUAGE', 'en_GB:en'), ('USER', 'dell'), ('XDG_SESSION_TYPE', 'wayland'), ('SHLVL', '1'), ('LD_LIBRARY_PATH', '/usr/lib/x86_64-linux-gnu/gazebo-11/plugins:/opt/ros/humble/opt/rviz_ogre_vendor/lib:/opt/ros/humble/lib/x86_64-linux-gnu:/opt/ros/humble/lib:/usr/lib/x86_64-linux-gnu/gazebo-11/plugins:'), ('HOME', '/home/dell'), ('OLDPWD', '/home/dell/ros2_feedbot_ws/src/feedbot_fusion/feedbot_fusion'), ('DESKTOP_SESSION', 'ubuntu'), ('GAZEBO_MASTER_URI', 'http://localhost:11345'), ('ROS_PYTHON_VERSION', '3'), ('GNOME_SHELL_SESSION_MODE', 'ubuntu'), ('GTK_MODULES', 'gail:atk-bridge'), ('SYSTEMD_EXEC_PID', '515654'), ('DBUS_SESSION_BUS_ADDRESS', 'unix:path=/run/user/1000/bus'), ('COLORTERM', 'truecolor'), ('IM_CONFIG_PHASE', '1'), ('WAYLAND_DISPLAY', 'wayland-0'), ('COLCON_PREFIX_PATH', '/home/dell/ros2_feedbot_ws/install:/home/dell/ros2_ws/install'), ('ROS_DISTRO', 'humble'), ('LOGNAME', 'dell'), ('_', '/usr/bin/colcon'), ('ROS_VERSION', '2'), ('XDG_SESSION_CLASS', 'user'), ('USERNAME', 'dell'), ('TERM', 'xterm-256color'), ('GAZEBO_MODEL_PATH', '/usr/share/gazebo-11/models::/home/dell/ros2_feedbot_ws/install/feedbot_description/share'), ('GNOME_DESKTOP_SESSION_ID', 'this-is-deprecated'), ('ROS_LOCALHOST_ONLY', '0'), ('HISTCONTROL', 'ignoreboth'), ('OGRE_RESOURCE_PATH', '/usr/lib/x86_64-linux-gnu/OGRE-1.9.0'), ('PATH', '/opt/ros/humble/bin:/usr/lib/ccache:/home/dell/ardupilot/Tools/autotest:/opt/gcc-arm-none-eabi-10-2020-q4-major/bin:/home/dell/.local/bin:/usr/local/sbin:/usr/local/bin:/usr/sbin:/usr/bin:/sbin:/bin:/usr/games:/usr/local/games:/snap/bin:/snap/bin'), ('SESSION_MANAGER', 'local/dell:@/tmp/.ICE-unix/175661,unix/dell:/tmp/.ICE-unix/175661'), ('XDG_MENU_PREFIX', 'gnome-'), ('GNOME_TERMINAL_SCREEN', '/org/gnome/Terminal/screen/e3b64497_600a_4cec_a03c_72a1aed8aaef'), ('GNOME_SETUP_DISPLAY', ':1'), ('XDG_RUNTIME_DIR', '/run/user/1000'), ('DISPLAY', ':0'), ('LANG', 'en_US.UTF-8'), ('XDG_CURRENT_DESKTOP', 'ubuntu:GNOME'), ('RMW_IMPLEMENTATION', 'rmw_cyclonedds_cpp'), ('XMODIFIERS', '@im=ibus'), ('XDG_SESSION_DESKTOP', 'ubuntu'), ('XAUTHORITY', '/run/user/1000/.mutter-Xwaylandauth.GYXJL3'), ('GNOME_TERMINAL_SERVICE', ':1.833'), ('SSH_AGENT_LAUNCHER', 'gnome-keyring'), ('SSH_AUTH_SOCK', '/run/user/1000/keyring/ssh'), ('AMENT_PREFIX_PATH', '/home/dell/ros2_feedbot_ws/install/pid_logger:/home/dell/ros2_feedbot_ws/install/feedbot_sensors:/home/dell/ros2_feedbot_ws/install/feedbot_moveit_config:/home/dell/ros2_feedbot_ws/install/feedbot_fusion:/home/dell/ros2_feedbot_ws/install/feedbot_description:/home/dell/ros2_ws/install/open_manipulator_description:/opt/ros/humble'), ('SHELL', '/bin/bash'), ('QT_ACCESSIBILITY', '1'), ('GDMSESSION', 'ubuntu'), ('GAZEBO_RESOURCE_PATH', '/usr/share/gazebo-11::/opt/ros/humble/share:/home/dell/ros2_feedbot_ws/install/feedbot_description/share'), ('GAZEBO_MODEL_DATABASE_URI', 'http://models.gazebosim.org'), ('QT_IM_MODULE', 'ibus'), ('PWD', '/home/dell/ros2_feedbot_ws/build/feedbot_description'), ('LC_ALL', 'en_US.UTF-8'), ('XDG_CONFIG_DIRS', '/etc/xdg/xdg-ubuntu:/etc/xdg'), ('GAZEBO_PLUGIN_PATH', '/opt/ros/humble/lib:/usr/lib/x86_64-linux-gnu/gazebo-11/plugins:'), ('XDG_DATA_DIRS', '/usr/share/ubuntu:/usr/local/share/:/usr/share/:/var/lib/snapd/desktop'), ('PYTHONPATH', '/home/dell/ros2_feedbot_ws/install/pid_logger/lib/python3.10/site-packages:/home/dell/ros2_feedbot_ws/install/feedbot_sensors/lib/python3.10/site-packages:/home/dell/ros2_feedbot_ws/install/feedbot_fusion/lib/python3.10/site-packages:/opt/ros/humble/lib/python3.10/site-packages:/opt/ros/humble/local/lib/python3.10/dist-packages'), ('COLCON', '1'), ('VTE_VERSION', '6800'), ('CMAKE_PREFIX_PATH', '/home/dell/ros2_feedbot_ws/install/feedbot_moveit_config:/home/dell/ros2_feedbot_ws/install/feedbot_description:/home/dell/ros2_ws/install/open_manipulator_description:/home/dell/ros2_feedbot_ws/install/pid_logger:/home/dell/ros2_feedbot_ws/install/feedbot_sensors:/home/dell/ros2_feedbot_ws/install/feedbot_fusion:/opt/ros/humble')]), 'shell': False}
[0.200121] (-) TimerEvent: {}
[0.301863] (-) TimerEvent: {}
[0.402742] (-) TimerEvent: {}
[0.503457] (-) TimerEvent: {}
[0.604334] (-) TimerEvent: {}
[0.705471] (-) TimerEvent: {}
[0.806090] (-) TimerEvent: {}
[0.906998] (-) TimerEvent: {}
[1.008413] (-) TimerEvent: {}
[1.109793] (-) TimerEvent: {}
[1.210549] (-) TimerEvent: {}
[1.311501] (-) TimerEvent: {}
[1.412827] (-) TimerEvent: {}
[1.513745] (-) TimerEvent: {}
[1.614493] (-) TimerEvent: {}
[1.715225] (-) TimerEvent: {}
[1.816155] (-) TimerEvent: {}
[1.917924] (-) TimerEvent: {}
[2.019677] (-) TimerEvent: {}
[2.120682] (-) TimerEvent: {}
[2.221469] (-) TimerEvent: {}
[2.322673] (-) TimerEvent: {}
[2.423527] (-) TimerEvent: {}
[2.524339] (-) TimerEvent: {}
[2.625132] (-) TimerEvent: {}
[2.726278] (-) TimerEvent: {}
[2.826819] (-) TimerEvent: {}
[2.927368] (-) TimerEvent: {}
[3.016834] (feedbot_description) CommandEnded: {'returncode': 0}
[3.021080] (feedbot_description) JobProgress: {'identifier': 'feedbot_description', 'progress': 'install'}
[3.027436] (-) TimerEvent: {}
[3.051816] (feedbot_description) Command: {'cmd': ['/usr/bin/cmake', '--install', '/home/dell/ros2_feedbot_ws/build/feedbot_description'], 'cwd': '/home/dell/ros2_feedbot_ws/build/feedbot_description', 'env': OrderedDict([('LANGUAGE', 'en_GB:en'), ('USER', 'dell'), ('XDG_SESSION_TYPE', 'wayland'), ('SHLVL', '1'), ('LD_LIBRARY_PATH', '/usr/lib/x86_64-linux-gnu/gazebo-11/plugins:/opt/ros/humble/opt/rviz_ogre_vendor/lib:/opt/ros/humble/lib/x86_64-linux-gnu:/opt/ros/humble/lib:/usr/lib/x86_64-linux-gnu/gazebo-11/plugins:'), ('HOME', '/home/dell'), ('OLDPWD', '/home/dell/ros2_feedbot_ws/src/feedbot_fusion/feedbot_fusion'), ('DESKTOP_SESSION', 'ubuntu'), ('GAZEBO_MASTER_URI', 'http://localhost:11345'), ('ROS_PYTHON_VERSION', '3'), ('GNOME_SHELL_SESSION_MODE', 'ubuntu'), ('GTK_MODULES', 'gail:atk-bridge'), ('SYSTEMD_EXEC_PID', '515654'), ('DBUS_SESSION_BUS_ADDRESS', 'unix:path=/run/user/1000/bus'), ('COLORTERM', 'truecolor'), ('IM_CONFIG_PHASE', '1'), ('WAYLAND_DISPLAY', 'wayland-0'), ('COLCON_PREFIX_PATH', '/home/dell/ros2_feedbot_ws/install:/home/dell/ros2_ws/install'), ('ROS_DISTRO', 'humble'), ('LOGNAME', 'dell'), ('_', '/usr/bin/colcon'), ('ROS_VERSION', '2'), ('XDG_SESSION_CLASS', 'user'), ('USERNAME', 'dell'), ('TERM', 'xterm-256color'), ('GAZEBO_MODEL_PATH', '/usr/share/gazebo-11/models::/home/dell/ros2_feedbot_ws/install/feedbot_description/share'), ('GNOME_DESKTOP_SESSION_ID', 'this-is-deprecated'), ('ROS_LOCALHOST_ONLY', '0'), ('HISTCONTROL', 'ignoreboth'), ('OGRE_RESOURCE_PATH', '/usr/lib/x86_64-linux-gnu/OGRE-1.9.0'), ('PATH', '/opt/ros/humble/bin:/usr/lib/ccache:/home/dell/ardupilot/Tools/autotest:/opt/gcc-arm-none-eabi-10-2020-q4-major/bin:/home/dell/.local/bin:/usr/local/sbin:/usr/local/bin:/usr/sbin:/usr/bin:/sbin:/bin:/usr/games:/usr/local/games:/snap/bin:/snap/bin'), ('SESSION_MANAGER', 'local/dell:@/tmp/.ICE-unix/175661,unix/dell:/tmp/.ICE-unix/175661'), ('XDG_MENU_PREFIX', 'gnome-'), ('GNOME_TERMINAL_SCREEN', '/org/gnome/Terminal/screen/e3b64497_600a_4cec_a03c_72a1aed8aaef'), ('GNOME_SETUP_DISPLAY', ':1'), ('XDG_RUNTIME_DIR', '/run/user/1000'), ('DISPLAY', ':0'), ('LANG', 'en_US.UTF-8'), ('XDG_CURRENT_DESKTOP', 'ubuntu:GNOME'), ('RMW_IMPLEMENTATION', 'rmw_cyclonedds_cpp'), ('XMODIFIERS', '@im=ibus'), ('XDG_SESSION_DESKTOP', 'ubuntu'), ('XAUTHORITY', '/run/user/1000/.mutter-Xwaylandauth.GYXJL3'), ('GNOME_TERMINAL_SERVICE', ':1.833'), ('SSH_AGENT_LAUNCHER', 'gnome-keyring'), ('SSH_AUTH_SOCK', '/run/user/1000/keyring/ssh'), ('AMENT_PREFIX_PATH', '/home/dell/ros2_feedbot_ws/install/pid_logger:/home/dell/ros2_feedbot_ws/install/feedbot_sensors:/home/dell/ros2_feedbot_ws/install/feedbot_moveit_config:/home/dell/ros2_feedbot_ws/install/feedbot_fusion:/home/dell/ros2_feedbot_ws/install/feedbot_description:/home/dell/ros2_ws/install/open_manipulator_description:/opt/ros/humble'), ('SHELL', '/bin/bash'), ('QT_ACCESSIBILITY', '1'), ('GDMSESSION', 'ubuntu'), ('GAZEBO_RESOURCE_PATH', '/usr/share/gazebo-11::/opt/ros/humble/share:/home/dell/ros2_feedbot_ws/install/feedbot_description/share'), ('GAZEBO_MODEL_DATABASE_URI', 'http://models.gazebosim.org'), ('QT_IM_MODULE', 'ibus'), ('PWD', '/home/dell/ros2_feedbot_ws/build/feedbot_description'), ('LC_ALL', 'en_US.UTF-8'), ('XDG_CONFIG_DIRS', '/etc/xdg/xdg-ubuntu:/etc/xdg'), ('GAZEBO_PLUGIN_PATH', '/opt/ros/humble/lib:/usr/lib/x86_64-linux-gnu/gazebo-11/plugins:'), ('XDG_DATA_DIRS', '/usr/share/ubuntu:/usr/local/share/:/usr/share/:/var/lib/snapd/desktop'), ('PYTHONPATH', '/home/dell/ros2_feedbot_ws/install/pid_logger/lib/python3.10/site-packages:/home/dell/ros2_feedbot_ws/install/feedbot_sensors/lib/python3.10/site-packages:/home/dell/ros2_feedbot_ws/install/feedbot_fusion/lib/python3.10/site-packages:/opt/ros/humble/lib/python3.10/site-packages:/opt/ros/humble/local/lib/python3.10/dist-packages'), ('COLCON', '1'), ('VTE_VERSION', '6800'), ('CMAKE_PREFIX_PATH', '/home/dell/ros2_feedbot_ws/install/feedbot_moveit_config:/home/dell/ros2_feedbot_ws/install/feedbot_description:/home/dell/ros2_ws/install/open_manipulator_description:/home/dell/ros2_feedbot_ws/install/pid_logger:/home/dell/ros2_feedbot_ws/install/feedbot_sensors:/home/dell/ros2_feedbot_ws/install/feedbot_fusion:/opt/ros/humble')]), 'shell': False}
[3.078887] (feedbot_description) StdoutLine: {'line': b'-- Install configuration: ""\n'}
[3.079659] (feedbot_description) StdoutLine: {'line': b'-- Up-to-date: /home/dell/ros2_feedbot_ws/install/feedbot_description/share/feedbot_description/launch\n'}
[3.080026] (feedbot_description) StdoutLine: {'line': b'-- Up-to-date: /home/dell/ros2_feedbot_ws/install/feedbot_description/share/feedbot_description/launch/gazebo.launch.py\n'}
[3.080201] (feedbot_description) StdoutLine: {'line': b'-- Up-to-date: /home/dell/ros2_feedbot_ws/install/feedbot_description/share/feedbot_description/launch/control_rviz.launch.py\n'}
[3.080313] (feedbot_description) StdoutLine: {'line': b'-- Up-to-date: /home/dell/ros2_feedbot_ws/install/feedbot_description/share/feedbot_description/launch/bringup.launch.py\n'}
[3.080448] (feedbot_description) StdoutLine: {'line': b'-- Up-to-date: /home/dell/ros2_feedbot_ws/install/feedbot_description/share/feedbot_description/launch/urdf_debug.launch.py\n'}
[3.080682] (feedbot_description) StdoutLine: {'line': b'-- Up-to-date: /home/dell/ros2_feedbot_ws/install/feedbot_description/share/feedbot_description/urdf\n'}
[3.081026] (feedbot_description) StdoutLine: {'line': b'-- Up-to-date: /home/dell/ros2_feedbot_ws/install/feedbot_description/share/feedbot_description/urdf/test.urdf\n'}
[3.081158] (feedbot_description) StdoutLine: {'line': b'-- Up-to-date: /home/dell/ros2_feedbot_ws/install/feedbot_description/share/feedbot_description/urdf/my_robot.urdf\n'}
[3.081268] (feedbot_description) StdoutLine: {'line': b'-- Up-to-date: /home/dell/ros2_feedbot_ws/install/feedbot_description/share/feedbot_description/urdf/my_robot.urdf.xacro\n'}
[3.081491] (feedbot_description) StdoutLine: {'line': b'-- Up-to-date: /home/dell/ros2_feedbot_ws/install/feedbot_description/share/feedbot_description/config\n'}
[3.081663] (feedbot_description) StdoutLine: {'line': b'-- Up-to-date: /home/dell/ros2_feedbot_ws/install/feedbot_description/share/feedbot_description/config/controllers_untuned.yaml\n'}
[3.081851] (feedbot_description) StdoutLine: {'line': b'-- Up-to-date: /home/dell/ros2_feedbot_ws/install/feedbot_description/share/feedbot_description/config/pid_controllers.yaml\n'}
[3.081947] (feedbot_description) StdoutLine: {'line': b'-- Up-to-date: /home/dell/ros2_feedbot_ws/install/feedbot_description/share/feedbot_description/config/controllers.yaml\n'}
[3.082043] (feedbot_description) StdoutLine: {'line': b'-- Up-to-date: /home/dell/ros2_feedbot_ws/install/feedbot_description/share/feedbot_description/config/ros2_control.yaml\n'}
[3.082159] (feedbot_description) StdoutLine: {'line': b'-- Up-to-date: /home/dell/ros2_feedbot_ws/install/feedbot_description/share/feedbot_description/config/controllers_tuned.yaml\n'}
[3.082261] (feedbot_description) StdoutLine: {'line': b'-- Up-to-date: /home/dell/ros2_feedbot_ws/install/feedbot_description/share/feedbot_description/config/gazebo_controllers.yaml\n'}
[3.082347] (feedbot_description) StdoutLine: {'line': b'-- Up-to-date: /home/dell/ros2_feedbot_ws/install/feedbot_description/share/feedbot_description/rviz\n'}
[3.082437] (feedbot_description) StdoutLine: {'line': b'-- Up-to-date: /home/dell/ros2_feedbot_ws/install/feedbot_description/share/feedbot_description/rviz/control.rviz\n'}
[3.082538] (feedbot_description) StdoutLine: {'line': b'-- Up-to-date: /home/dell/ros2_feedbot_ws/install/feedbot_description/share/feedbot_description/meshes\n'}
[3.082652] (feedbot_description) StdoutLine: {'line': b'-- Up-to-date: /home/dell/ros2_feedbot_ws/install/feedbot_description/share/feedbot_description/meshes/base.stl\n'}
[3.082758] (feedbot_description) StdoutLine: {'line': b'-- Up-to-date: /home/dell/ros2_feedbot_ws/install/feedbot_description/share/feedbot_description/meshes/plate.stl\n'}
[3.082981] (feedbot_description) StdoutLine: {'line': b'-- Up-to-date: /home/dell/ros2_feedbot_ws/install/feedbot_description/share/feedbot_description/meshes/table.stl\n'}
[3.083421] (feedbot_description) StdoutLine: {'line': b'-- Up-to-date: /home/dell/ros2_feedbot_ws/install/feedbot_description/share/feedbot_description/meshes/link3.stl\n'}
[3.083889] (feedbot_description) StdoutLine: {'line': b'-- Up-to-date: /home/dell/ros2_feedbot_ws/install/feedbot_description/share/feedbot_description/meshes/mouth_open.stl\n'}
[3.084186] (feedbot_description) StdoutLine: {'line': b'-- Up-to-date: /home/dell/ros2_feedbot_ws/install/feedbot_description/share/feedbot_description/meshes/apple.stl\n'}
[3.084340] (feedbot_description) StdoutLine: {'line': b'-- Up-to-date: /home/dell/ros2_feedbot_ws/install/feedbot_description/share/feedbot_description/meshes/feeder_head.stl\n'}
[3.084608] (feedbot_description) StdoutLine: {'line': b'-- Up-to-date: /home/dell/ros2_feedbot_ws/install/feedbot_description/share/feedbot_description/meshes/link2.stl\n'}
[3.084844] (feedbot_description) StdoutLine: {'line': b'-- Up-to-date: /home/dell/ros2_feedbot_ws/install/feedbot_description/share/feedbot_description/meshes/strawberry.stl\n'}
[3.085146] (feedbot_description) StdoutLine: {'line': b'-- Up-to-date: /home/dell/ros2_feedbot_ws/install/feedbot_description/share/feedbot_description/meshes/link1.stl\n'}
[3.085611] (feedbot_description) StdoutLine: {'line': b'-- Up-to-date: /home/dell/ros2_feedbot_ws/install/feedbot_description/share/feedbot_description/worlds\n'}
[3.086267] (feedbot_description) StdoutLine: {'line': b'-- Up-to-date: /home/dell/ros2_feedbot_ws/install/feedbot_description/share/feedbot_description/worlds/empty.world\n'}
[3.086906] (feedbot_description) StdoutLine: {'line': b'-- Up-to-date: /home/dell/ros2_feedbot_ws/install/feedbot_description/lib/feedbot_description/step_test_all_joints.py\n'}
[3.087838] (feedbot_description) StdoutLine: {'line': b'-- Up-to-date: /home/dell/ros2_feedbot_ws/install/feedbot_description/lib/feedbot_description/step_test_joint.py\n'}
[3.088658] (feedbot_description) StdoutLine: {'line': b'-- Up-to-date: /home/dell/ros2_feedbot_ws/install/feedbot_description/share/ament_index/resource_index/package_run_dependencies/feedbot_description\n'}
[3.089037] (feedbot_description) StdoutLine: {'line': b'-- Up-to-date: /home/dell/ros2_feedbot_ws/install/feedbot_description/share/ament_index/resource_index/parent_prefix_path/feedbot_description\n'}
[3.089461] (feedbot_description) StdoutLine: {'line': b'-- Up-to-date: /home/dell/ros2_feedbot_ws/install/feedbot_description/share/feedbot_description/environment/ament_prefix_path.sh\n'}
[3.090031] (feedbot_description) StdoutLine: {'line': b'-- Up-to-date: /home/dell/ros2_feedbot_ws/install/feedbot_description/share/feedbot_description/environment/ament_prefix_path.dsv\n'}
[3.091112] (feedbot_description) StdoutLine: {'line': b'-- Up-to-date: /home/dell/ros2_feedbot_ws/install/feedbot_description/share/feedbot_description/environment/path.sh\n'}
[3.092114] (feedbot_description) StdoutLine: {'line': b'-- Up-to-date: /home/dell/ros2_feedbot_ws/install/feedbot_description/share/feedbot_description/environment/path.dsv\n'}
[3.092527] (feedbot_description) StdoutLine: {'line': b'-- Up-to-date: /home/dell/ros2_feedbot_ws/install/feedbot_description/share/feedbot_description/local_setup.bash\n'}
[3.096678] (feedbot_description) StdoutLine: {'line': b'-- Up-to-date: /home/dell/ros2_feedbot_ws/install/feedbot_description/share/feedbot_description/local_setup.sh\n'}
[3.097251] (feedbot_description) StdoutLine: {'line': b'-- Up-to-date: /home/dell/ros2_feedbot_ws/install/feedbot_description/share/feedbot_description/local_setup.zsh\n'}
[3.097753] (feedbot_description) StdoutLine: {'line': b'-- Up-to-date: /home/dell/ros2_feedbot_ws/install/feedbot_description/share/feedbot_description/local_setup.dsv\n'}
[3.098174] (feedbot_description) StdoutLine: {'line': b'-- Up-to-date: /home/dell/ros2_feedbot_ws/install/feedbot_description/share/feedbot_description/package.dsv\n'}
[3.098528] (feedbot_description) StdoutLine: {'line': b'-- Up-to-date: /home/dell/ros2_feedbot_ws/install/feedbot_description/share/ament_index/resource_index/packages/feedbot_description\n'}
[3.099086] (feedbot_description) StdoutLine: {'line': b'-- Up-to-date: /home/dell/ros2_feedbot_ws/install/feedbot_description/share/feedbot_description/cmake/feedbot_descriptionConfig.cmake\n'}
[3.099338] (feedbot_description) StdoutLine: {'line': b'-- Up-to-date: /home/dell/ros2_feedbot_ws/install/feedbot_description/share/feedbot_description/cmake/feedbot_descriptionConfig-version.cmake\n'}
[3.099690] (feedbot_description) StdoutLine: {'line': b'-- Up-to-date: /home/dell/ros2_feedbot_ws/install/feedbot_description/share/feedbot_description/package.xml\n'}
[3.102289] (feedbot_description) CommandEnded: {'returncode': 0}
[3.127828] (-) TimerEvent: {}
[3.188861] (feedbot_description) JobEnded: {'identifier': 'feedbot_description', 'rc': 0}
[3.194077] (feedbot_moveit_config) JobStarted: {'identifier': 'feedbot_moveit_config'}
[3.220302] (feedbot_moveit_config) JobProgress: {'identifier': 'feedbot_moveit_config', 'progress': 'cmake'}
[3.222643] (feedbot_moveit_config) JobProgress: {'identifier': 'feedbot_moveit_config', 'progress': 'build'}
[3.225361] (feedbot_moveit_config) Command: {'cmd': ['/usr/bin/cmake', '--build', '/home/dell/ros2_feedbot_ws/build/feedbot_moveit_config', '--', '-j12', '-l12'], 'cwd': '/home/dell/ros2_feedbot_ws/build/feedbot_moveit_config', 'env': OrderedDict([('LANGUAGE', 'en_GB:en'), ('USER', 'dell'), ('XDG_SESSION_TYPE', 'wayland'), ('SHLVL', '1'), ('LD_LIBRARY_PATH', '/usr/lib/x86_64-linux-gnu/gazebo-11/plugins:/opt/ros/humble/opt/rviz_ogre_vendor/lib:/opt/ros/humble/lib/x86_64-linux-gnu:/opt/ros/humble/lib:/usr/lib/x86_64-linux-gnu/gazebo-11/plugins:'), ('HOME', '/home/dell'), ('OLDPWD', '/home/dell/ros2_feedbot_ws/src/feedbot_fusion/feedbot_fusion'), ('DESKTOP_SESSION', 'ubuntu'), ('GAZEBO_MASTER_URI', 'http://localhost:11345'), ('ROS_PYTHON_VERSION', '3'), ('GNOME_SHELL_SESSION_MODE', 'ubuntu'), ('GTK_MODULES', 'gail:atk-bridge'), ('SYSTEMD_EXEC_PID', '515654'), ('DBUS_SESSION_BUS_ADDRESS', 'unix:path=/run/user/1000/bus'), ('COLORTERM', 'truecolor'), ('IM_CONFIG_PHASE', '1'), ('WAYLAND_DISPLAY', 'wayland-0'), ('COLCON_PREFIX_PATH', '/home/dell/ros2_feedbot_ws/install:/home/dell/ros2_ws/install'), ('ROS_DISTRO', 'humble'), ('LOGNAME', 'dell'), ('_', '/usr/bin/colcon'), ('ROS_VERSION', '2'), ('XDG_SESSION_CLASS', 'user'), ('USERNAME', 'dell'), ('TERM', 'xterm-256color'), ('GAZEBO_MODEL_PATH', '/usr/share/gazebo-11/models::/home/dell/ros2_feedbot_ws/install/feedbot_description/share'), ('GNOME_DESKTOP_SESSION_ID', 'this-is-deprecated'), ('ROS_LOCALHOST_ONLY', '0'), ('HISTCONTROL', 'ignoreboth'), ('OGRE_RESOURCE_PATH', '/usr/lib/x86_64-linux-gnu/OGRE-1.9.0'), ('PATH', '/opt/ros/humble/bin:/usr/lib/ccache:/home/dell/ardupilot/Tools/autotest:/opt/gcc-arm-none-eabi-10-2020-q4-major/bin:/home/dell/.local/bin:/usr/local/sbin:/usr/local/bin:/usr/sbin:/usr/bin:/sbin:/bin:/usr/games:/usr/local/games:/snap/bin:/snap/bin'), ('SESSION_MANAGER', 'local/dell:@/tmp/.ICE-unix/175661,unix/dell:/tmp/.ICE-unix/175661'), ('XDG_MENU_PREFIX', 'gnome-'), ('GNOME_TERMINAL_SCREEN', '/org/gnome/Terminal/screen/e3b64497_600a_4cec_a03c_72a1aed8aaef'), ('GNOME_SETUP_DISPLAY', ':1'), ('XDG_RUNTIME_DIR', '/run/user/1000'), ('DISPLAY', ':0'), ('LANG', 'en_US.UTF-8'), ('XDG_CURRENT_DESKTOP', 'ubuntu:GNOME'), ('RMW_IMPLEMENTATION', 'rmw_cyclonedds_cpp'), ('XMODIFIERS', '@im=ibus'), ('XDG_SESSION_DESKTOP', 'ubuntu'), ('XAUTHORITY', '/run/user/1000/.mutter-Xwaylandauth.GYXJL3'), ('GNOME_TERMINAL_SERVICE', ':1.833'), ('SSH_AGENT_LAUNCHER', 'gnome-keyring'), ('SSH_AUTH_SOCK', '/run/user/1000/keyring/ssh'), ('AMENT_PREFIX_PATH', '/home/dell/ros2_feedbot_ws/install/pid_logger:/home/dell/ros2_feedbot_ws/install/feedbot_sensors:/home/dell/ros2_feedbot_ws/install/feedbot_moveit_config:/home/dell/ros2_feedbot_ws/install/feedbot_fusion:/home/dell/ros2_feedbot_ws/install/feedbot_description:/home/dell/ros2_ws/install/open_manipulator_description:/opt/ros/humble'), ('SHELL', '/bin/bash'), ('QT_ACCESSIBILITY', '1'), ('GDMSESSION', 'ubuntu'), ('GAZEBO_RESOURCE_PATH', '/usr/share/gazebo-11::/opt/ros/humble/share:/home/dell/ros2_feedbot_ws/install/feedbot_description/share'), ('GAZEBO_MODEL_DATABASE_URI', 'http://models.gazebosim.org'), ('QT_IM_MODULE', 'ibus'), ('PWD', '/home/dell/ros2_feedbot_ws/build/feedbot_moveit_config'), ('LC_ALL', 'en_US.UTF-8'), ('XDG_CONFIG_DIRS', '/etc/xdg/xdg-ubuntu:/etc/xdg'), ('GAZEBO_PLUGIN_PATH', '/opt/ros/humble/lib:/usr/lib/x86_64-linux-gnu/gazebo-11/plugins:'), ('XDG_DATA_DIRS', '/usr/share/ubuntu:/usr/local/share/:/usr/share/:/var/lib/snapd/desktop'), ('PYTHONPATH', '/home/dell/ros2_feedbot_ws/install/pid_logger/lib/python3.10/site-packages:/home/dell/ros2_feedbot_ws/install/feedbot_sensors/lib/python3.10/site-packages:/home/dell/ros2_feedbot_ws/install/feedbot_fusion/lib/python3.10/site-packages:/opt/ros/humble/lib/python3.10/site-packages:/opt/ros/humble/local/lib/python3.10/dist-packages'), ('COLCON', '1'), ('VTE_VERSION', '6800'), ('CMAKE_PREFIX_PATH', '/home/dell/ros2_feedbot_ws/install/feedbot_description:/home/dell/ros2_feedbot_ws/install/feedbot_moveit_config:/home/dell/ros2_ws/install/open_manipulator_description:/home/dell/ros2_feedbot_ws/install/pid_logger:/home/dell/ros2_feedbot_ws/install/feedbot_sensors:/home/dell/ros2_feedbot_ws/install/feedbot_fusion:/opt/ros/humble')]), 'shell': False}
[3.229750] (-) TimerEvent: {}
[3.330648] (-) TimerEvent: {}
[3.375319] (feedbot_moveit_config) CommandEnded: {'returncode': 0}
[3.377669] (feedbot_moveit_config) JobProgress: {'identifier': 'feedbot_moveit_config', 'progress': 'install'}
[3.378479] (feedbot_moveit_config) Command: {'cmd': ['/usr/bin/cmake', '--install', '/home/dell/ros2_feedbot_ws/build/feedbot_moveit_config'], 'cwd': '/home/dell/ros2_feedbot_ws/build/feedbot_moveit_config', 'env': OrderedDict([('LANGUAGE', 'en_GB:en'), ('USER', 'dell'), ('XDG_SESSION_TYPE', 'wayland'), ('SHLVL', '1'), ('LD_LIBRARY_PATH', '/usr/lib/x86_64-linux-gnu/gazebo-11/plugins:/opt/ros/humble/opt/rviz_ogre_vendor/lib:/opt/ros/humble/lib/x86_64-linux-gnu:/opt/ros/humble/lib:/usr/lib/x86_64-linux-gnu/gazebo-11/plugins:'), ('HOME', '/home/dell'), ('OLDPWD', '/home/dell/ros2_feedbot_ws/src/feedbot_fusion/feedbot_fusion'), ('DESKTOP_SESSION', 'ubuntu'), ('GAZEBO_MASTER_URI', 'http://localhost:11345'), ('ROS_PYTHON_VERSION', '3'), ('GNOME_SHELL_SESSION_MODE', 'ubuntu'), ('GTK_MODULES', 'gail:atk-bridge'), ('SYSTEMD_EXEC_PID', '515654'), ('DBUS_SESSION_BUS_ADDRESS', 'unix:path=/run/user/1000/bus'), ('COLORTERM', 'truecolor'), ('IM_CONFIG_PHASE', '1'), ('WAYLAND_DISPLAY', 'wayland-0'), ('COLCON_PREFIX_PATH', '/home/dell/ros2_feedbot_ws/install:/home/dell/ros2_ws/install'), ('ROS_DISTRO', 'humble'), ('LOGNAME', 'dell'), ('_', '/usr/bin/colcon'), ('ROS_VERSION', '2'), ('XDG_SESSION_CLASS', 'user'), ('USERNAME', 'dell'), ('TERM', 'xterm-256color'), ('GAZEBO_MODEL_PATH', '/usr/share/gazebo-11/models::/home/dell/ros2_feedbot_ws/install/feedbot_description/share'), ('GNOME_DESKTOP_SESSION_ID', 'this-is-deprecated'), ('ROS_LOCALHOST_ONLY', '0'), ('HISTCONTROL', 'ignoreboth'), ('OGRE_RESOURCE_PATH', '/usr/lib/x86_64-linux-gnu/OGRE-1.9.0'), ('PATH', '/opt/ros/humble/bin:/usr/lib/ccache:/home/dell/ardupilot/Tools/autotest:/opt/gcc-arm-none-eabi-10-2020-q4-major/bin:/home/dell/.local/bin:/usr/local/sbin:/usr/local/bin:/usr/sbin:/usr/bin:/sbin:/bin:/usr/games:/usr/local/games:/snap/bin:/snap/bin'), ('SESSION_MANAGER', 'local/dell:@/tmp/.ICE-unix/175661,unix/dell:/tmp/.ICE-unix/175661'), ('XDG_MENU_PREFIX', 'gnome-'), ('GNOME_TERMINAL_SCREEN', '/org/gnome/Terminal/screen/e3b64497_600a_4cec_a03c_72a1aed8aaef'), ('GNOME_SETUP_DISPLAY', ':1'), ('XDG_RUNTIME_DIR', '/run/user/1000'), ('DISPLAY', ':0'), ('LANG', 'en_US.UTF-8'), ('XDG_CURRENT_DESKTOP', 'ubuntu:GNOME'), ('RMW_IMPLEMENTATION', 'rmw_cyclonedds_cpp'), ('XMODIFIERS', '@im=ibus'), ('XDG_SESSION_DESKTOP', 'ubuntu'), ('XAUTHORITY', '/run/user/1000/.mutter-Xwaylandauth.GYXJL3'), ('GNOME_TERMINAL_SERVICE', ':1.833'), ('SSH_AGENT_LAUNCHER', 'gnome-keyring'), ('SSH_AUTH_SOCK', '/run/user/1000/keyring/ssh'), ('AMENT_PREFIX_PATH', '/home/dell/ros2_feedbot_ws/install/pid_logger:/home/dell/ros2_feedbot_ws/install/feedbot_sensors:/home/dell/ros2_feedbot_ws/install/feedbot_moveit_config:/home/dell/ros2_feedbot_ws/install/feedbot_fusion:/home/dell/ros2_feedbot_ws/install/feedbot_description:/home/dell/ros2_ws/install/open_manipulator_description:/opt/ros/humble'), ('SHELL', '/bin/bash'), ('QT_ACCESSIBILITY', '1'), ('GDMSESSION', 'ubuntu'), ('GAZEBO_RESOURCE_PATH', '/usr/share/gazebo-11::/opt/ros/humble/share:/home/dell/ros2_feedbot_ws/install/feedbot_description/share'), ('GAZEBO_MODEL_DATABASE_URI', 'http://models.gazebosim.org'), ('QT_IM_MODULE', 'ibus'), ('PWD', '/home/dell/ros2_feedbot_ws/build/feedbot_moveit_config'), ('LC_ALL', 'en_US.UTF-8'), ('XDG_CONFIG_DIRS', '/etc/xdg/xdg-ubuntu:/etc/xdg'), ('GAZEBO_PLUGIN_PATH', '/opt/ros/humble/lib:/usr/lib/x86_64-linux-gnu/gazebo-11/plugins:'), ('XDG_DATA_DIRS', '/usr/share/ubuntu:/usr/local/share/:/usr/share/:/var/lib/snapd/desktop'), ('PYTHONPATH', '/home/dell/ros2_feedbot_ws/install/pid_logger/lib/python3.10/site-packages:/home/dell/ros2_feedbot_ws/install/feedbot_sensors/lib/python3.10/site-packages:/home/dell/ros2_feedbot_ws/install/feedbot_fusion/lib/python3.10/site-packages:/opt/ros/humble/lib/python3.10/site-packages:/opt/ros/humble/local/lib/python3.10/dist-packages'), ('COLCON', '1'), ('VTE_VERSION', '6800'), ('CMAKE_PREFIX_PATH', '/home/dell/ros2_feedbot_ws/install/feedbot_description:/home/dell/ros2_feedbot_ws/install/feedbot_moveit_config:/home/dell/ros2_ws/install/open_manipulator_description:/home/dell/ros2_feedbot_ws/install/pid_logger:/home/dell/ros2_feedbot_ws/install/feedbot_sensors:/home/dell/ros2_feedbot_ws/install/feedbot_fusion:/opt/ros/humble')]), 'shell': False}
[3.407387] (feedbot_moveit_config) StdoutLine: {'line': b'-- Install configuration: ""\n'}
[3.408288] (feedbot_moveit_config) StdoutLine: {'line': b'-- Up-to-date: /home/dell/ros2_feedbot_ws/install/feedbot_moveit_config/share/ament_index/resource_index/package_run_dependencies/feedbot_moveit_config\n'}
[3.408675] (feedbot_moveit_config) StdoutLine: {'line': b'-- Up-to-date: /home/dell/ros2_feedbot_ws/install/feedbot_moveit_config/share/ament_index/resource_index/parent_prefix_path/feedbot_moveit_config\n'}
[3.408944] (feedbot_moveit_config) StdoutLine: {'line': b'-- Up-to-date: /home/dell/ros2_feedbot_ws/install/feedbot_moveit_config/share/feedbot_moveit_config/environment/ament_prefix_path.sh\n'}
[3.409123] (feedbot_moveit_config) StdoutLine: {'line': b'-- Up-to-date: /home/dell/ros2_feedbot_ws/install/feedbot_moveit_config/share/feedbot_moveit_config/environment/ament_prefix_path.dsv\n'}
[3.409326] (feedbot_moveit_config) StdoutLine: {'line': b'-- Up-to-date: /home/dell/ros2_feedbot_ws/install/feedbot_moveit_config/share/feedbot_moveit_config/environment/path.sh\n'}
[3.410502] (feedbot_moveit_config) StdoutLine: {'line': b'-- Up-to-date: /home/dell/ros2_feedbot_ws/install/feedbot_moveit_config/share/feedbot_moveit_config/environment/path.dsv\n'}
[3.411637] (feedbot_moveit_config) StdoutLine: {'line': b'-- Up-to-date: /home/dell/ros2_feedbot_ws/install/feedbot_moveit_config/share/feedbot_moveit_config/local_setup.bash\n'}
[3.412415] (feedbot_moveit_config) StdoutLine: {'line': b'-- Up-to-date: /home/dell/ros2_feedbot_ws/install/feedbot_moveit_config/share/feedbot_moveit_config/local_setup.sh\n'}
[3.413103] (feedbot_moveit_config) StdoutLine: {'line': b'-- Up-to-date: /home/dell/ros2_feedbot_ws/install/feedbot_moveit_config/share/feedbot_moveit_config/local_setup.zsh\n'}
[3.413747] (feedbot_moveit_config) StdoutLine: {'line': b'-- Up-to-date: /home/dell/ros2_feedbot_ws/install/feedbot_moveit_config/share/feedbot_moveit_config/local_setup.dsv\n'}
[3.414138] (feedbot_moveit_config) StdoutLine: {'line': b'-- Up-to-date: /home/dell/ros2_feedbot_ws/install/feedbot_moveit_config/share/feedbot_moveit_config/package.dsv\n'}
[3.414288] (feedbot_moveit_config) StdoutLine: {'line': b'-- Up-to-date: /home/dell/ros2_feedbot_ws/install/feedbot_moveit_config/share/ament_index/resource_index/packages/feedbot_moveit_config\n'}
[3.414395] (feedbot_moveit_config) StdoutLine: {'line': b'-- Up-to-date: /home/dell/ros2_feedbot_ws/install/feedbot_moveit_config/share/feedbot_moveit_config/cmake/feedbot_moveit_configConfig.cmake\n'}
[3.414490] (feedbot_moveit_config) StdoutLine: {'line': b'-- Up-to-date: /home/dell/ros2_feedbot_ws/install/feedbot_moveit_config/share/feedbot_moveit_config/cmake/feedbot_moveit_configConfig-version.cmake\n'}
[3.414609] (feedbot_moveit_config) StdoutLine: {'line': b'-- Up-to-date: /home/dell/ros2_feedbot_ws/install/feedbot_moveit_config/share/feedbot_moveit_config/package.xml\n'}
[3.414751] (feedbot_moveit_config) StdoutLine: {'line': b'-- Up-to-date: /home/dell/ros2_feedbot_ws/install/feedbot_moveit_config/share/feedbot_moveit_config/launch\n'}
[3.414836] (feedbot_moveit_config) StdoutLine: {'line': b'-- Up-to-date: /home/dell/ros2_feedbot_ws/install/feedbot_moveit_config/share/feedbot_moveit_config/launch/setup_assistant.launch.py\n'}
[3.414924] (feedbot_moveit_config) StdoutLine: {'line': b'-- Up-to-date: /home/dell/ros2_feedbot_ws/install/feedbot_moveit_config/share/feedbot_moveit_config/launch/moveit_rviz.launch.py\n'}
[3.415028] (feedbot_moveit_config) StdoutLine: {'line': b'-- Up-to-date: /home/dell/ros2_feedbot_ws/install/feedbot_moveit_config/share/feedbot_moveit_config/launch/spawn_controllers.launch.py\n'}
[3.415174] (feedbot_moveit_config) StdoutLine: {'line': b'-- Up-to-date: /home/dell/ros2_feedbot_ws/install/feedbot_moveit_config/share/feedbot_moveit_config/launch/demo.launch.py\n'}
[3.415261] (feedbot_moveit_config) StdoutLine: {'line': b'-- Up-to-date: /home/dell/ros2_feedbot_ws/install/feedbot_moveit_config/share/feedbot_moveit_config/launch/rsp.launch.py\n'}
[3.415349] (feedbot_moveit_config) StdoutLine: {'line': b'-- Up-to-date: /home/dell/ros2_feedbot_ws/install/feedbot_moveit_config/share/feedbot_moveit_config/launch/move_group.launch.py\n'}
[3.415480] (feedbot_moveit_config) StdoutLine: {'line': b'-- Up-to-date: /home/dell/ros2_feedbot_ws/install/feedbot_moveit_config/share/feedbot_moveit_config/config\n'}
[3.415645] (feedbot_moveit_config) StdoutLine: {'line': b'-- Up-to-date: /home/dell/ros2_feedbot_ws/install/feedbot_moveit_config/share/feedbot_moveit_config/config/feedbot.srdf\n'}
[3.415762] (feedbot_moveit_config) StdoutLine: {'line': b'-- Up-to-date: /home/dell/ros2_feedbot_ws/install/feedbot_moveit_config/share/feedbot_moveit_config/config/moveit_controllers.yaml\n'}
[3.415881] (feedbot_moveit_config) StdoutLine: {'line': b'-- Up-to-date: /home/dell/ros2_feedbot_ws/install/feedbot_moveit_config/share/feedbot_moveit_config/config/moveit.rviz\n'}
[3.415991] (feedbot_moveit_config) StdoutLine: {'line': b'-- Up-to-date: /home/dell/ros2_feedbot_ws/install/feedbot_moveit_config/share/feedbot_moveit_config/config/kinematics.yaml\n'}
[3.416084] (feedbot_moveit_config) StdoutLine: {'line': b'-- Up-to-date: /home/dell/ros2_feedbot_ws/install/feedbot_moveit_config/share/feedbot_moveit_config/config/joint_limits.yaml\n'}
[3.416190] (feedbot_moveit_config) StdoutLine: {'line': b'-- Up-to-date: /home/dell/ros2_feedbot_ws/install/feedbot_moveit_config/share/feedbot_moveit_config/config/pilz_cartesian_limits.yaml\n'}
[3.416279] (feedbot_moveit_config) StdoutLine: {'line': b'-- Up-to-date: /home/dell/ros2_feedbot_ws/install/feedbot_moveit_config/share/feedbot_moveit_config/.setup_assistant\n'}
[3.419522] (feedbot_moveit_config) CommandEnded: {'returncode': 0}
[3.430983] (-) TimerEvent: {}
[3.491180] (feedbot_moveit_config) JobEnded: {'identifier': 'feedbot_moveit_config', 'rc': 0}
[3.531201] (-) TimerEvent: {}
[3.631908] (-) TimerEvent: {}
[3.733033] (-) TimerEvent: {}
[3.833917] (-) TimerEvent: {}
[3.935178] (-) TimerEvent: {}
[4.035969] (-) TimerEvent: {}
[4.136671] (-) TimerEvent: {}
[4.237532] (-) TimerEvent: {}
[4.338463] (-) TimerEvent: {}
[4.434169] (feedbot_fusion) Command: {'cmd': ['/usr/bin/python3', '-W', 'ignore:setup.py install is deprecated', '-W', 'ignore:easy_install command is deprecated', 'setup.py', 'egg_info', '--egg-base', '../../build/feedbot_fusion', 'build', '--build-base', '/home/dell/ros2_feedbot_ws/build/feedbot_fusion/build', 'install', '--record', '/home/dell/ros2_feedbot_ws/build/feedbot_fusion/install.log', '--single-version-externally-managed'], 'cwd': '/home/dell/ros2_feedbot_ws/src/feedbot_fusion', 'env': {'LANGUAGE': 'en_GB:en', 'USER': 'dell', 'XDG_SESSION_TYPE': 'wayland', 'SHLVL': '1', 'LD_LIBRARY_PATH': '/usr/lib/x86_64-linux-gnu/gazebo-11/plugins:/opt/ros/humble/opt/rviz_ogre_vendor/lib:/opt/ros/humble/lib/x86_64-linux-gnu:/opt/ros/humble/lib:/usr/lib/x86_64-linux-gnu/gazebo-11/plugins:', 'HOME': '/home/dell', 'OLDPWD': '/home/dell/ros2_feedbot_ws/src/feedbot_fusion/feedbot_fusion', 'DESKTOP_SESSION': 'ubuntu', 'GAZEBO_MASTER_URI': 'http://localhost:11345', 'ROS_PYTHON_VERSION': '3', 'GNOME_SHELL_SESSION_MODE': 'ubuntu', 'GTK_MODULES': 'gail:atk-bridge', 'SYSTEMD_EXEC_PID': '515654', 'DBUS_SESSION_BUS_ADDRESS': 'unix:path=/run/user/1000/bus', 'COLORTERM': 'truecolor', 'IM_CONFIG_PHASE': '1', 'WAYLAND_DISPLAY': 'wayland-0', 'COLCON_PREFIX_PATH': '/home/dell/ros2_feedbot_ws/install:/home/dell/ros2_ws/install', 'ROS_DISTRO': 'humble', 'LOGNAME': 'dell', '_': '/usr/bin/colcon', 'ROS_VERSION': '2', 'XDG_SESSION_CLASS': 'user', 'USERNAME': 'dell', 'TERM': 'xterm-256color', 'GAZEBO_MODEL_PATH': '/usr/share/gazebo-11/models::/home/dell/ros2_feedbot_ws/install/feedbot_description/share', 'GNOME_DESKTOP_SESSION_ID': 'this-is-deprecated', 'ROS_LOCALHOST_ONLY': '0', 'HISTCONTROL': 'ignoreboth', 'OGRE_RESOURCE_PATH': '/usr/lib/x86_64-linux-gnu/OGRE-1.9.0', 'PATH': '/opt/ros/humble/bin:/usr/lib/ccache:/home/dell/ardupilot/Tools/autotest:/opt/gcc-arm-none-eabi-10-2020-q4-major/bin:/home/dell/.local/bin:/usr/local/sbin:/usr/local/bin:/usr/sbin:/usr/bin:/sbin:/bin:/usr/games:/usr/local/games:/snap/bin:/snap/bin', 'SESSION_MANAGER': 'local/dell:@/tmp/.ICE-unix/175661,unix/dell:/tmp/.ICE-unix/175661', 'XDG_MENU_PREFIX': 'gnome-', 'GNOME_TERMINAL_SCREEN': '/org/gnome/Terminal/screen/e3b64497_600a_4cec_a03c_72a1aed8aaef', 'GNOME_SETUP_DISPLAY': ':1', 'XDG_RUNTIME_DIR': '/run/user/1000', 'DISPLAY': ':0', 'LANG': 'en_US.UTF-8', 'XDG_CURRENT_DESKTOP': 'ubuntu:GNOME', 'RMW_IMPLEMENTATION': 'rmw_cyclonedds_cpp', 'XMODIFIERS': '@im=ibus', 'XDG_SESSION_DESKTOP': 'ubuntu', 'XAUTHORITY': '/run/user/1000/.mutter-Xwaylandauth.GYXJL3', 'GNOME_TERMINAL_SERVICE': ':1.833', 'SSH_AGENT_LAUNCHER': 'gnome-keyring', 'SSH_AUTH_SOCK': '/run/user/1000/keyring/ssh', 'AMENT_PREFIX_PATH': '/home/dell/ros2_feedbot_ws/install/pid_logger:/home/dell/ros2_feedbot_ws/install/feedbot_sensors:/home/dell/ros2_feedbot_ws/install/feedbot_moveit_config:/home/dell/ros2_feedbot_ws/install/feedbot_fusion:/home/dell/ros2_feedbot_ws/install/feedbot_description:/home/dell/ros2_ws/install/open_manipulator_description:/opt/ros/humble', 'SHELL': '/bin/bash', 'QT_ACCESSIBILITY': '1', 'GDMSESSION': 'ubuntu', 'GAZEBO_RESOURCE_PATH': '/usr/share/gazebo-11::/opt/ros/humble/share:/home/dell/ros2_feedbot_ws/install/feedbot_description/share', 'GAZEBO_MODEL_DATABASE_URI': 'http://models.gazebosim.org', 'QT_IM_MODULE': 'ibus', 'PWD': '/home/dell/ros2_feedbot_ws/build/feedbot_fusion', 'LC_ALL': 'en_US.UTF-8', 'XDG_CONFIG_DIRS': '/etc/xdg/xdg-ubuntu:/etc/xdg', 'GAZEBO_PLUGIN_PATH': '/opt/ros/humble/lib:/usr/lib/x86_64-linux-gnu/gazebo-11/plugins:', 'XDG_DATA_DIRS': '/usr/share/ubuntu:/usr/local/share/:/usr/share/:/var/lib/snapd/desktop', 'PYTHONPATH': '/home/dell/ros2_feedbot_ws/build/feedbot_fusion/prefix_override:/usr/lib/python3/dist-packages/colcon_core/task/python/colcon_distutils_commands:/home/dell/ros2_feedbot_ws/install/feedbot_fusion/lib/python3.10/site-packages:/home/dell/ros2_feedbot_ws/install/pid_logger/lib/python3.10/site-packages:/home/dell/ros2_feedbot_ws/install/feedbot_sensors/lib/python3.10/site-packages:/home/dell/ros2_feedbot_ws/install/feedbot_fusion/lib/python3.10/site-packages:/opt/ros/humble/lib/python3.10/site-packages:/opt/ros/humble/local/lib/python3.10/dist-packages', 'COLCON': '1', 'VTE_VERSION': '6800', 'CMAKE_PREFIX_PATH': '/home/dell/ros2_feedbot_ws/install/feedbot_moveit_config:/home/dell/ros2_feedbot_ws/install/feedbot_description:/home/dell/ros2_ws/install/open_manipulator_description'}, 'shell': False}
[4.439135] (-) TimerEvent: {}
[4.494420] (feedbot_sensors) Command: {'cmd': ['/usr/bin/python3', '-W', 'ignore:setup.py install is deprecated', '-W', 'ignore:easy_install command is deprecated', 'setup.py', 'egg_info', '--egg-base', '../build/feedbot_sensors', 'build', '--build-base', '/home/dell/ros2_feedbot_ws/build/feedbot_sensors/build', 'install', '--record', '/home/dell/ros2_feedbot_ws/build/feedbot_sensors/install.log', '--single-version-externally-managed', 'install_data'], 'cwd': '/home/dell/ros2_feedbot_ws/feedbot_sensors', 'env': {'LANGUAGE': 'en_GB:en', 'USER': 'dell', 'XDG_SESSION_TYPE': 'wayland', 'SHLVL': '1', 'LD_LIBRARY_PATH': '/usr/lib/x86_64-linux-gnu/gazebo-11/plugins:/opt/ros/humble/opt/rviz_ogre_vendor/lib:/opt/ros/humble/lib/x86_64-linux-gnu:/opt/ros/humble/lib:/usr/lib/x86_64-linux-gnu/gazebo-11/plugins:', 'HOME': '/home/dell', 'OLDPWD': '/home/dell/ros2_feedbot_ws/src/feedbot_fusion/feedbot_fusion', 'DESKTOP_SESSION': 'ubuntu', 'GAZEBO_MASTER_URI': 'http://localhost:11345', 'ROS_PYTHON_VERSION': '3', 'GNOME_SHELL_SESSION_MODE': 'ubuntu', 'GTK_MODULES': 'gail:atk-bridge', 'SYSTEMD_EXEC_PID': '515654', 'DBUS_SESSION_BUS_ADDRESS': 'unix:path=/run/user/1000/bus', 'COLORTERM': 'truecolor', 'IM_CONFIG_PHASE': '1', 'WAYLAND_DISPLAY': 'wayland-0', 'COLCON_PREFIX_PATH': '/home/dell/ros2_feedbot_ws/install:/home/dell/ros2_ws/install', 'ROS_DISTRO': 'humble', 'LOGNAME': 'dell', '_': '/usr/bin/colcon', 'ROS_VERSION': '2', 'XDG_SESSION_CLASS': 'user', 'USERNAME': 'dell', 'TERM': 'xterm-256color', 'GAZEBO_MODEL_PATH': '/usr/share/gazebo-11/models::/home/dell/ros2_feedbot_ws/install/feedbot_description/share', 'GNOME_DESKTOP_SESSION_ID': 'this-is-deprecated', 'ROS_LOCALHOST_ONLY': '0', 'HISTCONTROL': 'ignoreboth', 'OGRE_RESOURCE_PATH': '/usr/lib/x86_64-linux-gnu/OGRE-1.9.0', 'PATH': '/opt/ros/humble/bin:/usr/lib/ccache:/home/dell/ardupilot/Tools/autotest:/opt/gcc-arm-none-eabi-10-2020-q4-major/bin:/home/dell/.local/bin:/usr/local/sbin:/usr/local/bin:/usr/sbin:/usr/bin:/sbin:/bin:/usr/games:/usr/local/games:/snap/bin:/snap/bin', 'SESSION_MANAGER': 'local/dell:@/tmp/.ICE-unix/175661,unix/dell:/tmp/.ICE-unix/175661', 'XDG_MENU_PREFIX': 'gnome-', 'GNOME_TERMINAL_SCREEN': '/org/gnome/Terminal/screen/e3b64497_600a_4cec_a03c_72a1aed8aaef', 'GNOME_SETUP_DISPLAY': ':1', 'XDG_RUNTIME_DIR': '/run/user/1000', 'DISPLAY': ':0', 'LANG': 'en_US.UTF-8', 'XDG_CURRENT_DESKTOP': 'ubuntu:GNOME', 'RMW_IMPLEMENTATION': 'rmw_cyclonedds_cpp', 'XMODIFIERS': '@im=ibus', 'XDG_SESSION_DESKTOP': 'ubuntu', 'XAUTHORITY': '/run/user/1000/.mutter-Xwaylandauth.GYXJL3', 'GNOME_TERMINAL_SERVICE': ':1.833', 'SSH_AGENT_LAUNCHER': 'gnome-keyring', 'SSH_AUTH_SOCK': '/run/user/1000/keyring/ssh', 'AMENT_PREFIX_PATH': '/home/dell/ros2_feedbot_ws/install/pid_logger:/home/dell/ros2_feedbot_ws/install/feedbot_sensors:/home/dell/ros2_feedbot_ws/install/feedbot_moveit_config:/home/dell/ros2_feedbot_ws/install/feedbot_fusion:/home/dell/ros2_feedbot_ws/install/feedbot_description:/home/dell/ros2_ws/install/open_manipulator_description:/opt/ros/humble', 'SHELL': '/bin/bash', 'QT_ACCESSIBILITY': '1', 'GDMSESSION': 'ubuntu', 'GAZEBO_RESOURCE_PATH': '/usr/share/gazebo-11::/opt/ros/humble/share:/home/dell/ros2_feedbot_ws/install/feedbot_description/share', 'GAZEBO_MODEL_DATABASE_URI': 'http://models.gazebosim.org', 'QT_IM_MODULE': 'ibus', 'PWD': '/home/dell/ros2_feedbot_ws/build/feedbot_sensors', 'LC_ALL': 'en_US.UTF-8', 'XDG_CONFIG_DIRS': '/etc/xdg/xdg-ubuntu:/etc/xdg', 'GAZEBO_PLUGIN_PATH': '/opt/ros/humble/lib:/usr/lib/x86_64-linux-gnu/gazebo-11/plugins:', 'XDG_DATA_DIRS': '/usr/share/ubuntu:/usr/local/share/:/usr/share/:/var/lib/snapd/desktop', 'PYTHONPATH': '/home/dell/ros2_feedbot_ws/build/feedbot_sensors/prefix_override:/usr/lib/python3/dist-packages/colcon_core/task/python/colcon_distutils_commands:/home/dell/ros2_feedbot_ws/install/feedbot_sensors/lib/python3.10/site-packages:/home/dell/ros2_feedbot_ws/install/pid_logger/lib/python3.10/site-packages:/home/dell/ros2_feedbot_ws/install/feedbot_sensors/lib/python3.10/site-packages:/home/dell/ros2_feedbot_ws/install/feedbot_fusion/lib/python3.10/site-packages:/opt/ros/humble/lib/python3.10/site-packages:/opt/ros/humble/local/lib/python3.10/dist-packages', 'COLCON': '1', 'VTE_VERSION': '6800', 'CMAKE_PREFIX_PATH': '/home/dell/ros2_feedbot_ws/install/feedbot_moveit_config:/home/dell/ros2_feedbot_ws/install/feedbot_description:/home/dell/ros2_ws/install/open_manipulator_description'}, 'shell': False}
[4.510764] (pid_logger) Command: {'cmd': ['/usr/bin/python3', '-W', 'ignore:setup.py install is deprecated', '-W', 'ignore:easy_install command is deprecated', 'setup.py', 'egg_info', '--egg-base', '../../build/pid_logger', 'build', '--build-base', '/home/dell/ros2_feedbot_ws/build/pid_logger/build', 'install', '--record', '/home/dell/ros2_feedbot_ws/build/pid_logger/install.log', '--single-version-externally-managed', 'install_data'], 'cwd': '/home/dell/ros2_feedbot_ws/src/pid_logger', 'env': {'LANGUAGE': 'en_GB:en', 'USER': 'dell', 'XDG_SESSION_TYPE': 'wayland', 'SHLVL': '1', 'LD_LIBRARY_PATH': '/usr/lib/x86_64-linux-gnu/gazebo-11/plugins:/opt/ros/humble/opt/rviz_ogre_vendor/lib:/opt/ros/humble/lib/x86_64-linux-gnu:/opt/ros/humble/lib:/usr/lib/x86_64-linux-gnu/gazebo-11/plugins:', 'HOME': '/home/dell', 'OLDPWD': '/home/dell/ros2_feedbot_ws/src/feedbot_fusion/feedbot_fusion', 'DESKTOP_SESSION': 'ubuntu', 'GAZEBO_MASTER_URI': 'http://localhost:11345', 'ROS_PYTHON_VERSION': '3', 'GNOME_SHELL_SESSION_MODE': 'ubuntu', 'GTK_MODULES': 'gail:atk-bridge', 'SYSTEMD_EXEC_PID': '515654', 'DBUS_SESSION_BUS_ADDRESS': 'unix:path=/run/user/1000/bus', 'COLORTERM': 'truecolor', 'IM_CONFIG_PHASE': '1', 'WAYLAND_DISPLAY': 'wayland-0', 'COLCON_PREFIX_PATH': '/home/dell/ros2_feedbot_ws/install:/home/dell/ros2_ws/install', 'ROS_DISTRO': 'humble', 'LOGNAME': 'dell', '_': '/usr/bin/colcon', 'ROS_VERSION': '2', 'XDG_SESSION_CLASS': 'user', 'USERNAME': 'dell', 'TERM': 'xterm-256color', 'GAZEBO_MODEL_PATH': '/usr/share/gazebo-11/models::/home/dell/ros2_feedbot_ws/install/feedbot_description/share', 'GNOME_DESKTOP_SESSION_ID': 'this-is-deprecated', 'ROS_LOCALHOST_ONLY': '0', 'HISTCONTROL': 'ignoreboth', 'OGRE_RESOURCE_PATH': '/usr/lib/x86_64-linux-gnu/OGRE-1.9.0', 'PATH': '/opt/ros/humble/bin:/usr/lib/ccache:/home/dell/ardupilot/Tools/autotest:/opt/gcc-arm-none-eabi-10-2020-q4-major/bin:/home/dell/.local/bin:/usr/local/sbin:/usr/local/bin:/usr/sbin:/usr/bin:/sbin:/bin:/usr/games:/usr/local/games:/snap/bin:/snap/bin', 'SESSION_MANAGER': 'local/dell:@/tmp/.ICE-unix/175661,unix/dell:/tmp/.ICE-unix/175661', 'XDG_MENU_PREFIX': 'gnome-', 'GNOME_TERMINAL_SCREEN': '/org/gnome/Terminal/screen/e3b64497_600a_4cec_a03c_72a1aed8aaef', 'GNOME_SETUP_DISPLAY': ':1', 'XDG_RUNTIME_DIR': '/run/user/1000', 'DISPLAY': ':0', 'LANG': 'en_US.UTF-8', 'XDG_CURRENT_DESKTOP': 'ubuntu:GNOME', 'RMW_IMPLEMENTATION': 'rmw_cyclonedds_cpp', 'XMODIFIERS': '@im=ibus', 'XDG_SESSION_DESKTOP': 'ubuntu', 'XAUTHORITY': '/run/user/1000/.mutter-Xwaylandauth.GYXJL3', 'GNOME_TERMINAL_SERVICE': ':1.833', 'SSH_AGENT_LAUNCHER': 'gnome-keyring', 'SSH_AUTH_SOCK': '/run/user/1000/keyring/ssh', 'AMENT_PREFIX_PATH': '/home/dell/ros2_feedbot_ws/install/pid_logger:/home/dell/ros2_feedbot_ws/install/feedbot_sensors:/home/dell/ros2_feedbot_ws/install/feedbot_moveit_config:/home/dell/ros2_feedbot_ws/install/feedbot_fusion:/home/dell/ros2_feedbot_ws/install/feedbot_description:/home/dell/ros2_ws/install/open_manipulator_description:/opt/ros/humble', 'SHELL': '/bin/bash', 'QT_ACCESSIBILITY': '1', 'GDMSESSION': 'ubuntu', 'GAZEBO_RESOURCE_PATH': '/usr/share/gazebo-11::/opt/ros/humble/share:/home/dell/ros2_feedbot_ws/install/feedbot_description/share', 'GAZEBO_MODEL_DATABASE_URI': 'http://models.gazebosim.org', 'QT_IM_MODULE': 'ibus', 'PWD': '/home/dell/ros2_feedbot_ws/build/pid_logger', 'LC_ALL': 'en_US.UTF-8', 'XDG_CONFIG_DIRS': '/etc/xdg/xdg-ubuntu:/etc/xdg', 'GAZEBO_PLUGIN_PATH': '/opt/ros/humble/lib:/usr/lib/x86_64-linux-gnu/gazebo-11/plugins:', 'XDG_DATA_DIRS': '/usr/share/ubuntu:/usr/local/share/:/usr/share/:/var/lib/snapd/desktop', 'PYTHONPATH': '/home/dell/ros2_feedbot_ws/build/pid_logger/prefix_override:/usr/lib/python3/dist-packages/colcon_core/task/python/colcon_distutils_commands:/home/dell/ros2_feedbot_ws/install/pid_logger/lib/python3.10/site-packages:/home/dell/ros2_feedbot_ws/install/pid_logger/lib/python3.10/site-packages:/home/dell/ros2_feedbot_ws/install/feedbot_sensors/lib/python3.10/site-packages:/home/dell/ros2_feedbot_ws/install/feedbot_fusion/lib/python3.10/site-packages:/opt/ros/humble/lib/python3.10/site-packages:/opt/ros/humble/local/lib/python3.10/dist-packages', 'COLCON': '1', 'VTE_VERSION': '6800', 'CMAKE_PREFIX_PATH': '/home/dell/ros2_feedbot_ws/install/feedbot_moveit_config:/home/dell/ros2_feedbot_ws/install/feedbot_description:/home/dell/ros2_ws/install/open_manipulator_description'}, 'shell': False}
[4.539717] (-) TimerEvent: {}
[4.640959] (-) TimerEvent: {}
[4.741886] (-) TimerEvent: {}
[4.842566] (-) TimerEvent: {}
[4.943401] (-) TimerEvent: {}
[5.043891] (-) TimerEvent: {}
[5.144503] (-) TimerEvent: {}
[5.223714] (feedbot_fusion) StdoutLine: {'line': b'running egg_info\n'}
[5.225943] (feedbot_fusion) StdoutLine: {'line': b'writing ../../build/feedbot_fusion/feedbot_fusion.egg-info/PKG-INFO\n'}
[5.226598] (feedbot_fusion) StdoutLine: {'line': b'writing dependency_links to ../../build/feedbot_fusion/feedbot_fusion.egg-info/dependency_links.txt\n'}
[5.226987] (feedbot_fusion) StdoutLine: {'line': b'writing entry points to ../../build/feedbot_fusion/feedbot_fusion.egg-info/entry_points.txt\n'}
[5.227237] (feedbot_fusion) StdoutLine: {'line': b'writing requirements to ../../build/feedbot_fusion/feedbot_fusion.egg-info/requires.txt\n'}
[5.227375] (feedbot_fusion) StdoutLine: {'line': b'writing top-level names to ../../build/feedbot_fusion/feedbot_fusion.egg-info/top_level.txt\n'}
[5.235136] (feedbot_fusion) StdoutLine: {'line': b"reading manifest file '../../build/feedbot_fusion/feedbot_fusion.egg-info/SOURCES.txt'\n"}
[5.237502] (feedbot_fusion) StdoutLine: {'line': b"writing manifest file '../../build/feedbot_fusion/feedbot_fusion.egg-info/SOURCES.txt'\n"}
[5.238896] (feedbot_fusion) StdoutLine: {'line': b'running build\n'}
[5.239719] (feedbot_fusion) StdoutLine: {'line': b'running build_py\n'}
[5.240819] (feedbot_fusion) StdoutLine: {'line': b'copying feedbot_fusion/fusion_node.py -> /home/dell/ros2_feedbot_ws/build/feedbot_fusion/build/lib/feedbot_fusion\n'}
[5.242313] (feedbot_fusion) StdoutLine: {'line': b'running install\n'}
[5.243222] (feedbot_fusion) StdoutLine: {'line': b'running install_lib\n'}
[5.244745] (-) TimerEvent: {}
[5.246347] (feedbot_fusion) StdoutLine: {'line': b'copying /home/dell/ros2_feedbot_ws/build/feedbot_fusion/build/lib/feedbot_fusion/fusion_node.py -> /home/dell/ros2_feedbot_ws/install/feedbot_fusion/lib/python3.10/site-packages/feedbot_fusion\n'}
[5.248066] (feedbot_fusion) StdoutLine: {'line': b'byte-compiling /home/dell/ros2_feedbot_ws/install/feedbot_fusion/lib/python3.10/site-packages/feedbot_fusion/fusion_node.py to fusion_node.cpython-310.pyc\n'}
[5.250035] (feedbot_fusion) StdoutLine: {'line': b'running install_egg_info\n'}
[5.257489] (feedbot_fusion) StdoutLine: {'line': b"removing '/home/dell/ros2_feedbot_ws/install/feedbot_fusion/lib/python3.10/site-packages/feedbot_fusion-0.0.0-py3.10.egg-info' (and everything under it)\n"}
[5.258093] (feedbot_fusion) StdoutLine: {'line': b'Copying ../../build/feedbot_fusion/feedbot_fusion.egg-info to /home/dell/ros2_feedbot_ws/install/feedbot_fusion/lib/python3.10/site-packages/feedbot_fusion-0.0.0-py3.10.egg-info\n'}
[5.259302] (feedbot_fusion) StdoutLine: {'line': b'running install_scripts\n'}
[5.287255] (feedbot_sensors) StdoutLine: {'line': b'running egg_info\n'}
[5.291739] (feedbot_sensors) StdoutLine: {'line': b'writing ../build/feedbot_sensors/feedbot_sensors.egg-info/PKG-INFO\n'}
[5.292846] (feedbot_sensors) StdoutLine: {'line': b'writing dependency_links to ../build/feedbot_sensors/feedbot_sensors.egg-info/dependency_links.txt\n'}
[5.293863] (feedbot_sensors) StdoutLine: {'line': b'writing entry points to ../build/feedbot_sensors/feedbot_sensors.egg-info/entry_points.txt\n'}
[5.294612] (feedbot_sensors) StdoutLine: {'line': b'writing requirements to ../build/feedbot_sensors/feedbot_sensors.egg-info/requires.txt\n'}
[5.294926] (feedbot_sensors) StdoutLine: {'line': b'writing top-level names to ../build/feedbot_sensors/feedbot_sensors.egg-info/top_level.txt\n'}
[5.300081] (feedbot_sensors) StdoutLine: {'line': b"reading manifest file '../build/feedbot_sensors/feedbot_sensors.egg-info/SOURCES.txt'\n"}
[5.302509] (feedbot_sensors) StdoutLine: {'line': b"writing manifest file '../build/feedbot_sensors/feedbot_sensors.egg-info/SOURCES.txt'\n"}
[5.303036] (feedbot_sensors) StdoutLine: {'line': b'running build\n'}
[5.303152] (feedbot_sensors) StdoutLine: {'line': b'running build_py\n'}
[5.303787] (feedbot_sensors) StdoutLine: {'line': b'running install\n'}
[5.304410] (feedbot_sensors) StdoutLine: {'line': b'running install_lib\n'}
[5.309986] (feedbot_sensors) StdoutLine: {'line': b'running install_data\n'}
[5.311048] (feedbot_sensors) StdoutLine: {'line': b'running install_egg_info\n'}
[5.318746] (feedbot_sensors) StdoutLine: {'line': b"removing '/home/dell/ros2_feedbot_ws/install/feedbot_sensors/lib/python3.10/site-packages/feedbot_sensors-0.0.0-py3.10.egg-info' (and everything under it)\n"}
[5.319357] (feedbot_sensors) StdoutLine: {'line': b'Copying ../build/feedbot_sensors/feedbot_sensors.egg-info to /home/dell/ros2_feedbot_ws/install/feedbot_sensors/lib/python3.10/site-packages/feedbot_sensors-0.0.0-py3.10.egg-info\n'}
[5.320917] (feedbot_sensors) StdoutLine: {'line': b'running install_scripts\n'}
[5.340753] (feedbot_fusion) StdoutLine: {'line': b'Installing force_node script to /home/dell/ros2_feedbot_ws/install/feedbot_fusion/lib/feedbot_fusion\n'}
[5.341458] (feedbot_fusion) StdoutLine: {'line': b'Installing fusion_node script to /home/dell/ros2_feedbot_ws/install/feedbot_fusion/lib/feedbot_fusion\n'}
[5.341745] (feedbot_fusion) StdoutLine: {'line': b'Installing speed_controller script to /home/dell/ros2_feedbot_ws/install/feedbot_fusion/lib/feedbot_fusion\n'}
[5.341886] (feedbot_fusion) StdoutLine: {'line': b'Installing vision_node script to /home/dell/ros2_feedbot_ws/install/feedbot_fusion/lib/feedbot_fusion\n'}
[5.342451] (feedbot_fusion) StdoutLine: {'line': b"writing list of installed files to '/home/dell/ros2_feedbot_ws/build/feedbot_fusion/install.log'\n"}
[5.345016] (-) TimerEvent: {}
[5.349257] (pid_logger) StdoutLine: {'line': b'running egg_info\n'}
[5.353333] (pid_logger) StdoutLine: {'line': b'writing ../../build/pid_logger/pid_logger.egg-info/PKG-INFO\n'}
[5.354258] (pid_logger) StdoutLine: {'line': b'writing dependency_links to ../../build/pid_logger/pid_logger.egg-info/dependency_links.txt\n'}
[5.354534] (pid_logger) StdoutLine: {'line': b'writing entry points to ../../build/pid_logger/pid_logger.egg-info/entry_points.txt\n'}
[5.355304] (pid_logger) StdoutLine: {'line': b'writing requirements to ../../build/pid_logger/pid_logger.egg-info/requires.txt\n'}
[5.356250] (pid_logger) StdoutLine: {'line': b'writing top-level names to ../../build/pid_logger/pid_logger.egg-info/top_level.txt\n'}
[5.365117] (pid_logger) StdoutLine: {'line': b"reading manifest file '../../build/pid_logger/pid_logger.egg-info/SOURCES.txt'\n"}
[5.367360] (pid_logger) StdoutLine: {'line': b"writing manifest file '../../build/pid_logger/pid_logger.egg-info/SOURCES.txt'\n"}
[5.368081] (pid_logger) StdoutLine: {'line': b'running build\n'}
[5.368278] (pid_logger) StdoutLine: {'line': b'running build_py\n'}
[5.368760] (pid_logger) StdoutLine: {'line': b'running install\n'}
[5.369474] (pid_logger) StdoutLine: {'line': b'running install_lib\n'}
[5.375653] (pid_logger) StdoutLine: {'line': b'running install_data\n'}
[5.376321] (pid_logger) StdoutLine: {'line': b'running install_egg_info\n'}
[5.385860] (pid_logger) StdoutLine: {'line': b"removing '/home/dell/ros2_feedbot_ws/install/pid_logger/lib/python3.10/site-packages/pid_logger-0.0.0-py3.10.egg-info' (and everything under it)\n"}
[5.386655] (pid_logger) StdoutLine: {'line': b'Copying ../../build/pid_logger/pid_logger.egg-info to /home/dell/ros2_feedbot_ws/install/pid_logger/lib/python3.10/site-packages/pid_logger-0.0.0-py3.10.egg-info\n'}
[5.388192] (pid_logger) StdoutLine: {'line': b'running install_scripts\n'}
[5.395725] (feedbot_sensors) StdoutLine: {'line': b'Installing sensor_hub script to /home/dell/ros2_feedbot_ws/install/feedbot_sensors/lib/feedbot_sensors\n'}
[5.397031] (feedbot_sensors) StdoutLine: {'line': b"writing list of installed files to '/home/dell/ros2_feedbot_ws/build/feedbot_sensors/install.log'\n"}
[5.445186] (-) TimerEvent: {}
[5.464741] (pid_logger) StdoutLine: {'line': b'Installing pid_recorder script to /home/dell/ros2_feedbot_ws/install/pid_logger/lib/pid_logger\n'}
[5.466126] (pid_logger) StdoutLine: {'line': b"writing list of installed files to '/home/dell/ros2_feedbot_ws/build/pid_logger/install.log'\n"}
[5.545449] (-) TimerEvent: {}
[5.586625] (feedbot_fusion) CommandEnded: {'returncode': 0}
[5.613775] (feedbot_fusion) JobEnded: {'identifier': 'feedbot_fusion', 'rc': 0}
[5.624825] (feedbot_sensors) CommandEnded: {'returncode': 0}
[5.645767] (-) TimerEvent: {}
[5.651374] (feedbot_sensors) JobEnded: {'identifier': 'feedbot_sensors', 'rc': 0}
[5.692645] (pid_logger) CommandEnded: {'returncode': 0}
[5.718611] (pid_logger) JobEnded: {'identifier': 'pid_logger', 'rc': 0}
[5.722849] (-) EventReactorShutdown: {}
