running egg_info
creating ../build/feedbot_sensors/feedbot_sensors.egg-info
writing ../build/feedbot_sensors/feedbot_sensors.egg-info/PKG-INFO
writing dependency_links to ../build/feedbot_sensors/feedbot_sensors.egg-info/dependency_links.txt
writing entry points to ../build/feedbot_sensors/feedbot_sensors.egg-info/entry_points.txt
writing requirements to ../build/feedbot_sensors/feedbot_sensors.egg-info/requires.txt
writing top-level names to ../build/feedbot_sensors/feedbot_sensors.egg-info/top_level.txt
writing manifest file '../build/feedbot_sensors/feedbot_sensors.egg-info/SOURCES.txt'
reading manifest file '../build/feedbot_sensors/feedbot_sensors.egg-info/SOURCES.txt'
writing manifest file '../build/feedbot_sensors/feedbot_sensors.egg-info/SOURCES.txt'
running build
running build_py
creating /home/dell/ros2_feedbot_ws/build/feedbot_sensors/build
creating /home/dell/ros2_feedbot_ws/build/feedbot_sensors/build/lib
creating /home/dell/ros2_feedbot_ws/build/feedbot_sensors/build/lib/feedbot_sensors
copying feedbot_sensors/__init__.py -> /home/dell/ros2_feedbot_ws/build/feedbot_sensors/build/lib/feedbot_sensors
copying feedbot_sensors/sensor_hub.py -> /home/dell/ros2_feedbot_ws/build/feedbot_sensors/build/lib/feedbot_sensors
running install
running install_lib
creating /home/dell/ros2_feedbot_ws/install/feedbot_sensors/lib/python3.10/site-packages/feedbot_sensors
copying /home/dell/ros2_feedbot_ws/build/feedbot_sensors/build/lib/feedbot_sensors/__init__.py -> /home/dell/ros2_feedbot_ws/install/feedbot_sensors/lib/python3.10/site-packages/feedbot_sensors
copying /home/dell/ros2_feedbot_ws/build/feedbot_sensors/build/lib/feedbot_sensors/sensor_hub.py -> /home/dell/ros2_feedbot_ws/install/feedbot_sensors/lib/python3.10/site-packages/feedbot_sensors
byte-compiling /home/dell/ros2_feedbot_ws/install/feedbot_sensors/lib/python3.10/site-packages/feedbot_sensors/__init__.py to __init__.cpython-310.pyc
byte-compiling /home/dell/ros2_feedbot_ws/install/feedbot_sensors/lib/python3.10/site-packages/feedbot_sensors/sensor_hub.py to sensor_hub.cpython-310.pyc
running install_data
creating /home/dell/ros2_feedbot_ws/install/feedbot_sensors/share/ament_index
creating /home/dell/ros2_feedbot_ws/install/feedbot_sensors/share/ament_index/resource_index
creating /home/dell/ros2_feedbot_ws/install/feedbot_sensors/share/ament_index/resource_index/packages
copying resource/feedbot_sensors -> /home/dell/ros2_feedbot_ws/install/feedbot_sensors/share/ament_index/resource_index/packages
copying package.xml -> /home/dell/ros2_feedbot_ws/install/feedbot_sensors/share/feedbot_sensors
running install_egg_info
Copying ../build/feedbot_sensors/feedbot_sensors.egg-info to /home/dell/ros2_feedbot_ws/install/feedbot_sensors/lib/python3.10/site-packages/feedbot_sensors-0.0.0-py3.10.egg-info
running install_scripts
Installing sensor_hub script to /home/dell/ros2_feedbot_ws/install/feedbot_sensors/lib/feedbot_sensors
writing list of installed files to '/home/dell/ros2_feedbot_ws/build/feedbot_sensors/install.log'
