[1.095s] Invoking command in '/home/dell/ros2_feedbot_ws/src/feedbot_fusion': PYTHONPATH=/home/dell/ros2_feedbot_ws/build/feedbot_fusion/prefix_override:/usr/lib/python3/dist-packages/colcon_core/task/python/colcon_distutils_commands:/home/dell/ros2_feedbot_ws/install/feedbot_fusion/lib/python3.10/site-packages:${PYTHONPATH} /usr/bin/python3 -W ignore:setup.py install is deprecated -W ignore:easy_install command is deprecated setup.py egg_info --egg-base ../../build/feedbot_fusion build --build-base /home/dell/ros2_feedbot_ws/build/feedbot_fusion/build install --record /home/dell/ros2_feedbot_ws/build/feedbot_fusion/install.log --single-version-externally-managed
[1.316s] running egg_info
[1.317s] writing ../../build/feedbot_fusion/feedbot_fusion.egg-info/PKG-INFO
[1.317s] writing dependency_links to ../../build/feedbot_fusion/feedbot_fusion.egg-info/dependency_links.txt
[1.317s] writing entry points to ../../build/feedbot_fusion/feedbot_fusion.egg-info/entry_points.txt
[1.317s] writing requirements to ../../build/feedbot_fusion/feedbot_fusion.egg-info/requires.txt
[1.318s] writing top-level names to ../../build/feedbot_fusion/feedbot_fusion.egg-info/top_level.txt
[1.319s] reading manifest file '../../build/feedbot_fusion/feedbot_fusion.egg-info/SOURCES.txt'
[1.320s] writing manifest file '../../build/feedbot_fusion/feedbot_fusion.egg-info/SOURCES.txt'
[1.320s] running build
[1.320s] running build_py
[1.321s] copying feedbot_fusion/vision_node.py -> /home/dell/ros2_feedbot_ws/build/feedbot_fusion/build/lib/feedbot_fusion
[1.321s] running install
[1.321s] running install_lib
[1.322s] copying /home/dell/ros2_feedbot_ws/build/feedbot_fusion/build/lib/feedbot_fusion/vision_node.py -> /home/dell/ros2_feedbot_ws/install/feedbot_fusion/lib/python3.10/site-packages/feedbot_fusion
[1.323s] byte-compiling /home/dell/ros2_feedbot_ws/install/feedbot_fusion/lib/python3.10/site-packages/feedbot_fusion/vision_node.py to vision_node.cpython-310.pyc
[1.324s] running install_egg_info
[1.326s] removing '/home/dell/ros2_feedbot_ws/install/feedbot_fusion/lib/python3.10/site-packages/feedbot_fusion-0.0.0-py3.10.egg-info' (and everything under it)
[1.326s] Copying ../../build/feedbot_fusion/feedbot_fusion.egg-info to /home/dell/ros2_feedbot_ws/install/feedbot_fusion/lib/python3.10/site-packages/feedbot_fusion-0.0.0-py3.10.egg-info
[1.327s] running install_scripts
[1.343s] Installing feeding_fsm script to /home/dell/ros2_feedbot_ws/install/feedbot_fusion/lib/feedbot_fusion
[1.344s] Installing force_node script to /home/dell/ros2_feedbot_ws/install/feedbot_fusion/lib/feedbot_fusion
[1.344s] Installing fusion_node script to /home/dell/ros2_feedbot_ws/install/feedbot_fusion/lib/feedbot_fusion
[1.344s] Installing speed_controller script to /home/dell/ros2_feedbot_ws/install/feedbot_fusion/lib/feedbot_fusion
[1.344s] Installing vision_node script to /home/dell/ros2_feedbot_ws/install/feedbot_fusion/lib/feedbot_fusion
[1.344s] writing list of installed files to '/home/dell/ros2_feedbot_ws/build/feedbot_fusion/install.log'
[1.374s] Invoked command in '/home/dell/ros2_feedbot_ws/src/feedbot_fusion' returned '0': PYTHONPATH=/home/dell/ros2_feedbot_ws/build/feedbot_fusion/prefix_override:/usr/lib/python3/dist-packages/colcon_core/task/python/colcon_distutils_commands:/home/dell/ros2_feedbot_ws/install/feedbot_fusion/lib/python3.10/site-packages:${PYTHONPATH} /usr/bin/python3 -W ignore:setup.py install is deprecated -W ignore:easy_install command is deprecated setup.py egg_info --egg-base ../../build/feedbot_fusion build --build-base /home/dell/ros2_feedbot_ws/build/feedbot_fusion/build install --record /home/dell/ros2_feedbot_ws/build/feedbot_fusion/install.log --single-version-externally-managed
