[0.000000] (-) TimerEvent: {}
[0.002561] (feedbot_description) JobQueued: {'identifier': 'feedbot_description', 'dependencies': OrderedDict()}
[0.002928] (feedbot_fusion) JobQueued: {'identifier': 'feedbot_fusion', 'dependencies': OrderedDict()}
[0.003032] (feedbot_sensors) JobQueued: {'identifier': 'feedbot_sensors', 'dependencies': OrderedDict()}
[0.004279] (pid_logger) JobQueued: {'identifier': 'pid_logger', 'dependencies': OrderedDict()}
[0.004577] (feedbot_moveit_config) JobQueued: {'identifier': 'feedbot_moveit_config', 'dependencies': OrderedDict([('feedbot_description', '/home/dell/ros2_feedbot_ws/install/feedbot_description')])}
[0.004629] (feedbot_description) JobStarted: {'identifier': 'feedbot_description'}
[0.038972] (feedbot_fusion) JobStarted: {'identifier': 'feedbot_fusion'}
[0.064826] (feedbot_sensors) JobStarted: {'identifier': 'feedbot_sensors'}
[0.088176] (pid_logger) JobStarted: {'identifier': 'pid_logger'}
[0.096770] (-) TimerEvent: {}
[0.116991] (feedbot_description) JobProgress: {'identifier': 'feedbot_description', 'progress': 'cmake'}
[0.119478] (feedbot_description) JobProgress: {'identifier': 'feedbot_description', 'progress': 'build'}
[0.121794] (feedbot_description) Command: {'cmd': ['/usr/bin/cmake', '--build', '/home/dell/ros2_feedbot_ws/build/feedbot_description', '--', '-j12', '-l12'], 'cwd': '/home/dell/ros2_feedbot_ws/build/feedbot_description', 'env': OrderedDict([('LANGUAGE', 'en_GB:en'), ('USER', 'dell'), ('XDG_SESSION_TYPE', 'wayland'), ('SHLVL', '1'), ('LD_LIBRARY_PATH', '/usr/lib/x86_64-linux-gnu/gazebo-11/plugins:/opt/ros/humble/opt/rviz_ogre_vendor/lib:/opt/ros/humble/lib/x86_64-linux-gnu:/opt/ros/humble/lib:/usr/lib/x86_64-linux-gnu/gazebo-11/plugins:'), ('HOME', '/home/dell'), ('OLDPWD', '/home/dell'), ('DESKTOP_SESSION', 'ubuntu'), ('GAZEBO_MASTER_URI', 'http://localhost:11345'), ('ROS_PYTHON_VERSION', '3'), ('GNOME_SHELL_SESSION_MODE', 'ubuntu'), ('GTK_MODULES', 'gail:atk-bridge'), ('SYSTEMD_EXEC_PID', '515654'), ('DBUS_SESSION_BUS_ADDRESS', 'unix:path=/run/user/1000/bus'), ('COLORTERM', 'truecolor'), ('IM_CONFIG_PHASE', '1'), ('WAYLAND_DISPLAY', 'wayland-0'), ('COLCON_PREFIX_PATH', '/home/dell/ros2_feedbot_ws/install:/home/dell/ros2_ws/install'), ('ROS_DISTRO', 'humble'), ('LOGNAME', 'dell'), ('_', '/usr/bin/colcon'), ('ROS_VERSION', '2'), ('XDG_SESSION_CLASS', 'user'), ('USERNAME', 'dell'), ('TERM', 'xterm-256color'), ('GAZEBO_MODEL_PATH', '/usr/share/gazebo-11/models::/home/dell/ros2_feedbot_ws/install/feedbot_description/share'), ('GNOME_DESKTOP_SESSION_ID', 'this-is-deprecated'), ('ROS_LOCALHOST_ONLY', '0'), ('HISTCONTROL', 'ignoreboth'), ('OGRE_RESOURCE_PATH', '/usr/lib/x86_64-linux-gnu/OGRE-1.9.0'), ('PATH', '/opt/ros/humble/bin:/usr/lib/ccache:/home/dell/ardupilot/Tools/autotest:/opt/gcc-arm-none-eabi-10-2020-q4-major/bin:/home/dell/.local/bin:/usr/local/sbin:/usr/local/bin:/usr/sbin:/usr/bin:/sbin:/bin:/usr/games:/usr/local/games:/snap/bin:/snap/bin'), ('SESSION_MANAGER', 'local/dell:@/tmp/.ICE-unix/175661,unix/dell:/tmp/.ICE-unix/175661'), ('XDG_MENU_PREFIX', 'gnome-'), ('GNOME_TERMINAL_SCREEN', '/org/gnome/Terminal/screen/efeae8ee_d77e_4536_a204_99c1c9fd19da'), ('GNOME_SETUP_DISPLAY', ':1'), ('XDG_RUNTIME_DIR', '/run/user/1000'), ('DISPLAY', ':0'), ('LANG', 'en_US.UTF-8'), ('XDG_CURRENT_DESKTOP', 'ubuntu:GNOME'), ('RMW_IMPLEMENTATION', 'rmw_cyclonedds_cpp'), ('XMODIFIERS', '@im=ibus'), ('XDG_SESSION_DESKTOP', 'ubuntu'), ('XAUTHORITY', '/run/user/1000/.mutter-Xwaylandauth.GYXJL3'), ('GNOME_TERMINAL_SERVICE', ':1.833'), ('SSH_AGENT_LAUNCHER', 'gnome-keyring'), ('SSH_AUTH_SOCK', '/run/user/1000/keyring/ssh'), ('AMENT_PREFIX_PATH', '/home/dell/ros2_feedbot_ws/install/pid_logger:/home/dell/ros2_feedbot_ws/install/feedbot_sensors:/home/dell/ros2_feedbot_ws/install/feedbot_moveit_config:/home/dell/ros2_feedbot_ws/install/feedbot_fusion:/home/dell/ros2_feedbot_ws/install/feedbot_description:/home/dell/ros2_ws/install/open_manipulator_description:/opt/ros/humble'), ('SHELL', '/bin/bash'), ('QT_ACCESSIBILITY', '1'), ('GDMSESSION', 'ubuntu'), ('GAZEBO_RESOURCE_PATH', '/usr/share/gazebo-11::/opt/ros/humble/share:/home/dell/ros2_feedbot_ws/install/feedbot_description/share'), ('GAZEBO_MODEL_DATABASE_URI', 'http://models.gazebosim.org'), ('QT_IM_MODULE', 'ibus'), ('PWD', '/home/dell/ros2_feedbot_ws/build/feedbot_description'), ('LC_ALL', 'en_US.UTF-8'), ('XDG_CONFIG_DIRS', '/etc/xdg/xdg-ubuntu:/etc/xdg'), ('GAZEBO_PLUGIN_PATH', '/opt/ros/humble/lib:/usr/lib/x86_64-linux-gnu/gazebo-11/plugins:'), ('XDG_DATA_DIRS', '/usr/share/ubuntu:/usr/local/share/:/usr/share/:/var/lib/snapd/desktop'), ('PYTHONPATH', '/home/dell/ros2_feedbot_ws/install/pid_logger/lib/python3.10/site-packages:/home/dell/ros2_feedbot_ws/install/feedbot_sensors/lib/python3.10/site-packages:/home/dell/ros2_feedbot_ws/install/feedbot_fusion/lib/python3.10/site-packages:/opt/ros/humble/lib/python3.10/site-packages:/opt/ros/humble/local/lib/python3.10/dist-packages'), ('COLCON', '1'), ('VTE_VERSION', '6800'), ('CMAKE_PREFIX_PATH', '/home/dell/ros2_feedbot_ws/install/feedbot_moveit_config:/home/dell/ros2_feedbot_ws/install/feedbot_description:/home/dell/ros2_ws/install/open_manipulator_description:/home/dell/ros2_feedbot_ws/install/pid_logger:/home/dell/ros2_feedbot_ws/install/feedbot_sensors:/home/dell/ros2_feedbot_ws/install/feedbot_fusion:/opt/ros/humble')]), 'shell': False}
[0.197000] (-) TimerEvent: {}
[0.297851] (-) TimerEvent: {}
[0.399003] (-) TimerEvent: {}
[0.500346] (-) TimerEvent: {}
[0.601088] (-) TimerEvent: {}
[0.701974] (-) TimerEvent: {}
[0.802882] (-) TimerEvent: {}
[0.904342] (-) TimerEvent: {}
[1.005428] (-) TimerEvent: {}
[1.106880] (-) TimerEvent: {}
[1.207762] (-) TimerEvent: {}
[1.309784] (-) TimerEvent: {}
[1.410763] (-) TimerEvent: {}
[1.511842] (-) TimerEvent: {}
[1.612729] (-) TimerEvent: {}
[1.713778] (-) TimerEvent: {}
[1.814786] (-) TimerEvent: {}
[1.915531] (-) TimerEvent: {}
[2.016284] (-) TimerEvent: {}
[2.117301] (-) TimerEvent: {}
[2.218553] (-) TimerEvent: {}
[2.319194] (-) TimerEvent: {}
[2.419836] (-) TimerEvent: {}
[2.520536] (-) TimerEvent: {}
[2.621233] (-) TimerEvent: {}
[2.722234] (-) TimerEvent: {}
[2.779360] (feedbot_description) CommandEnded: {'returncode': 0}
[2.783278] (feedbot_description) JobProgress: {'identifier': 'feedbot_description', 'progress': 'install'}
[2.816054] (feedbot_description) Command: {'cmd': ['/usr/bin/cmake', '--install', '/home/dell/ros2_feedbot_ws/build/feedbot_description'], 'cwd': '/home/dell/ros2_feedbot_ws/build/feedbot_description', 'env': OrderedDict([('LANGUAGE', 'en_GB:en'), ('USER', 'dell'), ('XDG_SESSION_TYPE', 'wayland'), ('SHLVL', '1'), ('LD_LIBRARY_PATH', '/usr/lib/x86_64-linux-gnu/gazebo-11/plugins:/opt/ros/humble/opt/rviz_ogre_vendor/lib:/opt/ros/humble/lib/x86_64-linux-gnu:/opt/ros/humble/lib:/usr/lib/x86_64-linux-gnu/gazebo-11/plugins:'), ('HOME', '/home/dell'), ('OLDPWD', '/home/dell'), ('DESKTOP_SESSION', 'ubuntu'), ('GAZEBO_MASTER_URI', 'http://localhost:11345'), ('ROS_PYTHON_VERSION', '3'), ('GNOME_SHELL_SESSION_MODE', 'ubuntu'), ('GTK_MODULES', 'gail:atk-bridge'), ('SYSTEMD_EXEC_PID', '515654'), ('DBUS_SESSION_BUS_ADDRESS', 'unix:path=/run/user/1000/bus'), ('COLORTERM', 'truecolor'), ('IM_CONFIG_PHASE', '1'), ('WAYLAND_DISPLAY', 'wayland-0'), ('COLCON_PREFIX_PATH', '/home/dell/ros2_feedbot_ws/install:/home/dell/ros2_ws/install'), ('ROS_DISTRO', 'humble'), ('LOGNAME', 'dell'), ('_', '/usr/bin/colcon'), ('ROS_VERSION', '2'), ('XDG_SESSION_CLASS', 'user'), ('USERNAME', 'dell'), ('TERM', 'xterm-256color'), ('GAZEBO_MODEL_PATH', '/usr/share/gazebo-11/models::/home/dell/ros2_feedbot_ws/install/feedbot_description/share'), ('GNOME_DESKTOP_SESSION_ID', 'this-is-deprecated'), ('ROS_LOCALHOST_ONLY', '0'), ('HISTCONTROL', 'ignoreboth'), ('OGRE_RESOURCE_PATH', '/usr/lib/x86_64-linux-gnu/OGRE-1.9.0'), ('PATH', '/opt/ros/humble/bin:/usr/lib/ccache:/home/dell/ardupilot/Tools/autotest:/opt/gcc-arm-none-eabi-10-2020-q4-major/bin:/home/dell/.local/bin:/usr/local/sbin:/usr/local/bin:/usr/sbin:/usr/bin:/sbin:/bin:/usr/games:/usr/local/games:/snap/bin:/snap/bin'), ('SESSION_MANAGER', 'local/dell:@/tmp/.ICE-unix/175661,unix/dell:/tmp/.ICE-unix/175661'), ('XDG_MENU_PREFIX', 'gnome-'), ('GNOME_TERMINAL_SCREEN', '/org/gnome/Terminal/screen/efeae8ee_d77e_4536_a204_99c1c9fd19da'), ('GNOME_SETUP_DISPLAY', ':1'), ('XDG_RUNTIME_DIR', '/run/user/1000'), ('DISPLAY', ':0'), ('LANG', 'en_US.UTF-8'), ('XDG_CURRENT_DESKTOP', 'ubuntu:GNOME'), ('RMW_IMPLEMENTATION', 'rmw_cyclonedds_cpp'), ('XMODIFIERS', '@im=ibus'), ('XDG_SESSION_DESKTOP', 'ubuntu'), ('XAUTHORITY', '/run/user/1000/.mutter-Xwaylandauth.GYXJL3'), ('GNOME_TERMINAL_SERVICE', ':1.833'), ('SSH_AGENT_LAUNCHER', 'gnome-keyring'), ('SSH_AUTH_SOCK', '/run/user/1000/keyring/ssh'), ('AMENT_PREFIX_PATH', '/home/dell/ros2_feedbot_ws/install/pid_logger:/home/dell/ros2_feedbot_ws/install/feedbot_sensors:/home/dell/ros2_feedbot_ws/install/feedbot_moveit_config:/home/dell/ros2_feedbot_ws/install/feedbot_fusion:/home/dell/ros2_feedbot_ws/install/feedbot_description:/home/dell/ros2_ws/install/open_manipulator_description:/opt/ros/humble'), ('SHELL', '/bin/bash'), ('QT_ACCESSIBILITY', '1'), ('GDMSESSION', 'ubuntu'), ('GAZEBO_RESOURCE_PATH', '/usr/share/gazebo-11::/opt/ros/humble/share:/home/dell/ros2_feedbot_ws/install/feedbot_description/share'), ('GAZEBO_MODEL_DATABASE_URI', 'http://models.gazebosim.org'), ('QT_IM_MODULE', 'ibus'), ('PWD', '/home/dell/ros2_feedbot_ws/build/feedbot_description'), ('LC_ALL', 'en_US.UTF-8'), ('XDG_CONFIG_DIRS', '/etc/xdg/xdg-ubuntu:/etc/xdg'), ('GAZEBO_PLUGIN_PATH', '/opt/ros/humble/lib:/usr/lib/x86_64-linux-gnu/gazebo-11/plugins:'), ('XDG_DATA_DIRS', '/usr/share/ubuntu:/usr/local/share/:/usr/share/:/var/lib/snapd/desktop'), ('PYTHONPATH', '/home/dell/ros2_feedbot_ws/install/pid_logger/lib/python3.10/site-packages:/home/dell/ros2_feedbot_ws/install/feedbot_sensors/lib/python3.10/site-packages:/home/dell/ros2_feedbot_ws/install/feedbot_fusion/lib/python3.10/site-packages:/opt/ros/humble/lib/python3.10/site-packages:/opt/ros/humble/local/lib/python3.10/dist-packages'), ('COLCON', '1'), ('VTE_VERSION', '6800'), ('CMAKE_PREFIX_PATH', '/home/dell/ros2_feedbot_ws/install/feedbot_moveit_config:/home/dell/ros2_feedbot_ws/install/feedbot_description:/home/dell/ros2_ws/install/open_manipulator_description:/home/dell/ros2_feedbot_ws/install/pid_logger:/home/dell/ros2_feedbot_ws/install/feedbot_sensors:/home/dell/ros2_feedbot_ws/install/feedbot_fusion:/opt/ros/humble')]), 'shell': False}
[2.822565] (-) TimerEvent: {}
[2.844085] (feedbot_description) StdoutLine: {'line': b'-- Install configuration: ""\n'}
[2.846471] (feedbot_description) StdoutLine: {'line': b'-- Up-to-date: /home/dell/ros2_feedbot_ws/install/feedbot_description/share/feedbot_description/launch\n'}
[2.849270] (feedbot_description) StdoutLine: {'line': b'-- Up-to-date: /home/dell/ros2_feedbot_ws/install/feedbot_description/share/feedbot_description/launch/gazebo.launch.py\n'}
[2.852704] (feedbot_description) StdoutLine: {'line': b'-- Up-to-date: /home/dell/ros2_feedbot_ws/install/feedbot_description/share/feedbot_description/launch/control_rviz.launch.py\n'}
[2.854213] (feedbot_description) StdoutLine: {'line': b'-- Up-to-date: /home/dell/ros2_feedbot_ws/install/feedbot_description/share/feedbot_description/launch/bringup.launch.py\n'}
[2.854620] (feedbot_description) StdoutLine: {'line': b'-- Up-to-date: /home/dell/ros2_feedbot_ws/install/feedbot_description/share/feedbot_description/launch/urdf_debug.launch.py\n'}
[2.854832] (feedbot_description) StdoutLine: {'line': b'-- Up-to-date: /home/dell/ros2_feedbot_ws/install/feedbot_description/share/feedbot_description/urdf\n'}
[2.854988] (feedbot_description) StdoutLine: {'line': b'-- Up-to-date: /home/dell/ros2_feedbot_ws/install/feedbot_description/share/feedbot_description/urdf/test.urdf\n'}
[2.855123] (feedbot_description) StdoutLine: {'line': b'-- Up-to-date: /home/dell/ros2_feedbot_ws/install/feedbot_description/share/feedbot_description/urdf/my_robot.urdf\n'}
[2.855296] (feedbot_description) StdoutLine: {'line': b'-- Up-to-date: /home/dell/ros2_feedbot_ws/install/feedbot_description/share/feedbot_description/urdf/my_robot.urdf.xacro\n'}
[2.855452] (feedbot_description) StdoutLine: {'line': b'-- Up-to-date: /home/dell/ros2_feedbot_ws/install/feedbot_description/share/feedbot_description/config\n'}
[2.855685] (feedbot_description) StdoutLine: {'line': b'-- Up-to-date: /home/dell/ros2_feedbot_ws/install/feedbot_description/share/feedbot_description/config/controllers_untuned.yaml\n'}
[2.855826] (feedbot_description) StdoutLine: {'line': b'-- Up-to-date: /home/dell/ros2_feedbot_ws/install/feedbot_description/share/feedbot_description/config/pid_controllers.yaml\n'}
[2.855983] (feedbot_description) StdoutLine: {'line': b'-- Up-to-date: /home/dell/ros2_feedbot_ws/install/feedbot_description/share/feedbot_description/config/controllers.yaml\n'}
[2.856129] (feedbot_description) StdoutLine: {'line': b'-- Up-to-date: /home/dell/ros2_feedbot_ws/install/feedbot_description/share/feedbot_description/config/ros2_control.yaml\n'}
[2.856357] (feedbot_description) StdoutLine: {'line': b'-- Up-to-date: /home/dell/ros2_feedbot_ws/install/feedbot_description/share/feedbot_description/config/controllers_tuned.yaml\n'}
[2.856494] (feedbot_description) StdoutLine: {'line': b'-- Up-to-date: /home/dell/ros2_feedbot_ws/install/feedbot_description/share/feedbot_description/config/gazebo_controllers.yaml\n'}
[2.856624] (feedbot_description) StdoutLine: {'line': b'-- Up-to-date: /home/dell/ros2_feedbot_ws/install/feedbot_description/share/feedbot_description/rviz\n'}
[2.856763] (feedbot_description) StdoutLine: {'line': b'-- Up-to-date: /home/dell/ros2_feedbot_ws/install/feedbot_description/share/feedbot_description/rviz/control.rviz\n'}
[2.856901] (feedbot_description) StdoutLine: {'line': b'-- Up-to-date: /home/dell/ros2_feedbot_ws/install/feedbot_description/share/feedbot_description/meshes\n'}
[2.857065] (feedbot_description) StdoutLine: {'line': b'-- Up-to-date: /home/dell/ros2_feedbot_ws/install/feedbot_description/share/feedbot_description/meshes/base.stl\n'}
[2.857282] (feedbot_description) StdoutLine: {'line': b'-- Up-to-date: /home/dell/ros2_feedbot_ws/install/feedbot_description/share/feedbot_description/meshes/plate.stl\n'}
[2.857424] (feedbot_description) StdoutLine: {'line': b'-- Up-to-date: /home/dell/ros2_feedbot_ws/install/feedbot_description/share/feedbot_description/meshes/table.stl\n'}
[2.857553] (feedbot_description) StdoutLine: {'line': b'-- Up-to-date: /home/dell/ros2_feedbot_ws/install/feedbot_description/share/feedbot_description/meshes/link3.stl\n'}
[2.857688] (feedbot_description) StdoutLine: {'line': b'-- Up-to-date: /home/dell/ros2_feedbot_ws/install/feedbot_description/share/feedbot_description/meshes/mouth_open.stl\n'}
[2.857837] (feedbot_description) StdoutLine: {'line': b'-- Up-to-date: /home/dell/ros2_feedbot_ws/install/feedbot_description/share/feedbot_description/meshes/apple.stl\n'}
[2.858321] (feedbot_description) StdoutLine: {'line': b'-- Up-to-date: /home/dell/ros2_feedbot_ws/install/feedbot_description/share/feedbot_description/meshes/feeder_head.stl\n'}
[2.858750] (feedbot_description) StdoutLine: {'line': b'-- Up-to-date: /home/dell/ros2_feedbot_ws/install/feedbot_description/share/feedbot_description/meshes/link2.stl\n'}
[2.858858] (feedbot_description) StdoutLine: {'line': b'-- Up-to-date: /home/dell/ros2_feedbot_ws/install/feedbot_description/share/feedbot_description/meshes/strawberry.stl\n'}
[2.858928] (feedbot_description) StdoutLine: {'line': b'-- Up-to-date: /home/dell/ros2_feedbot_ws/install/feedbot_description/share/feedbot_description/meshes/link1.stl\n'}
[2.858988] (feedbot_description) StdoutLine: {'line': b'-- Up-to-date: /home/dell/ros2_feedbot_ws/install/feedbot_description/share/feedbot_description/worlds\n'}
[2.859054] (feedbot_description) StdoutLine: {'line': b'-- Up-to-date: /home/dell/ros2_feedbot_ws/install/feedbot_description/share/feedbot_description/worlds/empty.world\n'}
[2.859115] (feedbot_description) StdoutLine: {'line': b'-- Up-to-date: /home/dell/ros2_feedbot_ws/install/feedbot_description/lib/feedbot_description/step_test_all_joints.py\n'}
[2.859204] (feedbot_description) StdoutLine: {'line': b'-- Up-to-date: /home/dell/ros2_feedbot_ws/install/feedbot_description/lib/feedbot_description/step_test_joint.py\n'}
[2.859467] (feedbot_description) StdoutLine: {'line': b'-- Up-to-date: /home/dell/ros2_feedbot_ws/install/feedbot_description/share/ament_index/resource_index/package_run_dependencies/feedbot_description\n'}
[2.859551] (feedbot_description) StdoutLine: {'line': b'-- Up-to-date: /home/dell/ros2_feedbot_ws/install/feedbot_description/share/ament_index/resource_index/parent_prefix_path/feedbot_description\n'}
[2.860371] (feedbot_description) StdoutLine: {'line': b'-- Up-to-date: /home/dell/ros2_feedbot_ws/install/feedbot_description/share/feedbot_description/environment/ament_prefix_path.sh\n'}
[2.862282] (feedbot_description) StdoutLine: {'line': b'-- Up-to-date: /home/dell/ros2_feedbot_ws/install/feedbot_description/share/feedbot_description/environment/ament_prefix_path.dsv\n'}
[2.862558] (feedbot_description) StdoutLine: {'line': b'-- Up-to-date: /home/dell/ros2_feedbot_ws/install/feedbot_description/share/feedbot_description/environment/path.sh\n'}
[2.862710] (feedbot_description) StdoutLine: {'line': b'-- Up-to-date: /home/dell/ros2_feedbot_ws/install/feedbot_description/share/feedbot_description/environment/path.dsv\n'}
[2.862811] (feedbot_description) StdoutLine: {'line': b'-- Up-to-date: /home/dell/ros2_feedbot_ws/install/feedbot_description/share/feedbot_description/local_setup.bash\n'}
[2.862917] (feedbot_description) StdoutLine: {'line': b'-- Up-to-date: /home/dell/ros2_feedbot_ws/install/feedbot_description/share/feedbot_description/local_setup.sh\n'}
[2.863012] (feedbot_description) StdoutLine: {'line': b'-- Up-to-date: /home/dell/ros2_feedbot_ws/install/feedbot_description/share/feedbot_description/local_setup.zsh\n'}
[2.863112] (feedbot_description) StdoutLine: {'line': b'-- Up-to-date: /home/dell/ros2_feedbot_ws/install/feedbot_description/share/feedbot_description/local_setup.dsv\n'}
[2.863251] (feedbot_description) StdoutLine: {'line': b'-- Installing: /home/dell/ros2_feedbot_ws/install/feedbot_description/share/feedbot_description/package.dsv\n'}
[2.863341] (feedbot_description) StdoutLine: {'line': b'-- Up-to-date: /home/dell/ros2_feedbot_ws/install/feedbot_description/share/ament_index/resource_index/packages/feedbot_description\n'}
[2.863431] (feedbot_description) StdoutLine: {'line': b'-- Up-to-date: /home/dell/ros2_feedbot_ws/install/feedbot_description/share/feedbot_description/cmake/feedbot_descriptionConfig.cmake\n'}
[2.863518] (feedbot_description) StdoutLine: {'line': b'-- Up-to-date: /home/dell/ros2_feedbot_ws/install/feedbot_description/share/feedbot_description/cmake/feedbot_descriptionConfig-version.cmake\n'}
[2.863660] (feedbot_description) StdoutLine: {'line': b'-- Up-to-date: /home/dell/ros2_feedbot_ws/install/feedbot_description/share/feedbot_description/package.xml\n'}
[2.863749] (feedbot_description) CommandEnded: {'returncode': 0}
[2.923752] (-) TimerEvent: {}
[2.947899] (feedbot_description) JobEnded: {'identifier': 'feedbot_description', 'rc': 0}
[2.952526] (feedbot_moveit_config) JobStarted: {'identifier': 'feedbot_moveit_config'}
[2.977242] (feedbot_moveit_config) JobProgress: {'identifier': 'feedbot_moveit_config', 'progress': 'cmake'}
[2.980823] (feedbot_moveit_config) JobProgress: {'identifier': 'feedbot_moveit_config', 'progress': 'build'}
[2.982672] (feedbot_moveit_config) Command: {'cmd': ['/usr/bin/cmake', '--build', '/home/dell/ros2_feedbot_ws/build/feedbot_moveit_config', '--', '-j12', '-l12'], 'cwd': '/home/dell/ros2_feedbot_ws/build/feedbot_moveit_config', 'env': OrderedDict([('LANGUAGE', 'en_GB:en'), ('USER', 'dell'), ('XDG_SESSION_TYPE', 'wayland'), ('SHLVL', '1'), ('LD_LIBRARY_PATH', '/usr/lib/x86_64-linux-gnu/gazebo-11/plugins:/opt/ros/humble/opt/rviz_ogre_vendor/lib:/opt/ros/humble/lib/x86_64-linux-gnu:/opt/ros/humble/lib:/usr/lib/x86_64-linux-gnu/gazebo-11/plugins:'), ('HOME', '/home/dell'), ('OLDPWD', '/home/dell'), ('DESKTOP_SESSION', 'ubuntu'), ('GAZEBO_MASTER_URI', 'http://localhost:11345'), ('ROS_PYTHON_VERSION', '3'), ('GNOME_SHELL_SESSION_MODE', 'ubuntu'), ('GTK_MODULES', 'gail:atk-bridge'), ('SYSTEMD_EXEC_PID', '515654'), ('DBUS_SESSION_BUS_ADDRESS', 'unix:path=/run/user/1000/bus'), ('COLORTERM', 'truecolor'), ('IM_CONFIG_PHASE', '1'), ('WAYLAND_DISPLAY', 'wayland-0'), ('COLCON_PREFIX_PATH', '/home/dell/ros2_feedbot_ws/install:/home/dell/ros2_ws/install'), ('ROS_DISTRO', 'humble'), ('LOGNAME', 'dell'), ('_', '/usr/bin/colcon'), ('ROS_VERSION', '2'), ('XDG_SESSION_CLASS', 'user'), ('USERNAME', 'dell'), ('TERM', 'xterm-256color'), ('GAZEBO_MODEL_PATH', '/usr/share/gazebo-11/models::/home/dell/ros2_feedbot_ws/install/feedbot_description/share'), ('GNOME_DESKTOP_SESSION_ID', 'this-is-deprecated'), ('ROS_LOCALHOST_ONLY', '0'), ('HISTCONTROL', 'ignoreboth'), ('OGRE_RESOURCE_PATH', '/usr/lib/x86_64-linux-gnu/OGRE-1.9.0'), ('PATH', '/opt/ros/humble/bin:/usr/lib/ccache:/home/dell/ardupilot/Tools/autotest:/opt/gcc-arm-none-eabi-10-2020-q4-major/bin:/home/dell/.local/bin:/usr/local/sbin:/usr/local/bin:/usr/sbin:/usr/bin:/sbin:/bin:/usr/games:/usr/local/games:/snap/bin:/snap/bin'), ('SESSION_MANAGER', 'local/dell:@/tmp/.ICE-unix/175661,unix/dell:/tmp/.ICE-unix/175661'), ('XDG_MENU_PREFIX', 'gnome-'), ('GNOME_TERMINAL_SCREEN', '/org/gnome/Terminal/screen/efeae8ee_d77e_4536_a204_99c1c9fd19da'), ('GNOME_SETUP_DISPLAY', ':1'), ('XDG_RUNTIME_DIR', '/run/user/1000'), ('DISPLAY', ':0'), ('LANG', 'en_US.UTF-8'), ('XDG_CURRENT_DESKTOP', 'ubuntu:GNOME'), ('RMW_IMPLEMENTATION', 'rmw_cyclonedds_cpp'), ('XMODIFIERS', '@im=ibus'), ('XDG_SESSION_DESKTOP', 'ubuntu'), ('XAUTHORITY', '/run/user/1000/.mutter-Xwaylandauth.GYXJL3'), ('GNOME_TERMINAL_SERVICE', ':1.833'), ('SSH_AGENT_LAUNCHER', 'gnome-keyring'), ('SSH_AUTH_SOCK', '/run/user/1000/keyring/ssh'), ('AMENT_PREFIX_PATH', '/home/dell/ros2_feedbot_ws/install/pid_logger:/home/dell/ros2_feedbot_ws/install/feedbot_sensors:/home/dell/ros2_feedbot_ws/install/feedbot_moveit_config:/home/dell/ros2_feedbot_ws/install/feedbot_fusion:/home/dell/ros2_feedbot_ws/install/feedbot_description:/home/dell/ros2_ws/install/open_manipulator_description:/opt/ros/humble'), ('SHELL', '/bin/bash'), ('QT_ACCESSIBILITY', '1'), ('GDMSESSION', 'ubuntu'), ('GAZEBO_RESOURCE_PATH', '/usr/share/gazebo-11::/opt/ros/humble/share:/home/dell/ros2_feedbot_ws/install/feedbot_description/share'), ('GAZEBO_MODEL_DATABASE_URI', 'http://models.gazebosim.org'), ('QT_IM_MODULE', 'ibus'), ('PWD', '/home/dell/ros2_feedbot_ws/build/feedbot_moveit_config'), ('LC_ALL', 'en_US.UTF-8'), ('XDG_CONFIG_DIRS', '/etc/xdg/xdg-ubuntu:/etc/xdg'), ('GAZEBO_PLUGIN_PATH', '/opt/ros/humble/lib:/usr/lib/x86_64-linux-gnu/gazebo-11/plugins:'), ('XDG_DATA_DIRS', '/usr/share/ubuntu:/usr/local/share/:/usr/share/:/var/lib/snapd/desktop'), ('PYTHONPATH', '/home/dell/ros2_feedbot_ws/install/pid_logger/lib/python3.10/site-packages:/home/dell/ros2_feedbot_ws/install/feedbot_sensors/lib/python3.10/site-packages:/home/dell/ros2_feedbot_ws/install/feedbot_fusion/lib/python3.10/site-packages:/opt/ros/humble/lib/python3.10/site-packages:/opt/ros/humble/local/lib/python3.10/dist-packages'), ('COLCON', '1'), ('VTE_VERSION', '6800'), ('CMAKE_PREFIX_PATH', '/home/dell/ros2_feedbot_ws/install/feedbot_description:/home/dell/ros2_feedbot_ws/install/feedbot_moveit_config:/home/dell/ros2_ws/install/open_manipulator_description:/home/dell/ros2_feedbot_ws/install/pid_logger:/home/dell/ros2_feedbot_ws/install/feedbot_sensors:/home/dell/ros2_feedbot_ws/install/feedbot_fusion:/opt/ros/humble')]), 'shell': False}
[3.023911] (-) TimerEvent: {}
[3.124645] (-) TimerEvent: {}
[3.133837] (feedbot_moveit_config) CommandEnded: {'returncode': 0}
[3.138867] (feedbot_moveit_config) JobProgress: {'identifier': 'feedbot_moveit_config', 'progress': 'install'}
[3.140198] (feedbot_moveit_config) Command: {'cmd': ['/usr/bin/cmake', '--install', '/home/dell/ros2_feedbot_ws/build/feedbot_moveit_config'], 'cwd': '/home/dell/ros2_feedbot_ws/build/feedbot_moveit_config', 'env': OrderedDict([('LANGUAGE', 'en_GB:en'), ('USER', 'dell'), ('XDG_SESSION_TYPE', 'wayland'), ('SHLVL', '1'), ('LD_LIBRARY_PATH', '/usr/lib/x86_64-linux-gnu/gazebo-11/plugins:/opt/ros/humble/opt/rviz_ogre_vendor/lib:/opt/ros/humble/lib/x86_64-linux-gnu:/opt/ros/humble/lib:/usr/lib/x86_64-linux-gnu/gazebo-11/plugins:'), ('HOME', '/home/dell'), ('OLDPWD', '/home/dell'), ('DESKTOP_SESSION', 'ubuntu'), ('GAZEBO_MASTER_URI', 'http://localhost:11345'), ('ROS_PYTHON_VERSION', '3'), ('GNOME_SHELL_SESSION_MODE', 'ubuntu'), ('GTK_MODULES', 'gail:atk-bridge'), ('SYSTEMD_EXEC_PID', '515654'), ('DBUS_SESSION_BUS_ADDRESS', 'unix:path=/run/user/1000/bus'), ('COLORTERM', 'truecolor'), ('IM_CONFIG_PHASE', '1'), ('WAYLAND_DISPLAY', 'wayland-0'), ('COLCON_PREFIX_PATH', '/home/dell/ros2_feedbot_ws/install:/home/dell/ros2_ws/install'), ('ROS_DISTRO', 'humble'), ('LOGNAME', 'dell'), ('_', '/usr/bin/colcon'), ('ROS_VERSION', '2'), ('XDG_SESSION_CLASS', 'user'), ('USERNAME', 'dell'), ('TERM', 'xterm-256color'), ('GAZEBO_MODEL_PATH', '/usr/share/gazebo-11/models::/home/dell/ros2_feedbot_ws/install/feedbot_description/share'), ('GNOME_DESKTOP_SESSION_ID', 'this-is-deprecated'), ('ROS_LOCALHOST_ONLY', '0'), ('HISTCONTROL', 'ignoreboth'), ('OGRE_RESOURCE_PATH', '/usr/lib/x86_64-linux-gnu/OGRE-1.9.0'), ('PATH', '/opt/ros/humble/bin:/usr/lib/ccache:/home/dell/ardupilot/Tools/autotest:/opt/gcc-arm-none-eabi-10-2020-q4-major/bin:/home/dell/.local/bin:/usr/local/sbin:/usr/local/bin:/usr/sbin:/usr/bin:/sbin:/bin:/usr/games:/usr/local/games:/snap/bin:/snap/bin'), ('SESSION_MANAGER', 'local/dell:@/tmp/.ICE-unix/175661,unix/dell:/tmp/.ICE-unix/175661'), ('XDG_MENU_PREFIX', 'gnome-'), ('GNOME_TERMINAL_SCREEN', '/org/gnome/Terminal/screen/efeae8ee_d77e_4536_a204_99c1c9fd19da'), ('GNOME_SETUP_DISPLAY', ':1'), ('XDG_RUNTIME_DIR', '/run/user/1000'), ('DISPLAY', ':0'), ('LANG', 'en_US.UTF-8'), ('XDG_CURRENT_DESKTOP', 'ubuntu:GNOME'), ('RMW_IMPLEMENTATION', 'rmw_cyclonedds_cpp'), ('XMODIFIERS', '@im=ibus'), ('XDG_SESSION_DESKTOP', 'ubuntu'), ('XAUTHORITY', '/run/user/1000/.mutter-Xwaylandauth.GYXJL3'), ('GNOME_TERMINAL_SERVICE', ':1.833'), ('SSH_AGENT_LAUNCHER', 'gnome-keyring'), ('SSH_AUTH_SOCK', '/run/user/1000/keyring/ssh'), ('AMENT_PREFIX_PATH', '/home/dell/ros2_feedbot_ws/install/pid_logger:/home/dell/ros2_feedbot_ws/install/feedbot_sensors:/home/dell/ros2_feedbot_ws/install/feedbot_moveit_config:/home/dell/ros2_feedbot_ws/install/feedbot_fusion:/home/dell/ros2_feedbot_ws/install/feedbot_description:/home/dell/ros2_ws/install/open_manipulator_description:/opt/ros/humble'), ('SHELL', '/bin/bash'), ('QT_ACCESSIBILITY', '1'), ('GDMSESSION', 'ubuntu'), ('GAZEBO_RESOURCE_PATH', '/usr/share/gazebo-11::/opt/ros/humble/share:/home/dell/ros2_feedbot_ws/install/feedbot_description/share'), ('GAZEBO_MODEL_DATABASE_URI', 'http://models.gazebosim.org'), ('QT_IM_MODULE', 'ibus'), ('PWD', '/home/dell/ros2_feedbot_ws/build/feedbot_moveit_config'), ('LC_ALL', 'en_US.UTF-8'), ('XDG_CONFIG_DIRS', '/etc/xdg/xdg-ubuntu:/etc/xdg'), ('GAZEBO_PLUGIN_PATH', '/opt/ros/humble/lib:/usr/lib/x86_64-linux-gnu/gazebo-11/plugins:'), ('XDG_DATA_DIRS', '/usr/share/ubuntu:/usr/local/share/:/usr/share/:/var/lib/snapd/desktop'), ('PYTHONPATH', '/home/dell/ros2_feedbot_ws/install/pid_logger/lib/python3.10/site-packages:/home/dell/ros2_feedbot_ws/install/feedbot_sensors/lib/python3.10/site-packages:/home/dell/ros2_feedbot_ws/install/feedbot_fusion/lib/python3.10/site-packages:/opt/ros/humble/lib/python3.10/site-packages:/opt/ros/humble/local/lib/python3.10/dist-packages'), ('COLCON', '1'), ('VTE_VERSION', '6800'), ('CMAKE_PREFIX_PATH', '/home/dell/ros2_feedbot_ws/install/feedbot_description:/home/dell/ros2_feedbot_ws/install/feedbot_moveit_config:/home/dell/ros2_ws/install/open_manipulator_description:/home/dell/ros2_feedbot_ws/install/pid_logger:/home/dell/ros2_feedbot_ws/install/feedbot_sensors:/home/dell/ros2_feedbot_ws/install/feedbot_fusion:/opt/ros/humble')]), 'shell': False}
[3.169890] (feedbot_moveit_config) StdoutLine: {'line': b'-- Install configuration: ""\n'}
[3.170983] (feedbot_moveit_config) StdoutLine: {'line': b'-- Up-to-date: /home/dell/ros2_feedbot_ws/install/feedbot_moveit_config/share/ament_index/resource_index/package_run_dependencies/feedbot_moveit_config\n'}
[3.171228] (feedbot_moveit_config) StdoutLine: {'line': b'-- Up-to-date: /home/dell/ros2_feedbot_ws/install/feedbot_moveit_config/share/ament_index/resource_index/parent_prefix_path/feedbot_moveit_config\n'}
[3.171426] (feedbot_moveit_config) StdoutLine: {'line': b'-- Up-to-date: /home/dell/ros2_feedbot_ws/install/feedbot_moveit_config/share/feedbot_moveit_config/environment/ament_prefix_path.sh\n'}
[3.171547] (feedbot_moveit_config) StdoutLine: {'line': b'-- Up-to-date: /home/dell/ros2_feedbot_ws/install/feedbot_moveit_config/share/feedbot_moveit_config/environment/ament_prefix_path.dsv\n'}
[3.171654] (feedbot_moveit_config) StdoutLine: {'line': b'-- Up-to-date: /home/dell/ros2_feedbot_ws/install/feedbot_moveit_config/share/feedbot_moveit_config/environment/path.sh\n'}
[3.171764] (feedbot_moveit_config) StdoutLine: {'line': b'-- Up-to-date: /home/dell/ros2_feedbot_ws/install/feedbot_moveit_config/share/feedbot_moveit_config/environment/path.dsv\n'}
[3.171913] (feedbot_moveit_config) StdoutLine: {'line': b'-- Up-to-date: /home/dell/ros2_feedbot_ws/install/feedbot_moveit_config/share/feedbot_moveit_config/local_setup.bash\n'}
[3.172066] (feedbot_moveit_config) StdoutLine: {'line': b'-- Up-to-date: /home/dell/ros2_feedbot_ws/install/feedbot_moveit_config/share/feedbot_moveit_config/local_setup.sh\n'}
[3.172216] (feedbot_moveit_config) StdoutLine: {'line': b'-- Up-to-date: /home/dell/ros2_feedbot_ws/install/feedbot_moveit_config/share/feedbot_moveit_config/local_setup.zsh\n'}
[3.172354] (feedbot_moveit_config) StdoutLine: {'line': b'-- Up-to-date: /home/dell/ros2_feedbot_ws/install/feedbot_moveit_config/share/feedbot_moveit_config/local_setup.dsv\n'}
[3.172472] (feedbot_moveit_config) StdoutLine: {'line': b'-- Installing: /home/dell/ros2_feedbot_ws/install/feedbot_moveit_config/share/feedbot_moveit_config/package.dsv\n'}
[3.172788] (feedbot_moveit_config) StdoutLine: {'line': b'-- Up-to-date: /home/dell/ros2_feedbot_ws/install/feedbot_moveit_config/share/ament_index/resource_index/packages/feedbot_moveit_config\n'}
[3.173218] (feedbot_moveit_config) StdoutLine: {'line': b'-- Up-to-date: /home/dell/ros2_feedbot_ws/install/feedbot_moveit_config/share/feedbot_moveit_config/cmake/feedbot_moveit_configConfig.cmake\n'}
[3.173396] (feedbot_moveit_config) StdoutLine: {'line': b'-- Up-to-date: /home/dell/ros2_feedbot_ws/install/feedbot_moveit_config/share/feedbot_moveit_config/cmake/feedbot_moveit_configConfig-version.cmake\n'}
[3.173517] (feedbot_moveit_config) StdoutLine: {'line': b'-- Up-to-date: /home/dell/ros2_feedbot_ws/install/feedbot_moveit_config/share/feedbot_moveit_config/package.xml\n'}
[3.173632] (feedbot_moveit_config) StdoutLine: {'line': b'-- Up-to-date: /home/dell/ros2_feedbot_ws/install/feedbot_moveit_config/share/feedbot_moveit_config/launch\n'}
[3.173745] (feedbot_moveit_config) StdoutLine: {'line': b'-- Up-to-date: /home/dell/ros2_feedbot_ws/install/feedbot_moveit_config/share/feedbot_moveit_config/launch/setup_assistant.launch.py\n'}
[3.173843] (feedbot_moveit_config) StdoutLine: {'line': b'-- Up-to-date: /home/dell/ros2_feedbot_ws/install/feedbot_moveit_config/share/feedbot_moveit_config/launch/moveit_rviz.launch.py\n'}
[3.173943] (feedbot_moveit_config) StdoutLine: {'line': b'-- Up-to-date: /home/dell/ros2_feedbot_ws/install/feedbot_moveit_config/share/feedbot_moveit_config/launch/spawn_controllers.launch.py\n'}
[3.174081] (feedbot_moveit_config) StdoutLine: {'line': b'-- Up-to-date: /home/dell/ros2_feedbot_ws/install/feedbot_moveit_config/share/feedbot_moveit_config/launch/demo.launch.py\n'}
[3.174259] (feedbot_moveit_config) StdoutLine: {'line': b'-- Up-to-date: /home/dell/ros2_feedbot_ws/install/feedbot_moveit_config/share/feedbot_moveit_config/launch/rsp.launch.py\n'}
[3.174383] (feedbot_moveit_config) StdoutLine: {'line': b'-- Up-to-date: /home/dell/ros2_feedbot_ws/install/feedbot_moveit_config/share/feedbot_moveit_config/launch/move_group.launch.py\n'}
[3.174484] (feedbot_moveit_config) StdoutLine: {'line': b'-- Up-to-date: /home/dell/ros2_feedbot_ws/install/feedbot_moveit_config/share/feedbot_moveit_config/config\n'}
[3.174599] (feedbot_moveit_config) StdoutLine: {'line': b'-- Up-to-date: /home/dell/ros2_feedbot_ws/install/feedbot_moveit_config/share/feedbot_moveit_config/config/feedbot.srdf\n'}
[3.174717] (feedbot_moveit_config) StdoutLine: {'line': b'-- Up-to-date: /home/dell/ros2_feedbot_ws/install/feedbot_moveit_config/share/feedbot_moveit_config/config/moveit_controllers.yaml\n'}
[3.174824] (feedbot_moveit_config) StdoutLine: {'line': b'-- Up-to-date: /home/dell/ros2_feedbot_ws/install/feedbot_moveit_config/share/feedbot_moveit_config/config/moveit.rviz\n'}
[3.174932] (feedbot_moveit_config) StdoutLine: {'line': b'-- Up-to-date: /home/dell/ros2_feedbot_ws/install/feedbot_moveit_config/share/feedbot_moveit_config/config/kinematics.yaml\n'}
[3.175038] (feedbot_moveit_config) StdoutLine: {'line': b'-- Up-to-date: /home/dell/ros2_feedbot_ws/install/feedbot_moveit_config/share/feedbot_moveit_config/config/joint_limits.yaml\n'}
[3.175183] (feedbot_moveit_config) StdoutLine: {'line': b'-- Up-to-date: /home/dell/ros2_feedbot_ws/install/feedbot_moveit_config/share/feedbot_moveit_config/config/pilz_cartesian_limits.yaml\n'}
[3.175305] (feedbot_moveit_config) StdoutLine: {'line': b'-- Up-to-date: /home/dell/ros2_feedbot_ws/install/feedbot_moveit_config/share/feedbot_moveit_config/.setup_assistant\n'}
[3.178619] (feedbot_moveit_config) CommandEnded: {'returncode': 0}
[3.226064] (-) TimerEvent: {}
[3.235788] (feedbot_moveit_config) JobEnded: {'identifier': 'feedbot_moveit_config', 'rc': 0}
[3.326320] (-) TimerEvent: {}
[3.426881] (-) TimerEvent: {}
[3.527543] (-) TimerEvent: {}
[3.628364] (-) TimerEvent: {}
[3.729414] (-) TimerEvent: {}
[3.830140] (-) TimerEvent: {}
[3.930843] (-) TimerEvent: {}
[4.033048] (-) TimerEvent: {}
[4.122658] (feedbot_fusion) Command: {'cmd': ['/usr/bin/python3', '-W', 'ignore:setup.py install is deprecated', '-W', 'ignore:easy_install command is deprecated', 'setup.py', 'egg_info', '--egg-base', '../../build/feedbot_fusion', 'build', '--build-base', '/home/dell/ros2_feedbot_ws/build/feedbot_fusion/build', 'install', '--record', '/home/dell/ros2_feedbot_ws/build/feedbot_fusion/install.log', '--single-version-externally-managed'], 'cwd': '/home/dell/ros2_feedbot_ws/src/feedbot_fusion', 'env': {'LANGUAGE': 'en_GB:en', 'USER': 'dell', 'XDG_SESSION_TYPE': 'wayland', 'SHLVL': '1', 'LD_LIBRARY_PATH': '/usr/lib/x86_64-linux-gnu/gazebo-11/plugins:/opt/ros/humble/opt/rviz_ogre_vendor/lib:/opt/ros/humble/lib/x86_64-linux-gnu:/opt/ros/humble/lib:/usr/lib/x86_64-linux-gnu/gazebo-11/plugins:', 'HOME': '/home/dell', 'OLDPWD': '/home/dell', 'DESKTOP_SESSION': 'ubuntu', 'GAZEBO_MASTER_URI': 'http://localhost:11345', 'ROS_PYTHON_VERSION': '3', 'GNOME_SHELL_SESSION_MODE': 'ubuntu', 'GTK_MODULES': 'gail:atk-bridge', 'SYSTEMD_EXEC_PID': '515654', 'DBUS_SESSION_BUS_ADDRESS': 'unix:path=/run/user/1000/bus', 'COLORTERM': 'truecolor', 'IM_CONFIG_PHASE': '1', 'WAYLAND_DISPLAY': 'wayland-0', 'COLCON_PREFIX_PATH': '/home/dell/ros2_feedbot_ws/install:/home/dell/ros2_ws/install', 'ROS_DISTRO': 'humble', 'LOGNAME': 'dell', '_': '/usr/bin/colcon', 'ROS_VERSION': '2', 'XDG_SESSION_CLASS': 'user', 'USERNAME': 'dell', 'TERM': 'xterm-256color', 'GAZEBO_MODEL_PATH': '/usr/share/gazebo-11/models::/home/dell/ros2_feedbot_ws/install/feedbot_description/share', 'GNOME_DESKTOP_SESSION_ID': 'this-is-deprecated', 'ROS_LOCALHOST_ONLY': '0', 'HISTCONTROL': 'ignoreboth', 'OGRE_RESOURCE_PATH': '/usr/lib/x86_64-linux-gnu/OGRE-1.9.0', 'PATH': '/opt/ros/humble/bin:/usr/lib/ccache:/home/dell/ardupilot/Tools/autotest:/opt/gcc-arm-none-eabi-10-2020-q4-major/bin:/home/dell/.local/bin:/usr/local/sbin:/usr/local/bin:/usr/sbin:/usr/bin:/sbin:/bin:/usr/games:/usr/local/games:/snap/bin:/snap/bin', 'SESSION_MANAGER': 'local/dell:@/tmp/.ICE-unix/175661,unix/dell:/tmp/.ICE-unix/175661', 'XDG_MENU_PREFIX': 'gnome-', 'GNOME_TERMINAL_SCREEN': '/org/gnome/Terminal/screen/efeae8ee_d77e_4536_a204_99c1c9fd19da', 'GNOME_SETUP_DISPLAY': ':1', 'XDG_RUNTIME_DIR': '/run/user/1000', 'DISPLAY': ':0', 'LANG': 'en_US.UTF-8', 'XDG_CURRENT_DESKTOP': 'ubuntu:GNOME', 'RMW_IMPLEMENTATION': 'rmw_cyclonedds_cpp', 'XMODIFIERS': '@im=ibus', 'XDG_SESSION_DESKTOP': 'ubuntu', 'XAUTHORITY': '/run/user/1000/.mutter-Xwaylandauth.GYXJL3', 'GNOME_TERMINAL_SERVICE': ':1.833', 'SSH_AGENT_LAUNCHER': 'gnome-keyring', 'SSH_AUTH_SOCK': '/run/user/1000/keyring/ssh', 'AMENT_PREFIX_PATH': '/home/dell/ros2_feedbot_ws/install/pid_logger:/home/dell/ros2_feedbot_ws/install/feedbot_sensors:/home/dell/ros2_feedbot_ws/install/feedbot_moveit_config:/home/dell/ros2_feedbot_ws/install/feedbot_fusion:/home/dell/ros2_feedbot_ws/install/feedbot_description:/home/dell/ros2_ws/install/open_manipulator_description:/opt/ros/humble', 'SHELL': '/bin/bash', 'QT_ACCESSIBILITY': '1', 'GDMSESSION': 'ubuntu', 'GAZEBO_RESOURCE_PATH': '/usr/share/gazebo-11::/opt/ros/humble/share:/home/dell/ros2_feedbot_ws/install/feedbot_description/share', 'GAZEBO_MODEL_DATABASE_URI': 'http://models.gazebosim.org', 'QT_IM_MODULE': 'ibus', 'PWD': '/home/dell/ros2_feedbot_ws/build/feedbot_fusion', 'LC_ALL': 'en_US.UTF-8', 'XDG_CONFIG_DIRS': '/etc/xdg/xdg-ubuntu:/etc/xdg', 'GAZEBO_PLUGIN_PATH': '/opt/ros/humble/lib:/usr/lib/x86_64-linux-gnu/gazebo-11/plugins:', 'XDG_DATA_DIRS': '/usr/share/ubuntu:/usr/local/share/:/usr/share/:/var/lib/snapd/desktop', 'PYTHONPATH': '/home/dell/ros2_feedbot_ws/build/feedbot_fusion/prefix_override:/usr/lib/python3/dist-packages/colcon_core/task/python/colcon_distutils_commands:/home/dell/ros2_feedbot_ws/install/feedbot_fusion/lib/python3.10/site-packages:/home/dell/ros2_feedbot_ws/install/pid_logger/lib/python3.10/site-packages:/home/dell/ros2_feedbot_ws/install/feedbot_sensors/lib/python3.10/site-packages:/home/dell/ros2_feedbot_ws/install/feedbot_fusion/lib/python3.10/site-packages:/opt/ros/humble/lib/python3.10/site-packages:/opt/ros/humble/local/lib/python3.10/dist-packages', 'COLCON': '1', 'VTE_VERSION': '6800', 'CMAKE_PREFIX_PATH': '/home/dell/ros2_feedbot_ws/install/feedbot_moveit_config:/home/dell/ros2_feedbot_ws/install/feedbot_description:/home/dell/ros2_ws/install/open_manipulator_description'}, 'shell': False}
[4.133219] (-) TimerEvent: {}
[4.186726] (feedbot_sensors) Command: {'cmd': ['/usr/bin/python3', '-W', 'ignore:setup.py install is deprecated', '-W', 'ignore:easy_install command is deprecated', 'setup.py', 'egg_info', '--egg-base', '../build/feedbot_sensors', 'build', '--build-base', '/home/dell/ros2_feedbot_ws/build/feedbot_sensors/build', 'install', '--record', '/home/dell/ros2_feedbot_ws/build/feedbot_sensors/install.log', '--single-version-externally-managed', 'install_data'], 'cwd': '/home/dell/ros2_feedbot_ws/feedbot_sensors', 'env': {'LANGUAGE': 'en_GB:en', 'USER': 'dell', 'XDG_SESSION_TYPE': 'wayland', 'SHLVL': '1', 'LD_LIBRARY_PATH': '/usr/lib/x86_64-linux-gnu/gazebo-11/plugins:/opt/ros/humble/opt/rviz_ogre_vendor/lib:/opt/ros/humble/lib/x86_64-linux-gnu:/opt/ros/humble/lib:/usr/lib/x86_64-linux-gnu/gazebo-11/plugins:', 'HOME': '/home/dell', 'OLDPWD': '/home/dell', 'DESKTOP_SESSION': 'ubuntu', 'GAZEBO_MASTER_URI': 'http://localhost:11345', 'ROS_PYTHON_VERSION': '3', 'GNOME_SHELL_SESSION_MODE': 'ubuntu', 'GTK_MODULES': 'gail:atk-bridge', 'SYSTEMD_EXEC_PID': '515654', 'DBUS_SESSION_BUS_ADDRESS': 'unix:path=/run/user/1000/bus', 'COLORTERM': 'truecolor', 'IM_CONFIG_PHASE': '1', 'WAYLAND_DISPLAY': 'wayland-0', 'COLCON_PREFIX_PATH': '/home/dell/ros2_feedbot_ws/install:/home/dell/ros2_ws/install', 'ROS_DISTRO': 'humble', 'LOGNAME': 'dell', '_': '/usr/bin/colcon', 'ROS_VERSION': '2', 'XDG_SESSION_CLASS': 'user', 'USERNAME': 'dell', 'TERM': 'xterm-256color', 'GAZEBO_MODEL_PATH': '/usr/share/gazebo-11/models::/home/dell/ros2_feedbot_ws/install/feedbot_description/share', 'GNOME_DESKTOP_SESSION_ID': 'this-is-deprecated', 'ROS_LOCALHOST_ONLY': '0', 'HISTCONTROL': 'ignoreboth', 'OGRE_RESOURCE_PATH': '/usr/lib/x86_64-linux-gnu/OGRE-1.9.0', 'PATH': '/opt/ros/humble/bin:/usr/lib/ccache:/home/dell/ardupilot/Tools/autotest:/opt/gcc-arm-none-eabi-10-2020-q4-major/bin:/home/dell/.local/bin:/usr/local/sbin:/usr/local/bin:/usr/sbin:/usr/bin:/sbin:/bin:/usr/games:/usr/local/games:/snap/bin:/snap/bin', 'SESSION_MANAGER': 'local/dell:@/tmp/.ICE-unix/175661,unix/dell:/tmp/.ICE-unix/175661', 'XDG_MENU_PREFIX': 'gnome-', 'GNOME_TERMINAL_SCREEN': '/org/gnome/Terminal/screen/efeae8ee_d77e_4536_a204_99c1c9fd19da', 'GNOME_SETUP_DISPLAY': ':1', 'XDG_RUNTIME_DIR': '/run/user/1000', 'DISPLAY': ':0', 'LANG': 'en_US.UTF-8', 'XDG_CURRENT_DESKTOP': 'ubuntu:GNOME', 'RMW_IMPLEMENTATION': 'rmw_cyclonedds_cpp', 'XMODIFIERS': '@im=ibus', 'XDG_SESSION_DESKTOP': 'ubuntu', 'XAUTHORITY': '/run/user/1000/.mutter-Xwaylandauth.GYXJL3', 'GNOME_TERMINAL_SERVICE': ':1.833', 'SSH_AGENT_LAUNCHER': 'gnome-keyring', 'SSH_AUTH_SOCK': '/run/user/1000/keyring/ssh', 'AMENT_PREFIX_PATH': '/home/dell/ros2_feedbot_ws/install/pid_logger:/home/dell/ros2_feedbot_ws/install/feedbot_sensors:/home/dell/ros2_feedbot_ws/install/feedbot_moveit_config:/home/dell/ros2_feedbot_ws/install/feedbot_fusion:/home/dell/ros2_feedbot_ws/install/feedbot_description:/home/dell/ros2_ws/install/open_manipulator_description:/opt/ros/humble', 'SHELL': '/bin/bash', 'QT_ACCESSIBILITY': '1', 'GDMSESSION': 'ubuntu', 'GAZEBO_RESOURCE_PATH': '/usr/share/gazebo-11::/opt/ros/humble/share:/home/dell/ros2_feedbot_ws/install/feedbot_description/share', 'GAZEBO_MODEL_DATABASE_URI': 'http://models.gazebosim.org', 'QT_IM_MODULE': 'ibus', 'PWD': '/home/dell/ros2_feedbot_ws/build/feedbot_sensors', 'LC_ALL': 'en_US.UTF-8', 'XDG_CONFIG_DIRS': '/etc/xdg/xdg-ubuntu:/etc/xdg', 'GAZEBO_PLUGIN_PATH': '/opt/ros/humble/lib:/usr/lib/x86_64-linux-gnu/gazebo-11/plugins:', 'XDG_DATA_DIRS': '/usr/share/ubuntu:/usr/local/share/:/usr/share/:/var/lib/snapd/desktop', 'PYTHONPATH': '/home/dell/ros2_feedbot_ws/build/feedbot_sensors/prefix_override:/usr/lib/python3/dist-packages/colcon_core/task/python/colcon_distutils_commands:/home/dell/ros2_feedbot_ws/install/feedbot_sensors/lib/python3.10/site-packages:/home/dell/ros2_feedbot_ws/install/pid_logger/lib/python3.10/site-packages:/home/dell/ros2_feedbot_ws/install/feedbot_sensors/lib/python3.10/site-packages:/home/dell/ros2_feedbot_ws/install/feedbot_fusion/lib/python3.10/site-packages:/opt/ros/humble/lib/python3.10/site-packages:/opt/ros/humble/local/lib/python3.10/dist-packages', 'COLCON': '1', 'VTE_VERSION': '6800', 'CMAKE_PREFIX_PATH': '/home/dell/ros2_feedbot_ws/install/feedbot_moveit_config:/home/dell/ros2_feedbot_ws/install/feedbot_description:/home/dell/ros2_ws/install/open_manipulator_description'}, 'shell': False}
[4.233535] (-) TimerEvent: {}
[4.245965] (pid_logger) Command: {'cmd': ['/usr/bin/python3', '-W', 'ignore:setup.py install is deprecated', '-W', 'ignore:easy_install command is deprecated', 'setup.py', 'egg_info', '--egg-base', '../../build/pid_logger', 'build', '--build-base', '/home/dell/ros2_feedbot_ws/build/pid_logger/build', 'install', '--record', '/home/dell/ros2_feedbot_ws/build/pid_logger/install.log', '--single-version-externally-managed', 'install_data'], 'cwd': '/home/dell/ros2_feedbot_ws/src/pid_logger', 'env': {'LANGUAGE': 'en_GB:en', 'USER': 'dell', 'XDG_SESSION_TYPE': 'wayland', 'SHLVL': '1', 'LD_LIBRARY_PATH': '/usr/lib/x86_64-linux-gnu/gazebo-11/plugins:/opt/ros/humble/opt/rviz_ogre_vendor/lib:/opt/ros/humble/lib/x86_64-linux-gnu:/opt/ros/humble/lib:/usr/lib/x86_64-linux-gnu/gazebo-11/plugins:', 'HOME': '/home/dell', 'OLDPWD': '/home/dell', 'DESKTOP_SESSION': 'ubuntu', 'GAZEBO_MASTER_URI': 'http://localhost:11345', 'ROS_PYTHON_VERSION': '3', 'GNOME_SHELL_SESSION_MODE': 'ubuntu', 'GTK_MODULES': 'gail:atk-bridge', 'SYSTEMD_EXEC_PID': '515654', 'DBUS_SESSION_BUS_ADDRESS': 'unix:path=/run/user/1000/bus', 'COLORTERM': 'truecolor', 'IM_CONFIG_PHASE': '1', 'WAYLAND_DISPLAY': 'wayland-0', 'COLCON_PREFIX_PATH': '/home/dell/ros2_feedbot_ws/install:/home/dell/ros2_ws/install', 'ROS_DISTRO': 'humble', 'LOGNAME': 'dell', '_': '/usr/bin/colcon', 'ROS_VERSION': '2', 'XDG_SESSION_CLASS': 'user', 'USERNAME': 'dell', 'TERM': 'xterm-256color', 'GAZEBO_MODEL_PATH': '/usr/share/gazebo-11/models::/home/dell/ros2_feedbot_ws/install/feedbot_description/share', 'GNOME_DESKTOP_SESSION_ID': 'this-is-deprecated', 'ROS_LOCALHOST_ONLY': '0', 'HISTCONTROL': 'ignoreboth', 'OGRE_RESOURCE_PATH': '/usr/lib/x86_64-linux-gnu/OGRE-1.9.0', 'PATH': '/opt/ros/humble/bin:/usr/lib/ccache:/home/dell/ardupilot/Tools/autotest:/opt/gcc-arm-none-eabi-10-2020-q4-major/bin:/home/dell/.local/bin:/usr/local/sbin:/usr/local/bin:/usr/sbin:/usr/bin:/sbin:/bin:/usr/games:/usr/local/games:/snap/bin:/snap/bin', 'SESSION_MANAGER': 'local/dell:@/tmp/.ICE-unix/175661,unix/dell:/tmp/.ICE-unix/175661', 'XDG_MENU_PREFIX': 'gnome-', 'GNOME_TERMINAL_SCREEN': '/org/gnome/Terminal/screen/efeae8ee_d77e_4536_a204_99c1c9fd19da', 'GNOME_SETUP_DISPLAY': ':1', 'XDG_RUNTIME_DIR': '/run/user/1000', 'DISPLAY': ':0', 'LANG': 'en_US.UTF-8', 'XDG_CURRENT_DESKTOP': 'ubuntu:GNOME', 'RMW_IMPLEMENTATION': 'rmw_cyclonedds_cpp', 'XMODIFIERS': '@im=ibus', 'XDG_SESSION_DESKTOP': 'ubuntu', 'XAUTHORITY': '/run/user/1000/.mutter-Xwaylandauth.GYXJL3', 'GNOME_TERMINAL_SERVICE': ':1.833', 'SSH_AGENT_LAUNCHER': 'gnome-keyring', 'SSH_AUTH_SOCK': '/run/user/1000/keyring/ssh', 'AMENT_PREFIX_PATH': '/home/dell/ros2_feedbot_ws/install/pid_logger:/home/dell/ros2_feedbot_ws/install/feedbot_sensors:/home/dell/ros2_feedbot_ws/install/feedbot_moveit_config:/home/dell/ros2_feedbot_ws/install/feedbot_fusion:/home/dell/ros2_feedbot_ws/install/feedbot_description:/home/dell/ros2_ws/install/open_manipulator_description:/opt/ros/humble', 'SHELL': '/bin/bash', 'QT_ACCESSIBILITY': '1', 'GDMSESSION': 'ubuntu', 'GAZEBO_RESOURCE_PATH': '/usr/share/gazebo-11::/opt/ros/humble/share:/home/dell/ros2_feedbot_ws/install/feedbot_description/share', 'GAZEBO_MODEL_DATABASE_URI': 'http://models.gazebosim.org', 'QT_IM_MODULE': 'ibus', 'PWD': '/home/dell/ros2_feedbot_ws/build/pid_logger', 'LC_ALL': 'en_US.UTF-8', 'XDG_CONFIG_DIRS': '/etc/xdg/xdg-ubuntu:/etc/xdg', 'GAZEBO_PLUGIN_PATH': '/opt/ros/humble/lib:/usr/lib/x86_64-linux-gnu/gazebo-11/plugins:', 'XDG_DATA_DIRS': '/usr/share/ubuntu:/usr/local/share/:/usr/share/:/var/lib/snapd/desktop', 'PYTHONPATH': '/home/dell/ros2_feedbot_ws/build/pid_logger/prefix_override:/usr/lib/python3/dist-packages/colcon_core/task/python/colcon_distutils_commands:/home/dell/ros2_feedbot_ws/install/pid_logger/lib/python3.10/site-packages:/home/dell/ros2_feedbot_ws/install/pid_logger/lib/python3.10/site-packages:/home/dell/ros2_feedbot_ws/install/feedbot_sensors/lib/python3.10/site-packages:/home/dell/ros2_feedbot_ws/install/feedbot_fusion/lib/python3.10/site-packages:/opt/ros/humble/lib/python3.10/site-packages:/opt/ros/humble/local/lib/python3.10/dist-packages', 'COLCON': '1', 'VTE_VERSION': '6800', 'CMAKE_PREFIX_PATH': '/home/dell/ros2_feedbot_ws/install/feedbot_moveit_config:/home/dell/ros2_feedbot_ws/install/feedbot_description:/home/dell/ros2_ws/install/open_manipulator_description'}, 'shell': False}
[4.335548] (-) TimerEvent: {}
[4.441676] (-) TimerEvent: {}
[4.542500] (-) TimerEvent: {}
[4.643400] (-) TimerEvent: {}
[4.744474] (-) TimerEvent: {}
[4.845254] (-) TimerEvent: {}
[4.946239] (-) TimerEvent: {}
[5.022193] (feedbot_fusion) StdoutLine: {'line': b'running egg_info\n'}
[5.024712] (feedbot_fusion) StdoutLine: {'line': b'writing ../../build/feedbot_fusion/feedbot_fusion.egg-info/PKG-INFO\n'}
[5.025231] (feedbot_fusion) StdoutLine: {'line': b'writing dependency_links to ../../build/feedbot_fusion/feedbot_fusion.egg-info/dependency_links.txt\n'}
[5.027605] (feedbot_fusion) StdoutLine: {'line': b'writing entry points to ../../build/feedbot_fusion/feedbot_fusion.egg-info/entry_points.txt\n'}
[5.028600] (feedbot_fusion) StdoutLine: {'line': b'writing requirements to ../../build/feedbot_fusion/feedbot_fusion.egg-info/requires.txt\n'}
[5.029035] (feedbot_fusion) StdoutLine: {'line': b'writing top-level names to ../../build/feedbot_fusion/feedbot_fusion.egg-info/top_level.txt\n'}
[5.035767] (feedbot_fusion) StdoutLine: {'line': b"reading manifest file '../../build/feedbot_fusion/feedbot_fusion.egg-info/SOURCES.txt'\n"}
[5.037450] (feedbot_fusion) StdoutLine: {'line': b"writing manifest file '../../build/feedbot_fusion/feedbot_fusion.egg-info/SOURCES.txt'\n"}
[5.037823] (feedbot_fusion) StdoutLine: {'line': b'running build\n'}
[5.037914] (feedbot_fusion) StdoutLine: {'line': b'running build_py\n'}
[5.039048] (feedbot_fusion) StdoutLine: {'line': b'copying feedbot_fusion/fusion_node.py -> /home/dell/ros2_feedbot_ws/build/feedbot_fusion/build/lib/feedbot_fusion\n'}
[5.039983] (feedbot_fusion) StdoutLine: {'line': b'running install\n'}
[5.040944] (feedbot_fusion) StdoutLine: {'line': b'running install_lib\n'}
[5.046419] (feedbot_fusion) StdoutLine: {'line': b'copying /home/dell/ros2_feedbot_ws/build/feedbot_fusion/build/lib/feedbot_fusion/fusion_node.py -> /home/dell/ros2_feedbot_ws/install/feedbot_fusion/lib/python3.10/site-packages/feedbot_fusion\n'}
[5.047298] (-) TimerEvent: {}
[5.049031] (feedbot_fusion) StdoutLine: {'line': b'byte-compiling /home/dell/ros2_feedbot_ws/install/feedbot_fusion/lib/python3.10/site-packages/feedbot_fusion/fusion_node.py to fusion_node.cpython-310.pyc\n'}
[5.050897] (feedbot_fusion) StdoutLine: {'line': b'running install_egg_info\n'}
[5.058332] (feedbot_fusion) StdoutLine: {'line': b"removing '/home/dell/ros2_feedbot_ws/install/feedbot_fusion/lib/python3.10/site-packages/feedbot_fusion-0.0.0-py3.10.egg-info' (and everything under it)\n"}
[5.059013] (feedbot_fusion) StdoutLine: {'line': b'Copying ../../build/feedbot_fusion/feedbot_fusion.egg-info to /home/dell/ros2_feedbot_ws/install/feedbot_fusion/lib/python3.10/site-packages/feedbot_fusion-0.0.0-py3.10.egg-info\n'}
[5.060879] (feedbot_fusion) StdoutLine: {'line': b'running install_scripts\n'}
[5.106454] (feedbot_sensors) StdoutLine: {'line': b'running egg_info\n'}
[5.110022] (feedbot_sensors) StdoutLine: {'line': b'writing ../build/feedbot_sensors/feedbot_sensors.egg-info/PKG-INFO\n'}
[5.111060] (feedbot_sensors) StdoutLine: {'line': b'writing dependency_links to ../build/feedbot_sensors/feedbot_sensors.egg-info/dependency_links.txt\n'}
[5.112463] (feedbot_sensors) StdoutLine: {'line': b'writing entry points to ../build/feedbot_sensors/feedbot_sensors.egg-info/entry_points.txt\n'}
[5.113482] (feedbot_sensors) StdoutLine: {'line': b'writing requirements to ../build/feedbot_sensors/feedbot_sensors.egg-info/requires.txt\n'}
[5.114001] (feedbot_sensors) StdoutLine: {'line': b'writing top-level names to ../build/feedbot_sensors/feedbot_sensors.egg-info/top_level.txt\n'}
[5.122345] (feedbot_sensors) StdoutLine: {'line': b"reading manifest file '../build/feedbot_sensors/feedbot_sensors.egg-info/SOURCES.txt'\n"}
[5.124396] (feedbot_sensors) StdoutLine: {'line': b"writing manifest file '../build/feedbot_sensors/feedbot_sensors.egg-info/SOURCES.txt'\n"}
[5.124997] (feedbot_sensors) StdoutLine: {'line': b'running build\n'}
[5.125108] (feedbot_sensors) StdoutLine: {'line': b'running build_py\n'}
[5.125613] (feedbot_sensors) StdoutLine: {'line': b'running install\n'}
[5.126608] (feedbot_sensors) StdoutLine: {'line': b'running install_lib\n'}
[5.130529] (feedbot_sensors) StdoutLine: {'line': b'running install_data\n'}
[5.131133] (feedbot_sensors) StdoutLine: {'line': b'running install_egg_info\n'}
[5.133462] (feedbot_fusion) StdoutLine: {'line': b'Installing force_node script to /home/dell/ros2_feedbot_ws/install/feedbot_fusion/lib/feedbot_fusion\n'}
[5.134071] (feedbot_fusion) StdoutLine: {'line': b'Installing fusion_node script to /home/dell/ros2_feedbot_ws/install/feedbot_fusion/lib/feedbot_fusion\n'}
[5.134479] (feedbot_fusion) StdoutLine: {'line': b'Installing speed_controller script to /home/dell/ros2_feedbot_ws/install/feedbot_fusion/lib/feedbot_fusion\n'}
[5.134580] (feedbot_fusion) StdoutLine: {'line': b'Installing vision_node script to /home/dell/ros2_feedbot_ws/install/feedbot_fusion/lib/feedbot_fusion\n'}
[5.135447] (feedbot_fusion) StdoutLine: {'line': b"writing list of installed files to '/home/dell/ros2_feedbot_ws/build/feedbot_fusion/install.log'\n"}
[5.139637] (feedbot_sensors) StdoutLine: {'line': b"removing '/home/dell/ros2_feedbot_ws/install/feedbot_sensors/lib/python3.10/site-packages/feedbot_sensors-0.0.0-py3.10.egg-info' (and everything under it)\n"}
[5.140676] (feedbot_sensors) StdoutLine: {'line': b'Copying ../build/feedbot_sensors/feedbot_sensors.egg-info to /home/dell/ros2_feedbot_ws/install/feedbot_sensors/lib/python3.10/site-packages/feedbot_sensors-0.0.0-py3.10.egg-info\n'}
[5.142341] (feedbot_sensors) StdoutLine: {'line': b'running install_scripts\n'}
[5.146578] (pid_logger) StdoutLine: {'line': b'running egg_info\n'}
[5.147391] (-) TimerEvent: {}
[5.149188] (pid_logger) StdoutLine: {'line': b'writing ../../build/pid_logger/pid_logger.egg-info/PKG-INFO\n'}
[5.149920] (pid_logger) StdoutLine: {'line': b'writing dependency_links to ../../build/pid_logger/pid_logger.egg-info/dependency_links.txt\n'}
[5.150168] (pid_logger) StdoutLine: {'line': b'writing entry points to ../../build/pid_logger/pid_logger.egg-info/entry_points.txt\n'}
[5.150433] (pid_logger) StdoutLine: {'line': b'writing requirements to ../../build/pid_logger/pid_logger.egg-info/requires.txt\n'}
[5.150709] (pid_logger) StdoutLine: {'line': b'writing top-level names to ../../build/pid_logger/pid_logger.egg-info/top_level.txt\n'}
[5.161222] (pid_logger) StdoutLine: {'line': b"reading manifest file '../../build/pid_logger/pid_logger.egg-info/SOURCES.txt'\n"}
[5.164071] (pid_logger) StdoutLine: {'line': b"writing manifest file '../../build/pid_logger/pid_logger.egg-info/SOURCES.txt'\n"}
[5.164800] (pid_logger) StdoutLine: {'line': b'running build\n'}
[5.164934] (pid_logger) StdoutLine: {'line': b'running build_py\n'}
[5.166089] (pid_logger) StdoutLine: {'line': b'running install\n'}
[5.167641] (pid_logger) StdoutLine: {'line': b'running install_lib\n'}
[5.173036] (pid_logger) StdoutLine: {'line': b'running install_data\n'}
[5.173477] (pid_logger) StdoutLine: {'line': b'running install_egg_info\n'}
[5.178810] (pid_logger) StdoutLine: {'line': b"removing '/home/dell/ros2_feedbot_ws/install/pid_logger/lib/python3.10/site-packages/pid_logger-0.0.0-py3.10.egg-info' (and everything under it)\n"}
[5.179636] (pid_logger) StdoutLine: {'line': b'Copying ../../build/pid_logger/pid_logger.egg-info to /home/dell/ros2_feedbot_ws/install/pid_logger/lib/python3.10/site-packages/pid_logger-0.0.0-py3.10.egg-info\n'}
[5.181888] (pid_logger) StdoutLine: {'line': b'running install_scripts\n'}
[5.213666] (feedbot_sensors) StdoutLine: {'line': b'Installing sensor_hub script to /home/dell/ros2_feedbot_ws/install/feedbot_sensors/lib/feedbot_sensors\n'}
[5.214747] (feedbot_sensors) StdoutLine: {'line': b"writing list of installed files to '/home/dell/ros2_feedbot_ws/build/feedbot_sensors/install.log'\n"}
[5.247707] (-) TimerEvent: {}
[5.255937] (pid_logger) StdoutLine: {'line': b'Installing pid_recorder script to /home/dell/ros2_feedbot_ws/install/pid_logger/lib/pid_logger\n'}
[5.257500] (pid_logger) StdoutLine: {'line': b"writing list of installed files to '/home/dell/ros2_feedbot_ws/build/pid_logger/install.log'\n"}
[5.347911] (-) TimerEvent: {}
[5.366508] (feedbot_fusion) CommandEnded: {'returncode': 0}
[5.396748] (feedbot_fusion) JobEnded: {'identifier': 'feedbot_fusion', 'rc': 0}
[5.442127] (feedbot_sensors) CommandEnded: {'returncode': 0}
[5.448267] (-) TimerEvent: {}
[5.480286] (feedbot_sensors) JobEnded: {'identifier': 'feedbot_sensors', 'rc': 0}
[5.483608] (pid_logger) CommandEnded: {'returncode': 0}
[5.514346] (pid_logger) JobEnded: {'identifier': 'pid_logger', 'rc': 0}
[5.517867] (-) EventReactorShutdown: {}
