[1.084s] Invoking command in '/home/dell/ros2_feedbot_ws/src/pid_logger': PYTHONPATH=/home/dell/ros2_feedbot_ws/build/pid_logger/prefix_override:/usr/lib/python3/dist-packages/colcon_core/task/python/colcon_distutils_commands:/home/dell/ros2_feedbot_ws/install/pid_logger/lib/python3.10/site-packages:${PYTHONPATH} /usr/bin/python3 -W ignore:setup.py install is deprecated -W ignore:easy_install command is deprecated setup.py egg_info --egg-base ../../build/pid_logger build --build-base /home/dell/ros2_feedbot_ws/build/pid_logger/build install --record /home/dell/ros2_feedbot_ws/build/pid_logger/install.log --single-version-externally-managed install_data
[1.311s] running egg_info
[1.311s] writing ../../build/pid_logger/pid_logger.egg-info/PKG-INFO
[1.312s] writing dependency_links to ../../build/pid_logger/pid_logger.egg-info/dependency_links.txt
[1.312s] writing entry points to ../../build/pid_logger/pid_logger.egg-info/entry_points.txt
[1.312s] writing requirements to ../../build/pid_logger/pid_logger.egg-info/requires.txt
[1.312s] writing top-level names to ../../build/pid_logger/pid_logger.egg-info/top_level.txt
[1.315s] reading manifest file '../../build/pid_logger/pid_logger.egg-info/SOURCES.txt'
[1.315s] writing manifest file '../../build/pid_logger/pid_logger.egg-info/SOURCES.txt'
[1.315s] running build
[1.316s] running build_py
[1.316s] running install
[1.316s] running install_lib
[1.317s] running install_data
[1.317s] running install_egg_info
[1.319s] removing '/home/dell/ros2_feedbot_ws/install/pid_logger/lib/python3.10/site-packages/pid_logger-0.0.0-py3.10.egg-info' (and everything under it)
[1.319s] Copying ../../build/pid_logger/pid_logger.egg-info to /home/dell/ros2_feedbot_ws/install/pid_logger/lib/python3.10/site-packages/pid_logger-0.0.0-py3.10.egg-info
[1.320s] running install_scripts
[1.337s] Installing pid_recorder script to /home/dell/ros2_feedbot_ws/install/pid_logger/lib/pid_logger
[1.337s] writing list of installed files to '/home/dell/ros2_feedbot_ws/build/pid_logger/install.log'
[1.368s] Invoked command in '/home/dell/ros2_feedbot_ws/src/pid_logger' returned '0': PYTHONPATH=/home/dell/ros2_feedbot_ws/build/pid_logger/prefix_override:/usr/lib/python3/dist-packages/colcon_core/task/python/colcon_distutils_commands:/home/dell/ros2_feedbot_ws/install/pid_logger/lib/python3.10/site-packages:${PYTHONPATH} /usr/bin/python3 -W ignore:setup.py install is deprecated -W ignore:easy_install command is deprecated setup.py egg_info --egg-base ../../build/pid_logger build --build-base /home/dell/ros2_feedbot_ws/build/pid_logger/build install --record /home/dell/ros2_feedbot_ws/build/pid_logger/install.log --single-version-externally-managed install_data
