running egg_info
creating ../../build/feedbot_fusion/feedbot_fusion.egg-info
writing ../../build/feedbot_fusion/feedbot_fusion.egg-info/PKG-INFO
writing dependency_links to ../../build/feedbot_fusion/feedbot_fusion.egg-info/dependency_links.txt
writing entry points to ../../build/feedbot_fusion/feedbot_fusion.egg-info/entry_points.txt
writing requirements to ../../build/feedbot_fusion/feedbot_fusion.egg-info/requires.txt
writing top-level names to ../../build/feedbot_fusion/feedbot_fusion.egg-info/top_level.txt
writing manifest file '../../build/feedbot_fusion/feedbot_fusion.egg-info/SOURCES.txt'
reading manifest file '../../build/feedbot_fusion/feedbot_fusion.egg-info/SOURCES.txt'
writing manifest file '../../build/feedbot_fusion/feedbot_fusion.egg-info/SOURCES.txt'
running build
running build_py
creating /home/dell/ros2_feedbot_ws/build/feedbot_fusion/build
creating /home/dell/ros2_feedbot_ws/build/feedbot_fusion/build/lib
creating /home/dell/ros2_feedbot_ws/build/feedbot_fusion/build/lib/feedbot_fusion
copying feedbot_fusion/feeding_fsm_node.py -> /home/dell/ros2_feedbot_ws/build/feedbot_fusion/build/lib/feedbot_fusion
copying feedbot_fusion/vision_node.py -> /home/dell/ros2_feedbot_ws/build/feedbot_fusion/build/lib/feedbot_fusion
copying feedbot_fusion/speed_controller.py -> /home/dell/ros2_feedbot_ws/build/feedbot_fusion/build/lib/feedbot_fusion
copying feedbot_fusion/__init__.py -> /home/dell/ros2_feedbot_ws/build/feedbot_fusion/build/lib/feedbot_fusion
copying feedbot_fusion/fusion_node.py -> /home/dell/ros2_feedbot_ws/build/feedbot_fusion/build/lib/feedbot_fusion
copying feedbot_fusion/force_node.py -> /home/dell/ros2_feedbot_ws/build/feedbot_fusion/build/lib/feedbot_fusion
running install
running install_lib
creating /home/dell/ros2_feedbot_ws/install/feedbot_fusion/lib/python3.10/site-packages/feedbot_fusion
copying /home/dell/ros2_feedbot_ws/build/feedbot_fusion/build/lib/feedbot_fusion/feeding_fsm_node.py -> /home/dell/ros2_feedbot_ws/install/feedbot_fusion/lib/python3.10/site-packages/feedbot_fusion
copying /home/dell/ros2_feedbot_ws/build/feedbot_fusion/build/lib/feedbot_fusion/vision_node.py -> /home/dell/ros2_feedbot_ws/install/feedbot_fusion/lib/python3.10/site-packages/feedbot_fusion
copying /home/dell/ros2_feedbot_ws/build/feedbot_fusion/build/lib/feedbot_fusion/speed_controller.py -> /home/dell/ros2_feedbot_ws/install/feedbot_fusion/lib/python3.10/site-packages/feedbot_fusion
copying /home/dell/ros2_feedbot_ws/build/feedbot_fusion/build/lib/feedbot_fusion/__init__.py -> /home/dell/ros2_feedbot_ws/install/feedbot_fusion/lib/python3.10/site-packages/feedbot_fusion
copying /home/dell/ros2_feedbot_ws/build/feedbot_fusion/build/lib/feedbot_fusion/fusion_node.py -> /home/dell/ros2_feedbot_ws/install/feedbot_fusion/lib/python3.10/site-packages/feedbot_fusion
copying /home/dell/ros2_feedbot_ws/build/feedbot_fusion/build/lib/feedbot_fusion/force_node.py -> /home/dell/ros2_feedbot_ws/install/feedbot_fusion/lib/python3.10/site-packages/feedbot_fusion
byte-compiling /home/dell/ros2_feedbot_ws/install/feedbot_fusion/lib/python3.10/site-packages/feedbot_fusion/feeding_fsm_node.py to feeding_fsm_node.cpython-310.pyc
byte-compiling /home/dell/ros2_feedbot_ws/install/feedbot_fusion/lib/python3.10/site-packages/feedbot_fusion/vision_node.py to vision_node.cpython-310.pyc
byte-compiling /home/dell/ros2_feedbot_ws/install/feedbot_fusion/lib/python3.10/site-packages/feedbot_fusion/speed_controller.py to speed_controller.cpython-310.pyc
byte-compiling /home/dell/ros2_feedbot_ws/install/feedbot_fusion/lib/python3.10/site-packages/feedbot_fusion/__init__.py to __init__.cpython-310.pyc
byte-compiling /home/dell/ros2_feedbot_ws/install/feedbot_fusion/lib/python3.10/site-packages/feedbot_fusion/fusion_node.py to fusion_node.cpython-310.pyc
byte-compiling /home/dell/ros2_feedbot_ws/install/feedbot_fusion/lib/python3.10/site-packages/feedbot_fusion/force_node.py to force_node.cpython-310.pyc
running install_egg_info
Copying ../../build/feedbot_fusion/feedbot_fusion.egg-info to /home/dell/ros2_feedbot_ws/install/feedbot_fusion/lib/python3.10/site-packages/feedbot_fusion-0.0.0-py3.10.egg-info
running install_scripts
Installing force_node script to /home/dell/ros2_feedbot_ws/install/feedbot_fusion/lib/feedbot_fusion
Installing fusion_node script to /home/dell/ros2_feedbot_ws/install/feedbot_fusion/lib/feedbot_fusion
Installing speed_controller script to /home/dell/ros2_feedbot_ws/install/feedbot_fusion/lib/feedbot_fusion
Installing vision_node script to /home/dell/ros2_feedbot_ws/install/feedbot_fusion/lib/feedbot_fusion
writing list of installed files to '/home/dell/ros2_feedbot_ws/build/feedbot_fusion/install.log'
